[0.013s] Invoking command in '/home/student/41068RS12025-Group18/build/rs1_robot': CMAKE_PREFIX_PATH=${CMAKE_PREFIX_PATH}:/opt/ros/humble /usr/bin/cmake --build /home/student/41068RS12025-Group18/build/rs1_robot -- -j8 -l8
[0.069s] [35m[1mConsolidate compiler generated dependencies of target path_planner[0m
[0.070s] [35m[1mConsolidate compiler generated dependencies of target pid_controller[0m
[0.082s] [ 12%] Built target pid_controller
[0.083s] [ 18%] [32mBuilding CXX object CMakeFiles/path_planner.dir/src/path_planner.cpp.o[0m
[0.083s] [ 31%] Built target state_machine
[0.083s] [ 43%] Built target mission_executor
[0.093s] [35m[1mConsolidate compiler generated dependencies of target drone_control[0m
[0.112s] [ 50%] [32mBuilding CXX object CMakeFiles/drone_control.dir/src/drone_control.cpp.o[0m
[0.616s] [01m[K/home/student/41068RS12025-Group18/src/41068_ignition_bringup/src/path_planner.cpp:7:3:[m[K [01;31m[Kerror: [m[Kâ€˜[01m[KPathPlanner[m[Kâ€™ does not name a type
[0.616s]     7 |   [01;31m[KPathPlanner[m[K::PathPlanner() : current_waypoint_index_(0) {}
[0.616s]       |   [01;31m[K^~~~~~~~~~~[m[K
[0.616s] [01m[K/home/student/41068RS12025-Group18/src/41068_ignition_bringup/src/path_planner.cpp:9:8:[m[K [01;31m[Kerror: [m[Kâ€˜[01m[KPathPlanner[m[Kâ€™ has not been declared
[0.616s]     9 |   void [01;31m[KPathPlanner[m[K::setWaypoints(const std::vector<geometry_msgs::msg::PoseStamped>& waypoints) {
[0.616s]       |        [01;31m[K^~~~~~~~~~~[m[K
[0.618s] [01m[K/home/student/41068RS12025-Group18/src/41068_ignition_bringup/src/path_planner.cpp:[m[K In function â€˜[01m[Kvoid drone::setWaypoints(const std::vector<geometry_msgs::msg::PoseStamped_<std::allocator<void> > >&)[m[Kâ€™:
[0.618s] [01m[K/home/student/41068RS12025-Group18/src/41068_ignition_bringup/src/path_planner.cpp:11:5:[m[K [01;31m[Kerror: [m[Kâ€˜[01m[Kwaypoints_[m[Kâ€™ was not declared in this scope; did you mean â€˜[01m[Kwaypoints[m[Kâ€™?
[0.618s]    11 |     [01;31m[Kwaypoints_[m[K = waypoints;
[0.618s]       |     [01;31m[K^~~~~~~~~~[m[K
[0.618s]       |     [32m[Kwaypoints[m[K
[0.621s] [01m[K/home/student/41068RS12025-Group18/src/41068_ignition_bringup/src/path_planner.cpp:12:5:[m[K [01;31m[Kerror: [m[Kâ€˜[01m[Kcurrent_waypoint_index_[m[Kâ€™ was not declared in this scope
[0.621s]    12 |     [01;31m[Kcurrent_waypoint_index_[m[K = 0;
[0.621s]       |     [01;31m[K^~~~~~~~~~~~~~~~~~~~~~~[m[K
[0.621s] [01m[K/home/student/41068RS12025-Group18/src/41068_ignition_bringup/src/path_planner.cpp:[m[K At global scope:
[0.621s] [01m[K/home/student/41068RS12025-Group18/src/41068_ignition_bringup/src/path_planner.cpp:20:35:[m[K [01;31m[Kerror: [m[Kâ€˜[01m[KPathPlanner[m[Kâ€™ has not been declared
[0.621s]    20 |   geometry_msgs::msg::PoseStamped [01;31m[KPathPlanner[m[K::getNextWaypoint() {
[0.621s]       |                                   [01;31m[K^~~~~~~~~~~[m[K
[0.623s] [01m[K/home/student/41068RS12025-Group18/src/41068_ignition_bringup/src/path_planner.cpp:[m[K In function â€˜[01m[Kgeometry_msgs::msg::PoseStamped drone::getNextWaypoint()[m[Kâ€™:
[0.623s] [01m[K/home/student/41068RS12025-Group18/src/41068_ignition_bringup/src/path_planner.cpp:22:9:[m[K [01;31m[Kerror: [m[Kâ€˜[01m[KhasNextWaypoint[m[Kâ€™ was not declared in this scope; did you mean â€˜[01m[KgetNextWaypoint[m[Kâ€™?
[0.623s]    22 |     if ([01;31m[KhasNextWaypoint[m[K()) {
[0.623s]       |         [01;31m[K^~~~~~~~~~~~~~~[m[K
[0.623s]       |         [32m[KgetNextWaypoint[m[K
[0.625s] [01m[K/home/student/41068RS12025-Group18/src/41068_ignition_bringup/src/path_planner.cpp:23:14:[m[K [01;31m[Kerror: [m[Kâ€˜[01m[Kwaypoints_[m[Kâ€™ was not declared in this scope; did you mean â€˜[01m[KsetWaypoints[m[Kâ€™?
[0.625s]    23 |       return [01;31m[Kwaypoints_[m[K[current_waypoint_index_++];
[0.625s]       |              [01;31m[K^~~~~~~~~~[m[K
[0.625s]       |              [32m[KsetWaypoints[m[K
[0.628s] [01m[K/home/student/41068RS12025-Group18/src/41068_ignition_bringup/src/path_planner.cpp:23:25:[m[K [01;31m[Kerror: [m[Kâ€˜[01m[Kcurrent_waypoint_index_[m[Kâ€™ was not declared in this scope
[0.628s]    23 |       return waypoints_[[01;31m[Kcurrent_waypoint_index_[m[K++];
[0.628s]       |                         [01;31m[K^~~~~~~~~~~~~~~~~~~~~~~[m[K
[0.628s] [01m[K/home/student/41068RS12025-Group18/src/41068_ignition_bringup/src/path_planner.cpp:[m[K At global scope:
[0.628s] [01m[K/home/student/41068RS12025-Group18/src/41068_ignition_bringup/src/path_planner.cpp:28:35:[m[K [01;31m[Kerror: [m[Kâ€˜[01m[KPathPlanner[m[Kâ€™ has not been declared
[0.629s]    28 |   geometry_msgs::msg::PoseStamped [01;31m[KPathPlanner[m[K::getCurrentWaypoint() const {
[0.629s]       |                                   [01;31m[K^~~~~~~~~~~[m[K
[0.629s] [01m[K/home/student/41068RS12025-Group18/src/41068_ignition_bringup/src/path_planner.cpp:28:69:[m[K [01;31m[Kerror: [m[Knon-member function â€˜[01m[Kgeometry_msgs::msg::PoseStamped drone::getCurrentWaypoint()[m[Kâ€™ cannot have cv-qualifier
[0.629s]    28 |   geometry_msgs::msg::PoseStamped PathPlanner::getCurrentWaypoint() [01;31m[Kconst[m[K {
[0.629s]       |                                                                     [01;31m[K^~~~~[m[K
[0.630s] [01m[K/home/student/41068RS12025-Group18/src/41068_ignition_bringup/src/path_planner.cpp:[m[K In function â€˜[01m[Kgeometry_msgs::msg::PoseStamped drone::getCurrentWaypoint()[m[Kâ€™:
[0.630s] [01m[K/home/student/41068RS12025-Group18/src/41068_ignition_bringup/src/path_planner.cpp:30:9:[m[K [01;31m[Kerror: [m[Kâ€˜[01m[KhasNextWaypoint[m[Kâ€™ was not declared in this scope; did you mean â€˜[01m[KgetNextWaypoint[m[Kâ€™?
[0.630s]    30 |     if ([01;31m[KhasNextWaypoint[m[K()) {
[0.630s]       |         [01;31m[K^~~~~~~~~~~~~~~[m[K
[0.630s]       |         [32m[KgetNextWaypoint[m[K
[0.632s] [01m[K/home/student/41068RS12025-Group18/src/41068_ignition_bringup/src/path_planner.cpp:31:14:[m[K [01;31m[Kerror: [m[Kâ€˜[01m[Kwaypoints_[m[Kâ€™ was not declared in this scope; did you mean â€˜[01m[KsetWaypoints[m[Kâ€™?
[0.632s]    31 |       return [01;31m[Kwaypoints_[m[K[current_waypoint_index_];
[0.632s]       |              [01;31m[K^~~~~~~~~~[m[K
[0.633s]       |              [32m[KsetWaypoints[m[K
[0.637s] [01m[K/home/student/41068RS12025-Group18/src/41068_ignition_bringup/src/path_planner.cpp:31:25:[m[K [01;31m[Kerror: [m[Kâ€˜[01m[Kcurrent_waypoint_index_[m[Kâ€™ was not declared in this scope
[0.637s]    31 |       return waypoints_[[01;31m[Kcurrent_waypoint_index_[m[K];
[0.637s]       |                         [01;31m[K^~~~~~~~~~~~~~~~~~~~~~~[m[K
[0.637s] [01m[K/home/student/41068RS12025-Group18/src/41068_ignition_bringup/src/path_planner.cpp:[m[K At global scope:
[0.637s] [01m[K/home/student/41068RS12025-Group18/src/41068_ignition_bringup/src/path_planner.cpp:36:8:[m[K [01;31m[Kerror: [m[Kâ€˜[01m[KPathPlanner[m[Kâ€™ has not been declared
[0.637s]    36 |   bool [01;31m[KPathPlanner[m[K::hasNextWaypoint() const {
[0.637s]       |        [01;31m[K^~~~~~~~~~~[m[K
[0.637s] [01m[K/home/student/41068RS12025-Group18/src/41068_ignition_bringup/src/path_planner.cpp:36:39:[m[K [01;31m[Kerror: [m[Knon-member function â€˜[01m[Kbool drone::hasNextWaypoint()[m[Kâ€™ cannot have cv-qualifier
[0.638s]    36 |   bool PathPlanner::hasNextWaypoint() [01;31m[Kconst[m[K {
[0.638s]       |                                       [01;31m[K^~~~~[m[K
[0.640s] [01m[K/home/student/41068RS12025-Group18/src/41068_ignition_bringup/src/path_planner.cpp:[m[K In function â€˜[01m[Kbool drone::hasNextWaypoint()[m[Kâ€™:
[0.640s] [01m[K/home/student/41068RS12025-Group18/src/41068_ignition_bringup/src/path_planner.cpp:37:12:[m[K [01;31m[Kerror: [m[Kâ€˜[01m[Kcurrent_waypoint_index_[m[Kâ€™ was not declared in this scope
[0.641s]    37 |     return [01;31m[Kcurrent_waypoint_index_[m[K < waypoints_.size();
[0.641s]       |            [01;31m[K^~~~~~~~~~~~~~~~~~~~~~~[m[K
[0.643s] [01m[K/home/student/41068RS12025-Group18/src/41068_ignition_bringup/src/path_planner.cpp:37:38:[m[K [01;31m[Kerror: [m[Kâ€˜[01m[Kwaypoints_[m[Kâ€™ was not declared in this scope; did you mean â€˜[01m[KsetWaypoints[m[Kâ€™?
[0.643s]    37 |     return current_waypoint_index_ < [01;31m[Kwaypoints_[m[K.size();
[0.643s]       |                                      [01;31m[K^~~~~~~~~~[m[K
[0.643s]       |                                      [32m[KsetWaypoints[m[K
[0.643s] [01m[K/home/student/41068RS12025-Group18/src/41068_ignition_bringup/src/path_planner.cpp:[m[K At global scope:
[0.643s] [01m[K/home/student/41068RS12025-Group18/src/41068_ignition_bringup/src/path_planner.cpp:40:8:[m[K [01;31m[Kerror: [m[Kâ€˜[01m[KPathPlanner[m[Kâ€™ has not been declared
[0.643s]    40 |   void [01;31m[KPathPlanner[m[K::reset() {
[0.643s]       |        [01;31m[K^~~~~~~~~~~[m[K
[0.646s] [01m[K/home/student/41068RS12025-Group18/src/41068_ignition_bringup/src/path_planner.cpp:[m[K In function â€˜[01m[Kvoid drone::reset()[m[Kâ€™:
[0.646s] [01m[K/home/student/41068RS12025-Group18/src/41068_ignition_bringup/src/path_planner.cpp:41:5:[m[K [01;31m[Kerror: [m[Kâ€˜[01m[Kcurrent_waypoint_index_[m[Kâ€™ was not declared in this scope
[0.646s]    41 |     [01;31m[Kcurrent_waypoint_index_[m[K = 0;
[0.646s]       |     [01;31m[K^~~~~~~~~~~~~~~~~~~~~~~[m[K
[0.646s] [01m[K/home/student/41068RS12025-Group18/src/41068_ignition_bringup/src/path_planner.cpp:[m[K At global scope:
[0.646s] [01m[K/home/student/41068RS12025-Group18/src/41068_ignition_bringup/src/path_planner.cpp:44:10:[m[K [01;31m[Kerror: [m[Kâ€˜[01m[KPathPlanner[m[Kâ€™ has not been declared
[0.646s]    44 |   double [01;31m[KPathPlanner[m[K::getDistanceToWaypoint(const geometry_msgs::msg::PoseStamped& current_pose) const {
[0.646s]       |          [01;31m[K^~~~~~~~~~~[m[K
[0.646s] [01m[K/home/student/41068RS12025-Group18/src/41068_ignition_bringup/src/path_planner.cpp:44:98:[m[K [01;31m[Kerror: [m[Knon-member function â€˜[01m[Kdouble drone::getDistanceToWaypoint(const PoseStamped&)[m[Kâ€™ cannot have cv-qualifier
[0.646s]    44 |   double PathPlanner::getDistanceToWaypoint(const geometry_msgs::msg::PoseStamped& current_pose) [01;31m[Kconst[m[K {
[0.646s]       |                                                                                                  [01;31m[K^~~~~[m[K
[0.648s] [01m[K/home/student/41068RS12025-Group18/src/41068_ignition_bringup/src/path_planner.cpp:[m[K In function â€˜[01m[Kdouble drone::getDistanceToWaypoint(const PoseStamped&)[m[Kâ€™:
[0.648s] [01m[K/home/student/41068RS12025-Group18/src/41068_ignition_bringup/src/path_planner.cpp:47:26:[m[K [01;31m[Kerror: [m[Kâ€˜[01m[Kwaypoints_[m[Kâ€™ was not declared in this scope; did you mean â€˜[01m[KsetWaypoints[m[Kâ€™?
[0.648s]    47 |     const auto& target = [01;31m[Kwaypoints_[m[K[current_waypoint_index_];
[0.648s]       |                          [01;31m[K^~~~~~~~~~[m[K
[0.648s]       |                          [32m[KsetWaypoints[m[K
[0.651s] [01m[K/home/student/41068RS12025-Group18/src/41068_ignition_bringup/src/path_planner.cpp:47:37:[m[K [01;31m[Kerror: [m[Kâ€˜[01m[Kcurrent_waypoint_index_[m[Kâ€™ was not declared in this scope
[0.651s]    47 |     const auto& target = waypoints_[[01;31m[Kcurrent_waypoint_index_[m[K];
[0.651s]       |                                     [01;31m[K^~~~~~~~~~~~~~~~~~~~~~~[m[K
[0.724s] gmake[2]: *** [CMakeFiles/path_planner.dir/build.make:76: CMakeFiles/path_planner.dir/src/path_planner.cpp.o] Error 1
[0.724s] gmake[1]: *** [CMakeFiles/Makefile2:229: CMakeFiles/path_planner.dir/all] Error 2
[0.724s] gmake[1]: *** Waiting for unfinished jobs....
[2.495s] [01m[K/home/student/41068RS12025-Group18/src/41068_ignition_bringup/src/drone_control.cpp:12:3:[m[K [01;31m[Kerror: [m[Kâ€˜[01m[KDroneControl[m[Kâ€™ does not name a type
[2.495s]    12 |   [01;31m[KDroneControl[m[K::DroneControl()
[2.496s]       |   [01;31m[K^~~~~~~~~~~~[m[K
[2.496s] [01m[K/home/student/41068RS12025-Group18/src/41068_ignition_bringup/src/drone_control.cpp:34:8:[m[K [01;31m[Kerror: [m[Kâ€˜[01m[KDroneControl[m[Kâ€™ has not been declared
[2.496s]    34 |   void [01;31m[KDroneControl[m[K::initialise(double mass, double max_thrust) {
[2.496s]       |        [01;31m[K^~~~~~~~~~~~[m[K
[2.500s] [01m[K/home/student/41068RS12025-Group18/src/41068_ignition_bringup/src/drone_control.cpp:[m[K In function â€˜[01m[Kvoid drone_swarm::initialise(double, double)[m[Kâ€™:
[2.500s] [01m[K/home/student/41068RS12025-Group18/src/41068_ignition_bringup/src/drone_control.cpp:36:5:[m[K [01;31m[Kerror: [m[Kâ€˜[01m[Kdrone_mass_[m[Kâ€™ was not declared in this scope
[2.500s]    36 |     [01;31m[Kdrone_mass_[m[K = mass;
[2.500s]       |     [01;31m[K^~~~~~~~~~~[m[K
[2.502s] [01m[K/home/student/41068RS12025-Group18/src/41068_ignition_bringup/src/drone_control.cpp:37:5:[m[K [01;31m[Kerror: [m[Kâ€˜[01m[Kmax_thrust_[m[Kâ€™ was not declared in this scope; did you mean â€˜[01m[Kmax_thrust[m[Kâ€™?
[2.502s]    37 |     [01;31m[Kmax_thrust_[m[K = max_thrust;
[2.502s]       |     [01;31m[K^~~~~~~~~~~[m[K
[2.502s]       |     [32m[Kmax_thrust[m[K
[2.503s] [01m[K/home/student/41068RS12025-Group18/src/41068_ignition_bringup/src/drone_control.cpp:[m[K At global scope:
[2.503s] [01m[K/home/student/41068RS12025-Group18/src/41068_ignition_bringup/src/drone_control.cpp:40:8:[m[K [01;31m[Kerror: [m[Kâ€˜[01m[KDroneControl[m[Kâ€™ has not been declared
[2.503s]    40 |   void [01;31m[KDroneControl[m[K::setLogger(rclcpp::Logger logger) {
[2.503s]       |        [01;31m[K^~~~~~~~~~~~[m[K
[2.505s] [01m[K/home/student/41068RS12025-Group18/src/41068_ignition_bringup/src/drone_control.cpp:[m[K In function â€˜[01m[Kvoid drone_swarm::setLogger(rclcpp::Logger)[m[Kâ€™:
[2.505s] [01m[K/home/student/41068RS12025-Group18/src/41068_ignition_bringup/src/drone_control.cpp:42:5:[m[K [01;31m[Kerror: [m[Kâ€˜[01m[Klogger_[m[Kâ€™ was not declared in this scope; did you mean â€˜[01m[Klogger[m[Kâ€™?
[2.505s]    42 |     [01;31m[Klogger_[m[K = logger;
[2.505s]       |     [01;31m[K^~~~~~~[m[K
[2.505s]       |     [32m[Klogger[m[K
[2.505s] [01m[K/home/student/41068RS12025-Group18/src/41068_ignition_bringup/src/drone_control.cpp:[m[K At global scope:
[2.505s] [01m[K/home/student/41068RS12025-Group18/src/41068_ignition_bringup/src/drone_control.cpp:45:8:[m[K [01;31m[Kerror: [m[Kâ€˜[01m[KDroneControl[m[Kâ€™ has not been declared
[2.505s]    45 |   void [01;31m[KDroneControl[m[K::setCmdVelPublisher(rclcpp::Publisher<geometry_msgs::msg::Twist>::SharedPtr pub) {
[2.506s]       |        [01;31m[K^~~~~~~~~~~~[m[K
[2.509s] [01m[K/home/student/41068RS12025-Group18/src/41068_ignition_bringup/src/drone_control.cpp:[m[K In function â€˜[01m[Kvoid drone_swarm::setCmdVelPublisher(rclcpp::Publisher<geometry_msgs::msg::Twist_<std::allocator<void> > >::SharedPtr)[m[Kâ€™:
[2.509s] [01m[K/home/student/41068RS12025-Group18/src/41068_ignition_bringup/src/drone_control.cpp:47:5:[m[K [01;31m[Kerror: [m[Kâ€˜[01m[Kcmd_vel_pub_[m[Kâ€™ was not declared in this scope
[2.509s]    47 |     [01;31m[Kcmd_vel_pub_[m[K = pub;
[2.509s]       |     [01;31m[K^~~~~~~~~~~~[m[K
[2.509s] [01m[K/home/student/41068RS12025-Group18/src/41068_ignition_bringup/src/drone_control.cpp:[m[K At global scope:
[2.509s] [01m[K/home/student/41068RS12025-Group18/src/41068_ignition_bringup/src/drone_control.cpp:50:8:[m[K [01;31m[Kerror: [m[Kâ€˜[01m[KDroneControl[m[Kâ€™ has not been declared
[2.510s]    50 |   void [01;31m[KDroneControl[m[K::updatePositionPIDGains(double kp, double ki, double kd) {
[2.510s]       |        [01;31m[K^~~~~~~~~~~~[m[K
[2.511s] [01m[K/home/student/41068RS12025-Group18/src/41068_ignition_bringup/src/drone_control.cpp:[m[K In function â€˜[01m[Kvoid drone_swarm::updatePositionPIDGains(double, double, double)[m[Kâ€™:
[2.511s] [01m[K/home/student/41068RS12025-Group18/src/41068_ignition_bringup/src/drone_control.cpp:52:5:[m[K [01;31m[Kerror: [m[Kâ€˜[01m[Kpid_x_[m[Kâ€™ was not declared in this scope; did you mean â€˜[01m[Kpid_t[m[Kâ€™?
[2.511s]    52 |     [01;31m[Kpid_x_[m[K->setGains(kp, ki, kd);
[2.511s]       |     [01;31m[K^~~~~~[m[K
[2.512s]       |     [32m[Kpid_t[m[K
[2.513s] [01m[K/home/student/41068RS12025-Group18/src/41068_ignition_bringup/src/drone_control.cpp:53:5:[m[K [01;31m[Kerror: [m[Kâ€˜[01m[Kpid_y_[m[Kâ€™ was not declared in this scope; did you mean â€˜[01m[Kpid_t[m[Kâ€™?
[2.513s]    53 |     [01;31m[Kpid_y_[m[K->setGains(kp, ki, kd);
[2.513s]       |     [01;31m[K^~~~~~[m[K
[2.514s]       |     [32m[Kpid_t[m[K
[2.516s] [01m[K/home/student/41068RS12025-Group18/src/41068_ignition_bringup/src/drone_control.cpp:54:5:[m[K [01;31m[Kerror: [m[Kâ€˜[01m[Kpid_z_[m[Kâ€™ was not declared in this scope; did you mean â€˜[01m[Kpid_t[m[Kâ€™?
[2.516s]    54 |     [01;31m[Kpid_z_[m[K->setGains(kp, ki, kd);
[2.516s]       |     [01;31m[K^~~~~~[m[K
[2.516s]       |     [32m[Kpid_t[m[K
[2.516s] [01m[K/home/student/41068RS12025-Group18/src/41068_ignition_bringup/src/drone_control.cpp:[m[K At global scope:
[2.516s] [01m[K/home/student/41068RS12025-Group18/src/41068_ignition_bringup/src/drone_control.cpp:57:8:[m[K [01;31m[Kerror: [m[Kâ€˜[01m[KDroneControl[m[Kâ€™ has not been declared
[2.516s]    57 |   void [01;31m[KDroneControl[m[K::updateVelocityPIDGains(double kp, double ki, double kd) {
[2.517s]       |        [01;31m[K^~~~~~~~~~~~[m[K
[2.517s] [01m[K/home/student/41068RS12025-Group18/src/41068_ignition_bringup/src/drone_control.cpp:62:8:[m[K [01;31m[Kerror: [m[Kâ€˜[01m[KDroneControl[m[Kâ€™ has not been declared
[2.517s]    62 |   void [01;31m[KDroneControl[m[K::updateAttitudePIDGains(double kp, double ki, double kd) {
[2.517s]       |        [01;31m[K^~~~~~~~~~~~[m[K
[2.517s] [01m[K/home/student/41068RS12025-Group18/src/41068_ignition_bringup/src/drone_control.cpp:67:8:[m[K [01;31m[Kerror: [m[Kâ€˜[01m[KDroneControl[m[Kâ€™ has not been declared
[2.517s]    67 |   void [01;31m[KDroneControl[m[K::setControlLimits(double max_velocity, double max_angular_velocity) {
[2.517s]       |        [01;31m[K^~~~~~~~~~~~[m[K
[2.518s] [01m[K/home/student/41068RS12025-Group18/src/41068_ignition_bringup/src/drone_control.cpp:[m[K In function â€˜[01m[Kvoid drone_swarm::setControlLimits(double, double)[m[Kâ€™:
[2.518s] [01m[K/home/student/41068RS12025-Group18/src/41068_ignition_bringup/src/drone_control.cpp:69:5:[m[K [01;31m[Kerror: [m[Kâ€˜[01m[Kmax_velocity_[m[Kâ€™ was not declared in this scope; did you mean â€˜[01m[Kmax_velocity[m[Kâ€™?
[2.518s]    69 |     [01;31m[Kmax_velocity_[m[K = max_velocity;
[2.518s]       |     [01;31m[K^~~~~~~~~~~~~[m[K
[2.518s]       |     [32m[Kmax_velocity[m[K
[2.520s] [01m[K/home/student/41068RS12025-Group18/src/41068_ignition_bringup/src/drone_control.cpp:70:5:[m[K [01;31m[Kerror: [m[Kâ€˜[01m[Kmax_angular_velocity_[m[Kâ€™ was not declared in this scope; did you mean â€˜[01m[Kmax_angular_velocity[m[Kâ€™?
[2.520s]    70 |     [01;31m[Kmax_angular_velocity_[m[K = max_angular_velocity;
[2.520s]       |     [01;31m[K^~~~~~~~~~~~~~~~~~~~~[m[K
[2.520s]       |     [32m[Kmax_angular_velocity[m[K
[2.520s] [01m[K/home/student/41068RS12025-Group18/src/41068_ignition_bringup/src/drone_control.cpp:[m[K At global scope:
[2.521s] [01m[K/home/student/41068RS12025-Group18/src/41068_ignition_bringup/src/drone_control.cpp:73:8:[m[K [01;31m[Kerror: [m[Kâ€˜[01m[KDroneControl[m[Kâ€™ has not been declared
[2.521s]    73 |   void [01;31m[KDroneControl[m[K::resetControllers() {
[2.521s]       |        [01;31m[K^~~~~~~~~~~~[m[K
[2.522s] [01m[K/home/student/41068RS12025-Group18/src/41068_ignition_bringup/src/drone_control.cpp:[m[K In function â€˜[01m[Kvoid drone_swarm::resetControllers()[m[Kâ€™:
[2.523s] [01m[K/home/student/41068RS12025-Group18/src/41068_ignition_bringup/src/drone_control.cpp:75:5:[m[K [01;31m[Kerror: [m[Kâ€˜[01m[Kpid_x_[m[Kâ€™ was not declared in this scope; did you mean â€˜[01m[Kpid_t[m[Kâ€™?
[2.523s]    75 |     [01;31m[Kpid_x_[m[K->reset();
[2.523s]       |     [01;31m[K^~~~~~[m[K
[2.523s]       |     [32m[Kpid_t[m[K
[2.525s] [01m[K/home/student/41068RS12025-Group18/src/41068_ignition_bringup/src/drone_control.cpp:76:5:[m[K [01;31m[Kerror: [m[Kâ€˜[01m[Kpid_y_[m[Kâ€™ was not declared in this scope; did you mean â€˜[01m[Kpid_t[m[Kâ€™?
[2.525s]    76 |     [01;31m[Kpid_y_[m[K->reset();
[2.525s]       |     [01;31m[K^~~~~~[m[K
[2.525s]       |     [32m[Kpid_t[m[K
[2.527s] [01m[K/home/student/41068RS12025-Group18/src/41068_ignition_bringup/src/drone_control.cpp:77:5:[m[K [01;31m[Kerror: [m[Kâ€˜[01m[Kpid_z_[m[Kâ€™ was not declared in this scope; did you mean â€˜[01m[Kpid_t[m[Kâ€™?
[2.527s]    77 |     [01;31m[Kpid_z_[m[K->reset();
[2.527s]       |     [01;31m[K^~~~~~[m[K
[2.527s]       |     [32m[Kpid_t[m[K
[2.530s] [01m[K/home/student/41068RS12025-Group18/src/41068_ignition_bringup/src/drone_control.cpp:78:5:[m[K [01;31m[Kerror: [m[Kâ€˜[01m[Kpid_yaw_[m[Kâ€™ was not declared in this scope
[2.530s]    78 |     [01;31m[Kpid_yaw_[m[K->reset();
[2.530s]       |     [01;31m[K^~~~~~~~[m[K
[2.535s] [01m[K/home/student/41068RS12025-Group18/src/41068_ignition_bringup/src/drone_control.cpp:80:5:[m[K [01;31m[Kerror: [m[Kâ€˜[01m[Kfirst_command_[m[Kâ€™ was not declared in this scope
[2.535s]    80 |     [01;31m[Kfirst_command_[m[K = true;  // Reset smoothing filter
[2.535s]       |     [01;31m[K^~~~~~~~~~~~~~[m[K
[2.542s] [01m[K/home/student/41068RS12025-Group18/src/41068_ignition_bringup/src/drone_control.cpp:81:5:[m[K [01;31m[Kerror: [m[Kâ€˜[01m[Kimu_data_available_[m[Kâ€™ was not declared in this scope
[2.542s]    81 |     [01;31m[Kimu_data_available_[m[K = false;
[2.542s]       |     [01;31m[K^~~~~~~~~~~~~~~~~~~[m[K
[2.542s] [01m[K/home/student/41068RS12025-Group18/src/41068_ignition_bringup/src/drone_control.cpp:[m[K At global scope:
[2.542s] [01m[K/home/student/41068RS12025-Group18/src/41068_ignition_bringup/src/drone_control.cpp:84:29:[m[K [01;31m[Kerror: [m[Kâ€˜[01m[KDroneControl[m[Kâ€™ has not been declared
[2.542s]    84 |   geometry_msgs::msg::Twist [01;31m[KDroneControl[m[K::calculateAdvancedPositionControl(
[2.542s]       |                             [01;31m[K^~~~~~~~~~~~[m[K
[2.551s] [01m[K/home/student/41068RS12025-Group18/src/41068_ignition_bringup/src/drone_control.cpp:[m[K In function â€˜[01m[Kgeometry_msgs::msg::Twist drone_swarm::calculateAdvancedPositionControl(const PoseStamped&, const PoseStamped&, double, bool)[m[Kâ€™:
[2.551s] [01m[K/home/student/41068RS12025-Group18/src/41068_ignition_bringup/src/drone_control.cpp:102:9:[m[K [01;31m[Kerror: [m[Kâ€˜[01m[Kimu_data_available_[m[Kâ€™ was not declared in this scope
[2.551s]   102 |     if ([01;31m[Kimu_data_available_[m[K && horizontal_distance > 0.3) {
[2.551s]       |         [01;31m[K^~~~~~~~~~~~~~~~~~~[m[K
[2.558s] [01m[K/home/student/41068RS12025-Group18/src/41068_ignition_bringup/src/drone_control.cpp:104:27:[m[K [01;31m[Kerror: [m[Kâ€˜[01m[KcalculateYawToTarget[m[Kâ€™ was not declared in this scope
[2.558s]   104 |       double target_yaw = [01;31m[KcalculateYawToTarget[m[K(current_pose.pose.position, target_pose.pose.position);
[2.558s]       |                           [01;31m[K^~~~~~~~~~~~~~~~~~~~[m[K
[2.562s] [01m[K/home/student/41068RS12025-Group18/src/41068_ignition_bringup/src/drone_control.cpp:107:59:[m[K [01;31m[Kerror: [m[Kâ€˜[01m[Kcurrent_yaw_[m[Kâ€™ was not declared in this scope; did you mean â€˜[01m[Kcurrent_pose[m[Kâ€™?
[2.562s]   107 |       raw_cmd.angular.z = calculateYawControl(target_yaw, [01;31m[Kcurrent_yaw_[m[K, dt);
[2.562s]       |                                                           [01;31m[K^~~~~~~~~~~~[m[K
[2.562s]       |                                                           [32m[Kcurrent_pose[m[K
[2.568s] [01m[K/home/student/41068RS12025-Group18/src/41068_ignition_bringup/src/drone_control.cpp:107:27:[m[K [01;31m[Kerror: [m[Kâ€˜[01m[KcalculateYawControl[m[Kâ€™ was not declared in this scope
[2.569s]   107 |       raw_cmd.angular.z = [01;31m[KcalculateYawControl[m[K(target_yaw, current_yaw_, dt);
[2.569s]       |                           [01;31m[K^~~~~~~~~~~~~~~~~~~[m[K
[2.573s] [01m[K/home/student/41068RS12025-Group18/src/41068_ignition_bringup/src/drone_control.cpp:110:26:[m[K [01;31m[Kerror: [m[Kâ€˜[01m[KnormalizeAngle[m[Kâ€™ was not declared in this scope
[2.573s]   110 |       double yaw_error = [01;31m[KnormalizeAngle[m[K(target_yaw - current_yaw_);
[2.573s]       |                          [01;31m[K^~~~~~~~~~~~~~[m[K
[2.576s] [01m[K/home/student/41068RS12025-Group18/src/41068_ignition_bringup/src/drone_control.cpp:130:28:[m[K [01;31m[Kerror: [m[Kâ€˜[01m[Kpid_y_[m[Kâ€™ was not declared in this scope; did you mean â€˜[01m[Kpid_t[m[Kâ€™?
[2.576s]   130 |         raw_cmd.linear.y = [01;31m[Kpid_y_[m[K->calculateWithWindupProtection(target_pose.pose.position.y, current_pose.pose.position.y, dt, 1.0) * 0.3;
[2.576s]       |                            [01;31m[K^~~~~~[m[K
[2.576s]       |                            [32m[Kpid_t[m[K
[2.578s] [01m[K/home/student/41068RS12025-Group18/src/41068_ignition_bringup/src/drone_control.cpp:135:26:[m[K [01;31m[Kerror: [m[Kâ€˜[01m[Kpid_x_[m[Kâ€™ was not declared in this scope; did you mean â€˜[01m[Kpid_t[m[Kâ€™?
[2.578s]   135 |       raw_cmd.linear.x = [01;31m[Kpid_x_[m[K->calculateWithWindupProtection(target_pose.pose.position.x, current_pose.pose.position.x, dt, 2.0);
[2.578s]       |                          [01;31m[K^~~~~~[m[K
[2.578s]       |                          [32m[Kpid_t[m[K
[2.581s] [01m[K/home/student/41068RS12025-Group18/src/41068_ignition_bringup/src/drone_control.cpp:136:26:[m[K [01;31m[Kerror: [m[Kâ€˜[01m[Kpid_y_[m[Kâ€™ was not declared in this scope; did you mean â€˜[01m[Kpid_t[m[Kâ€™?
[2.581s]   136 |       raw_cmd.linear.y = [01;31m[Kpid_y_[m[K->calculateWithWindupProtection(target_pose.pose.position.y, current_pose.pose.position.y, dt, 2.0);
[2.581s]       |                          [01;31m[K^~~~~~[m[K
[2.581s]       |                          [32m[Kpid_t[m[K
[2.583s] [01m[K/home/student/41068RS12025-Group18/src/41068_ignition_bringup/src/drone_control.cpp:160:26:[m[K [01;31m[Kerror: [m[Kâ€˜[01m[Kpid_z_[m[Kâ€™ was not declared in this scope; did you mean â€˜[01m[Kpid_t[m[Kâ€™?
[2.583s]   160 |       raw_cmd.linear.z = [01;31m[Kpid_z_[m[K->calculateWithWindupProtection(target_pose.pose.position.z, current_pose.pose.position.z, dt, 1.0);
[2.583s]       |                          [01;31m[K^~~~~~[m[K
[2.583s]       |                          [32m[Kpid_t[m[K
[2.589s] [01m[K/home/student/41068RS12025-Group18/src/41068_ignition_bringup/src/drone_control.cpp:174:5:[m[K [01;31m[Kerror: [m[Kâ€˜[01m[KapplySmoothingFilter[m[Kâ€™ was not declared in this scope
[2.589s]   174 |     [01;31m[KapplySmoothingFilter[m[K(cmd_vel, raw_cmd);
[2.590s]       |     [01;31m[K^~~~~~~~~~~~~~~~~~~~[m[K
[2.598s] [01m[K/home/student/41068RS12025-Group18/src/41068_ignition_bringup/src/drone_control.cpp:182:5:[m[K [01;31m[Kerror: [m[Kâ€˜[01m[KscaleForBasicVelocityControl[m[Kâ€™ was not declared in this scope
[2.598s]   182 |     [01;31m[KscaleForBasicVelocityControl[m[K(cmd_vel);
[2.598s]       |     [01;31m[K^~~~~~~~~~~~~~~~~~~~~~~~~~~~[m[K
[2.598s] [01m[K/home/student/41068RS12025-Group18/src/41068_ignition_bringup/src/drone_control.cpp:[m[K At global scope:
[2.598s] [01m[K/home/student/41068RS12025-Group18/src/41068_ignition_bringup/src/drone_control.cpp:187:8:[m[K [01;31m[Kerror: [m[Kâ€˜[01m[KDroneControl[m[Kâ€™ has not been declared
[2.598s]   187 |   bool [01;31m[KDroneControl[m[K::flyToGoal(VehicleData& vehicle, const geometry_msgs::msg::Pose& goal) {
[2.599s]       |        [01;31m[K^~~~~~~~~~~~[m[K
[2.599s] [01m[K/home/student/41068RS12025-Group18/src/41068_ignition_bringup/src/drone_control.cpp:187:32:[m[K [01;31m[Kerror: [m[Kâ€˜[01m[KVehicleData[m[Kâ€™ was not declared in this scope; did you mean â€˜[01m[Kdrone::VehicleData[m[Kâ€™?
[2.599s]   187 |   bool DroneControl::flyToGoal([01;31m[KVehicleData[m[K& vehicle, const geometry_msgs::msg::Pose& goal) {
[2.599s]       |                                [01;31m[K^~~~~~~~~~~[m[K
[2.599s]       |                                [32m[Kdrone::VehicleData[m[K
[2.599s] In file included from [01m[K/home/student/41068RS12025-Group18/src/41068_ignition_bringup/src/drone_control.cpp:1[m[K:
[2.599s] [01m[K/home/student/41068RS12025-Group18/src/41068_ignition_bringup/include/drone_control.h:32:8:[m[K [01;36m[Knote: [m[Kâ€˜[01m[Kdrone::VehicleData[m[Kâ€™ declared here
[2.599s]    32 | struct [01;36m[KVehicleData[m[K {
[2.599s]       |        [01;36m[K^~~~~~~~~~~[m[K
[2.601s] [01m[K/home/student/41068RS12025-Group18/src/41068_ignition_bringup/src/drone_control.cpp:187:45:[m[K [01;31m[Kerror: [m[Kâ€˜[01m[Kvehicle[m[Kâ€™ was not declared in this scope
[2.601s]   187 |   bool DroneControl::flyToGoal(VehicleData& [01;31m[Kvehicle[m[K, const geometry_msgs::msg::Pose& goal) {
[2.601s]       |                                             [01;31m[K^~~~~~~[m[K
[2.601s] [01m[K/home/student/41068RS12025-Group18/src/41068_ignition_bringup/src/drone_control.cpp:187:54:[m[K [01;31m[Kerror: [m[Kexpected primary-expression before â€˜[01m[Kconst[m[Kâ€™
[2.601s]   187 |   bool DroneControl::flyToGoal(VehicleData& vehicle, [01;31m[Kconst[m[K geometry_msgs::msg::Pose& goal) {
[2.601s]       |                                                      [01;31m[K^~~~~[m[K
[2.601s] [01m[K/home/student/41068RS12025-Group18/src/41068_ignition_bringup/src/drone_control.cpp:187:90:[m[K [01;31m[Kerror: [m[Kexpression list treated as compound expression in initializer [[01;31m[K]8;;https://gcc.gnu.org/onlinedocs/gcc/Warning-Options.html#index-fpermissive-fpermissive]8;;[m[K]
[2.601s]   187 |   bool DroneControl::flyToGoal(VehicleData& vehicle, const geometry_msgs::msg::Pose& goal[01;31m[K)[m[K {
[2.602s]       |                                                                                          [01;31m[K^[m[K
[2.602s] [01m[K/home/student/41068RS12025-Group18/src/41068_ignition_bringup/src/drone_control.cpp:292:8:[m[K [01;31m[Kerror: [m[Kâ€˜[01m[KDroneControl[m[Kâ€™ has not been declared
[2.602s]   292 |   void [01;31m[KDroneControl[m[K::applySmoothingFilter(geometry_msgs::msg::Twist& cmd_vel, const geometry_msgs::msg::Twist& raw_cmd, double alpha) {
[2.602s]       |        [01;31m[K^~~~~~~~~~~~[m[K
[2.605s] [01m[K/home/student/41068RS12025-Group18/src/41068_ignition_bringup/src/drone_control.cpp:[m[K In function â€˜[01m[Kvoid drone_swarm::applySmoothingFilter(geometry_msgs::msg::Twist&, const Twist&, double)[m[Kâ€™:
[2.606s] [01m[K/home/student/41068RS12025-Group18/src/41068_ignition_bringup/src/drone_control.cpp:294:9:[m[K [01;31m[Kerror: [m[Kâ€˜[01m[Kfirst_command_[m[Kâ€™ was not declared in this scope
[2.606s]   294 |     if ([01;31m[Kfirst_command_[m[K) {
[2.606s]       |         [01;31m[K^~~~~~~~~~~~~~[m[K
[2.608s] [01m[K/home/student/41068RS12025-Group18/src/41068_ignition_bringup/src/drone_control.cpp:298:69:[m[K [01;31m[Kerror: [m[Kâ€˜[01m[Klast_cmd_[m[Kâ€™ was not declared in this scope
[2.609s]   298 |       cmd_vel.linear.x = alpha * raw_cmd.linear.x + (1.0 - alpha) * [01;31m[Klast_cmd_[m[K.linear.x;
[2.609s]       |                                                                     [01;31m[K^~~~~~~~~[m[K
[2.612s] [01m[K/home/student/41068RS12025-Group18/src/41068_ignition_bringup/src/drone_control.cpp:306:5:[m[K [01;31m[Kerror: [m[Kâ€˜[01m[Klast_cmd_[m[Kâ€™ was not declared in this scope
[2.612s]   306 |     [01;31m[Klast_cmd_[m[K = cmd_vel;
[2.612s]       |     [01;31m[K^~~~~~~~~[m[K
[2.612s] [01m[K/home/student/41068RS12025-Group18/src/41068_ignition_bringup/src/drone_control.cpp:[m[K At global scope:
[2.612s] [01m[K/home/student/41068RS12025-Group18/src/41068_ignition_bringup/src/drone_control.cpp:309:8:[m[K [01;31m[Kerror: [m[Kâ€˜[01m[KDroneControl[m[Kâ€™ has not been declared
[2.612s]   309 |   void [01;31m[KDroneControl[m[K::scaleForBasicVelocityControl(geometry_msgs::msg::Twist& cmd_vel) {
[2.613s]       |        [01;31m[K^~~~~~~~~~~~[m[K
[2.613s] [01m[K/home/student/41068RS12025-Group18/src/41068_ignition_bringup/src/drone_control.cpp:315:8:[m[K [01;31m[Kerror: [m[Kâ€˜[01m[KDroneControl[m[Kâ€™ has not been declared
[2.613s]   315 |   bool [01;31m[KDroneControl[m[K::isGoalReached(const geometry_msgs::msg::Point& current_pos, const geometry_msgs::msg::Pose& goal, bool use_manual_altitude) {
[2.613s]       |        [01;31m[K^~~~~~~~~~~~[m[K
[2.613s] [01m[K/home/student/41068RS12025-Group18/src/41068_ignition_bringup/src/drone_control.cpp:328:8:[m[K [01;31m[Kerror: [m[Kâ€˜[01m[KDroneControl[m[Kâ€™ has not been declared
[2.613s]   328 |   void [01;31m[KDroneControl[m[K::applyControlLimits(geometry_msgs::msg::Twist& cmd_vel) {
[2.613s]       |        [01;31m[K^~~~~~~~~~~~[m[K
[2.617s] [01m[K/home/student/41068RS12025-Group18/src/41068_ignition_bringup/src/drone_control.cpp:[m[K In function â€˜[01m[Kvoid drone_swarm::applyControlLimits(geometry_msgs::msg::Twist&)[m[Kâ€™:
[2.617s] [01m[K/home/student/41068RS12025-Group18/src/41068_ignition_bringup/src/drone_control.cpp:330:54:[m[K [01;31m[Kerror: [m[Kâ€˜[01m[Kmax_velocity_[m[Kâ€™ was not declared in this scope
[2.617s]   330 |     cmd_vel.linear.x = std::clamp(cmd_vel.linear.x, -[01;31m[Kmax_velocity_[m[K, max_velocity_);
[2.617s]       |                                                      [01;31m[K^~~~~~~~~~~~~[m[K
[2.624s] [01m[K/home/student/41068RS12025-Group18/src/41068_ignition_bringup/src/drone_control.cpp:334:56:[m[K [01;31m[Kerror: [m[Kâ€˜[01m[Kmax_angular_velocity_[m[Kâ€™ was not declared in this scope
[2.624s]   334 |     cmd_vel.angular.x = std::clamp(cmd_vel.angular.x, -[01;31m[Kmax_angular_velocity_[m[K, max_angular_velocity_);
[2.624s]       |                                                        [01;31m[K^~~~~~~~~~~~~~~~~~~~~[m[K
[2.625s] [01m[K/home/student/41068RS12025-Group18/src/41068_ignition_bringup/src/drone_control.cpp:[m[K At global scope:
[2.625s] [01m[K/home/student/41068RS12025-Group18/src/41068_ignition_bringup/src/drone_control.cpp:340:29:[m[K [01;31m[Kerror: [m[Kâ€˜[01m[KDroneControl[m[Kâ€™ has not been declared
[2.625s]   340 |   geometry_msgs::msg::Twist [01;31m[KDroneControl[m[K::calculateControlOutput(
[2.625s]       |                             [01;31m[K^~~~~~~~~~~~[m[K
[2.625s] [01m[K/home/student/41068RS12025-Group18/src/41068_ignition_bringup/src/drone_control.cpp:[m[K In function â€˜[01m[Kgeometry_msgs::msg::Twist drone_swarm::calculateControlOutput(const PoseStamped&, const PoseStamped&, const Twist&, double)[m[Kâ€™:
[2.625s] [01m[K/home/student/41068RS12025-Group18/src/41068_ignition_bringup/src/drone_control.cpp:347:44:[m[K [01;31m[Kerror: [m[Ktoo few arguments to function â€˜[01m[Kgeometry_msgs::msg::Twist drone_swarm::calculateAdvancedPositionControl(const PoseStamped&, const PoseStamped&, double, bool)[m[Kâ€™
[2.625s]   347 |     return [01;31m[KcalculateAdvancedPositionControl(current_pose, target_pose, dt)[m[K;
[2.625s]       |            [01;31m[K~~~~~~~~~~~~~~~~~~~~~~~~~~~~~~~~^~~~~~~~~~~~~~~~~~~~~~~~~~~~~~~[m[K
[2.625s] [01m[K/home/student/41068RS12025-Group18/src/41068_ignition_bringup/src/drone_control.cpp:84:29:[m[K [01;36m[Knote: [m[Kdeclared here
[2.625s]    84 |   geometry_msgs::msg::Twist [01;36m[KDroneControl[m[K::calculateAdvancedPositionControl(
[2.625s]       |                             [01;36m[K^~~~~~~~~~~~[m[K
[2.626s] [01m[K/home/student/41068RS12025-Group18/src/41068_ignition_bringup/src/drone_control.cpp:[m[K At global scope:
[2.626s] [01m[K/home/student/41068RS12025-Group18/src/41068_ignition_bringup/src/drone_control.cpp:350:29:[m[K [01;31m[Kerror: [m[Kâ€˜[01m[KDroneControl[m[Kâ€™ has not been declared
[2.626s]   350 |   geometry_msgs::msg::Twist [01;31m[KDroneControl[m[K::calculatePositionControl(
[2.626s]       |                             [01;31m[K^~~~~~~~~~~~[m[K
[2.626s] [01m[K/home/student/41068RS12025-Group18/src/41068_ignition_bringup/src/drone_control.cpp:[m[K In function â€˜[01m[Kgeometry_msgs::msg::Twist drone_swarm::calculatePositionControl(const PoseStamped&, const PoseStamped&, double)[m[Kâ€™:
[2.626s] [01m[K/home/student/41068RS12025-Group18/src/41068_ignition_bringup/src/drone_control.cpp:354:44:[m[K [01;31m[Kerror: [m[Ktoo few arguments to function â€˜[01m[Kgeometry_msgs::msg::Twist drone_swarm::calculateAdvancedPositionControl(const PoseStamped&, const PoseStamped&, double, bool)[m[Kâ€™
[2.626s]   354 |     return [01;31m[KcalculateAdvancedPositionControl(current_pose, target_pose, dt)[m[K;
[2.626s]       |            [01;31m[K~~~~~~~~~~~~~~~~~~~~~~~~~~~~~~~~^~~~~~~~~~~~~~~~~~~~~~~~~~~~~~~[m[K
[2.626s] [01m[K/home/student/41068RS12025-Group18/src/41068_ignition_bringup/src/drone_control.cpp:84:29:[m[K [01;36m[Knote: [m[Kdeclared here
[2.626s]    84 |   geometry_msgs::msg::Twist [01;36m[KDroneControl[m[K::calculateAdvancedPositionControl(
[2.626s]       |                             [01;36m[K^~~~~~~~~~~~[m[K
[2.627s] [01m[K/home/student/41068RS12025-Group18/src/41068_ignition_bringup/src/drone_control.cpp:[m[K At global scope:
[2.627s] [01m[K/home/student/41068RS12025-Group18/src/41068_ignition_bringup/src/drone_control.cpp:373:10:[m[K [01;31m[Kerror: [m[Kâ€˜[01m[KDroneControl[m[Kâ€™ has not been declared
[2.627s]   373 |   double [01;31m[KDroneControl[m[K::calculateXControl(double target_x, double current_x, double dt) {
[2.627s]       |          [01;31m[K^~~~~~~~~~~~[m[K
[2.627s] [01m[K/home/student/41068RS12025-Group18/src/41068_ignition_bringup/src/drone_control.cpp:[m[K In function â€˜[01m[Kdouble drone_swarm::calculateXControl(double, double, double)[m[Kâ€™:
[2.627s] [01m[K/home/student/41068RS12025-Group18/src/41068_ignition_bringup/src/drone_control.cpp:374:12:[m[K [01;31m[Kerror: [m[Kâ€˜[01m[Kpid_x_[m[Kâ€™ was not declared in this scope; did you mean â€˜[01m[Kpid_t[m[Kâ€™?
[2.627s]   374 |     return [01;31m[Kpid_x_[m[K->calculate(target_x, current_x, dt);
[2.627s]       |            [01;31m[K^~~~~~[m[K
[2.627s]       |            [32m[Kpid_t[m[K
[2.628s] [01m[K/home/student/41068RS12025-Group18/src/41068_ignition_bringup/src/drone_control.cpp:[m[K At global scope:
[2.628s] [01m[K/home/student/41068RS12025-Group18/src/41068_ignition_bringup/src/drone_control.cpp:377:10:[m[K [01;31m[Kerror: [m[Kâ€˜[01m[KDroneControl[m[Kâ€™ has not been declared
[2.628s]   377 |   double [01;31m[KDroneControl[m[K::calculateYControl(double target_y, double current_y, double dt) {
[2.628s]       |          [01;31m[K^~~~~~~~~~~~[m[K
[2.630s] [01m[K/home/student/41068RS12025-Group18/src/41068_ignition_bringup/src/drone_control.cpp:[m[K In function â€˜[01m[Kdouble drone_swarm::calculateYControl(double, double, double)[m[Kâ€™:
[2.630s] [01m[K/home/student/41068RS12025-Group18/src/41068_ignition_bringup/src/drone_control.cpp:378:12:[m[K [01;31m[Kerror: [m[Kâ€˜[01m[Kpid_y_[m[Kâ€™ was not declared in this scope; did you mean â€˜[01m[Kpid_t[m[Kâ€™?
[2.630s]   378 |     return [01;31m[Kpid_y_[m[K->calculate(target_y, current_y, dt);
[2.630s]       |            [01;31m[K^~~~~~[m[K
[2.630s]       |            [32m[Kpid_t[m[K
[2.630s] [01m[K/home/student/41068RS12025-Group18/src/41068_ignition_bringup/src/drone_control.cpp:[m[K At global scope:
[2.630s] [01m[K/home/student/41068RS12025-Group18/src/41068_ignition_bringup/src/drone_control.cpp:381:10:[m[K [01;31m[Kerror: [m[Kâ€˜[01m[KDroneControl[m[Kâ€™ has not been declared
[2.630s]   381 |   double [01;31m[KDroneControl[m[K::calculateZControl(double target_z, double current_z, double dt) {
[2.630s]       |          [01;31m[K^~~~~~~~~~~~[m[K
[2.632s] [01m[K/home/student/41068RS12025-Group18/src/41068_ignition_bringup/src/drone_control.cpp:[m[K In function â€˜[01m[Kdouble drone_swarm::calculateZControl(double, double, double)[m[Kâ€™:
[2.632s] [01m[K/home/student/41068RS12025-Group18/src/41068_ignition_bringup/src/drone_control.cpp:382:12:[m[K [01;31m[Kerror: [m[Kâ€˜[01m[Kpid_z_[m[Kâ€™ was not declared in this scope; did you mean â€˜[01m[Kpid_t[m[Kâ€™?
[2.632s]   382 |     return [01;31m[Kpid_z_[m[K->calculate(target_z, current_z, dt);
[2.632s]       |            [01;31m[K^~~~~~[m[K
[2.632s]       |            [32m[Kpid_t[m[K
[2.632s] [01m[K/home/student/41068RS12025-Group18/src/41068_ignition_bringup/src/drone_control.cpp:[m[K At global scope:
[2.632s] [01m[K/home/student/41068RS12025-Group18/src/41068_ignition_bringup/src/drone_control.cpp:385:8:[m[K [01;31m[Kerror: [m[Kâ€˜[01m[KDroneControl[m[Kâ€™ has not been declared
[2.633s]   385 |   void [01;31m[KDroneControl[m[K::updateCurrentYaw(double yaw) {
[2.633s]       |        [01;31m[K^~~~~~~~~~~~[m[K
[2.636s] [01m[K/home/student/41068RS12025-Group18/src/41068_ignition_bringup/src/drone_control.cpp:[m[K In function â€˜[01m[Kvoid drone_swarm::updateCurrentYaw(double)[m[Kâ€™:
[2.636s] [01m[K/home/student/41068RS12025-Group18/src/41068_ignition_bringup/src/drone_control.cpp:386:5:[m[K [01;31m[Kerror: [m[Kâ€˜[01m[Kcurrent_yaw_[m[Kâ€™ was not declared in this scope
[2.636s]   386 |     [01;31m[Kcurrent_yaw_[m[K = normalizeAngle(yaw);
[2.636s]       |     [01;31m[K^~~~~~~~~~~~[m[K
[2.641s] [01m[K/home/student/41068RS12025-Group18/src/41068_ignition_bringup/src/drone_control.cpp:386:20:[m[K [01;31m[Kerror: [m[Kâ€˜[01m[KnormalizeAngle[m[Kâ€™ was not declared in this scope
[2.641s]   386 |     current_yaw_ = [01;31m[KnormalizeAngle[m[K(yaw);
[2.641s]       |                    [01;31m[K^~~~~~~~~~~~~~[m[K
[2.649s] [01m[K/home/student/41068RS12025-Group18/src/41068_ignition_bringup/src/drone_control.cpp:387:5:[m[K [01;31m[Kerror: [m[Kâ€˜[01m[Kimu_data_available_[m[Kâ€™ was not declared in this scope
[2.649s]   387 |     [01;31m[Kimu_data_available_[m[K = true;
[2.649s]       |     [01;31m[K^~~~~~~~~~~~~~~~~~~[m[K
[2.649s] [01m[K/home/student/41068RS12025-Group18/src/41068_ignition_bringup/src/drone_control.cpp:[m[K At global scope:
[2.650s] [01m[K/home/student/41068RS12025-Group18/src/41068_ignition_bringup/src/drone_control.cpp:390:10:[m[K [01;31m[Kerror: [m[Kâ€˜[01m[KDroneControl[m[Kâ€™ has not been declared
[2.650s]   390 |   double [01;31m[KDroneControl[m[K::calculateYawToTarget(const geometry_msgs::msg::Point& current_pos, const geometry_msgs::msg::Point& target_pos) {
[2.650s]       |          [01;31m[K^~~~~~~~~~~~[m[K
[2.650s] [01m[K/home/student/41068RS12025-Group18/src/41068_ignition_bringup/src/drone_control.cpp:396:10:[m[K [01;31m[Kerror: [m[Kâ€˜[01m[KDroneControl[m[Kâ€™ has not been declared
[2.650s]   396 |   double [01;31m[KDroneControl[m[K::calculateYawControl(double target_yaw, double current_yaw, double dt) {
[2.650s]       |          [01;31m[K^~~~~~~~~~~~[m[K
[2.654s] [01m[K/home/student/41068RS12025-Group18/src/41068_ignition_bringup/src/drone_control.cpp:[m[K In function â€˜[01m[Kdouble drone_swarm::calculateYawControl(double, double, double)[m[Kâ€™:
[2.654s] [01m[K/home/student/41068RS12025-Group18/src/41068_ignition_bringup/src/drone_control.cpp:398:24:[m[K [01;31m[Kerror: [m[Kâ€˜[01m[KnormalizeAngle[m[Kâ€™ was not declared in this scope
[2.654s]   398 |     double yaw_error = [01;31m[KnormalizeAngle[m[K(target_yaw - current_yaw);
[2.654s]       |                        [01;31m[K^~~~~~~~~~~~~~[m[K
[2.657s] [01m[K/home/student/41068RS12025-Group18/src/41068_ignition_bringup/src/drone_control.cpp:399:12:[m[K [01;31m[Kerror: [m[Kâ€˜[01m[Kpid_yaw_[m[Kâ€™ was not declared in this scope
[2.657s]   399 |     return [01;31m[Kpid_yaw_[m[K->calculate(0.0, -yaw_error, dt);  // Negative error for proper direction
[2.657s]       |            [01;31m[K^~~~~~~~[m[K
[2.657s] [01m[K/home/student/41068RS12025-Group18/src/41068_ignition_bringup/src/drone_control.cpp:[m[K At global scope:
[2.657s] [01m[K/home/student/41068RS12025-Group18/src/41068_ignition_bringup/src/drone_control.cpp:402:10:[m[K [01;31m[Kerror: [m[Kâ€˜[01m[KDroneControl[m[Kâ€™ has not been declared
[2.658s]   402 |   double [01;31m[KDroneControl[m[K::normalizeAngle(double angle) {
[2.658s]       |          [01;31m[K^~~~~~~~~~~~[m[K
[3.076s] gmake[2]: *** [CMakeFiles/drone_control.dir/build.make:76: CMakeFiles/drone_control.dir/src/drone_control.cpp.o] Error 1
[3.077s] gmake[1]: *** [CMakeFiles/Makefile2:177: CMakeFiles/drone_control.dir/all] Error 2
[3.077s] gmake: *** [Makefile:146: all] Error 2
[3.080s] Invoked command in '/home/student/41068RS12025-Group18/build/rs1_robot' returned '2': CMAKE_PREFIX_PATH=${CMAKE_PREFIX_PATH}:/opt/ros/humble /usr/bin/cmake --build /home/student/41068RS12025-Group18/build/rs1_robot -- -j8 -l8
