[0.013s] Invoking command in '/home/student/41068RS12025-Group18/build/rs1_robot': CMAKE_PREFIX_PATH=${CMAKE_PREFIX_PATH}:/opt/ros/humble /usr/bin/cmake --build /home/student/41068RS12025-Group18/build/rs1_robot -- -j8 -l8
[0.069s] [35m[1mConsolidate compiler generated dependencies of target pid_controller[0m
[0.075s] [35m[1mConsolidate compiler generated dependencies of target state_machine[0m
[0.075s] [35m[1mConsolidate compiler generated dependencies of target mission_executor[0m
[0.081s] [ 12%] Built target path_planner
[0.083s] [ 25%] Built target pid_controller
[0.096s] [ 50%] Built target mission_executor
[0.096s] [ 50%] Built target state_machine
[0.096s] [35m[1mConsolidate compiler generated dependencies of target drone_control[0m
[0.108s] [35m[1mConsolidate compiler generated dependencies of target mission_planner_component[0m
[0.116s] [ 62%] Built target drone_control
[0.128s] [ 68%] [32mBuilding CXX object CMakeFiles/mission_planner_component.dir/src/mission_node.cpp.o[0m
[0.131s] [35m[1mConsolidate compiler generated dependencies of target drone_controller_enhanced_component[0m
[0.158s] [ 81%] Built target drone_controller_enhanced_component
[3.049s] [01m[K/home/student/41068RS12025-Group18/src/41068_ignition_bringup/src/mission_node.cpp:[m[K In constructor â€˜[01m[Kdrone::MissionPlannerNode::MissionPlannerNode(const rclcpp::NodeOptions&)[m[Kâ€™:
[3.050s] [01m[K/home/student/41068RS12025-Group18/src/41068_ignition_bringup/src/mission_node.cpp:91:104:[m[K [01;31m[Kerror: [m[Kâ€˜[01m[KdiscoverPeerDrone[m[Kâ€™ is not a member of â€˜[01m[Kdrone::MissionPlannerNode[m[Kâ€™
[3.050s]    91 |     discovery_timer_ = this->create_wall_timer(std::chrono::seconds(5), std::bind(&MissionPlannerNode::[01;31m[KdiscoverPeerDrone[m[K, this));
[3.050s]       |                                                                                                        [01;31m[K^~~~~~~~~~~~~~~~~[m[K
[3.055s] [01m[K/home/student/41068RS12025-Group18/src/41068_ignition_bringup/src/mission_node.cpp:95:5:[m[K [01;31m[Kerror: [m[Kâ€˜[01m[KdiscoverPeerDrone[m[Kâ€™ was not declared in this scope; did you mean â€˜[01m[KdiscoverPeerDrones[m[Kâ€™?
[3.055s]    95 |     [01;31m[KdiscoverPeerDrone[m[K();
[3.055s]       |     [01;31m[K^~~~~~~~~~~~~~~~~[m[K
[3.055s]       |     [32m[KdiscoverPeerDrones[m[K
[3.096s] [01m[K/home/student/41068RS12025-Group18/src/41068_ignition_bringup/src/mission_node.cpp:[m[K In member function â€˜[01m[Kvoid drone::MissionPlannerNode::assignmentCallback(std_msgs::msg::String_<std::allocator<void> >::SharedPtr)[m[Kâ€™:
[3.096s] [01m[K/home/student/41068RS12025-Group18/src/41068_ignition_bringup/src/mission_node.cpp:286:34:[m[K [01;31m[Kerror: [m[Kâ€˜[01m[Kdx[m[Kâ€™ was not declared in this scope
[3.097s]   286 |       wp_depot.pose.position.x = [01;31m[Kdx[m[K;
[3.097s]       |                                  [01;31m[K^~[m[K
[3.100s] [01m[K/home/student/41068RS12025-Group18/src/41068_ignition_bringup/src/mission_node.cpp:287:34:[m[K [01;31m[Kerror: [m[Kâ€˜[01m[Kdy[m[Kâ€™ was not declared in this scope
[3.100s]   287 |       wp_depot.pose.position.y = [01;31m[Kdy[m[K;
[3.100s]       |                                  [01;31m[K^~[m[K
[3.103s] [01m[K/home/student/41068RS12025-Group18/src/41068_ignition_bringup/src/mission_node.cpp:288:34:[m[K [01;31m[Kerror: [m[Kâ€˜[01m[Kdz[m[Kâ€™ was not declared in this scope
[3.103s]   288 |       wp_depot.pose.position.z = [01;31m[Kdz[m[K;
[3.104s]       |                                  [01;31m[K^~[m[K
[3.104s] [01m[K/home/student/41068RS12025-Group18/src/41068_ignition_bringup/src/mission_node.cpp:[m[K At global scope:
[3.104s] [01m[K/home/student/41068RS12025-Group18/src/41068_ignition_bringup/src/mission_node.cpp:296:5:[m[K [01;31m[Kerror: [m[Kexpected unqualified-id before â€˜[01m[Kelse[m[Kâ€™
[3.104s]   296 |     [01;31m[Kelse[m[K if (tokens[1] == "FETCH_RT") {
[3.104s]       |     [01;31m[K^~~~[m[K
[3.104s] [01m[K/home/student/41068RS12025-Group18/src/41068_ignition_bringup/src/mission_node.cpp:325:8:[m[K [01;31m[Kerror: [m[Kâ€˜[01m[KMissionPlannerNode[m[Kâ€™ has not been declared
[3.104s]   325 |   void [01;31m[KMissionPlannerNode[m[K::sendMissionToLowestDrone(const ScenarioData& scenario) {
[3.104s]       |        [01;31m[K^~~~~~~~~~~~~~~~~~[m[K
[3.105s] [01m[K/home/student/41068RS12025-Group18/src/41068_ignition_bringup/src/mission_node.cpp:325:59:[m[K [01;31m[Kerror: [m[Kâ€˜[01m[KScenarioData[m[Kâ€™ does not name a type
[3.105s]   325 |   void MissionPlannerNode::sendMissionToLowestDrone(const [01;31m[KScenarioData[m[K& scenario) {
[3.105s]       |                                                           [01;31m[K^~~~~~~~~~~~[m[K
[3.105s] [01m[K/home/student/41068RS12025-Group18/src/41068_ignition_bringup/src/mission_node.cpp:[m[K In function â€˜[01m[Kvoid sendMissionToLowestDrone(const int&)[m[Kâ€™:
[3.105s] [01m[K/home/student/41068RS12025-Group18/src/41068_ignition_bringup/src/mission_node.cpp:325:73:[m[K [01;35m[Kwarning: [m[Kunused parameter â€˜[01m[Kscenario[m[Kâ€™ [[01;35m[K]8;;https://gcc.gnu.org/onlinedocs/gcc/Warning-Options.html#index-Wunused-parameter-Wunused-parameter]8;;[m[K]
[3.105s]   325 |   void MissionPlannerNode::sendMissionToLowestDrone([01;35m[Kconst ScenarioData& scenario[m[K) {
[3.106s]       |                                                     [01;35m[K~~~~~~~~~~~~~~~~~~~~^~~~~~~~[m[K
[3.106s] [01m[K/home/student/41068RS12025-Group18/src/41068_ignition_bringup/src/mission_node.cpp:[m[K At global scope:
[3.106s] [01m[K/home/student/41068RS12025-Group18/src/41068_ignition_bringup/src/mission_node.cpp:328:8:[m[K [01;31m[Kerror: [m[Kâ€˜[01m[KMissionPlannerNode[m[Kâ€™ has not been declared
[3.106s]   328 |   bool [01;31m[KMissionPlannerNode[m[K::canStateTransitionTo(MissionState current_state, MissionState target_state) {
[3.106s]       |        [01;31m[K^~~~~~~~~~~~~~~~~~[m[K
[3.106s] [01m[K/home/student/41068RS12025-Group18/src/41068_ignition_bringup/src/mission_node.cpp:328:49:[m[K [01;31m[Kerror: [m[Kâ€˜[01m[KMissionState[m[Kâ€™ was not declared in this scope; did you mean â€˜[01m[Kdrone::MissionState[m[Kâ€™?
[3.106s]   328 |   bool MissionPlannerNode::canStateTransitionTo([01;31m[KMissionState[m[K current_state, MissionState target_state) {
[3.106s]       |                                                 [01;31m[K^~~~~~~~~~~~[m[K
[3.107s]       |                                                 [32m[Kdrone::MissionState[m[K
[3.107s] In file included from [01m[K/home/student/41068RS12025-Group18/src/41068_ignition_bringup/include/mission/state_machine.h:15[m[K,
[3.107s]                  from [01m[K/home/student/41068RS12025-Group18/src/41068_ignition_bringup/include/mission_node.h:38[m[K,
[3.107s]                  from [01m[K/home/student/41068RS12025-Group18/src/41068_ignition_bringup/src/mission_node.cpp:1[m[K:
[3.107s] [01m[K/home/student/41068RS12025-Group18/src/41068_ignition_bringup/include/mission_state.h:23:12:[m[K [01;36m[Knote: [m[Kâ€˜[01m[Kdrone::MissionState[m[Kâ€™ declared here
[3.107s]    23 | enum class [01;36m[KMissionState[m[K
[3.107s]       |            [01;36m[K^~~~~~~~~~~~[m[K
[3.107s] [01m[K/home/student/41068RS12025-Group18/src/41068_ignition_bringup/src/mission_node.cpp:328:77:[m[K [01;31m[Kerror: [m[Kâ€˜[01m[KMissionState[m[Kâ€™ was not declared in this scope; did you mean â€˜[01m[Kdrone::MissionState[m[Kâ€™?
[3.107s]   328 |   bool MissionPlannerNode::canStateTransitionTo(MissionState current_state, [01;31m[KMissionState[m[K target_state) {
[3.107s]       |                                                                             [01;31m[K^~~~~~~~~~~~[m[K
[3.107s]       |                                                                             [32m[Kdrone::MissionState[m[K
[3.107s] In file included from [01m[K/home/student/41068RS12025-Group18/src/41068_ignition_bringup/include/mission/state_machine.h:15[m[K,
[3.107s]                  from [01m[K/home/student/41068RS12025-Group18/src/41068_ignition_bringup/include/mission_node.h:38[m[K,
[3.108s]                  from [01m[K/home/student/41068RS12025-Group18/src/41068_ignition_bringup/src/mission_node.cpp:1[m[K:
[3.108s] [01m[K/home/student/41068RS12025-Group18/src/41068_ignition_bringup/include/mission_state.h:23:12:[m[K [01;36m[Knote: [m[Kâ€˜[01m[Kdrone::MissionState[m[Kâ€™ declared here
[3.108s]    23 | enum class [01;36m[KMissionState[m[K
[3.108s]       |            [01;36m[K^~~~~~~~~~~~[m[K
[3.108s] [01m[K/home/student/41068RS12025-Group18/src/41068_ignition_bringup/src/mission_node.cpp:328:102:[m[K [01;31m[Kerror: [m[Kexpression list treated as compound expression in initializer [[01;31m[K]8;;https://gcc.gnu.org/onlinedocs/gcc/Warning-Options.html#index-fpermissive-fpermissive]8;;[m[K]
[3.108s]   328 |   bool MissionPlannerNode::canStateTransitionTo(MissionState current_state, MissionState target_state[01;31m[K)[m[K {
[3.108s]       |                                                                                                      [01;31m[K^[m[K
[3.108s] [01m[K/home/student/41068RS12025-Group18/src/41068_ignition_bringup/src/mission_node.cpp:384:8:[m[K [01;31m[Kerror: [m[Kâ€˜[01m[KMissionPlannerNode[m[Kâ€™ has not been declared
[3.108s]   384 |   void [01;31m[KMissionPlannerNode[m[K::loadWaypointsFromParams() {
[3.108s]       |        [01;31m[K^~~~~~~~~~~~~~~~~~[m[K
[3.108s] In file included from [01m[K/opt/ros/humble/include/rclcpp/rclcpp/client.hpp:40[m[K,
[3.108s]                  from [01m[K/opt/ros/humble/include/rclcpp/rclcpp/callback_group.hpp:24[m[K,
[3.108s]                  from [01m[K/opt/ros/humble/include/rclcpp/rclcpp/any_executable.hpp:20[m[K,
[3.108s]                  from [01m[K/opt/ros/humble/include/rclcpp/rclcpp/memory_strategy.hpp:25[m[K,
[3.108s]                  from [01m[K/opt/ros/humble/include/rclcpp/rclcpp/memory_strategies.hpp:18[m[K,
[3.108s]                  from [01m[K/opt/ros/humble/include/rclcpp/rclcpp/executor_options.hpp:20[m[K,
[3.109s]                  from [01m[K/opt/ros/humble/include/rclcpp/rclcpp/executor.hpp:37[m[K,
[3.109s]                  from [01m[K/opt/ros/humble/include/rclcpp/rclcpp/executors/multi_threaded_executor.hpp:25[m[K,
[3.109s]                  from [01m[K/opt/ros/humble/include/rclcpp/rclcpp/executors.hpp:21[m[K,
[3.109s]                  from [01m[K/opt/ros/humble/include/rclcpp/rclcpp/rclcpp.hpp:155[m[K,
[3.109s]                  from [01m[K/home/student/41068RS12025-Group18/src/41068_ignition_bringup/include/mission_node.h:30[m[K,
[3.109s]                  from [01m[K/home/student/41068RS12025-Group18/src/41068_ignition_bringup/src/mission_node.cpp:1[m[K:
[3.109s] [01m[K/home/student/41068RS12025-Group18/src/41068_ignition_bringup/src/mission_node.cpp:[m[K In function â€˜[01m[Kvoid loadWaypointsFromParams()[m[Kâ€™:
[3.109s] [01m[K/home/student/41068RS12025-Group18/src/41068_ignition_bringup/src/mission_node.cpp:385:17:[m[K [01;31m[Kerror: [m[Kinvalid use of â€˜[01m[Kthis[m[Kâ€™ in non-member function
[3.109s]   385 |     RCLCPP_INFO([01;31m[Kthis[m[K->get_logger(), "Loading waypoints from flattened parameters for %s", drone_id_.c_str());
[3.109s]       |                 [01;31m[K^~~~[m[K
[3.109s] [01m[K/home/student/41068RS12025-Group18/src/41068_ignition_bringup/src/mission_node.cpp:385:17:[m[K [01;31m[Kerror: [m[Kinvalid use of â€˜[01m[Kthis[m[Kâ€™ in non-member function
[3.109s] [01m[K/home/student/41068RS12025-Group18/src/41068_ignition_bringup/src/mission_node.cpp:385:5:[m[K [01;31m[Kerror: [m[Ktemplate argument 1 is invalid
[3.110s]   385 |     [01;31m[KRCLCPP_INFO[m[K(this->get_logger(), "Loading waypoints from flattened parameters for %s", drone_id_.c_str());
[3.110s]       |     [01;31m[K^~~~~~~~~~~[m[K
[3.110s] In file included from [01m[K/opt/ros/humble/include/rclcpp/rclcpp/logging.hpp:24[m[K,
[3.110s]                  from [01m[K/opt/ros/humble/include/rclcpp/rclcpp/client.hpp:40[m[K,
[3.110s]                  from [01m[K/opt/ros/humble/include/rclcpp/rclcpp/callback_group.hpp:24[m[K,
[3.110s]                  from [01m[K/opt/ros/humble/include/rclcpp/rclcpp/any_executable.hpp:20[m[K,
[3.110s]                  from [01m[K/opt/ros/humble/include/rclcpp/rclcpp/memory_strategy.hpp:25[m[K,
[3.110s]                  from [01m[K/opt/ros/humble/include/rclcpp/rclcpp/memory_strategies.hpp:18[m[K,
[3.110s]                  from [01m[K/opt/ros/humble/include/rclcpp/rclcpp/executor_options.hpp:20[m[K,
[3.110s]                  from [01m[K/opt/ros/humble/include/rclcpp/rclcpp/executor.hpp:37[m[K,
[3.110s]                  from [01m[K/opt/ros/humble/include/rclcpp/rclcpp/executors/multi_threaded_executor.hpp:25[m[K,
[3.111s]                  from [01m[K/opt/ros/humble/include/rclcpp/rclcpp/executors.hpp:21[m[K,
[3.111s]                  from [01m[K/opt/ros/humble/include/rclcpp/rclcpp/rclcpp.hpp:155[m[K,
[3.111s]                  from [01m[K/home/student/41068RS12025-Group18/src/41068_ignition_bringup/include/mission_node.h:30[m[K,
[3.111s]                  from [01m[K/home/student/41068RS12025-Group18/src/41068_ignition_bringup/src/mission_node.cpp:1[m[K:
[3.111s] [01m[K/home/student/41068RS12025-Group18/src/41068_ignition_bringup/src/mission_node.cpp:385:17:[m[K [01;31m[Kerror: [m[Kinvalid use of â€˜[01m[Kthis[m[Kâ€™ in non-member function
[3.111s]   385 |     RCLCPP_INFO([01;31m[Kthis[m[K->get_logger(), "Loading waypoints from flattened parameters for %s", drone_id_.c_str());
[3.112s]       |                 [01;31m[K^~~~[m[K
[3.112s] [01m[K/home/student/41068RS12025-Group18/src/41068_ignition_bringup/src/mission_node.cpp:385:17:[m[K [01;31m[Kerror: [m[Kinvalid use of â€˜[01m[Kthis[m[Kâ€™ in non-member function
[3.112s]   385 |     RCLCPP_INFO([01;31m[Kthis[m[K->get_logger(), "Loading waypoints from flattened parameters for %s", drone_id_.c_str());
[3.112s]       |                 [01;31m[K^~~~[m[K
[3.112s] [01m[K/home/student/41068RS12025-Group18/src/41068_ignition_bringup/src/mission_node.cpp:385:91:[m[K [01;31m[Kerror: [m[Kâ€˜[01m[Kdrone_id_[m[Kâ€™ was not declared in this scope
[3.112s]   385 |     RCLCPP_INFO(this->get_logger(), "Loading waypoints from flattened parameters for %s", [01;31m[Kdrone_id_[m[K.c_str());
[3.112s]       |                                                                                           [01;31m[K^~~~~~~~~[m[K
[3.112s] [01m[K/home/student/41068RS12025-Group18/src/41068_ignition_bringup/src/mission_node.cpp:389:13:[m[K [01;31m[Kerror: [m[Kinvalid use of â€˜[01m[Kthis[m[Kâ€™ in non-member function
[3.112s]   389 |         if ([01;31m[Kthis[m[K->has_parameter("mission_name")) {
[3.112s]       |             [01;31m[K^~~~[m[K
[3.112s] [01m[K/home/student/41068RS12025-Group18/src/41068_ignition_bringup/src/mission_node.cpp:390:40:[m[K [01;31m[Kerror: [m[Kinvalid use of â€˜[01m[Kthis[m[Kâ€™ in non-member function
[3.112s]   390 |             std::string mission_name = [01;31m[Kthis[m[K->get_parameter("mission_name").as_string();
[3.112s]       |                                        [01;31m[K^~~~[m[K
[3.112s] In file included from [01m[K/opt/ros/humble/include/rclcpp/rclcpp/client.hpp:40[m[K,
[3.113s]                  from [01m[K/opt/ros/humble/include/rclcpp/rclcpp/callback_group.hpp:24[m[K,
[3.113s]                  from [01m[K/opt/ros/humble/include/rclcpp/rclcpp/any_executable.hpp:20[m[K,
[3.113s]                  from [01m[K/opt/ros/humble/include/rclcpp/rclcpp/memory_strategy.hpp:25[m[K,
[3.113s]                  from [01m[K/opt/ros/humble/include/rclcpp/rclcpp/memory_strategies.hpp:18[m[K,
[3.113s]                  from [01m[K/opt/ros/humble/include/rclcpp/rclcpp/executor_options.hpp:20[m[K,
[3.113s]                  from [01m[K/opt/ros/humble/include/rclcpp/rclcpp/executor.hpp:37[m[K,
[3.113s]                  from [01m[K/opt/ros/humble/include/rclcpp/rclcpp/executors/multi_threaded_executor.hpp:25[m[K,
[3.113s]                  from [01m[K/opt/ros/humble/include/rclcpp/rclcpp/executors.hpp:21[m[K,
[3.113s]                  from [01m[K/opt/ros/humble/include/rclcpp/rclcpp/rclcpp.hpp:155[m[K,
[3.113s]                  from [01m[K/home/student/41068RS12025-Group18/src/41068_ignition_bringup/include/mission_node.h:30[m[K,
[3.113s]                  from [01m[K/home/student/41068RS12025-Group18/src/41068_ignition_bringup/src/mission_node.cpp:1[m[K:
[3.113s] [01m[K/home/student/41068RS12025-Group18/src/41068_ignition_bringup/src/mission_node.cpp:391:25:[m[K [01;31m[Kerror: [m[Kinvalid use of â€˜[01m[Kthis[m[Kâ€™ in non-member function
[3.113s]   391 |             RCLCPP_INFO([01;31m[Kthis[m[K->get_logger(), "Mission: %s", mission_name.c_str());
[3.113s]       |                         [01;31m[K^~~~[m[K
[3.113s] [01m[K/home/student/41068RS12025-Group18/src/41068_ignition_bringup/src/mission_node.cpp:391:25:[m[K [01;31m[Kerror: [m[Kinvalid use of â€˜[01m[Kthis[m[Kâ€™ in non-member function
[3.113s] [01m[K/home/student/41068RS12025-Group18/src/41068_ignition_bringup/src/mission_node.cpp:391:13:[m[K [01;31m[Kerror: [m[Ktemplate argument 1 is invalid
[3.114s]   391 |             [01;31m[KRCLCPP_INFO[m[K(this->get_logger(), "Mission: %s", mission_name.c_str());
[3.114s]       |             [01;31m[K^~~~~~~~~~~[m[K
[3.114s] In file included from [01m[K/opt/ros/humble/include/rclcpp/rclcpp/logging.hpp:24[m[K,
[3.114s]                  from [01m[K/opt/ros/humble/include/rclcpp/rclcpp/client.hpp:40[m[K,
[3.114s]                  from [01m[K/opt/ros/humble/include/rclcpp/rclcpp/callback_group.hpp:24[m[K,
[3.114s]                  from [01m[K/opt/ros/humble/include/rclcpp/rclcpp/any_executable.hpp:20[m[K,
[3.114s]                  from [01m[K/opt/ros/humble/include/rclcpp/rclcpp/memory_strategy.hpp:25[m[K,
[3.114s]                  from [01m[K/opt/ros/humble/include/rclcpp/rclcpp/memory_strategies.hpp:18[m[K,
[3.114s]                  from [01m[K/opt/ros/humble/include/rclcpp/rclcpp/executor_options.hpp:20[m[K,
[3.114s]                  from [01m[K/opt/ros/humble/include/rclcpp/rclcpp/executor.hpp:37[m[K,
[3.114s]                  from [01m[K/opt/ros/humble/include/rclcpp/rclcpp/executors/multi_threaded_executor.hpp:25[m[K,
[3.114s]                  from [01m[K/opt/ros/humble/include/rclcpp/rclcpp/executors.hpp:21[m[K,
[3.114s]                  from [01m[K/opt/ros/humble/include/rclcpp/rclcpp/rclcpp.hpp:155[m[K,
[3.114s]                  from [01m[K/home/student/41068RS12025-Group18/src/41068_ignition_bringup/include/mission_node.h:30[m[K,
[3.114s]                  from [01m[K/home/student/41068RS12025-Group18/src/41068_ignition_bringup/src/mission_node.cpp:1[m[K:
[3.114s] [01m[K/home/student/41068RS12025-Group18/src/41068_ignition_bringup/src/mission_node.cpp:391:25:[m[K [01;31m[Kerror: [m[Kinvalid use of â€˜[01m[Kthis[m[Kâ€™ in non-member function
[3.115s]   391 |             RCLCPP_INFO([01;31m[Kthis[m[K->get_logger(), "Mission: %s", mission_name.c_str());
[3.115s]       |                         [01;31m[K^~~~[m[K
[3.115s] [01m[K/home/student/41068RS12025-Group18/src/41068_ignition_bringup/src/mission_node.cpp:391:25:[m[K [01;31m[Kerror: [m[Kinvalid use of â€˜[01m[Kthis[m[Kâ€™ in non-member function
[3.115s]   391 |             RCLCPP_INFO([01;31m[Kthis[m[K->get_logger(), "Mission: %s", mission_name.c_str());
[3.115s]       |                         [01;31m[K^~~~[m[K
[3.115s] [01m[K/home/student/41068RS12025-Group18/src/41068_ignition_bringup/src/mission_node.cpp:401:18:[m[K [01;31m[Kerror: [m[Kinvalid use of â€˜[01m[Kthis[m[Kâ€™ in non-member function
[3.115s]   401 |             if (![01;31m[Kthis[m[K->has_parameter(x_key)) {
[3.115s]       |                  [01;31m[K^~~~[m[K
[3.115s] [01m[K/home/student/41068RS12025-Group18/src/41068_ignition_bringup/src/mission_node.cpp:411:37:[m[K [01;31m[Kerror: [m[Kinvalid use of â€˜[01m[Kthis[m[Kâ€™ in non-member function
[3.115s]   411 |             waypoint.header.stamp = [01;31m[Kthis[m[K->get_clock()->now();
[3.115s]       |                                     [01;31m[K^~~~[m[K
[3.115s] [01m[K/home/student/41068RS12025-Group18/src/41068_ignition_bringup/src/mission_node.cpp:412:40:[m[K [01;31m[Kerror: [m[Kinvalid use of â€˜[01m[Kthis[m[Kâ€™ in non-member function
[3.115s]   412 |             waypoint.pose.position.x = [01;31m[Kthis[m[K->get_parameter(x_key).as_double();
[3.115s]       |                                        [01;31m[K^~~~[m[K
[3.115s] [01m[K/home/student/41068RS12025-Group18/src/41068_ignition_bringup/src/mission_node.cpp:413:40:[m[K [01;31m[Kerror: [m[Kinvalid use of â€˜[01m[Kthis[m[Kâ€™ in non-member function
[3.116s]   413 |             waypoint.pose.position.y = [01;31m[Kthis[m[K->get_parameter(y_key).as_double();
[3.116s]       |                                        [01;31m[K^~~~[m[K
[3.116s] [01m[K/home/student/41068RS12025-Group18/src/41068_ignition_bringup/src/mission_node.cpp:414:40:[m[K [01;31m[Kerror: [m[Kinvalid use of â€˜[01m[Kthis[m[Kâ€™ in non-member function
[3.116s]   414 |             waypoint.pose.position.z = [01;31m[Kthis[m[K->get_parameter(z_key).as_double();
[3.116s]       |                                        [01;31m[K^~~~[m[K
[3.116s] [01m[K/home/student/41068RS12025-Group18/src/41068_ignition_bringup/src/mission_node.cpp:418:17:[m[K [01;31m[Kerror: [m[Kinvalid use of â€˜[01m[Kthis[m[Kâ€™ in non-member function
[3.116s]   418 |             if ([01;31m[Kthis[m[K->has_parameter(dwell_time_key)) {
[3.116s]       |                 [01;31m[K^~~~[m[K
[3.116s] [01m[K/home/student/41068RS12025-Group18/src/41068_ignition_bringup/src/mission_node.cpp:419:37:[m[K [01;31m[Kerror: [m[Kinvalid use of â€˜[01m[Kthis[m[Kâ€™ in non-member function
[3.116s]   419 |                 double dwell_time = [01;31m[Kthis[m[K->get_parameter(dwell_time_key).as_double();
[3.116s]       |                                     [01;31m[K^~~~[m[K
[3.116s] In file included from [01m[K/opt/ros/humble/include/rclcpp/rclcpp/client.hpp:40[m[K,
[3.117s]                  from [01m[K/opt/ros/humble/include/rclcpp/rclcpp/callback_group.hpp:24[m[K,
[3.117s]                  from [01m[K/opt/ros/humble/include/rclcpp/rclcpp/any_executable.hpp:20[m[K,
[3.117s]                  from [01m[K/opt/ros/humble/include/rclcpp/rclcpp/memory_strategy.hpp:25[m[K,
[3.117s]                  from [01m[K/opt/ros/humble/include/rclcpp/rclcpp/memory_strategies.hpp:18[m[K,
[3.117s]                  from [01m[K/opt/ros/humble/include/rclcpp/rclcpp/executor_options.hpp:20[m[K,
[3.117s]                  from [01m[K/opt/ros/humble/include/rclcpp/rclcpp/executor.hpp:37[m[K,
[3.117s]                  from [01m[K/opt/ros/humble/include/rclcpp/rclcpp/executors/multi_threaded_executor.hpp:25[m[K,
[3.117s]                  from [01m[K/opt/ros/humble/include/rclcpp/rclcpp/executors.hpp:21[m[K,
[3.117s]                  from [01m[K/opt/ros/humble/include/rclcpp/rclcpp/rclcpp.hpp:155[m[K,
[3.117s]                  from [01m[K/home/student/41068RS12025-Group18/src/41068_ignition_bringup/include/mission_node.h:30[m[K,
[3.117s]                  from [01m[K/home/student/41068RS12025-Group18/src/41068_ignition_bringup/src/mission_node.cpp:1[m[K:
[3.117s] [01m[K/home/student/41068RS12025-Group18/src/41068_ignition_bringup/src/mission_node.cpp:420:30:[m[K [01;31m[Kerror: [m[Kinvalid use of â€˜[01m[Kthis[m[Kâ€™ in non-member function
[3.117s]   420 |                 RCLCPP_DEBUG([01;31m[Kthis[m[K->get_logger(), "Waypoint %d dwell time: %.2f", i, dwell_time);
[3.118s]       |                              [01;31m[K^~~~[m[K
[3.118s] [01m[K/home/student/41068RS12025-Group18/src/41068_ignition_bringup/src/mission_node.cpp:420:30:[m[K [01;31m[Kerror: [m[Kinvalid use of â€˜[01m[Kthis[m[Kâ€™ in non-member function
[3.118s] [01m[K/home/student/41068RS12025-Group18/src/41068_ignition_bringup/src/mission_node.cpp:420:17:[m[K [01;31m[Kerror: [m[Ktemplate argument 1 is invalid
[3.118s]   420 |                 [01;31m[KRCLCPP_DEBUG[m[K(this->get_logger(), "Waypoint %d dwell time: %.2f", i, dwell_time);
[3.118s]       |                 [01;31m[K^~~~~~~~~~~~[m[K
[3.118s] In file included from [01m[K/opt/ros/humble/include/rclcpp/rclcpp/logging.hpp:24[m[K,
[3.118s]                  from [01m[K/opt/ros/humble/include/rclcpp/rclcpp/client.hpp:40[m[K,
[3.118s]                  from [01m[K/opt/ros/humble/include/rclcpp/rclcpp/callback_group.hpp:24[m[K,
[3.118s]                  from [01m[K/opt/ros/humble/include/rclcpp/rclcpp/any_executable.hpp:20[m[K,
[3.118s]                  from [01m[K/opt/ros/humble/include/rclcpp/rclcpp/memory_strategy.hpp:25[m[K,
[3.118s]                  from [01m[K/opt/ros/humble/include/rclcpp/rclcpp/memory_strategies.hpp:18[m[K,
[3.118s]                  from [01m[K/opt/ros/humble/include/rclcpp/rclcpp/executor_options.hpp:20[m[K,
[3.118s]                  from [01m[K/opt/ros/humble/include/rclcpp/rclcpp/executor.hpp:37[m[K,
[3.118s]                  from [01m[K/opt/ros/humble/include/rclcpp/rclcpp/executors/multi_threaded_executor.hpp:25[m[K,
[3.118s]                  from [01m[K/opt/ros/humble/include/rclcpp/rclcpp/executors.hpp:21[m[K,
[3.118s]                  from [01m[K/opt/ros/humble/include/rclcpp/rclcpp/rclcpp.hpp:155[m[K,
[3.118s]                  from [01m[K/home/student/41068RS12025-Group18/src/41068_ignition_bringup/include/mission_node.h:30[m[K,
[3.119s]                  from [01m[K/home/student/41068RS12025-Group18/src/41068_ignition_bringup/src/mission_node.cpp:1[m[K:
[3.119s] [01m[K/home/student/41068RS12025-Group18/src/41068_ignition_bringup/src/mission_node.cpp:420:30:[m[K [01;31m[Kerror: [m[Kinvalid use of â€˜[01m[Kthis[m[Kâ€™ in non-member function
[3.119s]   420 |                 RCLCPP_DEBUG([01;31m[Kthis[m[K->get_logger(), "Waypoint %d dwell time: %.2f", i, dwell_time);
[3.119s]       |                              [01;31m[K^~~~[m[K
[3.119s] [01m[K/home/student/41068RS12025-Group18/src/41068_ignition_bringup/src/mission_node.cpp:420:30:[m[K [01;31m[Kerror: [m[Kinvalid use of â€˜[01m[Kthis[m[Kâ€™ in non-member function
[3.119s]   420 |                 RCLCPP_DEBUG([01;31m[Kthis[m[K->get_logger(), "Waypoint %d dwell time: %.2f", i, dwell_time);
[3.119s]       |                              [01;31m[K^~~~[m[K
[3.119s] In file included from [01m[K/opt/ros/humble/include/rclcpp/rclcpp/client.hpp:40[m[K,
[3.119s]                  from [01m[K/opt/ros/humble/include/rclcpp/rclcpp/callback_group.hpp:24[m[K,
[3.119s]                  from [01m[K/opt/ros/humble/include/rclcpp/rclcpp/any_executable.hpp:20[m[K,
[3.119s]                  from [01m[K/opt/ros/humble/include/rclcpp/rclcpp/memory_strategy.hpp:25[m[K,
[3.119s]                  from [01m[K/opt/ros/humble/include/rclcpp/rclcpp/memory_strategies.hpp:18[m[K,
[3.119s]                  from [01m[K/opt/ros/humble/include/rclcpp/rclcpp/executor_options.hpp:20[m[K,
[3.119s]                  from [01m[K/opt/ros/humble/include/rclcpp/rclcpp/executor.hpp:37[m[K,
[3.119s]                  from [01m[K/opt/ros/humble/include/rclcpp/rclcpp/executors/multi_threaded_executor.hpp:25[m[K,
[3.119s]                  from [01m[K/opt/ros/humble/include/rclcpp/rclcpp/executors.hpp:21[m[K,
[3.120s]                  from [01m[K/opt/ros/humble/include/rclcpp/rclcpp/rclcpp.hpp:155[m[K,
[3.120s]                  from [01m[K/home/student/41068RS12025-Group18/src/41068_ignition_bringup/include/mission_node.h:30[m[K,
[3.120s]                  from [01m[K/home/student/41068RS12025-Group18/src/41068_ignition_bringup/src/mission_node.cpp:1[m[K:
[3.120s] [01m[K/home/student/41068RS12025-Group18/src/41068_ignition_bringup/src/mission_node.cpp:425:25:[m[K [01;31m[Kerror: [m[Kinvalid use of â€˜[01m[Kthis[m[Kâ€™ in non-member function
[3.120s]   425 |             RCLCPP_INFO([01;31m[Kthis[m[K->get_logger(), "Loaded waypoint %d: [%.2f, %.2f, %.2f]",
[3.120s]       |                         [01;31m[K^~~~[m[K
[3.120s] [01m[K/home/student/41068RS12025-Group18/src/41068_ignition_bringup/src/mission_node.cpp:425:25:[m[K [01;31m[Kerror: [m[Kinvalid use of â€˜[01m[Kthis[m[Kâ€™ in non-member function
[3.120s] [01m[K/home/student/41068RS12025-Group18/src/41068_ignition_bringup/src/mission_node.cpp:425:13:[m[K [01;31m[Kerror: [m[Ktemplate argument 1 is invalid
[3.120s]   425 |             [01;31m[KRCLCPP_INFO[m[K(this->get_logger(), "Loaded waypoint %d: [%.2f, %.2f, %.2f]",
[3.120s]       |             [01;31m[K^~~~~~~~~~~[m[K
[3.120s] In file included from [01m[K/opt/ros/humble/include/rclcpp/rclcpp/logging.hpp:24[m[K,
[3.120s]                  from [01m[K/opt/ros/humble/include/rclcpp/rclcpp/client.hpp:40[m[K,
[3.121s]                  from [01m[K/opt/ros/humble/include/rclcpp/rclcpp/callback_group.hpp:24[m[K,
[3.121s]                  from [01m[K/opt/ros/humble/include/rclcpp/rclcpp/any_executable.hpp:20[m[K,
[3.121s]                  from [01m[K/opt/ros/humble/include/rclcpp/rclcpp/memory_strategy.hpp:25[m[K,
[3.121s]                  from [01m[K/opt/ros/humble/include/rclcpp/rclcpp/memory_strategies.hpp:18[m[K,
[3.121s]                  from [01m[K/opt/ros/humble/include/rclcpp/rclcpp/executor_options.hpp:20[m[K,
[3.121s]                  from [01m[K/opt/ros/humble/include/rclcpp/rclcpp/executor.hpp:37[m[K,
[3.121s]                  from [01m[K/opt/ros/humble/include/rclcpp/rclcpp/executors/multi_threaded_executor.hpp:25[m[K,
[3.121s]                  from [01m[K/opt/ros/humble/include/rclcpp/rclcpp/executors.hpp:21[m[K,
[3.121s]                  from [01m[K/opt/ros/humble/include/rclcpp/rclcpp/rclcpp.hpp:155[m[K,
[3.121s]                  from [01m[K/home/student/41068RS12025-Group18/src/41068_ignition_bringup/include/mission_node.h:30[m[K,
[3.121s]                  from [01m[K/home/student/41068RS12025-Group18/src/41068_ignition_bringup/src/mission_node.cpp:1[m[K:
[3.121s] [01m[K/home/student/41068RS12025-Group18/src/41068_ignition_bringup/src/mission_node.cpp:425:25:[m[K [01;31m[Kerror: [m[Kinvalid use of â€˜[01m[Kthis[m[Kâ€™ in non-member function
[3.121s]   425 |             RCLCPP_INFO([01;31m[Kthis[m[K->get_logger(), "Loaded waypoint %d: [%.2f, %.2f, %.2f]",
[3.121s]       |                         [01;31m[K^~~~[m[K
[3.121s] [01m[K/home/student/41068RS12025-Group18/src/41068_ignition_bringup/src/mission_node.cpp:425:25:[m[K [01;31m[Kerror: [m[Kinvalid use of â€˜[01m[Kthis[m[Kâ€™ in non-member function
[3.121s]   425 |             RCLCPP_INFO([01;31m[Kthis[m[K->get_logger(), "Loaded waypoint %d: [%.2f, %.2f, %.2f]",
[3.121s]       |                         [01;31m[K^~~~[m[K
[3.122s] [01m[K/home/student/41068RS12025-Group18/src/41068_ignition_bringup/src/mission_node.cpp:431:13:[m[K [01;31m[Kerror: [m[Kâ€˜[01m[Kpath_planner_[m[Kâ€™ was not declared in this scope
[3.122s]   431 |             [01;31m[Kpath_planner_[m[K->setWaypoints(waypoints);
[3.122s]       |             [01;31m[K^~~~~~~~~~~~~[m[K
[3.122s] In file included from [01m[K/opt/ros/humble/include/rclcpp/rclcpp/client.hpp:40[m[K,
[3.122s]                  from [01m[K/opt/ros/humble/include/rclcpp/rclcpp/callback_group.hpp:24[m[K,
[3.122s]                  from [01m[K/opt/ros/humble/include/rclcpp/rclcpp/any_executable.hpp:20[m[K,
[3.122s]                  from [01m[K/opt/ros/humble/include/rclcpp/rclcpp/memory_strategy.hpp:25[m[K,
[3.122s]                  from [01m[K/opt/ros/humble/include/rclcpp/rclcpp/memory_strategies.hpp:18[m[K,
[3.122s]                  from [01m[K/opt/ros/humble/include/rclcpp/rclcpp/executor_options.hpp:20[m[K,
[3.122s]                  from [01m[K/opt/ros/humble/include/rclcpp/rclcpp/executor.hpp:37[m[K,
[3.122s]                  from [01m[K/opt/ros/humble/include/rclcpp/rclcpp/executors/multi_threaded_executor.hpp:25[m[K,
[3.122s]                  from [01m[K/opt/ros/humble/include/rclcpp/rclcpp/executors.hpp:21[m[K,
[3.122s]                  from [01m[K/opt/ros/humble/include/rclcpp/rclcpp/rclcpp.hpp:155[m[K,
[3.122s]                  from [01m[K/home/student/41068RS12025-Group18/src/41068_ignition_bringup/include/mission_node.h:30[m[K,
[3.122s]                  from [01m[K/home/student/41068RS12025-Group18/src/41068_ignition_bringup/src/mission_node.cpp:1[m[K:
[3.122s] [01m[K/home/student/41068RS12025-Group18/src/41068_ignition_bringup/src/mission_node.cpp:432:25:[m[K [01;31m[Kerror: [m[Kinvalid use of â€˜[01m[Kthis[m[Kâ€™ in non-member function
[3.123s]   432 |             RCLCPP_INFO([01;31m[Kthis[m[K->get_logger(), "Loaded %zu waypoints from parameters for %s", waypoints.size(), drone_id_.c_str());
[3.123s]       |                         [01;31m[K^~~~[m[K
[3.123s] [01m[K/home/student/41068RS12025-Group18/src/41068_ignition_bringup/src/mission_node.cpp:432:25:[m[K [01;31m[Kerror: [m[Kinvalid use of â€˜[01m[Kthis[m[Kâ€™ in non-member function
[3.123s] [01m[K/home/student/41068RS12025-Group18/src/41068_ignition_bringup/src/mission_node.cpp:432:13:[m[K [01;31m[Kerror: [m[Ktemplate argument 1 is invalid
[3.123s]   432 |             [01;31m[KRCLCPP_INFO[m[K(this->get_logger(), "Loaded %zu waypoints from parameters for %s", waypoints.size(), drone_id_.c_str());
[3.123s]       |             [01;31m[K^~~~~~~~~~~[m[K
[3.123s] In file included from [01m[K/opt/ros/humble/include/rclcpp/rclcpp/logging.hpp:24[m[K,
[3.123s]                  from [01m[K/opt/ros/humble/include/rclcpp/rclcpp/client.hpp:40[m[K,
[3.123s]                  from [01m[K/opt/ros/humble/include/rclcpp/rclcpp/callback_group.hpp:24[m[K,
[3.123s]                  from [01m[K/opt/ros/humble/include/rclcpp/rclcpp/any_executable.hpp:20[m[K,
[3.123s]                  from [01m[K/opt/ros/humble/include/rclcpp/rclcpp/memory_strategy.hpp:25[m[K,
[3.123s]                  from [01m[K/opt/ros/humble/include/rclcpp/rclcpp/memory_strategies.hpp:18[m[K,
[3.123s]                  from [01m[K/opt/ros/humble/include/rclcpp/rclcpp/executor_options.hpp:20[m[K,
[3.123s]                  from [01m[K/opt/ros/humble/include/rclcpp/rclcpp/executor.hpp:37[m[K,
[3.123s]                  from [01m[K/opt/ros/humble/include/rclcpp/rclcpp/executors/multi_threaded_executor.hpp:25[m[K,
[3.123s]                  from [01m[K/opt/ros/humble/include/rclcpp/rclcpp/executors.hpp:21[m[K,
[3.124s]                  from [01m[K/opt/ros/humble/include/rclcpp/rclcpp/rclcpp.hpp:155[m[K,
[3.124s]                  from [01m[K/home/student/41068RS12025-Group18/src/41068_ignition_bringup/include/mission_node.h:30[m[K,
[3.124s]                  from [01m[K/home/student/41068RS12025-Group18/src/41068_ignition_bringup/src/mission_node.cpp:1[m[K:
[3.124s] [01m[K/home/student/41068RS12025-Group18/src/41068_ignition_bringup/src/mission_node.cpp:432:25:[m[K [01;31m[Kerror: [m[Kinvalid use of â€˜[01m[Kthis[m[Kâ€™ in non-member function
[3.124s]   432 |             RCLCPP_INFO([01;31m[Kthis[m[K->get_logger(), "Loaded %zu waypoints from parameters for %s", waypoints.size(), drone_id_.c_str());
[3.124s]       |                         [01;31m[K^~~~[m[K
[3.124s] [01m[K/home/student/41068RS12025-Group18/src/41068_ignition_bringup/src/mission_node.cpp:432:25:[m[K [01;31m[Kerror: [m[Kinvalid use of â€˜[01m[Kthis[m[Kâ€™ in non-member function
[3.124s]   432 |             RCLCPP_INFO([01;31m[Kthis[m[K->get_logger(), "Loaded %zu waypoints from parameters for %s", waypoints.size(), drone_id_.c_str());
[3.124s]       |                         [01;31m[K^~~~[m[K
[3.124s] [01m[K/home/student/41068RS12025-Group18/src/41068_ignition_bringup/src/mission_node.cpp:432:110:[m[K [01;31m[Kerror: [m[Kâ€˜[01m[Kdrone_id_[m[Kâ€™ was not declared in this scope
[3.124s]   432 |             RCLCPP_INFO(this->get_logger(), "Loaded %zu waypoints from parameters for %s", waypoints.size(), [01;31m[Kdrone_id_[m[K.c_str());
[3.124s]       |                                                                                                              [01;31m[K^~~~~~~~~[m[K
[3.125s] [01m[K/home/student/41068RS12025-Group18/src/41068_ignition_bringup/src/mission_node.cpp:435:13:[m[K [01;31m[Kerror: [m[Kâ€˜[01m[KloadMissionParams[m[Kâ€™ was not declared in this scope
[3.125s]   435 |             [01;31m[KloadMissionParams[m[K();
[3.126s]       |             [01;31m[K^~~~~~~~~~~~~~~~~[m[K
[3.126s] In file included from [01m[K/opt/ros/humble/include/rclcpp/rclcpp/client.hpp:40[m[K,
[3.126s]                  from [01m[K/opt/ros/humble/include/rclcpp/rclcpp/callback_group.hpp:24[m[K,
[3.126s]                  from [01m[K/opt/ros/humble/include/rclcpp/rclcpp/any_executable.hpp:20[m[K,
[3.126s]                  from [01m[K/opt/ros/humble/include/rclcpp/rclcpp/memory_strategy.hpp:25[m[K,
[3.126s]                  from [01m[K/opt/ros/humble/include/rclcpp/rclcpp/memory_strategies.hpp:18[m[K,
[3.126s]                  from [01m[K/opt/ros/humble/include/rclcpp/rclcpp/executor_options.hpp:20[m[K,
[3.126s]                  from [01m[K/opt/ros/humble/include/rclcpp/rclcpp/executor.hpp:37[m[K,
[3.126s]                  from [01m[K/opt/ros/humble/include/rclcpp/rclcpp/executors/multi_threaded_executor.hpp:25[m[K,
[3.126s]                  from [01m[K/opt/ros/humble/include/rclcpp/rclcpp/executors.hpp:21[m[K,
[3.126s]                  from [01m[K/opt/ros/humble/include/rclcpp/rclcpp/rclcpp.hpp:155[m[K,
[3.126s]                  from [01m[K/home/student/41068RS12025-Group18/src/41068_ignition_bringup/include/mission_node.h:30[m[K,
[3.126s]                  from [01m[K/home/student/41068RS12025-Group18/src/41068_ignition_bringup/src/mission_node.cpp:1[m[K:
[3.126s] [01m[K/home/student/41068RS12025-Group18/src/41068_ignition_bringup/src/mission_node.cpp:437:25:[m[K [01;31m[Kerror: [m[Kinvalid use of â€˜[01m[Kthis[m[Kâ€™ in non-member function
[3.126s]   437 |             RCLCPP_WARN([01;31m[Kthis[m[K->get_logger(), "No waypoints found in parameters for %s - using fallback", drone_id_.c_str());
[3.126s]       |                         [01;31m[K^~~~[m[K
[3.127s] [01m[K/home/student/41068RS12025-Group18/src/41068_ignition_bringup/src/mission_node.cpp:437:25:[m[K [01;31m[Kerror: [m[Kinvalid use of â€˜[01m[Kthis[m[Kâ€™ in non-member function
[3.127s] [01m[K/home/student/41068RS12025-Group18/src/41068_ignition_bringup/src/mission_node.cpp:437:13:[m[K [01;31m[Kerror: [m[Ktemplate argument 1 is invalid
[3.127s]   437 |             [01;31m[KRCLCPP_WARN[m[K(this->get_logger(), "No waypoints found in parameters for %s - using fallback", drone_id_.c_str());
[3.127s]       |             [01;31m[K^~~~~~~~~~~[m[K
[3.127s] In file included from [01m[K/opt/ros/humble/include/rclcpp/rclcpp/logging.hpp:24[m[K,
[3.127s]                  from [01m[K/opt/ros/humble/include/rclcpp/rclcpp/client.hpp:40[m[K,
[3.127s]                  from [01m[K/opt/ros/humble/include/rclcpp/rclcpp/callback_group.hpp:24[m[K,
[3.127s]                  from [01m[K/opt/ros/humble/include/rclcpp/rclcpp/any_executable.hpp:20[m[K,
[3.127s]                  from [01m[K/opt/ros/humble/include/rclcpp/rclcpp/memory_strategy.hpp:25[m[K,
[3.127s]                  from [01m[K/opt/ros/humble/include/rclcpp/rclcpp/memory_strategies.hpp:18[m[K,
[3.127s]                  from [01m[K/opt/ros/humble/include/rclcpp/rclcpp/executor_options.hpp:20[m[K,
[3.127s]                  from [01m[K/opt/ros/humble/include/rclcpp/rclcpp/executor.hpp:37[m[K,
[3.127s]                  from [01m[K/opt/ros/humble/include/rclcpp/rclcpp/executors/multi_threaded_executor.hpp:25[m[K,
[3.127s]                  from [01m[K/opt/ros/humble/include/rclcpp/rclcpp/executors.hpp:21[m[K,
[3.127s]                  from [01m[K/opt/ros/humble/include/rclcpp/rclcpp/rclcpp.hpp:155[m[K,
[3.127s]                  from [01m[K/home/student/41068RS12025-Group18/src/41068_ignition_bringup/include/mission_node.h:30[m[K,
[3.128s]                  from [01m[K/home/student/41068RS12025-Group18/src/41068_ignition_bringup/src/mission_node.cpp:1[m[K:
[3.128s] [01m[K/home/student/41068RS12025-Group18/src/41068_ignition_bringup/src/mission_node.cpp:437:25:[m[K [01;31m[Kerror: [m[Kinvalid use of â€˜[01m[Kthis[m[Kâ€™ in non-member function
[3.128s]   437 |             RCLCPP_WARN([01;31m[Kthis[m[K->get_logger(), "No waypoints found in parameters for %s - using fallback", drone_id_.c_str());
[3.128s]       |                         [01;31m[K^~~~[m[K
[3.128s] [01m[K/home/student/41068RS12025-Group18/src/41068_ignition_bringup/src/mission_node.cpp:437:25:[m[K [01;31m[Kerror: [m[Kinvalid use of â€˜[01m[Kthis[m[Kâ€™ in non-member function
[3.128s]   437 |             RCLCPP_WARN([01;31m[Kthis[m[K->get_logger(), "No waypoints found in parameters for %s - using fallback", drone_id_.c_str());
[3.128s]       |                         [01;31m[K^~~~[m[K
[3.129s] [01m[K/home/student/41068RS12025-Group18/src/41068_ignition_bringup/src/mission_node.cpp:437:105:[m[K [01;31m[Kerror: [m[Kâ€˜[01m[Kdrone_id_[m[Kâ€™ was not declared in this scope
[3.129s]   437 |             RCLCPP_WARN(this->get_logger(), "No waypoints found in parameters for %s - using fallback", [01;31m[Kdrone_id_[m[K.c_str());
[3.129s]       |                                                                                                         [01;31m[K^~~~~~~~~[m[K
[3.135s] [01m[K/home/student/41068RS12025-Group18/src/41068_ignition_bringup/src/mission_node.cpp:438:13:[m[K [01;31m[Kerror: [m[Kâ€˜[01m[KloadFallbackWaypoints[m[Kâ€™ was not declared in this scope
[3.136s]   438 |             [01;31m[KloadFallbackWaypoints[m[K();
[3.136s]       |             [01;31m[K^~~~~~~~~~~~~~~~~~~~~[m[K
[3.136s] In file included from [01m[K/opt/ros/humble/include/rclcpp/rclcpp/client.hpp:40[m[K,
[3.136s]                  from [01m[K/opt/ros/humble/include/rclcpp/rclcpp/callback_group.hpp:24[m[K,
[3.136s]                  from [01m[K/opt/ros/humble/include/rclcpp/rclcpp/any_executable.hpp:20[m[K,
[3.136s]                  from [01m[K/opt/ros/humble/include/rclcpp/rclcpp/memory_strategy.hpp:25[m[K,
[3.136s]                  from [01m[K/opt/ros/humble/include/rclcpp/rclcpp/memory_strategies.hpp:18[m[K,
[3.136s]                  from [01m[K/opt/ros/humble/include/rclcpp/rclcpp/executor_options.hpp:20[m[K,
[3.136s]                  from [01m[K/opt/ros/humble/include/rclcpp/rclcpp/executor.hpp:37[m[K,
[3.136s]                  from [01m[K/opt/ros/humble/include/rclcpp/rclcpp/executors/multi_threaded_executor.hpp:25[m[K,
[3.136s]                  from [01m[K/opt/ros/humble/include/rclcpp/rclcpp/executors.hpp:21[m[K,
[3.137s]                  from [01m[K/opt/ros/humble/include/rclcpp/rclcpp/rclcpp.hpp:155[m[K,
[3.137s]                  from [01m[K/home/student/41068RS12025-Group18/src/41068_ignition_bringup/include/mission_node.h:30[m[K,
[3.137s]                  from [01m[K/home/student/41068RS12025-Group18/src/41068_ignition_bringup/src/mission_node.cpp:1[m[K:
[3.137s] [01m[K/home/student/41068RS12025-Group18/src/41068_ignition_bringup/src/mission_node.cpp:442:22:[m[K [01;31m[Kerror: [m[Kinvalid use of â€˜[01m[Kthis[m[Kâ€™ in non-member function
[3.137s]   442 |         RCLCPP_ERROR([01;31m[Kthis[m[K->get_logger(), "Error loading waypoints from parameters: %s", e.what());
[3.137s]       |                      [01;31m[K^~~~[m[K
[3.137s] [01m[K/home/student/41068RS12025-Group18/src/41068_ignition_bringup/src/mission_node.cpp:442:22:[m[K [01;31m[Kerror: [m[Kinvalid use of â€˜[01m[Kthis[m[Kâ€™ in non-member function
[3.137s] [01m[K/home/student/41068RS12025-Group18/src/41068_ignition_bringup/src/mission_node.cpp:442:9:[m[K [01;31m[Kerror: [m[Ktemplate argument 1 is invalid
[3.137s]   442 |         [01;31m[KRCLCPP_ERROR[m[K(this->get_logger(), "Error loading waypoints from parameters: %s", e.what());
[3.137s]       |         [01;31m[K^~~~~~~~~~~~[m[K
[3.137s] In file included from [01m[K/opt/ros/humble/include/rclcpp/rclcpp/logging.hpp:24[m[K,
[3.137s]                  from [01m[K/opt/ros/humble/include/rclcpp/rclcpp/client.hpp:40[m[K,
[3.137s]                  from [01m[K/opt/ros/humble/include/rclcpp/rclcpp/callback_group.hpp:24[m[K,
[3.137s]                  from [01m[K/opt/ros/humble/include/rclcpp/rclcpp/any_executable.hpp:20[m[K,
[3.138s]                  from [01m[K/opt/ros/humble/include/rclcpp/rclcpp/memory_strategy.hpp:25[m[K,
[3.138s]                  from [01m[K/opt/ros/humble/include/rclcpp/rclcpp/memory_strategies.hpp:18[m[K,
[3.138s]                  from [01m[K/opt/ros/humble/include/rclcpp/rclcpp/executor_options.hpp:20[m[K,
[3.138s]                  from [01m[K/opt/ros/humble/include/rclcpp/rclcpp/executor.hpp:37[m[K,
[3.138s]                  from [01m[K/opt/ros/humble/include/rclcpp/rclcpp/executors/multi_threaded_executor.hpp:25[m[K,
[3.138s]                  from [01m[K/opt/ros/humble/include/rclcpp/rclcpp/executors.hpp:21[m[K,
[3.138s]                  from [01m[K/opt/ros/humble/include/rclcpp/rclcpp/rclcpp.hpp:155[m[K,
[3.138s]                  from [01m[K/home/student/41068RS12025-Group18/src/41068_ignition_bringup/include/mission_node.h:30[m[K,
[3.138s]                  from [01m[K/home/student/41068RS12025-Group18/src/41068_ignition_bringup/src/mission_node.cpp:1[m[K:
[3.138s] [01m[K/home/student/41068RS12025-Group18/src/41068_ignition_bringup/src/mission_node.cpp:442:22:[m[K [01;31m[Kerror: [m[Kinvalid use of â€˜[01m[Kthis[m[Kâ€™ in non-member function
[3.138s]   442 |         RCLCPP_ERROR([01;31m[Kthis[m[K->get_logger(), "Error loading waypoints from parameters: %s", e.what());
[3.138s]       |                      [01;31m[K^~~~[m[K
[3.138s] [01m[K/home/student/41068RS12025-Group18/src/41068_ignition_bringup/src/mission_node.cpp:442:22:[m[K [01;31m[Kerror: [m[Kinvalid use of â€˜[01m[Kthis[m[Kâ€™ in non-member function
[3.138s]   442 |         RCLCPP_ERROR([01;31m[Kthis[m[K->get_logger(), "Error loading waypoints from parameters: %s", e.what());
[3.138s]       |                      [01;31m[K^~~~[m[K
[3.138s] In file included from [01m[K/opt/ros/humble/include/rclcpp/rclcpp/client.hpp:40[m[K,
[3.139s]                  from [01m[K/opt/ros/humble/include/rclcpp/rclcpp/callback_group.hpp:24[m[K,
[3.139s]                  from [01m[K/opt/ros/humble/include/rclcpp/rclcpp/any_executable.hpp:20[m[K,
[3.139s]                  from [01m[K/opt/ros/humble/include/rclcpp/rclcpp/memory_strategy.hpp:25[m[K,
[3.139s]                  from [01m[K/opt/ros/humble/include/rclcpp/rclcpp/memory_strategies.hpp:18[m[K,
[3.139s]                  from [01m[K/opt/ros/humble/include/rclcpp/rclcpp/executor_options.hpp:20[m[K,
[3.139s]                  from [01m[K/opt/ros/humble/include/rclcpp/rclcpp/executor.hpp:37[m[K,
[3.139s]                  from [01m[K/opt/ros/humble/include/rclcpp/rclcpp/executors/multi_threaded_executor.hpp:25[m[K,
[3.139s]                  from [01m[K/opt/ros/humble/include/rclcpp/rclcpp/executors.hpp:21[m[K,
[3.139s]                  from [01m[K/opt/ros/humble/include/rclcpp/rclcpp/rclcpp.hpp:155[m[K,
[3.139s]                  from [01m[K/home/student/41068RS12025-Group18/src/41068_ignition_bringup/include/mission_node.h:30[m[K,
[3.139s]                  from [01m[K/home/student/41068RS12025-Group18/src/41068_ignition_bringup/src/mission_node.cpp:1[m[K:
[3.139s] [01m[K/home/student/41068RS12025-Group18/src/41068_ignition_bringup/src/mission_node.cpp:443:21:[m[K [01;31m[Kerror: [m[Kinvalid use of â€˜[01m[Kthis[m[Kâ€™ in non-member function
[3.139s]   443 |         RCLCPP_INFO([01;31m[Kthis[m[K->get_logger(), "Loading fallback waypoints for %s", drone_id_.c_str());
[3.139s]       |                     [01;31m[K^~~~[m[K
[3.139s] [01m[K/home/student/41068RS12025-Group18/src/41068_ignition_bringup/src/mission_node.cpp:443:21:[m[K [01;31m[Kerror: [m[Kinvalid use of â€˜[01m[Kthis[m[Kâ€™ in non-member function
[3.139s] [01m[K/home/student/41068RS12025-Group18/src/41068_ignition_bringup/src/mission_node.cpp:443:9:[m[K [01;31m[Kerror: [m[Ktemplate argument 1 is invalid
[3.139s]   443 |         [01;31m[KRCLCPP_INFO[m[K(this->get_logger(), "Loading fallback waypoints for %s", drone_id_.c_str());
[3.140s]       |         [01;31m[K^~~~~~~~~~~[m[K
[3.140s] In file included from [01m[K/opt/ros/humble/include/rclcpp/rclcpp/logging.hpp:24[m[K,
[3.140s]                  from [01m[K/opt/ros/humble/include/rclcpp/rclcpp/client.hpp:40[m[K,
[3.140s]                  from [01m[K/opt/ros/humble/include/rclcpp/rclcpp/callback_group.hpp:24[m[K,
[3.140s]                  from [01m[K/opt/ros/humble/include/rclcpp/rclcpp/any_executable.hpp:20[m[K,
[3.140s]                  from [01m[K/opt/ros/humble/include/rclcpp/rclcpp/memory_strategy.hpp:25[m[K,
[3.140s]                  from [01m[K/opt/ros/humble/include/rclcpp/rclcpp/memory_strategies.hpp:18[m[K,
[3.140s]                  from [01m[K/opt/ros/humble/include/rclcpp/rclcpp/executor_options.hpp:20[m[K,
[3.140s]                  from [01m[K/opt/ros/humble/include/rclcpp/rclcpp/executor.hpp:37[m[K,
[3.140s]                  from [01m[K/opt/ros/humble/include/rclcpp/rclcpp/executors/multi_threaded_executor.hpp:25[m[K,
[3.140s]                  from [01m[K/opt/ros/humble/include/rclcpp/rclcpp/executors.hpp:21[m[K,
[3.140s]                  from [01m[K/opt/ros/humble/include/rclcpp/rclcpp/rclcpp.hpp:155[m[K,
[3.140s]                  from [01m[K/home/student/41068RS12025-Group18/src/41068_ignition_bringup/include/mission_node.h:30[m[K,
[3.140s]                  from [01m[K/home/student/41068RS12025-Group18/src/41068_ignition_bringup/src/mission_node.cpp:1[m[K:
[3.141s] [01m[K/home/student/41068RS12025-Group18/src/41068_ignition_bringup/src/mission_node.cpp:443:21:[m[K [01;31m[Kerror: [m[Kinvalid use of â€˜[01m[Kthis[m[Kâ€™ in non-member function
[3.141s]   443 |         RCLCPP_INFO([01;31m[Kthis[m[K->get_logger(), "Loading fallback waypoints for %s", drone_id_.c_str());
[3.141s]       |                     [01;31m[K^~~~[m[K
[3.141s] [01m[K/home/student/41068RS12025-Group18/src/41068_ignition_bringup/src/mission_node.cpp:443:21:[m[K [01;31m[Kerror: [m[Kinvalid use of â€˜[01m[Kthis[m[Kâ€™ in non-member function
[3.141s]   443 |         RCLCPP_INFO([01;31m[Kthis[m[K->get_logger(), "Loading fallback waypoints for %s", drone_id_.c_str());
[3.141s]       |                     [01;31m[K^~~~[m[K
[3.141s] [01m[K/home/student/41068RS12025-Group18/src/41068_ignition_bringup/src/mission_node.cpp:443:78:[m[K [01;31m[Kerror: [m[Kâ€˜[01m[Kdrone_id_[m[Kâ€™ was not declared in this scope
[3.141s]   443 |         RCLCPP_INFO(this->get_logger(), "Loading fallback waypoints for %s", [01;31m[Kdrone_id_[m[K.c_str());
[3.141s]       |                                                                              [01;31m[K^~~~~~~~~[m[K
[3.147s] [01m[K/home/student/41068RS12025-Group18/src/41068_ignition_bringup/src/mission_node.cpp:444:9:[m[K [01;31m[Kerror: [m[Kâ€˜[01m[KloadFallbackWaypoints[m[Kâ€™ was not declared in this scope
[3.147s]   444 |         [01;31m[KloadFallbackWaypoints[m[K();
[3.148s]       |         [01;31m[K^~~~~~~~~~~~~~~~~~~~~[m[K
[3.148s] [01m[K/home/student/41068RS12025-Group18/src/41068_ignition_bringup/src/mission_node.cpp:[m[K At global scope:
[3.148s] [01m[K/home/student/41068RS12025-Group18/src/41068_ignition_bringup/src/mission_node.cpp:449:6:[m[K [01;31m[Kerror: [m[Kâ€˜[01m[KMissionPlannerNode[m[Kâ€™ has not been declared
[3.148s]   449 | void [01;31m[KMissionPlannerNode[m[K::loadMissionParams() {
[3.149s]       |      [01;31m[K^~~~~~~~~~~~~~~~~~[m[K
[3.149s] [01m[K/home/student/41068RS12025-Group18/src/41068_ignition_bringup/src/mission_node.cpp:[m[K In function â€˜[01m[Kvoid loadMissionParams()[m[Kâ€™:
[3.149s] [01m[K/home/student/41068RS12025-Group18/src/41068_ignition_bringup/src/mission_node.cpp:452:13:[m[K [01;31m[Kerror: [m[Kinvalid use of â€˜[01m[Kthis[m[Kâ€™ in non-member function
[3.149s]   452 |         if ([01;31m[Kthis[m[K->has_parameter("mission_params.takeoff_altitude")) {
[3.150s]       |             [01;31m[K^~~~[m[K
[3.150s] [01m[K/home/student/41068RS12025-Group18/src/41068_ignition_bringup/src/mission_node.cpp:453:39:[m[K [01;31m[Kerror: [m[Kinvalid use of â€˜[01m[Kthis[m[Kâ€™ in non-member function
[3.150s]   453 |             double takeoff_altitude = [01;31m[Kthis[m[K->get_parameter("mission_params.takeoff_altitude").as_double();
[3.150s]       |                                       [01;31m[K^~~~[m[K
[3.150s] In file included from [01m[K/opt/ros/humble/include/rclcpp/rclcpp/client.hpp:40[m[K,
[3.150s]                  from [01m[K/opt/ros/humble/include/rclcpp/rclcpp/callback_group.hpp:24[m[K,
[3.150s]                  from [01m[K/opt/ros/humble/include/rclcpp/rclcpp/any_executable.hpp:20[m[K,
[3.150s]                  from [01m[K/opt/ros/humble/include/rclcpp/rclcpp/memory_strategy.hpp:25[m[K,
[3.150s]                  from [01m[K/opt/ros/humble/include/rclcpp/rclcpp/memory_strategies.hpp:18[m[K,
[3.150s]                  from [01m[K/opt/ros/humble/include/rclcpp/rclcpp/executor_options.hpp:20[m[K,
[3.150s]                  from [01m[K/opt/ros/humble/include/rclcpp/rclcpp/executor.hpp:37[m[K,
[3.150s]                  from [01m[K/opt/ros/humble/include/rclcpp/rclcpp/executors/multi_threaded_executor.hpp:25[m[K,
[3.150s]                  from [01m[K/opt/ros/humble/include/rclcpp/rclcpp/executors.hpp:21[m[K,
[3.150s]                  from [01m[K/opt/ros/humble/include/rclcpp/rclcpp/rclcpp.hpp:155[m[K,
[3.150s]                  from [01m[K/home/student/41068RS12025-Group18/src/41068_ignition_bringup/include/mission_node.h:30[m[K,
[3.150s]                  from [01m[K/home/student/41068RS12025-Group18/src/41068_ignition_bringup/src/mission_node.cpp:1[m[K:
[3.151s] [01m[K/home/student/41068RS12025-Group18/src/41068_ignition_bringup/src/mission_node.cpp:454:25:[m[K [01;31m[Kerror: [m[Kinvalid use of â€˜[01m[Kthis[m[Kâ€™ in non-member function
[3.151s]   454 |             RCLCPP_INFO([01;31m[Kthis[m[K->get_logger(), "Takeoff altitude: %.2f", takeoff_altitude);
[3.151s]       |                         [01;31m[K^~~~[m[K
[3.151s] [01m[K/home/student/41068RS12025-Group18/src/41068_ignition_bringup/src/mission_node.cpp:454:25:[m[K [01;31m[Kerror: [m[Kinvalid use of â€˜[01m[Kthis[m[Kâ€™ in non-member function
[3.151s] [01m[K/home/student/41068RS12025-Group18/src/41068_ignition_bringup/src/mission_node.cpp:454:13:[m[K [01;31m[Kerror: [m[Ktemplate argument 1 is invalid
[3.151s]   454 |             [01;31m[KRCLCPP_INFO[m[K(this->get_logger(), "Takeoff altitude: %.2f", takeoff_altitude);
[3.151s]       |             [01;31m[K^~~~~~~~~~~[m[K
[3.151s] In file included from [01m[K/opt/ros/humble/include/rclcpp/rclcpp/logging.hpp:24[m[K,
[3.151s]                  from [01m[K/opt/ros/humble/include/rclcpp/rclcpp/client.hpp:40[m[K,
[3.151s]                  from [01m[K/opt/ros/humble/include/rclcpp/rclcpp/callback_group.hpp:24[m[K,
[3.151s]                  from [01m[K/opt/ros/humble/include/rclcpp/rclcpp/any_executable.hpp:20[m[K,
[3.151s]                  from [01m[K/opt/ros/humble/include/rclcpp/rclcpp/memory_strategy.hpp:25[m[K,
[3.151s]                  from [01m[K/opt/ros/humble/include/rclcpp/rclcpp/memory_strategies.hpp:18[m[K,
[3.151s]                  from [01m[K/opt/ros/humble/include/rclcpp/rclcpp/executor_options.hpp:20[m[K,
[3.151s]                  from [01m[K/opt/ros/humble/include/rclcpp/rclcpp/executor.hpp:37[m[K,
[3.151s]                  from [01m[K/opt/ros/humble/include/rclcpp/rclcpp/executors/multi_threaded_executor.hpp:25[m[K,
[3.151s]                  from [01m[K/opt/ros/humble/include/rclcpp/rclcpp/executors.hpp:21[m[K,
[3.152s]                  from [01m[K/opt/ros/humble/include/rclcpp/rclcpp/rclcpp.hpp:155[m[K,
[3.152s]                  from [01m[K/home/student/41068RS12025-Group18/src/41068_ignition_bringup/include/mission_node.h:30[m[K,
[3.152s]                  from [01m[K/home/student/41068RS12025-Group18/src/41068_ignition_bringup/src/mission_node.cpp:1[m[K:
[3.152s] [01m[K/home/student/41068RS12025-Group18/src/41068_ignition_bringup/src/mission_node.cpp:454:25:[m[K [01;31m[Kerror: [m[Kinvalid use of â€˜[01m[Kthis[m[Kâ€™ in non-member function
[3.152s]   454 |             RCLCPP_INFO([01;31m[Kthis[m[K->get_logger(), "Takeoff altitude: %.2f", takeoff_altitude);
[3.152s]       |                         [01;31m[K^~~~[m[K
[3.152s] [01m[K/home/student/41068RS12025-Group18/src/41068_ignition_bringup/src/mission_node.cpp:454:25:[m[K [01;31m[Kerror: [m[Kinvalid use of â€˜[01m[Kthis[m[Kâ€™ in non-member function
[3.152s]   454 |             RCLCPP_INFO([01;31m[Kthis[m[K->get_logger(), "Takeoff altitude: %.2f", takeoff_altitude);
[3.152s]       |                         [01;31m[K^~~~[m[K
[3.152s] [01m[K/home/student/41068RS12025-Group18/src/41068_ignition_bringup/src/mission_node.cpp:458:13:[m[K [01;31m[Kerror: [m[Kinvalid use of â€˜[01m[Kthis[m[Kâ€™ in non-member function
[3.152s]   458 |         if ([01;31m[Kthis[m[K->has_parameter("mission_params.landing_speed")) {
[3.152s]       |             [01;31m[K^~~~[m[K
[3.152s] [01m[K/home/student/41068RS12025-Group18/src/41068_ignition_bringup/src/mission_node.cpp:459:36:[m[K [01;31m[Kerror: [m[Kinvalid use of â€˜[01m[Kthis[m[Kâ€™ in non-member function
[3.152s]   459 |             double landing_speed = [01;31m[Kthis[m[K->get_parameter("mission_params.landing_speed").as_double();
[3.152s]       |                                    [01;31m[K^~~~[m[K
[3.152s] In file included from [01m[K/opt/ros/humble/include/rclcpp/rclcpp/client.hpp:40[m[K,
[3.152s]                  from [01m[K/opt/ros/humble/include/rclcpp/rclcpp/callback_group.hpp:24[m[K,
[3.153s]                  from [01m[K/opt/ros/humble/include/rclcpp/rclcpp/any_executable.hpp:20[m[K,
[3.153s]                  from [01m[K/opt/ros/humble/include/rclcpp/rclcpp/memory_strategy.hpp:25[m[K,
[3.153s]                  from [01m[K/opt/ros/humble/include/rclcpp/rclcpp/memory_strategies.hpp:18[m[K,
[3.153s]                  from [01m[K/opt/ros/humble/include/rclcpp/rclcpp/executor_options.hpp:20[m[K,
[3.153s]                  from [01m[K/opt/ros/humble/include/rclcpp/rclcpp/executor.hpp:37[m[K,
[3.153s]                  from [01m[K/opt/ros/humble/include/rclcpp/rclcpp/executors/multi_threaded_executor.hpp:25[m[K,
[3.153s]                  from [01m[K/opt/ros/humble/include/rclcpp/rclcpp/executors.hpp:21[m[K,
[3.153s]                  from [01m[K/opt/ros/humble/include/rclcpp/rclcpp/rclcpp.hpp:155[m[K,
[3.153s]                  from [01m[K/home/student/41068RS12025-Group18/src/41068_ignition_bringup/include/mission_node.h:30[m[K,
[3.153s]                  from [01m[K/home/student/41068RS12025-Group18/src/41068_ignition_bringup/src/mission_node.cpp:1[m[K:
[3.153s] [01m[K/home/student/41068RS12025-Group18/src/41068_ignition_bringup/src/mission_node.cpp:460:25:[m[K [01;31m[Kerror: [m[Kinvalid use of â€˜[01m[Kthis[m[Kâ€™ in non-member function
[3.153s]   460 |             RCLCPP_INFO([01;31m[Kthis[m[K->get_logger(), "Landing speed: %.2f", landing_speed);
[3.153s]       |                         [01;31m[K^~~~[m[K
[3.153s] [01m[K/home/student/41068RS12025-Group18/src/41068_ignition_bringup/src/mission_node.cpp:460:25:[m[K [01;31m[Kerror: [m[Kinvalid use of â€˜[01m[Kthis[m[Kâ€™ in non-member function
[3.153s] [01m[K/home/student/41068RS12025-Group18/src/41068_ignition_bringup/src/mission_node.cpp:460:13:[m[K [01;31m[Kerror: [m[Ktemplate argument 1 is invalid
[3.153s]   460 |             [01;31m[KRCLCPP_INFO[m[K(this->get_logger(), "Landing speed: %.2f", landing_speed);
[3.153s]       |             [01;31m[K^~~~~~~~~~~[m[K
[3.154s] In file included from [01m[K/opt/ros/humble/include/rclcpp/rclcpp/logging.hpp:24[m[K,
[3.154s]                  from [01m[K/opt/ros/humble/include/rclcpp/rclcpp/client.hpp:40[m[K,
[3.154s]                  from [01m[K/opt/ros/humble/include/rclcpp/rclcpp/callback_group.hpp:24[m[K,
[3.154s]                  from [01m[K/opt/ros/humble/include/rclcpp/rclcpp/any_executable.hpp:20[m[K,
[3.154s]                  from [01m[K/opt/ros/humble/include/rclcpp/rclcpp/memory_strategy.hpp:25[m[K,
[3.154s]                  from [01m[K/opt/ros/humble/include/rclcpp/rclcpp/memory_strategies.hpp:18[m[K,
[3.154s]                  from [01m[K/opt/ros/humble/include/rclcpp/rclcpp/executor_options.hpp:20[m[K,
[3.154s]                  from [01m[K/opt/ros/humble/include/rclcpp/rclcpp/executor.hpp:37[m[K,
[3.154s]                  from [01m[K/opt/ros/humble/include/rclcpp/rclcpp/executors/multi_threaded_executor.hpp:25[m[K,
[3.154s]                  from [01m[K/opt/ros/humble/include/rclcpp/rclcpp/executors.hpp:21[m[K,
[3.154s]                  from [01m[K/opt/ros/humble/include/rclcpp/rclcpp/rclcpp.hpp:155[m[K,
[3.155s]                  from [01m[K/home/student/41068RS12025-Group18/src/41068_ignition_bringup/include/mission_node.h:30[m[K,
[3.155s]                  from [01m[K/home/student/41068RS12025-Group18/src/41068_ignition_bringup/src/mission_node.cpp:1[m[K:
[3.155s] [01m[K/home/student/41068RS12025-Group18/src/41068_ignition_bringup/src/mission_node.cpp:460:25:[m[K [01;31m[Kerror: [m[Kinvalid use of â€˜[01m[Kthis[m[Kâ€™ in non-member function
[3.155s]   460 |             RCLCPP_INFO([01;31m[Kthis[m[K->get_logger(), "Landing speed: %.2f", landing_speed);
[3.155s]       |                         [01;31m[K^~~~[m[K
[3.156s] [01m[K/home/student/41068RS12025-Group18/src/41068_ignition_bringup/src/mission_node.cpp:460:25:[m[K [01;31m[Kerror: [m[Kinvalid use of â€˜[01m[Kthis[m[Kâ€™ in non-member function
[3.156s]   460 |             RCLCPP_INFO([01;31m[Kthis[m[K->get_logger(), "Landing speed: %.2f", landing_speed);
[3.156s]       |                         [01;31m[K^~~~[m[K
[3.156s] [01m[K/home/student/41068RS12025-Group18/src/41068_ignition_bringup/src/mission_node.cpp:463:13:[m[K [01;31m[Kerror: [m[Kinvalid use of â€˜[01m[Kthis[m[Kâ€™ in non-member function
[3.156s]   463 |         if ([01;31m[Kthis[m[K->has_parameter("mission_params.waypoint_tolerance")) {
[3.156s]       |             [01;31m[K^~~~[m[K
[3.157s] [01m[K/home/student/41068RS12025-Group18/src/41068_ignition_bringup/src/mission_node.cpp:464:37:[m[K [01;31m[Kerror: [m[Kinvalid use of â€˜[01m[Kthis[m[Kâ€™ in non-member function
[3.157s]   464 |             double yaml_tolerance = [01;31m[Kthis[m[K->get_parameter("mission_params.waypoint_tolerance").as_double();
[3.157s]       |                                     [01;31m[K^~~~[m[K
[3.157s] [01m[K/home/student/41068RS12025-Group18/src/41068_ignition_bringup/src/mission_node.cpp:466:13:[m[K [01;31m[Kerror: [m[Kâ€˜[01m[Kwaypoint_tolerance_[m[Kâ€™ was not declared in this scope
[3.157s]   466 |             [01;31m[Kwaypoint_tolerance_[m[K = yaml_tolerance;
[3.157s]       |             [01;31m[K^~~~~~~~~~~~~~~~~~~[m[K
[3.158s] In file included from [01m[K/opt/ros/humble/include/rclcpp/rclcpp/client.hpp:40[m[K,
[3.158s]                  from [01m[K/opt/ros/humble/include/rclcpp/rclcpp/callback_group.hpp:24[m[K,
[3.158s]                  from [01m[K/opt/ros/humble/include/rclcpp/rclcpp/any_executable.hpp:20[m[K,
[3.158s]                  from [01m[K/opt/ros/humble/include/rclcpp/rclcpp/memory_strategy.hpp:25[m[K,
[3.158s]                  from [01m[K/opt/ros/humble/include/rclcpp/rclcpp/memory_strategies.hpp:18[m[K,
[3.158s]                  from [01m[K/opt/ros/humble/include/rclcpp/rclcpp/executor_options.hpp:20[m[K,
[3.158s]                  from [01m[K/opt/ros/humble/include/rclcpp/rclcpp/executor.hpp:37[m[K,
[3.158s]                  from [01m[K/opt/ros/humble/include/rclcpp/rclcpp/executors/multi_threaded_executor.hpp:25[m[K,
[3.158s]                  from [01m[K/opt/ros/humble/include/rclcpp/rclcpp/executors.hpp:21[m[K,
[3.158s]                  from [01m[K/opt/ros/humble/include/rclcpp/rclcpp/rclcpp.hpp:155[m[K,
[3.159s]                  from [01m[K/home/student/41068RS12025-Group18/src/41068_ignition_bringup/include/mission_node.h:30[m[K,
[3.159s]                  from [01m[K/home/student/41068RS12025-Group18/src/41068_ignition_bringup/src/mission_node.cpp:1[m[K:
[3.159s] [01m[K/home/student/41068RS12025-Group18/src/41068_ignition_bringup/src/mission_node.cpp:467:25:[m[K [01;31m[Kerror: [m[Kinvalid use of â€˜[01m[Kthis[m[Kâ€™ in non-member function
[3.159s]   467 |             RCLCPP_INFO([01;31m[Kthis[m[K->get_logger(), "Updated waypoint tolerance to: %.2f", waypoint_tolerance_);
[3.159s]       |                         [01;31m[K^~~~[m[K
[3.159s] [01m[K/home/student/41068RS12025-Group18/src/41068_ignition_bringup/src/mission_node.cpp:467:25:[m[K [01;31m[Kerror: [m[Kinvalid use of â€˜[01m[Kthis[m[Kâ€™ in non-member function
[3.159s] [01m[K/home/student/41068RS12025-Group18/src/41068_ignition_bringup/src/mission_node.cpp:467:13:[m[K [01;31m[Kerror: [m[Ktemplate argument 1 is invalid
[3.159s]   467 |             [01;31m[KRCLCPP_INFO[m[K(this->get_logger(), "Updated waypoint tolerance to: %.2f", waypoint_tolerance_);
[3.159s]       |             [01;31m[K^~~~~~~~~~~[m[K
[3.159s] In file included from [01m[K/opt/ros/humble/include/rclcpp/rclcpp/logging.hpp:24[m[K,
[3.159s]                  from [01m[K/opt/ros/humble/include/rclcpp/rclcpp/client.hpp:40[m[K,
[3.159s]                  from [01m[K/opt/ros/humble/include/rclcpp/rclcpp/callback_group.hpp:24[m[K,
[3.160s]                  from [01m[K/opt/ros/humble/include/rclcpp/rclcpp/any_executable.hpp:20[m[K,
[3.160s]                  from [01m[K/opt/ros/humble/include/rclcpp/rclcpp/memory_strategy.hpp:25[m[K,
[3.160s]                  from [01m[K/opt/ros/humble/include/rclcpp/rclcpp/memory_strategies.hpp:18[m[K,
[3.160s]                  from [01m[K/opt/ros/humble/include/rclcpp/rclcpp/executor_options.hpp:20[m[K,
[3.160s]                  from [01m[K/opt/ros/humble/include/rclcpp/rclcpp/executor.hpp:37[m[K,
[3.160s]                  from [01m[K/opt/ros/humble/include/rclcpp/rclcpp/executors/multi_threaded_executor.hpp:25[m[K,
[3.160s]                  from [01m[K/opt/ros/humble/include/rclcpp/rclcpp/executors.hpp:21[m[K,
[3.160s]                  from [01m[K/opt/ros/humble/include/rclcpp/rclcpp/rclcpp.hpp:155[m[K,
[3.160s]                  from [01m[K/home/student/41068RS12025-Group18/src/41068_ignition_bringup/include/mission_node.h:30[m[K,
[3.160s]                  from [01m[K/home/student/41068RS12025-Group18/src/41068_ignition_bringup/src/mission_node.cpp:1[m[K:
[3.160s] [01m[K/home/student/41068RS12025-Group18/src/41068_ignition_bringup/src/mission_node.cpp:467:25:[m[K [01;31m[Kerror: [m[Kinvalid use of â€˜[01m[Kthis[m[Kâ€™ in non-member function
[3.160s]   467 |             RCLCPP_INFO([01;31m[Kthis[m[K->get_logger(), "Updated waypoint tolerance to: %.2f", waypoint_tolerance_);
[3.161s]       |                         [01;31m[K^~~~[m[K
[3.161s] [01m[K/home/student/41068RS12025-Group18/src/41068_ignition_bringup/src/mission_node.cpp:467:25:[m[K [01;31m[Kerror: [m[Kinvalid use of â€˜[01m[Kthis[m[Kâ€™ in non-member function
[3.161s]   467 |             RCLCPP_INFO([01;31m[Kthis[m[K->get_logger(), "Updated waypoint tolerance to: %.2f", waypoint_tolerance_);
[3.161s]       |                         [01;31m[K^~~~[m[K
[3.161s] [01m[K/home/student/41068RS12025-Group18/src/41068_ignition_bringup/src/mission_node.cpp:470:13:[m[K [01;31m[Kerror: [m[Kinvalid use of â€˜[01m[Kthis[m[Kâ€™ in non-member function
[3.161s]   470 |         if ([01;31m[Kthis[m[K->has_parameter("mission_params.max_velocity")) {
[3.161s]       |             [01;31m[K^~~~[m[K
[3.161s] [01m[K/home/student/41068RS12025-Group18/src/41068_ignition_bringup/src/mission_node.cpp:471:35:[m[K [01;31m[Kerror: [m[Kinvalid use of â€˜[01m[Kthis[m[Kâ€™ in non-member function
[3.161s]   471 |             double max_velocity = [01;31m[Kthis[m[K->get_parameter("mission_params.max_velocity").as_double();
[3.161s]       |                                   [01;31m[K^~~~[m[K
[3.161s] In file included from [01m[K/opt/ros/humble/include/rclcpp/rclcpp/client.hpp:40[m[K,
[3.161s]                  from [01m[K/opt/ros/humble/include/rclcpp/rclcpp/callback_group.hpp:24[m[K,
[3.161s]                  from [01m[K/opt/ros/humble/include/rclcpp/rclcpp/any_executable.hpp:20[m[K,
[3.162s]                  from [01m[K/opt/ros/humble/include/rclcpp/rclcpp/memory_strategy.hpp:25[m[K,
[3.162s]                  from [01m[K/opt/ros/humble/include/rclcpp/rclcpp/memory_strategies.hpp:18[m[K,
[3.162s]                  from [01m[K/opt/ros/humble/include/rclcpp/rclcpp/executor_options.hpp:20[m[K,
[3.162s]                  from [01m[K/opt/ros/humble/include/rclcpp/rclcpp/executor.hpp:37[m[K,
[3.162s]                  from [01m[K/opt/ros/humble/include/rclcpp/rclcpp/executors/multi_threaded_executor.hpp:25[m[K,
[3.162s]                  from [01m[K/opt/ros/humble/include/rclcpp/rclcpp/executors.hpp:21[m[K,
[3.162s]                  from [01m[K/opt/ros/humble/include/rclcpp/rclcpp/rclcpp.hpp:155[m[K,
[3.162s]                  from [01m[K/home/student/41068RS12025-Group18/src/41068_ignition_bringup/include/mission_node.h:30[m[K,
[3.162s]                  from [01m[K/home/student/41068RS12025-Group18/src/41068_ignition_bringup/src/mission_node.cpp:1[m[K:
[3.162s] [01m[K/home/student/41068RS12025-Group18/src/41068_ignition_bringup/src/mission_node.cpp:472:25:[m[K [01;31m[Kerror: [m[Kinvalid use of â€˜[01m[Kthis[m[Kâ€™ in non-member function
[3.162s]   472 |             RCLCPP_INFO([01;31m[Kthis[m[K->get_logger(), "Max velocity: %.2f", max_velocity);
[3.162s]       |                         [01;31m[K^~~~[m[K
[3.163s] [01m[K/home/student/41068RS12025-Group18/src/41068_ignition_bringup/src/mission_node.cpp:472:25:[m[K [01;31m[Kerror: [m[Kinvalid use of â€˜[01m[Kthis[m[Kâ€™ in non-member function
[3.163s] [01m[K/home/student/41068RS12025-Group18/src/41068_ignition_bringup/src/mission_node.cpp:472:13:[m[K [01;31m[Kerror: [m[Ktemplate argument 1 is invalid
[3.163s]   472 |             [01;31m[KRCLCPP_INFO[m[K(this->get_logger(), "Max velocity: %.2f", max_velocity);
[3.163s]       |             [01;31m[K^~~~~~~~~~~[m[K
[3.163s] In file included from [01m[K/opt/ros/humble/include/rclcpp/rclcpp/logging.hpp:24[m[K,
[3.163s]                  from [01m[K/opt/ros/humble/include/rclcpp/rclcpp/client.hpp:40[m[K,
[3.163s]                  from [01m[K/opt/ros/humble/include/rclcpp/rclcpp/callback_group.hpp:24[m[K,
[3.163s]                  from [01m[K/opt/ros/humble/include/rclcpp/rclcpp/any_executable.hpp:20[m[K,
[3.163s]                  from [01m[K/opt/ros/humble/include/rclcpp/rclcpp/memory_strategy.hpp:25[m[K,
[3.164s]                  from [01m[K/opt/ros/humble/include/rclcpp/rclcpp/memory_strategies.hpp:18[m[K,
[3.164s]                  from [01m[K/opt/ros/humble/include/rclcpp/rclcpp/executor_options.hpp:20[m[K,
[3.164s]                  from [01m[K/opt/ros/humble/include/rclcpp/rclcpp/executor.hpp:37[m[K,
[3.164s]                  from [01m[K/opt/ros/humble/include/rclcpp/rclcpp/executors/multi_threaded_executor.hpp:25[m[K,
[3.164s]                  from [01m[K/opt/ros/humble/include/rclcpp/rclcpp/executors.hpp:21[m[K,
[3.164s]                  from [01m[K/opt/ros/humble/include/rclcpp/rclcpp/rclcpp.hpp:155[m[K,
[3.164s]                  from [01m[K/home/student/41068RS12025-Group18/src/41068_ignition_bringup/include/mission_node.h:30[m[K,
[3.164s]                  from [01m[K/home/student/41068RS12025-Group18/src/41068_ignition_bringup/src/mission_node.cpp:1[m[K:
[3.164s] [01m[K/home/student/41068RS12025-Group18/src/41068_ignition_bringup/src/mission_node.cpp:472:25:[m[K [01;31m[Kerror: [m[Kinvalid use of â€˜[01m[Kthis[m[Kâ€™ in non-member function
[3.164s]   472 |             RCLCPP_INFO([01;31m[Kthis[m[K->get_logger(), "Max velocity: %.2f", max_velocity);
[3.165s]       |                         [01;31m[K^~~~[m[K
[3.165s] [01m[K/home/student/41068RS12025-Group18/src/41068_ignition_bringup/src/mission_node.cpp:472:25:[m[K [01;31m[Kerror: [m[Kinvalid use of â€˜[01m[Kthis[m[Kâ€™ in non-member function
[3.165s]   472 |             RCLCPP_INFO([01;31m[Kthis[m[K->get_logger(), "Max velocity: %.2f", max_velocity);
[3.165s]       |                         [01;31m[K^~~~[m[K
[3.165s] [01m[K/home/student/41068RS12025-Group18/src/41068_ignition_bringup/src/mission_node.cpp:475:13:[m[K [01;31m[Kerror: [m[Kinvalid use of â€˜[01m[Kthis[m[Kâ€™ in non-member function
[3.165s]   475 |         if ([01;31m[Kthis[m[K->has_parameter("mission_params.loop_missions")) {
[3.165s]       |             [01;31m[K^~~~[m[K
[3.165s] [01m[K/home/student/41068RS12025-Group18/src/41068_ignition_bringup/src/mission_node.cpp:476:34:[m[K [01;31m[Kerror: [m[Kinvalid use of â€˜[01m[Kthis[m[Kâ€™ in non-member function
[3.165s]   476 |             bool loop_missions = [01;31m[Kthis[m[K->get_parameter("mission_params.loop_missions").as_bool();
[3.165s]       |                                  [01;31m[K^~~~[m[K
[3.166s] In file included from [01m[K/opt/ros/humble/include/rclcpp/rclcpp/client.hpp:40[m[K,
[3.166s]                  from [01m[K/opt/ros/humble/include/rclcpp/rclcpp/callback_group.hpp:24[m[K,
[3.166s]                  from [01m[K/opt/ros/humble/include/rclcpp/rclcpp/any_executable.hpp:20[m[K,
[3.166s]                  from [01m[K/opt/ros/humble/include/rclcpp/rclcpp/memory_strategy.hpp:25[m[K,
[3.166s]                  from [01m[K/opt/ros/humble/include/rclcpp/rclcpp/memory_strategies.hpp:18[m[K,
[3.166s]                  from [01m[K/opt/ros/humble/include/rclcpp/rclcpp/executor_options.hpp:20[m[K,
[3.166s]                  from [01m[K/opt/ros/humble/include/rclcpp/rclcpp/executor.hpp:37[m[K,
[3.166s]                  from [01m[K/opt/ros/humble/include/rclcpp/rclcpp/executors/multi_threaded_executor.hpp:25[m[K,
[3.166s]                  from [01m[K/opt/ros/humble/include/rclcpp/rclcpp/executors.hpp:21[m[K,
[3.166s]                  from [01m[K/opt/ros/humble/include/rclcpp/rclcpp/rclcpp.hpp:155[m[K,
[3.167s]                  from [01m[K/home/student/41068RS12025-Group18/src/41068_ignition_bringup/include/mission_node.h:30[m[K,
[3.167s]                  from [01m[K/home/student/41068RS12025-Group18/src/41068_ignition_bringup/src/mission_node.cpp:1[m[K:
[3.167s] [01m[K/home/student/41068RS12025-Group18/src/41068_ignition_bringup/src/mission_node.cpp:477:25:[m[K [01;31m[Kerror: [m[Kinvalid use of â€˜[01m[Kthis[m[Kâ€™ in non-member function
[3.167s]   477 |             RCLCPP_INFO([01;31m[Kthis[m[K->get_logger(), "Loop missions: %s", loop_missions ? "true" : "false");
[3.167s]       |                         [01;31m[K^~~~[m[K
[3.167s] [01m[K/home/student/41068RS12025-Group18/src/41068_ignition_bringup/src/mission_node.cpp:477:25:[m[K [01;31m[Kerror: [m[Kinvalid use of â€˜[01m[Kthis[m[Kâ€™ in non-member function
[3.167s] [01m[K/home/student/41068RS12025-Group18/src/41068_ignition_bringup/src/mission_node.cpp:477:13:[m[K [01;31m[Kerror: [m[Ktemplate argument 1 is invalid
[3.167s]   477 |             [01;31m[KRCLCPP_INFO[m[K(this->get_logger(), "Loop missions: %s", loop_missions ? "true" : "false");
[3.167s]       |             [01;31m[K^~~~~~~~~~~[m[K
[3.167s] In file included from [01m[K/opt/ros/humble/include/rclcpp/rclcpp/logging.hpp:24[m[K,
[3.168s]                  from [01m[K/opt/ros/humble/include/rclcpp/rclcpp/client.hpp:40[m[K,
[3.168s]                  from [01m[K/opt/ros/humble/include/rclcpp/rclcpp/callback_group.hpp:24[m[K,
[3.168s]                  from [01m[K/opt/ros/humble/include/rclcpp/rclcpp/any_executable.hpp:20[m[K,
[3.168s]                  from [01m[K/opt/ros/humble/include/rclcpp/rclcpp/memory_strategy.hpp:25[m[K,
[3.168s]                  from [01m[K/opt/ros/humble/include/rclcpp/rclcpp/memory_strategies.hpp:18[m[K,
[3.168s]                  from [01m[K/opt/ros/humble/include/rclcpp/rclcpp/executor_options.hpp:20[m[K,
[3.168s]                  from [01m[K/opt/ros/humble/include/rclcpp/rclcpp/executor.hpp:37[m[K,
[3.168s]                  from [01m[K/opt/ros/humble/include/rclcpp/rclcpp/executors/multi_threaded_executor.hpp:25[m[K,
[3.168s]                  from [01m[K/opt/ros/humble/include/rclcpp/rclcpp/executors.hpp:21[m[K,
[3.168s]                  from [01m[K/opt/ros/humble/include/rclcpp/rclcpp/rclcpp.hpp:155[m[K,
[3.169s]                  from [01m[K/home/student/41068RS12025-Group18/src/41068_ignition_bringup/include/mission_node.h:30[m[K,
[3.169s]                  from [01m[K/home/student/41068RS12025-Group18/src/41068_ignition_bringup/src/mission_node.cpp:1[m[K:
[3.169s] [01m[K/home/student/41068RS12025-Group18/src/41068_ignition_bringup/src/mission_node.cpp:477:25:[m[K [01;31m[Kerror: [m[Kinvalid use of â€˜[01m[Kthis[m[Kâ€™ in non-member function
[3.169s]   477 |             RCLCPP_INFO([01;31m[Kthis[m[K->get_logger(), "Loop missions: %s", loop_missions ? "true" : "false");
[3.169s]       |                         [01;31m[K^~~~[m[K
[3.169s] [01m[K/home/student/41068RS12025-Group18/src/41068_ignition_bringup/src/mission_node.cpp:477:25:[m[K [01;31m[Kerror: [m[Kinvalid use of â€˜[01m[Kthis[m[Kâ€™ in non-member function
[3.169s]   477 |             RCLCPP_INFO([01;31m[Kthis[m[K->get_logger(), "Loop missions: %s", loop_missions ? "true" : "false");
[3.169s]       |                         [01;31m[K^~~~[m[K
[3.169s] In file included from [01m[K/opt/ros/humble/include/rclcpp/rclcpp/client.hpp:40[m[K,
[3.169s]                  from [01m[K/opt/ros/humble/include/rclcpp/rclcpp/callback_group.hpp:24[m[K,
[3.169s]                  from [01m[K/opt/ros/humble/include/rclcpp/rclcpp/any_executable.hpp:20[m[K,
[3.169s]                  from [01m[K/opt/ros/humble/include/rclcpp/rclcpp/memory_strategy.hpp:25[m[K,
[3.169s]                  from [01m[K/opt/ros/humble/include/rclcpp/rclcpp/memory_strategies.hpp:18[m[K,
[3.170s]                  from [01m[K/opt/ros/humble/include/rclcpp/rclcpp/executor_options.hpp:20[m[K,
[3.170s]                  from [01m[K/opt/ros/humble/include/rclcpp/rclcpp/executor.hpp:37[m[K,
[3.170s]                  from [01m[K/opt/ros/humble/include/rclcpp/rclcpp/executors/multi_threaded_executor.hpp:25[m[K,
[3.170s]                  from [01m[K/opt/ros/humble/include/rclcpp/rclcpp/executors.hpp:21[m[K,
[3.170s]                  from [01m[K/opt/ros/humble/include/rclcpp/rclcpp/rclcpp.hpp:155[m[K,
[3.170s]                  from [01m[K/home/student/41068RS12025-Group18/src/41068_ignition_bringup/include/mission_node.h:30[m[K,
[3.170s]                  from [01m[K/home/student/41068RS12025-Group18/src/41068_ignition_bringup/src/mission_node.cpp:1[m[K:
[3.170s] [01m[K/home/student/41068RS12025-Group18/src/41068_ignition_bringup/src/mission_node.cpp:482:21:[m[K [01;31m[Kerror: [m[Kinvalid use of â€˜[01m[Kthis[m[Kâ€™ in non-member function
[3.170s]   482 |         RCLCPP_WARN([01;31m[Kthis[m[K->get_logger(), "Error loading mission parameters: %s", e.what());
[3.170s]       |                     [01;31m[K^~~~[m[K
[3.171s] [01m[K/home/student/41068RS12025-Group18/src/41068_ignition_bringup/src/mission_node.cpp:482:21:[m[K [01;31m[Kerror: [m[Kinvalid use of â€˜[01m[Kthis[m[Kâ€™ in non-member function
[3.171s] [01m[K/home/student/41068RS12025-Group18/src/41068_ignition_bringup/src/mission_node.cpp:482:9:[m[K [01;31m[Kerror: [m[Ktemplate argument 1 is invalid
[3.171s]   482 |         [01;31m[KRCLCPP_WARN[m[K(this->get_logger(), "Error loading mission parameters: %s", e.what());
[3.171s]       |         [01;31m[K^~~~~~~~~~~[m[K
[3.171s] In file included from [01m[K/opt/ros/humble/include/rclcpp/rclcpp/logging.hpp:24[m[K,
[3.171s]                  from [01m[K/opt/ros/humble/include/rclcpp/rclcpp/client.hpp:40[m[K,
[3.171s]                  from [01m[K/opt/ros/humble/include/rclcpp/rclcpp/callback_group.hpp:24[m[K,
[3.171s]                  from [01m[K/opt/ros/humble/include/rclcpp/rclcpp/any_executable.hpp:20[m[K,
[3.171s]                  from [01m[K/opt/ros/humble/include/rclcpp/rclcpp/memory_strategy.hpp:25[m[K,
[3.171s]                  from [01m[K/opt/ros/humble/include/rclcpp/rclcpp/memory_strategies.hpp:18[m[K,
[3.171s]                  from [01m[K/opt/ros/humble/include/rclcpp/rclcpp/executor_options.hpp:20[m[K,
[3.171s]                  from [01m[K/opt/ros/humble/include/rclcpp/rclcpp/executor.hpp:37[m[K,
[3.172s]                  from [01m[K/opt/ros/humble/include/rclcpp/rclcpp/executors/multi_threaded_executor.hpp:25[m[K,
[3.172s]                  from [01m[K/opt/ros/humble/include/rclcpp/rclcpp/executors.hpp:21[m[K,
[3.172s]                  from [01m[K/opt/ros/humble/include/rclcpp/rclcpp/rclcpp.hpp:155[m[K,
[3.172s]                  from [01m[K/home/student/41068RS12025-Group18/src/41068_ignition_bringup/include/mission_node.h:30[m[K,
[3.172s]                  from [01m[K/home/student/41068RS12025-Group18/src/41068_ignition_bringup/src/mission_node.cpp:1[m[K:
[3.172s] [01m[K/home/student/41068RS12025-Group18/src/41068_ignition_bringup/src/mission_node.cpp:482:21:[m[K [01;31m[Kerror: [m[Kinvalid use of â€˜[01m[Kthis[m[Kâ€™ in non-member function
[3.172s]   482 |         RCLCPP_WARN([01;31m[Kthis[m[K->get_logger(), "Error loading mission parameters: %s", e.what());
[3.172s]       |                     [01;31m[K^~~~[m[K
[3.172s] [01m[K/home/student/41068RS12025-Group18/src/41068_ignition_bringup/src/mission_node.cpp:482:21:[m[K [01;31m[Kerror: [m[Kinvalid use of â€˜[01m[Kthis[m[Kâ€™ in non-member function
[3.172s]   482 |         RCLCPP_WARN([01;31m[Kthis[m[K->get_logger(), "Error loading mission parameters: %s", e.what());
[3.172s]       |                     [01;31m[K^~~~[m[K
[3.172s] [01m[K/home/student/41068RS12025-Group18/src/41068_ignition_bringup/src/mission_node.cpp:[m[K At global scope:
[3.172s] [01m[K/home/student/41068RS12025-Group18/src/41068_ignition_bringup/src/mission_node.cpp:487:8:[m[K [01;31m[Kerror: [m[Kâ€˜[01m[KMissionPlannerNode[m[Kâ€™ has not been declared
[3.172s]   487 |   void [01;31m[KMissionPlannerNode[m[K::loadFallbackWaypoints() {
[3.172s]       |        [01;31m[K^~~~~~~~~~~~~~~~~~[m[K
[3.172s] [01m[K/home/student/41068RS12025-Group18/src/41068_ignition_bringup/src/mission_node.cpp:[m[K In function â€˜[01m[Kvoid loadFallbackWaypoints()[m[Kâ€™:
[3.173s] [01m[K/home/student/41068RS12025-Group18/src/41068_ignition_bringup/src/mission_node.cpp:493:31:[m[K [01;31m[Kerror: [m[Kinvalid use of â€˜[01m[Kthis[m[Kâ€™ in non-member function
[3.173s]   493 |       waypoint.header.stamp = [01;31m[Kthis[m[K->get_clock()->now();
[3.173s]       |                               [01;31m[K^~~~[m[K
[3.173s] [01m[K/home/student/41068RS12025-Group18/src/41068_ignition_bringup/src/mission_node.cpp:496:11:[m[K [01;31m[Kerror: [m[Kâ€˜[01m[Kdrone_id_[m[Kâ€™ was not declared in this scope
[3.173s]   496 |       if ([01;31m[Kdrone_id_[m[K == "rs1_drone_1") {
[3.173s]       |           [01;31m[K^~~~~~~~~[m[K
[3.173s] [01m[K/home/student/41068RS12025-Group18/src/41068_ignition_bringup/src/mission_node.cpp:519:7:[m[K [01;31m[Kerror: [m[Kâ€˜[01m[Kpath_planner_[m[Kâ€™ was not declared in this scope
[3.173s]   519 |       [01;31m[Kpath_planner_[m[K->setWaypoints(waypoints);
[3.173s]       |       [01;31m[K^~~~~~~~~~~~~[m[K
[3.173s] In file included from [01m[K/opt/ros/humble/include/rclcpp/rclcpp/client.hpp:40[m[K,
[3.173s]                  from [01m[K/opt/ros/humble/include/rclcpp/rclcpp/callback_group.hpp:24[m[K,
[3.173s]                  from [01m[K/opt/ros/humble/include/rclcpp/rclcpp/any_executable.hpp:20[m[K,
[3.173s]                  from [01m[K/opt/ros/humble/include/rclcpp/rclcpp/memory_strategy.hpp:25[m[K,
[3.174s]                  from [01m[K/opt/ros/humble/include/rclcpp/rclcpp/memory_strategies.hpp:18[m[K,
[3.174s]                  from [01m[K/opt/ros/humble/include/rclcpp/rclcpp/executor_options.hpp:20[m[K,
[3.174s]                  from [01m[K/opt/ros/humble/include/rclcpp/rclcpp/executor.hpp:37[m[K,
[3.174s]                  from [01m[K/opt/ros/humble/include/rclcpp/rclcpp/executors/multi_threaded_executor.hpp:25[m[K,
[3.174s]                  from [01m[K/opt/ros/humble/include/rclcpp/rclcpp/executors.hpp:21[m[K,
[3.174s]                  from [01m[K/opt/ros/humble/include/rclcpp/rclcpp/rclcpp.hpp:155[m[K,
[3.174s]                  from [01m[K/home/student/41068RS12025-Group18/src/41068_ignition_bringup/include/mission_node.h:30[m[K,
[3.174s]                  from [01m[K/home/student/41068RS12025-Group18/src/41068_ignition_bringup/src/mission_node.cpp:1[m[K:
[3.174s] [01m[K/home/student/41068RS12025-Group18/src/41068_ignition_bringup/src/mission_node.cpp:520:19:[m[K [01;31m[Kerror: [m[Kinvalid use of â€˜[01m[Kthis[m[Kâ€™ in non-member function
[3.174s]   520 |       RCLCPP_INFO([01;31m[Kthis[m[K->get_logger(), "Loaded fallback waypoint for %s", drone_id_.c_str());
[3.174s]       |                   [01;31m[K^~~~[m[K
[3.175s] [01m[K/home/student/41068RS12025-Group18/src/41068_ignition_bringup/src/mission_node.cpp:520:19:[m[K [01;31m[Kerror: [m[Kinvalid use of â€˜[01m[Kthis[m[Kâ€™ in non-member function
[3.175s] [01m[K/home/student/41068RS12025-Group18/src/41068_ignition_bringup/src/mission_node.cpp:520:7:[m[K [01;31m[Kerror: [m[Ktemplate argument 1 is invalid
[3.175s]   520 |       [01;31m[KRCLCPP_INFO[m[K(this->get_logger(), "Loaded fallback waypoint for %s", drone_id_.c_str());
[3.175s]       |       [01;31m[K^~~~~~~~~~~[m[K
[3.175s] In file included from [01m[K/opt/ros/humble/include/rclcpp/rclcpp/logging.hpp:24[m[K,
[3.175s]                  from [01m[K/opt/ros/humble/include/rclcpp/rclcpp/client.hpp:40[m[K,
[3.175s]                  from [01m[K/opt/ros/humble/include/rclcpp/rclcpp/callback_group.hpp:24[m[K,
[3.175s]                  from [01m[K/opt/ros/humble/include/rclcpp/rclcpp/any_executable.hpp:20[m[K,
[3.175s]                  from [01m[K/opt/ros/humble/include/rclcpp/rclcpp/memory_strategy.hpp:25[m[K,
[3.175s]                  from [01m[K/opt/ros/humble/include/rclcpp/rclcpp/memory_strategies.hpp:18[m[K,
[3.175s]                  from [01m[K/opt/ros/humble/include/rclcpp/rclcpp/executor_options.hpp:20[m[K,
[3.176s]                  from [01m[K/opt/ros/humble/include/rclcpp/rclcpp/executor.hpp:37[m[K,
[3.176s]                  from [01m[K/opt/ros/humble/include/rclcpp/rclcpp/executors/multi_threaded_executor.hpp:25[m[K,
[3.176s]                  from [01m[K/opt/ros/humble/include/rclcpp/rclcpp/executors.hpp:21[m[K,
[3.176s]                  from [01m[K/opt/ros/humble/include/rclcpp/rclcpp/rclcpp.hpp:155[m[K,
[3.176s]                  from [01m[K/home/student/41068RS12025-Group18/src/41068_ignition_bringup/include/mission_node.h:30[m[K,
[3.176s]                  from [01m[K/home/student/41068RS12025-Group18/src/41068_ignition_bringup/src/mission_node.cpp:1[m[K:
[3.176s] [01m[K/home/student/41068RS12025-Group18/src/41068_ignition_bringup/src/mission_node.cpp:520:19:[m[K [01;31m[Kerror: [m[Kinvalid use of â€˜[01m[Kthis[m[Kâ€™ in non-member function
[3.176s]   520 |       RCLCPP_INFO([01;31m[Kthis[m[K->get_logger(), "Loaded fallback waypoint for %s", drone_id_.c_str());
[3.176s]       |                   [01;31m[K^~~~[m[K
[3.176s] [01m[K/home/student/41068RS12025-Group18/src/41068_ignition_bringup/src/mission_node.cpp:520:19:[m[K [01;31m[Kerror: [m[Kinvalid use of â€˜[01m[Kthis[m[Kâ€™ in non-member function
[3.176s]   520 |       RCLCPP_INFO([01;31m[Kthis[m[K->get_logger(), "Loaded fallback waypoint for %s", drone_id_.c_str());
[3.177s]       |                   [01;31m[K^~~~[m[K
[3.177s] [01m[K/home/student/41068RS12025-Group18/src/41068_ignition_bringup/src/mission_node.cpp:520:74:[m[K [01;31m[Kerror: [m[Kâ€˜[01m[Kdrone_id_[m[Kâ€™ was not declared in this scope
[3.177s]   520 |       RCLCPP_INFO(this->get_logger(), "Loaded fallback waypoint for %s", [01;31m[Kdrone_id_[m[K.c_str());
[3.177s]       |                                                                          [01;31m[K^~~~~~~~~[m[K
[3.177s] [01m[K/home/student/41068RS12025-Group18/src/41068_ignition_bringup/src/mission_node.cpp:[m[K At global scope:
[3.177s] [01m[K/home/student/41068RS12025-Group18/src/41068_ignition_bringup/src/mission_node.cpp:524:8:[m[K [01;31m[Kerror: [m[Kâ€˜[01m[KMissionPlannerNode[m[Kâ€™ has not been declared
[3.177s]   524 |   void [01;31m[KMissionPlannerNode[m[K::startMissionCallback(
[3.177s]       |        [01;31m[K^~~~~~~~~~~~~~~~~~[m[K
[3.179s] In file included from [01m[K/opt/ros/humble/include/rclcpp/rclcpp/client.hpp:40[m[K,
[3.180s]                  from [01m[K/opt/ros/humble/include/rclcpp/rclcpp/callback_group.hpp:24[m[K,
[3.180s]                  from [01m[K/opt/ros/humble/include/rclcpp/rclcpp/any_executable.hpp:20[m[K,
[3.180s]                  from [01m[K/opt/ros/humble/include/rclcpp/rclcpp/memory_strategy.hpp:25[m[K,
[3.180s]                  from [01m[K/opt/ros/humble/include/rclcpp/rclcpp/memory_strategies.hpp:18[m[K,
[3.180s]                  from [01m[K/opt/ros/humble/include/rclcpp/rclcpp/executor_options.hpp:20[m[K,
[3.180s]                  from [01m[K/opt/ros/humble/include/rclcpp/rclcpp/executor.hpp:37[m[K,
[3.180s]                  from [01m[K/opt/ros/humble/include/rclcpp/rclcpp/executors/multi_threaded_executor.hpp:25[m[K,
[3.180s]                  from [01m[K/opt/ros/humble/include/rclcpp/rclcpp/executors.hpp:21[m[K,
[3.180s]                  from [01m[K/opt/ros/humble/include/rclcpp/rclcpp/rclcpp.hpp:155[m[K,
[3.180s]                  from [01m[K/home/student/41068RS12025-Group18/src/41068_ignition_bringup/include/mission_node.h:30[m[K,
[3.180s]                  from [01m[K/home/student/41068RS12025-Group18/src/41068_ignition_bringup/src/mission_node.cpp:1[m[K:
[3.180s] [01m[K/home/student/41068RS12025-Group18/src/41068_ignition_bringup/src/mission_node.cpp:[m[K In function â€˜[01m[Kvoid startMissionCallback(std::shared_ptr<std_srvs::srv::Trigger_Request_<std::allocator<void> > >, std::shared_ptr<std_srvs::srv::Trigger_Response_<std::allocator<void> > >)[m[Kâ€™:
[3.180s] [01m[K/home/student/41068RS12025-Group18/src/41068_ignition_bringup/src/mission_node.cpp:529:17:[m[K [01;31m[Kerror: [m[Kinvalid use of â€˜[01m[Kthis[m[Kâ€™ in non-member function
[3.181s]   529 |     RCLCPP_INFO([01;31m[Kthis[m[K->get_logger(), "Start mission service called for %s", drone_id_.c_str());
[3.181s]       |                 [01;31m[K^~~~[m[K
[3.181s] [01m[K/home/student/41068RS12025-Group18/src/41068_ignition_bringup/src/mission_node.cpp:529:17:[m[K [01;31m[Kerror: [m[Kinvalid use of â€˜[01m[Kthis[m[Kâ€™ in non-member function
[3.181s] [01m[K/home/student/41068RS12025-Group18/src/41068_ignition_bringup/src/mission_node.cpp:529:5:[m[K [01;31m[Kerror: [m[Ktemplate argument 1 is invalid
[3.181s]   529 |     [01;31m[KRCLCPP_INFO[m[K(this->get_logger(), "Start mission service called for %s", drone_id_.c_str());
[3.181s]       |     [01;31m[K^~~~~~~~~~~[m[K
[3.181s] In file included from [01m[K/opt/ros/humble/include/rclcpp/rclcpp/logging.hpp:24[m[K,
[3.181s]                  from [01m[K/opt/ros/humble/include/rclcpp/rclcpp/client.hpp:40[m[K,
[3.181s]                  from [01m[K/opt/ros/humble/include/rclcpp/rclcpp/callback_group.hpp:24[m[K,
[3.181s]                  from [01m[K/opt/ros/humble/include/rclcpp/rclcpp/any_executable.hpp:20[m[K,
[3.181s]                  from [01m[K/opt/ros/humble/include/rclcpp/rclcpp/memory_strategy.hpp:25[m[K,
[3.181s]                  from [01m[K/opt/ros/humble/include/rclcpp/rclcpp/memory_strategies.hpp:18[m[K,
[3.181s]                  from [01m[K/opt/ros/humble/include/rclcpp/rclcpp/executor_options.hpp:20[m[K,
[3.181s]                  from [01m[K/opt/ros/humble/include/rclcpp/rclcpp/executor.hpp:37[m[K,
[3.181s]                  from [01m[K/opt/ros/humble/include/rclcpp/rclcpp/executors/multi_threaded_executor.hpp:25[m[K,
[3.181s]                  from [01m[K/opt/ros/humble/include/rclcpp/rclcpp/executors.hpp:21[m[K,
[3.182s]                  from [01m[K/opt/ros/humble/include/rclcpp/rclcpp/rclcpp.hpp:155[m[K,
[3.182s]                  from [01m[K/home/student/41068RS12025-Group18/src/41068_ignition_bringup/include/mission_node.h:30[m[K,
[3.182s]                  from [01m[K/home/student/41068RS12025-Group18/src/41068_ignition_bringup/src/mission_node.cpp:1[m[K:
[3.182s] [01m[K/home/student/41068RS12025-Group18/src/41068_ignition_bringup/src/mission_node.cpp:529:17:[m[K [01;31m[Kerror: [m[Kinvalid use of â€˜[01m[Kthis[m[Kâ€™ in non-member function
[3.182s]   529 |     RCLCPP_INFO([01;31m[Kthis[m[K->get_logger(), "Start mission service called for %s", drone_id_.c_str());
[3.182s]       |                 [01;31m[K^~~~[m[K
[3.182s] [01m[K/home/student/41068RS12025-Group18/src/41068_ignition_bringup/src/mission_node.cpp:529:17:[m[K [01;31m[Kerror: [m[Kinvalid use of â€˜[01m[Kthis[m[Kâ€™ in non-member function
[3.182s]   529 |     RCLCPP_INFO([01;31m[Kthis[m[K->get_logger(), "Start mission service called for %s", drone_id_.c_str());
[3.182s]       |                 [01;31m[K^~~~[m[K
[3.183s] [01m[K/home/student/41068RS12025-Group18/src/41068_ignition_bringup/src/mission_node.cpp:529:76:[m[K [01;31m[Kerror: [m[Kâ€˜[01m[Kdrone_id_[m[Kâ€™ was not declared in this scope
[3.183s]   529 |     RCLCPP_INFO(this->get_logger(), "Start mission service called for %s", [01;31m[Kdrone_id_[m[K.c_str());
[3.183s]       |                                                                            [01;31m[K^~~~~~~~~[m[K
[3.188s] [01m[K/home/student/41068RS12025-Group18/src/41068_ignition_bringup/src/mission_node.cpp:532:9:[m[K [01;31m[Kerror: [m[Kâ€˜[01m[Kstate_machine_[m[Kâ€™ was not declared in this scope
[3.188s]   532 |     if ([01;31m[Kstate_machine_[m[K->getCurrentState() != MissionState::IDLE) {
[3.188s]       |         [01;31m[K^~~~~~~~~~~~~~[m[K
[3.188s] [01m[K/home/student/41068RS12025-Group18/src/41068_ignition_bringup/src/mission_node.cpp:532:46:[m[K [01;31m[Kerror: [m[Kâ€˜[01m[KMissionState[m[Kâ€™ has not been declared
[3.188s]   532 |     if (state_machine_->getCurrentState() != [01;31m[KMissionState[m[K::IDLE) {
[3.188s]       |                                              [01;31m[K^~~~~~~~~~~~[m[K
[3.188s] In file included from [01m[K/opt/ros/humble/include/rclcpp/rclcpp/client.hpp:40[m[K,
[3.188s]                  from [01m[K/opt/ros/humble/include/rclcpp/rclcpp/callback_group.hpp:24[m[K,
[3.189s]                  from [01m[K/opt/ros/humble/include/rclcpp/rclcpp/any_executable.hpp:20[m[K,
[3.189s]                  from [01m[K/opt/ros/humble/include/rclcpp/rclcpp/memory_strategy.hpp:25[m[K,
[3.189s]                  from [01m[K/opt/ros/humble/include/rclcpp/rclcpp/memory_strategies.hpp:18[m[K,
[3.189s]                  from [01m[K/opt/ros/humble/include/rclcpp/rclcpp/executor_options.hpp:20[m[K,
[3.189s]                  from [01m[K/opt/ros/humble/include/rclcpp/rclcpp/executor.hpp:37[m[K,
[3.189s]                  from [01m[K/opt/ros/humble/include/rclcpp/rclcpp/executors/multi_threaded_executor.hpp:25[m[K,
[3.189s]                  from [01m[K/opt/ros/humble/include/rclcpp/rclcpp/executors.hpp:21[m[K,
[3.189s]                  from [01m[K/opt/ros/humble/include/rclcpp/rclcpp/rclcpp.hpp:155[m[K,
[3.189s]                  from [01m[K/home/student/41068RS12025-Group18/src/41068_ignition_bringup/include/mission_node.h:30[m[K,
[3.189s]                  from [01m[K/home/student/41068RS12025-Group18/src/41068_ignition_bringup/src/mission_node.cpp:1[m[K:
[3.189s] [01m[K/home/student/41068RS12025-Group18/src/41068_ignition_bringup/src/mission_node.cpp:536:19:[m[K [01;31m[Kerror: [m[Kinvalid use of â€˜[01m[Kthis[m[Kâ€™ in non-member function
[3.189s]   536 |       RCLCPP_WARN([01;31m[Kthis[m[K->get_logger(), "%s", response->message.c_str());
[3.189s]       |                   [01;31m[K^~~~[m[K
[3.189s] [01m[K/home/student/41068RS12025-Group18/src/41068_ignition_bringup/src/mission_node.cpp:536:19:[m[K [01;31m[Kerror: [m[Kinvalid use of â€˜[01m[Kthis[m[Kâ€™ in non-member function
[3.190s] [01m[K/home/student/41068RS12025-Group18/src/41068_ignition_bringup/src/mission_node.cpp:536:7:[m[K [01;31m[Kerror: [m[Ktemplate argument 1 is invalid
[3.190s]   536 |       [01;31m[KRCLCPP_WARN[m[K(this->get_logger(), "%s", response->message.c_str());
[3.190s]       |       [01;31m[K^~~~~~~~~~~[m[K
[3.190s] In file included from [01m[K/opt/ros/humble/include/rclcpp/rclcpp/logging.hpp:24[m[K,
[3.190s]                  from [01m[K/opt/ros/humble/include/rclcpp/rclcpp/client.hpp:40[m[K,
[3.190s]                  from [01m[K/opt/ros/humble/include/rclcpp/rclcpp/callback_group.hpp:24[m[K,
[3.190s]                  from [01m[K/opt/ros/humble/include/rclcpp/rclcpp/any_executable.hpp:20[m[K,
[3.190s]                  from [01m[K/opt/ros/humble/include/rclcpp/rclcpp/memory_strategy.hpp:25[m[K,
[3.190s]                  from [01m[K/opt/ros/humble/include/rclcpp/rclcpp/memory_strategies.hpp:18[m[K,
[3.190s]                  from [01m[K/opt/ros/humble/include/rclcpp/rclcpp/executor_options.hpp:20[m[K,
[3.190s]                  from [01m[K/opt/ros/humble/include/rclcpp/rclcpp/executor.hpp:37[m[K,
[3.190s]                  from [01m[K/opt/ros/humble/include/rclcpp/rclcpp/executors/multi_threaded_executor.hpp:25[m[K,
[3.190s]                  from [01m[K/opt/ros/humble/include/rclcpp/rclcpp/executors.hpp:21[m[K,
[3.190s]                  from [01m[K/opt/ros/humble/include/rclcpp/rclcpp/rclcpp.hpp:155[m[K,
[3.190s]                  from [01m[K/home/student/41068RS12025-Group18/src/41068_ignition_bringup/include/mission_node.h:30[m[K,
[3.190s]                  from [01m[K/home/student/41068RS12025-Group18/src/41068_ignition_bringup/src/mission_node.cpp:1[m[K:
[3.191s] [01m[K/home/student/41068RS12025-Group18/src/41068_ignition_bringup/src/mission_node.cpp:536:19:[m[K [01;31m[Kerror: [m[Kinvalid use of â€˜[01m[Kthis[m[Kâ€™ in non-member function
[3.191s]   536 |       RCLCPP_WARN([01;31m[Kthis[m[K->get_logger(), "%s", response->message.c_str());
[3.191s]       |                   [01;31m[K^~~~[m[K
[3.191s] [01m[K/home/student/41068RS12025-Group18/src/41068_ignition_bringup/src/mission_node.cpp:536:19:[m[K [01;31m[Kerror: [m[Kinvalid use of â€˜[01m[Kthis[m[Kâ€™ in non-member function
[3.191s]   536 |       RCLCPP_WARN([01;31m[Kthis[m[K->get_logger(), "%s", response->message.c_str());
[3.191s]       |                   [01;31m[K^~~~[m[K
[3.192s] [01m[K/home/student/41068RS12025-Group18/src/41068_ignition_bringup/src/mission_node.cpp:541:5:[m[K [01;31m[Kerror: [m[Kâ€˜[01m[Kstate_machine_[m[Kâ€™ was not declared in this scope
[3.193s]   541 |     [01;31m[Kstate_machine_[m[K->setState(MissionState::TAKEOFF);
[3.193s]       |     [01;31m[K^~~~~~~~~~~~~~[m[K
[3.193s] [01m[K/home/student/41068RS12025-Group18/src/41068_ignition_bringup/src/mission_node.cpp:541:30:[m[K [01;31m[Kerror: [m[Kâ€˜[01m[KMissionState[m[Kâ€™ has not been declared
[3.193s]   541 |     state_machine_->setState([01;31m[KMissionState[m[K::TAKEOFF);
[3.193s]       |                              [01;31m[K^~~~~~~~~~~~[m[K
[3.199s] [01m[K/home/student/41068RS12025-Group18/src/41068_ignition_bringup/src/mission_node.cpp:546:5:[m[K [01;31m[Kerror: [m[Kâ€˜[01m[Kmission_state_pub_[m[Kâ€™ was not declared in this scope
[3.199s]   546 |     [01;31m[Kmission_state_pub_[m[K->publish(state_msg);
[3.199s]       |     [01;31m[K^~~~~~~~~~~~~~~~~~[m[K
[3.199s] In file included from [01m[K/opt/ros/humble/include/rclcpp/rclcpp/client.hpp:40[m[K,
[3.199s]                  from [01m[K/opt/ros/humble/include/rclcpp/rclcpp/callback_group.hpp:24[m[K,
[3.199s]                  from [01m[K/opt/ros/humble/include/rclcpp/rclcpp/any_executable.hpp:20[m[K,
[3.199s]                  from [01m[K/opt/ros/humble/include/rclcpp/rclcpp/memory_strategy.hpp:25[m[K,
[3.199s]                  from [01m[K/opt/ros/humble/include/rclcpp/rclcpp/memory_strategies.hpp:18[m[K,
[3.199s]                  from [01m[K/opt/ros/humble/include/rclcpp/rclcpp/executor_options.hpp:20[m[K,
[3.200s]                  from [01m[K/opt/ros/humble/include/rclcpp/rclcpp/executor.hpp:37[m[K,
[3.200s]                  from [01m[K/opt/ros/humble/include/rclcpp/rclcpp/executors/multi_threaded_executor.hpp:25[m[K,
[3.200s]                  from [01m[K/opt/ros/humble/include/rclcpp/rclcpp/executors.hpp:21[m[K,
[3.200s]                  from [01m[K/opt/ros/humble/include/rclcpp/rclcpp/rclcpp.hpp:155[m[K,
[3.200s]                  from [01m[K/home/student/41068RS12025-Group18/src/41068_ignition_bringup/include/mission_node.h:30[m[K,
[3.200s]                  from [01m[K/home/student/41068RS12025-Group18/src/41068_ignition_bringup/src/mission_node.cpp:1[m[K:
[3.200s] [01m[K/home/student/41068RS12025-Group18/src/41068_ignition_bringup/src/mission_node.cpp:551:17:[m[K [01;31m[Kerror: [m[Kinvalid use of â€˜[01m[Kthis[m[Kâ€™ in non-member function
[3.200s]   551 |     RCLCPP_INFO([01;31m[Kthis[m[K->get_logger(), "Mission started for %s - transitioning to TAKEOFF", drone_id_.c_str());
[3.200s]       |                 [01;31m[K^~~~[m[K
[3.200s] [01m[K/home/student/41068RS12025-Group18/src/41068_ignition_bringup/src/mission_node.cpp:551:17:[m[K [01;31m[Kerror: [m[Kinvalid use of â€˜[01m[Kthis[m[Kâ€™ in non-member function
[3.200s] [01m[K/home/student/41068RS12025-Group18/src/41068_ignition_bringup/src/mission_node.cpp:551:5:[m[K [01;31m[Kerror: [m[Ktemplate argument 1 is invalid
[3.200s]   551 |     [01;31m[KRCLCPP_INFO[m[K(this->get_logger(), "Mission started for %s - transitioning to TAKEOFF", drone_id_.c_str());
[3.200s]       |     [01;31m[K^~~~~~~~~~~[m[K
[3.200s] In file included from [01m[K/opt/ros/humble/include/rclcpp/rclcpp/logging.hpp:24[m[K,
[3.200s]                  from [01m[K/opt/ros/humble/include/rclcpp/rclcpp/client.hpp:40[m[K,
[3.200s]                  from [01m[K/opt/ros/humble/include/rclcpp/rclcpp/callback_group.hpp:24[m[K,
[3.200s]                  from [01m[K/opt/ros/humble/include/rclcpp/rclcpp/any_executable.hpp:20[m[K,
[3.201s]                  from [01m[K/opt/ros/humble/include/rclcpp/rclcpp/memory_strategy.hpp:25[m[K,
[3.201s]                  from [01m[K/opt/ros/humble/include/rclcpp/rclcpp/memory_strategies.hpp:18[m[K,
[3.201s]                  from [01m[K/opt/ros/humble/include/rclcpp/rclcpp/executor_options.hpp:20[m[K,
[3.201s]                  from [01m[K/opt/ros/humble/include/rclcpp/rclcpp/executor.hpp:37[m[K,
[3.201s]                  from [01m[K/opt/ros/humble/include/rclcpp/rclcpp/executors/multi_threaded_executor.hpp:25[m[K,
[3.201s]                  from [01m[K/opt/ros/humble/include/rclcpp/rclcpp/executors.hpp:21[m[K,
[3.201s]                  from [01m[K/opt/ros/humble/include/rclcpp/rclcpp/rclcpp.hpp:155[m[K,
[3.201s]                  from [01m[K/home/student/41068RS12025-Group18/src/41068_ignition_bringup/include/mission_node.h:30[m[K,
[3.201s]                  from [01m[K/home/student/41068RS12025-Group18/src/41068_ignition_bringup/src/mission_node.cpp:1[m[K:
[3.201s] [01m[K/home/student/41068RS12025-Group18/src/41068_ignition_bringup/src/mission_node.cpp:551:17:[m[K [01;31m[Kerror: [m[Kinvalid use of â€˜[01m[Kthis[m[Kâ€™ in non-member function
[3.201s]   551 |     RCLCPP_INFO([01;31m[Kthis[m[K->get_logger(), "Mission started for %s - transitioning to TAKEOFF", drone_id_.c_str());
[3.201s]       |                 [01;31m[K^~~~[m[K
[3.201s] [01m[K/home/student/41068RS12025-Group18/src/41068_ignition_bringup/src/mission_node.cpp:551:17:[m[K [01;31m[Kerror: [m[Kinvalid use of â€˜[01m[Kthis[m[Kâ€™ in non-member function
[3.201s]   551 |     RCLCPP_INFO([01;31m[Kthis[m[K->get_logger(), "Mission started for %s - transitioning to TAKEOFF", drone_id_.c_str());
[3.201s]       |                 [01;31m[K^~~~[m[K
[3.202s] [01m[K/home/student/41068RS12025-Group18/src/41068_ignition_bringup/src/mission_node.cpp:551:90:[m[K [01;31m[Kerror: [m[Kâ€˜[01m[Kdrone_id_[m[Kâ€™ was not declared in this scope
[3.202s]   551 |     RCLCPP_INFO(this->get_logger(), "Mission started for %s - transitioning to TAKEOFF", [01;31m[Kdrone_id_[m[K.c_str());
[3.202s]       |                                                                                          [01;31m[K^~~~~~~~~[m[K
[3.202s] [01m[K/home/student/41068RS12025-Group18/src/41068_ignition_bringup/src/mission_node.cpp:[m[K At global scope:
[3.203s] [01m[K/home/student/41068RS12025-Group18/src/41068_ignition_bringup/src/mission_node.cpp:554:8:[m[K [01;31m[Kerror: [m[Kâ€˜[01m[KMissionPlannerNode[m[Kâ€™ has not been declared
[3.203s]   554 |   void [01;31m[KMissionPlannerNode[m[K::stopMissionCallback(
[3.203s]       |        [01;31m[K^~~~~~~~~~~~~~~~~~[m[K
[3.203s] In file included from [01m[K/opt/ros/humble/include/rclcpp/rclcpp/client.hpp:40[m[K,
[3.203s]                  from [01m[K/opt/ros/humble/include/rclcpp/rclcpp/callback_group.hpp:24[m[K,
[3.203s]                  from [01m[K/opt/ros/humble/include/rclcpp/rclcpp/any_executable.hpp:20[m[K,
[3.203s]                  from [01m[K/opt/ros/humble/include/rclcpp/rclcpp/memory_strategy.hpp:25[m[K,
[3.203s]                  from [01m[K/opt/ros/humble/include/rclcpp/rclcpp/memory_strategies.hpp:18[m[K,
[3.203s]                  from [01m[K/opt/ros/humble/include/rclcpp/rclcpp/executor_options.hpp:20[m[K,
[3.203s]                  from [01m[K/opt/ros/humble/include/rclcpp/rclcpp/executor.hpp:37[m[K,
[3.203s]                  from [01m[K/opt/ros/humble/include/rclcpp/rclcpp/executors/multi_threaded_executor.hpp:25[m[K,
[3.203s]                  from [01m[K/opt/ros/humble/include/rclcpp/rclcpp/executors.hpp:21[m[K,
[3.203s]                  from [01m[K/opt/ros/humble/include/rclcpp/rclcpp/rclcpp.hpp:155[m[K,
[3.204s]                  from [01m[K/home/student/41068RS12025-Group18/src/41068_ignition_bringup/include/mission_node.h:30[m[K,
[3.204s]                  from [01m[K/home/student/41068RS12025-Group18/src/41068_ignition_bringup/src/mission_node.cpp:1[m[K:
[3.204s] [01m[K/home/student/41068RS12025-Group18/src/41068_ignition_bringup/src/mission_node.cpp:[m[K In function â€˜[01m[Kvoid stopMissionCallback(std::shared_ptr<std_srvs::srv::Trigger_Request_<std::allocator<void> > >, std::shared_ptr<std_srvs::srv::Trigger_Response_<std::allocator<void> > >)[m[Kâ€™:
[3.204s] [01m[K/home/student/41068RS12025-Group18/src/41068_ignition_bringup/src/mission_node.cpp:559:17:[m[K [01;31m[Kerror: [m[Kinvalid use of â€˜[01m[Kthis[m[Kâ€™ in non-member function
[3.204s]   559 |     RCLCPP_INFO([01;31m[Kthis[m[K->get_logger(), "Stop mission service called for %s", drone_id_.c_str());
[3.204s]       |                 [01;31m[K^~~~[m[K
[3.204s] [01m[K/home/student/41068RS12025-Group18/src/41068_ignition_bringup/src/mission_node.cpp:559:17:[m[K [01;31m[Kerror: [m[Kinvalid use of â€˜[01m[Kthis[m[Kâ€™ in non-member function
[3.204s] [01m[K/home/student/41068RS12025-Group18/src/41068_ignition_bringup/src/mission_node.cpp:559:5:[m[K [01;31m[Kerror: [m[Ktemplate argument 1 is invalid
[3.204s]   559 |     [01;31m[KRCLCPP_INFO[m[K(this->get_logger(), "Stop mission service called for %s", drone_id_.c_str());
[3.204s]       |     [01;31m[K^~~~~~~~~~~[m[K
[3.204s] In file included from [01m[K/opt/ros/humble/include/rclcpp/rclcpp/logging.hpp:24[m[K,
[3.204s]                  from [01m[K/opt/ros/humble/include/rclcpp/rclcpp/client.hpp:40[m[K,
[3.204s]                  from [01m[K/opt/ros/humble/include/rclcpp/rclcpp/callback_group.hpp:24[m[K,
[3.204s]                  from [01m[K/opt/ros/humble/include/rclcpp/rclcpp/any_executable.hpp:20[m[K,
[3.204s]                  from [01m[K/opt/ros/humble/include/rclcpp/rclcpp/memory_strategy.hpp:25[m[K,
[3.204s]                  from [01m[K/opt/ros/humble/include/rclcpp/rclcpp/memory_strategies.hpp:18[m[K,
[3.205s]                  from [01m[K/opt/ros/humble/include/rclcpp/rclcpp/executor_options.hpp:20[m[K,
[3.205s]                  from [01m[K/opt/ros/humble/include/rclcpp/rclcpp/executor.hpp:37[m[K,
[3.205s]                  from [01m[K/opt/ros/humble/include/rclcpp/rclcpp/executors/multi_threaded_executor.hpp:25[m[K,
[3.205s]                  from [01m[K/opt/ros/humble/include/rclcpp/rclcpp/executors.hpp:21[m[K,
[3.205s]                  from [01m[K/opt/ros/humble/include/rclcpp/rclcpp/rclcpp.hpp:155[m[K,
[3.205s]                  from [01m[K/home/student/41068RS12025-Group18/src/41068_ignition_bringup/include/mission_node.h:30[m[K,
[3.205s]                  from [01m[K/home/student/41068RS12025-Group18/src/41068_ignition_bringup/src/mission_node.cpp:1[m[K:
[3.205s] [01m[K/home/student/41068RS12025-Group18/src/41068_ignition_bringup/src/mission_node.cpp:559:17:[m[K [01;31m[Kerror: [m[Kinvalid use of â€˜[01m[Kthis[m[Kâ€™ in non-member function
[3.205s]   559 |     RCLCPP_INFO([01;31m[Kthis[m[K->get_logger(), "Stop mission service called for %s", drone_id_.c_str());
[3.205s]       |                 [01;31m[K^~~~[m[K
[3.205s] [01m[K/home/student/41068RS12025-Group18/src/41068_ignition_bringup/src/mission_node.cpp:559:17:[m[K [01;31m[Kerror: [m[Kinvalid use of â€˜[01m[Kthis[m[Kâ€™ in non-member function
[3.205s]   559 |     RCLCPP_INFO([01;31m[Kthis[m[K->get_logger(), "Stop mission service called for %s", drone_id_.c_str());
[3.205s]       |                 [01;31m[K^~~~[m[K
[3.206s] [01m[K/home/student/41068RS12025-Group18/src/41068_ignition_bringup/src/mission_node.cpp:559:75:[m[K [01;31m[Kerror: [m[Kâ€˜[01m[Kdrone_id_[m[Kâ€™ was not declared in this scope
[3.206s]   559 |     RCLCPP_INFO(this->get_logger(), "Stop mission service called for %s", [01;31m[Kdrone_id_[m[K.c_str());
[3.206s]       |                                                                           [01;31m[K^~~~~~~~~[m[K
[3.206s] [01m[K/home/student/41068RS12025-Group18/src/41068_ignition_bringup/src/mission_node.cpp:562:5:[m[K [01;31m[Kerror: [m[Kâ€˜[01m[KMissionState[m[Kâ€™ was not declared in this scope; did you mean â€˜[01m[Kdrone::MissionState[m[Kâ€™?
[3.206s]   562 |     [01;31m[KMissionState[m[K current_state = state_machine_->getCurrentState();
[3.206s]       |     [01;31m[K^~~~~~~~~~~~[m[K
[3.206s]       |     [32m[Kdrone::MissionState[m[K
[3.206s] In file included from [01m[K/home/student/41068RS12025-Group18/src/41068_ignition_bringup/include/mission/state_machine.h:15[m[K,
[3.206s]                  from [01m[K/home/student/41068RS12025-Group18/src/41068_ignition_bringup/include/mission_node.h:38[m[K,
[3.206s]                  from [01m[K/home/student/41068RS12025-Group18/src/41068_ignition_bringup/src/mission_node.cpp:1[m[K:
[3.206s] [01m[K/home/student/41068RS12025-Group18/src/41068_ignition_bringup/include/mission_state.h:23:12:[m[K [01;36m[Knote: [m[Kâ€˜[01m[Kdrone::MissionState[m[Kâ€™ declared here
[3.206s]    23 | enum class [01;36m[KMissionState[m[K
[3.207s]       |            [01;36m[K^~~~~~~~~~~~[m[K
[3.210s] [01m[K/home/student/41068RS12025-Group18/src/41068_ignition_bringup/src/mission_node.cpp:564:9:[m[K [01;31m[Kerror: [m[Kâ€˜[01m[Kcurrent_state[m[Kâ€™ was not declared in this scope
[3.210s]   564 |     if ([01;31m[Kcurrent_state[m[K == MissionState::IDLE) {
[3.210s]       |         [01;31m[K^~~~~~~~~~~~~[m[K
[3.210s] [01m[K/home/student/41068RS12025-Group18/src/41068_ignition_bringup/src/mission_node.cpp:564:26:[m[K [01;31m[Kerror: [m[Kâ€˜[01m[KMissionState[m[Kâ€™ is not a class, namespace, or enumeration
[3.210s]   564 |     if (current_state == [01;31m[KMissionState[m[K::IDLE) {
[3.210s]       |                          [01;31m[K^~~~~~~~~~~~[m[K
[3.215s] [01m[K/home/student/41068RS12025-Group18/src/41068_ignition_bringup/src/mission_node.cpp:571:5:[m[K [01;31m[Kerror: [m[Kâ€˜[01m[Kstate_machine_[m[Kâ€™ was not declared in this scope
[3.215s]   571 |     [01;31m[Kstate_machine_[m[K->setState(MissionState::LANDING);
[3.215s]       |     [01;31m[K^~~~~~~~~~~~~~[m[K
[3.215s] [01m[K/home/student/41068RS12025-Group18/src/41068_ignition_bringup/src/mission_node.cpp:571:30:[m[K [01;31m[Kerror: [m[Kâ€˜[01m[KMissionState[m[Kâ€™ is not a class, namespace, or enumeration
[3.215s]   571 |     state_machine_->setState([01;31m[KMissionState[m[K::LANDING);
[3.215s]       |                              [01;31m[K^~~~~~~~~~~~[m[K
[3.220s] [01m[K/home/student/41068RS12025-Group18/src/41068_ignition_bringup/src/mission_node.cpp:576:5:[m[K [01;31m[Kerror: [m[Kâ€˜[01m[Kmission_state_pub_[m[Kâ€™ was not declared in this scope
[3.220s]   576 |     [01;31m[Kmission_state_pub_[m[K->publish(state_msg);
[3.221s]       |     [01;31m[K^~~~~~~~~~~~~~~~~~[m[K
[3.221s] In file included from [01m[K/opt/ros/humble/include/rclcpp/rclcpp/client.hpp:40[m[K,
[3.221s]                  from [01m[K/opt/ros/humble/include/rclcpp/rclcpp/callback_group.hpp:24[m[K,
[3.221s]                  from [01m[K/opt/ros/humble/include/rclcpp/rclcpp/any_executable.hpp:20[m[K,
[3.221s]                  from [01m[K/opt/ros/humble/include/rclcpp/rclcpp/memory_strategy.hpp:25[m[K,
[3.221s]                  from [01m[K/opt/ros/humble/include/rclcpp/rclcpp/memory_strategies.hpp:18[m[K,
[3.221s]                  from [01m[K/opt/ros/humble/include/rclcpp/rclcpp/executor_options.hpp:20[m[K,
[3.221s]                  from [01m[K/opt/ros/humble/include/rclcpp/rclcpp/executor.hpp:37[m[K,
[3.221s]                  from [01m[K/opt/ros/humble/include/rclcpp/rclcpp/executors/multi_threaded_executor.hpp:25[m[K,
[3.221s]                  from [01m[K/opt/ros/humble/include/rclcpp/rclcpp/executors.hpp:21[m[K,
[3.221s]                  from [01m[K/opt/ros/humble/include/rclcpp/rclcpp/rclcpp.hpp:155[m[K,
[3.221s]                  from [01m[K/home/student/41068RS12025-Group18/src/41068_ignition_bringup/include/mission_node.h:30[m[K,
[3.221s]                  from [01m[K/home/student/41068RS12025-Group18/src/41068_ignition_bringup/src/mission_node.cpp:1[m[K:
[3.221s] [01m[K/home/student/41068RS12025-Group18/src/41068_ignition_bringup/src/mission_node.cpp:581:17:[m[K [01;31m[Kerror: [m[Kinvalid use of â€˜[01m[Kthis[m[Kâ€™ in non-member function
[3.222s]   581 |     RCLCPP_INFO([01;31m[Kthis[m[K->get_logger(), "Mission stopped for %s - transitioning to LANDING", drone_id_.c_str());
[3.222s]       |                 [01;31m[K^~~~[m[K
[3.222s] [01m[K/home/student/41068RS12025-Group18/src/41068_ignition_bringup/src/mission_node.cpp:581:17:[m[K [01;31m[Kerror: [m[Kinvalid use of â€˜[01m[Kthis[m[Kâ€™ in non-member function
[3.222s] [01m[K/home/student/41068RS12025-Group18/src/41068_ignition_bringup/src/mission_node.cpp:581:5:[m[K [01;31m[Kerror: [m[Ktemplate argument 1 is invalid
[3.222s]   581 |     [01;31m[KRCLCPP_INFO[m[K(this->get_logger(), "Mission stopped for %s - transitioning to LANDING", drone_id_.c_str());
[3.222s]       |     [01;31m[K^~~~~~~~~~~[m[K
[3.222s] In file included from [01m[K/opt/ros/humble/include/rclcpp/rclcpp/logging.hpp:24[m[K,
[3.222s]                  from [01m[K/opt/ros/humble/include/rclcpp/rclcpp/client.hpp:40[m[K,
[3.222s]                  from [01m[K/opt/ros/humble/include/rclcpp/rclcpp/callback_group.hpp:24[m[K,
[3.222s]                  from [01m[K/opt/ros/humble/include/rclcpp/rclcpp/any_executable.hpp:20[m[K,
[3.222s]                  from [01m[K/opt/ros/humble/include/rclcpp/rclcpp/memory_strategy.hpp:25[m[K,
[3.222s]                  from [01m[K/opt/ros/humble/include/rclcpp/rclcpp/memory_strategies.hpp:18[m[K,
[3.222s]                  from [01m[K/opt/ros/humble/include/rclcpp/rclcpp/executor_options.hpp:20[m[K,
[3.222s]                  from [01m[K/opt/ros/humble/include/rclcpp/rclcpp/executor.hpp:37[m[K,
[3.222s]                  from [01m[K/opt/ros/humble/include/rclcpp/rclcpp/executors/multi_threaded_executor.hpp:25[m[K,
[3.222s]                  from [01m[K/opt/ros/humble/include/rclcpp/rclcpp/executors.hpp:21[m[K,
[3.223s]                  from [01m[K/opt/ros/humble/include/rclcpp/rclcpp/rclcpp.hpp:155[m[K,
[3.223s]                  from [01m[K/home/student/41068RS12025-Group18/src/41068_ignition_bringup/include/mission_node.h:30[m[K,
[3.223s]                  from [01m[K/home/student/41068RS12025-Group18/src/41068_ignition_bringup/src/mission_node.cpp:1[m[K:
[3.223s] [01m[K/home/student/41068RS12025-Group18/src/41068_ignition_bringup/src/mission_node.cpp:581:17:[m[K [01;31m[Kerror: [m[Kinvalid use of â€˜[01m[Kthis[m[Kâ€™ in non-member function
[3.223s]   581 |     RCLCPP_INFO([01;31m[Kthis[m[K->get_logger(), "Mission stopped for %s - transitioning to LANDING", drone_id_.c_str());
[3.223s]       |                 [01;31m[K^~~~[m[K
[3.223s] [01m[K/home/student/41068RS12025-Group18/src/41068_ignition_bringup/src/mission_node.cpp:581:17:[m[K [01;31m[Kerror: [m[Kinvalid use of â€˜[01m[Kthis[m[Kâ€™ in non-member function
[3.223s]   581 |     RCLCPP_INFO([01;31m[Kthis[m[K->get_logger(), "Mission stopped for %s - transitioning to LANDING", drone_id_.c_str());
[3.223s]       |                 [01;31m[K^~~~[m[K
[3.224s] [01m[K/home/student/41068RS12025-Group18/src/41068_ignition_bringup/src/mission_node.cpp:581:90:[m[K [01;31m[Kerror: [m[Kâ€˜[01m[Kdrone_id_[m[Kâ€™ was not declared in this scope
[3.224s]   581 |     RCLCPP_INFO(this->get_logger(), "Mission stopped for %s - transitioning to LANDING", [01;31m[Kdrone_id_[m[K.c_str());
[3.224s]       |                                                                                          [01;31m[K^~~~~~~~~[m[K
[3.224s] [01m[K/home/student/41068RS12025-Group18/src/41068_ignition_bringup/src/mission_node.cpp:[m[K At global scope:
[3.224s] [01m[K/home/student/41068RS12025-Group18/src/41068_ignition_bringup/src/mission_node.cpp:586:8:[m[K [01;31m[Kerror: [m[Kâ€˜[01m[KMissionPlannerNode[m[Kâ€™ has not been declared
[3.224s]   586 |   void [01;31m[KMissionPlannerNode[m[K::executeMission() {
[3.224s]       |        [01;31m[K^~~~~~~~~~~~~~~~~~[m[K
[3.224s] [01m[K/home/student/41068RS12025-Group18/src/41068_ignition_bringup/src/mission_node.cpp:[m[K In function â€˜[01m[Kvoid executeMission()[m[Kâ€™:
[3.224s] [01m[K/home/student/41068RS12025-Group18/src/41068_ignition_bringup/src/mission_node.cpp:587:5:[m[K [01;31m[Kerror: [m[Kâ€˜[01m[KMissionState[m[Kâ€™ was not declared in this scope; did you mean â€˜[01m[Kdrone::MissionState[m[Kâ€™?
[3.225s]   587 |     [01;31m[KMissionState[m[K current_state = state_machine_->getCurrentState();
[3.225s]       |     [01;31m[K^~~~~~~~~~~~[m[K
[3.225s]       |     [32m[Kdrone::MissionState[m[K
[3.225s] In file included from [01m[K/home/student/41068RS12025-Group18/src/41068_ignition_bringup/include/mission/state_machine.h:15[m[K,
[3.225s]                  from [01m[K/home/student/41068RS12025-Group18/src/41068_ignition_bringup/include/mission_node.h:38[m[K,
[3.225s]                  from [01m[K/home/student/41068RS12025-Group18/src/41068_ignition_bringup/src/mission_node.cpp:1[m[K:
[3.225s] [01m[K/home/student/41068RS12025-Group18/src/41068_ignition_bringup/include/mission_state.h:23:12:[m[K [01;36m[Knote: [m[Kâ€˜[01m[Kdrone::MissionState[m[Kâ€™ declared here
[3.225s]    23 | enum class [01;36m[KMissionState[m[K
[3.225s]       |            [01;36m[K^~~~~~~~~~~~[m[K
[3.228s] [01m[K/home/student/41068RS12025-Group18/src/41068_ignition_bringup/src/mission_node.cpp:589:13:[m[K [01;31m[Kerror: [m[Kâ€˜[01m[Kcurrent_state[m[Kâ€™ was not declared in this scope
[3.228s]   589 |     switch ([01;31m[Kcurrent_state[m[K) {
[3.228s]       |             [01;31m[K^~~~~~~~~~~~~[m[K
[3.228s] [01m[K/home/student/41068RS12025-Group18/src/41068_ignition_bringup/src/mission_node.cpp:590:12:[m[K [01;31m[Kerror: [m[Kâ€˜[01m[KMissionState[m[Kâ€™ is not a class, namespace, or enumeration
[3.228s]   590 |       case [01;31m[KMissionState[m[K::IDLE:
[3.228s]       |            [01;31m[K^~~~~~~~~~~~[m[K
[3.228s] [01m[K/home/student/41068RS12025-Group18/src/41068_ignition_bringup/src/mission_node.cpp:594:12:[m[K [01;31m[Kerror: [m[Kâ€˜[01m[KMissionState[m[Kâ€™ is not a class, namespace, or enumeration
[3.228s]   594 |       case [01;31m[KMissionState[m[K::TAKEOFF:
[3.228s]       |            [01;31m[K^~~~~~~~~~~~[m[K
[3.231s] [01m[K/home/student/41068RS12025-Group18/src/41068_ignition_bringup/src/mission_node.cpp:597:9:[m[K [01;31m[Kerror: [m[Kâ€˜[01m[Ktakeoff[m[Kâ€™ was not declared in this scope
[3.231s]   597 |         [01;31m[Ktakeoff[m[K();
[3.231s]       |         [01;31m[K^~~~~~~[m[K
[3.231s] [01m[K/home/student/41068RS12025-Group18/src/41068_ignition_bringup/src/mission_node.cpp:600:12:[m[K [01;31m[Kerror: [m[Kâ€˜[01m[KMissionState[m[Kâ€™ is not a class, namespace, or enumeration
[3.231s]   600 |       case [01;31m[KMissionState[m[K::WAYPOINT_NAVIGATION:
[3.231s]       |            [01;31m[K^~~~~~~~~~~~[m[K
[3.236s] [01m[K/home/student/41068RS12025-Group18/src/41068_ignition_bringup/src/mission_node.cpp:602:9:[m[K [01;31m[Kerror: [m[Kâ€˜[01m[KwaypointNavigation[m[Kâ€™ was not declared in this scope
[3.237s]   602 |         [01;31m[KwaypointNavigation[m[K();
[3.237s]       |         [01;31m[K^~~~~~~~~~~~~~~~~~[m[K
[3.237s] [01m[K/home/student/41068RS12025-Group18/src/41068_ignition_bringup/src/mission_node.cpp:605:12:[m[K [01;31m[Kerror: [m[Kâ€˜[01m[KMissionState[m[Kâ€™ is not a class, namespace, or enumeration
[3.237s]   605 |       case [01;31m[KMissionState[m[K::HOVERING:
[3.237s]       |            [01;31m[K^~~~~~~~~~~~[m[K
[3.239s] [01m[K/home/student/41068RS12025-Group18/src/41068_ignition_bringup/src/mission_node.cpp:607:9:[m[K [01;31m[Kerror: [m[Kâ€˜[01m[Khovering[m[Kâ€™ was not declared in this scope
[3.239s]   607 |         [01;31m[Khovering[m[K();
[3.239s]       |         [01;31m[K^~~~~~~~[m[K
[3.239s] [01m[K/home/student/41068RS12025-Group18/src/41068_ignition_bringup/src/mission_node.cpp:610:12:[m[K [01;31m[Kerror: [m[Kâ€˜[01m[KMissionState[m[Kâ€™ is not a class, namespace, or enumeration
[3.239s]   610 |       case [01;31m[KMissionState[m[K::LANDING:
[3.240s]       |            [01;31m[K^~~~~~~~~~~~[m[K
[3.242s] [01m[K/home/student/41068RS12025-Group18/src/41068_ignition_bringup/src/mission_node.cpp:612:9:[m[K [01;31m[Kerror: [m[Kâ€˜[01m[Klanding[m[Kâ€™ was not declared in this scope
[3.242s]   612 |         [01;31m[Klanding[m[K();
[3.242s]       |         [01;31m[K^~~~~~~[m[K
[3.242s] [01m[K/home/student/41068RS12025-Group18/src/41068_ignition_bringup/src/mission_node.cpp:615:12:[m[K [01;31m[Kerror: [m[Kâ€˜[01m[KMissionState[m[Kâ€™ is not a class, namespace, or enumeration
[3.242s]   615 |       case [01;31m[KMissionState[m[K::MANUAL_CONTROL:
[3.242s]       |            [01;31m[K^~~~~~~~~~~~[m[K
[3.246s] [01m[K/home/student/41068RS12025-Group18/src/41068_ignition_bringup/src/mission_node.cpp:617:9:[m[K [01;31m[Kerror: [m[Kâ€˜[01m[KmanualControl[m[Kâ€™ was not declared in this scope
[3.246s]   617 |         [01;31m[KmanualControl[m[K();
[3.246s]       |         [01;31m[K^~~~~~~~~~~~~[m[K
[3.246s] [01m[K/home/student/41068RS12025-Group18/src/41068_ignition_bringup/src/mission_node.cpp:620:12:[m[K [01;31m[Kerror: [m[Kâ€˜[01m[KMissionState[m[Kâ€™ is not a class, namespace, or enumeration
[3.246s]   620 |       case [01;31m[KMissionState[m[K::EMERGENCY:
[3.246s]       |            [01;31m[K^~~~~~~~~~~~[m[K
[3.251s] [01m[K/home/student/41068RS12025-Group18/src/41068_ignition_bringup/src/mission_node.cpp:622:9:[m[K [01;31m[Kerror: [m[Kâ€˜[01m[Kemergency[m[Kâ€™ was not declared in this scope
[3.251s]   622 |         [01;31m[Kemergency[m[K();
[3.251s]       |         [01;31m[K^~~~~~~~~[m[K
[3.251s] [01m[K/home/student/41068RS12025-Group18/src/41068_ignition_bringup/src/mission_node.cpp:626:12:[m[K [01;31m[Kerror: [m[Kâ€˜[01m[KMissionState[m[Kâ€™ is not a class, namespace, or enumeration
[3.251s]   626 |       case [01;31m[KMissionState[m[K::DEBRIS_OBSTRUCTION_REACTION:
[3.251s]       |            [01;31m[K^~~~~~~~~~~~[m[K
[3.256s] [01m[K/home/student/41068RS12025-Group18/src/41068_ignition_bringup/src/mission_node.cpp:627:9:[m[K [01;31m[Kerror: [m[Kâ€˜[01m[KdebrisReaction[m[Kâ€™ was not declared in this scope
[3.256s]   627 |         [01;31m[KdebrisReaction[m[K();
[3.256s]       |         [01;31m[K^~~~~~~~~~~~~~[m[K
[3.256s] [01m[K/home/student/41068RS12025-Group18/src/41068_ignition_bringup/src/mission_node.cpp:630:12:[m[K [01;31m[Kerror: [m[Kâ€˜[01m[KMissionState[m[Kâ€™ is not a class, namespace, or enumeration
[3.256s]   630 |       case [01;31m[KMissionState[m[K::ORBIT_TREE:
[3.256s]       |            [01;31m[K^~~~~~~~~~~~[m[K
[3.267s] [01m[K/home/student/41068RS12025-Group18/src/41068_ignition_bringup/src/mission_node.cpp:631:9:[m[K [01;31m[Kerror: [m[Kâ€˜[01m[KorbitIncident[m[Kâ€™ was not declared in this scope
[3.267s]   631 |         [01;31m[KorbitIncident[m[K();
[3.267s]       |         [01;31m[K^~~~~~~~~~~~~[m[K
[3.267s] [01m[K/home/student/41068RS12025-Group18/src/41068_ignition_bringup/src/mission_node.cpp:[m[K At global scope:
[3.267s] [01m[K/home/student/41068RS12025-Group18/src/41068_ignition_bringup/src/mission_node.cpp:636:8:[m[K [01;31m[Kerror: [m[Kâ€˜[01m[KMissionPlannerNode[m[Kâ€™ has not been declared
[3.268s]   636 |   void [01;31m[KMissionPlannerNode[m[K::takeoff() {
[3.268s]       |        [01;31m[K^~~~~~~~~~~~~~~~~~[m[K
[3.268s] In file included from [01m[K/opt/ros/humble/include/rclcpp/rclcpp/client.hpp:40[m[K,
[3.268s]                  from [01m[K/opt/ros/humble/include/rclcpp/rclcpp/callback_group.hpp:24[m[K,
[3.268s]                  from [01m[K/opt/ros/humble/include/rclcpp/rclcpp/any_executable.hpp:20[m[K,
[3.268s]                  from [01m[K/opt/ros/humble/include/rclcpp/rclcpp/memory_strategy.hpp:25[m[K,
[3.268s]                  from [01m[K/opt/ros/humble/include/rclcpp/rclcpp/memory_strategies.hpp:18[m[K,
[3.268s]                  from [01m[K/opt/ros/humble/include/rclcpp/rclcpp/executor_options.hpp:20[m[K,
[3.268s]                  from [01m[K/opt/ros/humble/include/rclcpp/rclcpp/executor.hpp:37[m[K,
[3.268s]                  from [01m[K/opt/ros/humble/include/rclcpp/rclcpp/executors/multi_threaded_executor.hpp:25[m[K,
[3.268s]                  from [01m[K/opt/ros/humble/include/rclcpp/rclcpp/executors.hpp:21[m[K,
[3.268s]                  from [01m[K/opt/ros/humble/include/rclcpp/rclcpp/rclcpp.hpp:155[m[K,
[3.268s]                  from [01m[K/home/student/41068RS12025-Group18/src/41068_ignition_bringup/include/mission_node.h:30[m[K,
[3.268s]                  from [01m[K/home/student/41068RS12025-Group18/src/41068_ignition_bringup/src/mission_node.cpp:1[m[K:
[3.268s] [01m[K/home/student/41068RS12025-Group18/src/41068_ignition_bringup/src/mission_node.cpp:[m[K In function â€˜[01m[Kvoid takeoff()[m[Kâ€™:
[3.268s] [01m[K/home/student/41068RS12025-Group18/src/41068_ignition_bringup/src/mission_node.cpp:641:19:[m[K [01;31m[Kerror: [m[Kinvalid use of â€˜[01m[Kthis[m[Kâ€™ in non-member function
[3.269s]   641 |       RCLCPP_INFO([01;31m[Kthis[m[K->get_logger(), "Takeoff completed for %s - transitioning to waypoint navigation", drone_id_.c_str());
[3.269s]       |                   [01;31m[K^~~~[m[K
[3.269s] [01m[K/home/student/41068RS12025-Group18/src/41068_ignition_bringup/src/mission_node.cpp:641:19:[m[K [01;31m[Kerror: [m[Kinvalid use of â€˜[01m[Kthis[m[Kâ€™ in non-member function
[3.269s] [01m[K/home/student/41068RS12025-Group18/src/41068_ignition_bringup/src/mission_node.cpp:641:7:[m[K [01;31m[Kerror: [m[Ktemplate argument 1 is invalid
[3.269s]   641 |       [01;31m[KRCLCPP_INFO[m[K(this->get_logger(), "Takeoff completed for %s - transitioning to waypoint navigation", drone_id_.c_str());
[3.269s]       |       [01;31m[K^~~~~~~~~~~[m[K
[3.269s] In file included from [01m[K/opt/ros/humble/include/rclcpp/rclcpp/logging.hpp:24[m[K,
[3.269s]                  from [01m[K/opt/ros/humble/include/rclcpp/rclcpp/client.hpp:40[m[K,
[3.269s]                  from [01m[K/opt/ros/humble/include/rclcpp/rclcpp/callback_group.hpp:24[m[K,
[3.269s]                  from [01m[K/opt/ros/humble/include/rclcpp/rclcpp/any_executable.hpp:20[m[K,
[3.269s]                  from [01m[K/opt/ros/humble/include/rclcpp/rclcpp/memory_strategy.hpp:25[m[K,
[3.269s]                  from [01m[K/opt/ros/humble/include/rclcpp/rclcpp/memory_strategies.hpp:18[m[K,
[3.269s]                  from [01m[K/opt/ros/humble/include/rclcpp/rclcpp/executor_options.hpp:20[m[K,
[3.269s]                  from [01m[K/opt/ros/humble/include/rclcpp/rclcpp/executor.hpp:37[m[K,
[3.270s]                  from [01m[K/opt/ros/humble/include/rclcpp/rclcpp/executors/multi_threaded_executor.hpp:25[m[K,
[3.270s]                  from [01m[K/opt/ros/humble/include/rclcpp/rclcpp/executors.hpp:21[m[K,
[3.270s]                  from [01m[K/opt/ros/humble/include/rclcpp/rclcpp/rclcpp.hpp:155[m[K,
[3.270s]                  from [01m[K/home/student/41068RS12025-Group18/src/41068_ignition_bringup/include/mission_node.h:30[m[K,
[3.270s]                  from [01m[K/home/student/41068RS12025-Group18/src/41068_ignition_bringup/src/mission_node.cpp:1[m[K:
[3.270s] [01m[K/home/student/41068RS12025-Group18/src/41068_ignition_bringup/src/mission_node.cpp:641:19:[m[K [01;31m[Kerror: [m[Kinvalid use of â€˜[01m[Kthis[m[Kâ€™ in non-member function
[3.270s]   641 |       RCLCPP_INFO([01;31m[Kthis[m[K->get_logger(), "Takeoff completed for %s - transitioning to waypoint navigation", drone_id_.c_str());
[3.270s]       |                   [01;31m[K^~~~[m[K
[3.270s] [01m[K/home/student/41068RS12025-Group18/src/41068_ignition_bringup/src/mission_node.cpp:641:19:[m[K [01;31m[Kerror: [m[Kinvalid use of â€˜[01m[Kthis[m[Kâ€™ in non-member function
[3.270s]   641 |       RCLCPP_INFO([01;31m[Kthis[m[K->get_logger(), "Takeoff completed for %s - transitioning to waypoint navigation", drone_id_.c_str());
[3.270s]       |                   [01;31m[K^~~~[m[K
[3.270s] [01m[K/home/student/41068RS12025-Group18/src/41068_ignition_bringup/src/mission_node.cpp:641:106:[m[K [01;31m[Kerror: [m[Kâ€˜[01m[Kdrone_id_[m[Kâ€™ was not declared in this scope
[3.270s]   641 |       RCLCPP_INFO(this->get_logger(), "Takeoff completed for %s - transitioning to waypoint navigation", [01;31m[Kdrone_id_[m[K.c_str());
[3.270s]       |                                                                                                          [01;31m[K^~~~~~~~~[m[K
[3.272s] [01m[K/home/student/41068RS12025-Group18/src/41068_ignition_bringup/src/mission_node.cpp:644:11:[m[K [01;31m[Kerror: [m[Kâ€˜[01m[Kpath_planner_[m[Kâ€™ was not declared in this scope
[3.272s]   644 |       if ([01;31m[Kpath_planner_[m[K->hasNextWaypoint()) {
[3.272s]       |           [01;31m[K^~~~~~~~~~~~~[m[K
[3.277s] [01m[K/home/student/41068RS12025-Group18/src/41068_ignition_bringup/src/mission_node.cpp:645:9:[m[K [01;31m[Kerror: [m[Kâ€˜[01m[Kstate_machine_[m[Kâ€™ was not declared in this scope
[3.277s]   645 |         [01;31m[Kstate_machine_[m[K->setState(MissionState::WAYPOINT_NAVIGATION);
[3.277s]       |         [01;31m[K^~~~~~~~~~~~~~[m[K
[3.277s] [01m[K/home/student/41068RS12025-Group18/src/41068_ignition_bringup/src/mission_node.cpp:645:34:[m[K [01;31m[Kerror: [m[Kâ€˜[01m[KMissionState[m[Kâ€™ has not been declared
[3.277s]   645 |         state_machine_->setState([01;31m[KMissionState[m[K::WAYPOINT_NAVIGATION);
[3.277s]       |                                  [01;31m[K^~~~~~~~~~~~[m[K
[3.281s] [01m[K/home/student/41068RS12025-Group18/src/41068_ignition_bringup/src/mission_node.cpp:647:9:[m[K [01;31m[Kerror: [m[Kâ€˜[01m[Kstate_machine_[m[Kâ€™ was not declared in this scope
[3.281s]   647 |         [01;31m[Kstate_machine_[m[K->setState(MissionState::HOVERING);
[3.281s]       |         [01;31m[K^~~~~~~~~~~~~~[m[K
[3.282s] [01m[K/home/student/41068RS12025-Group18/src/41068_ignition_bringup/src/mission_node.cpp:647:34:[m[K [01;31m[Kerror: [m[Kâ€˜[01m[KMissionState[m[Kâ€™ has not been declared
[3.282s]   647 |         state_machine_->setState([01;31m[KMissionState[m[K::HOVERING);
[3.282s]       |                                  [01;31m[K^~~~~~~~~~~~[m[K
[3.282s] In file included from [01m[K/opt/ros/humble/include/rclcpp/rclcpp/client.hpp:40[m[K,
[3.282s]                  from [01m[K/opt/ros/humble/include/rclcpp/rclcpp/callback_group.hpp:24[m[K,
[3.282s]                  from [01m[K/opt/ros/humble/include/rclcpp/rclcpp/any_executable.hpp:20[m[K,
[3.283s]                  from [01m[K/opt/ros/humble/include/rclcpp/rclcpp/memory_strategy.hpp:25[m[K,
[3.283s]                  from [01m[K/opt/ros/humble/include/rclcpp/rclcpp/memory_strategies.hpp:18[m[K,
[3.283s]                  from [01m[K/opt/ros/humble/include/rclcpp/rclcpp/executor_options.hpp:20[m[K,
[3.283s]                  from [01m[K/opt/ros/humble/include/rclcpp/rclcpp/executor.hpp:37[m[K,
[3.283s]                  from [01m[K/opt/ros/humble/include/rclcpp/rclcpp/executors/multi_threaded_executor.hpp:25[m[K,
[3.283s]                  from [01m[K/opt/ros/humble/include/rclcpp/rclcpp/executors.hpp:21[m[K,
[3.283s]                  from [01m[K/opt/ros/humble/include/rclcpp/rclcpp/rclcpp.hpp:155[m[K,
[3.283s]                  from [01m[K/home/student/41068RS12025-Group18/src/41068_ignition_bringup/include/mission_node.h:30[m[K,
[3.283s]                  from [01m[K/home/student/41068RS12025-Group18/src/41068_ignition_bringup/src/mission_node.cpp:1[m[K:
[3.283s] [01m[K/home/student/41068RS12025-Group18/src/41068_ignition_bringup/src/mission_node.cpp:648:21:[m[K [01;31m[Kerror: [m[Kinvalid use of â€˜[01m[Kthis[m[Kâ€™ in non-member function
[3.283s]   648 |         RCLCPP_INFO([01;31m[Kthis[m[K->get_logger(), "No waypoints available - transitioning to HOVERING");
[3.284s]       |                     [01;31m[K^~~~[m[K
[3.284s] [01m[K/home/student/41068RS12025-Group18/src/41068_ignition_bringup/src/mission_node.cpp:648:21:[m[K [01;31m[Kerror: [m[Kinvalid use of â€˜[01m[Kthis[m[Kâ€™ in non-member function
[3.284s] [01m[K/home/student/41068RS12025-Group18/src/41068_ignition_bringup/src/mission_node.cpp:648:9:[m[K [01;31m[Kerror: [m[Ktemplate argument 1 is invalid
[3.284s]   648 |         [01;31m[KRCLCPP_INFO[m[K(this->get_logger(), "No waypoints available - transitioning to HOVERING");
[3.284s]       |         [01;31m[K^~~~~~~~~~~[m[K
[3.284s] In file included from [01m[K/opt/ros/humble/include/rclcpp/rclcpp/logging.hpp:24[m[K,
[3.284s]                  from [01m[K/opt/ros/humble/include/rclcpp/rclcpp/client.hpp:40[m[K,
[3.284s]                  from [01m[K/opt/ros/humble/include/rclcpp/rclcpp/callback_group.hpp:24[m[K,
[3.284s]                  from [01m[K/opt/ros/humble/include/rclcpp/rclcpp/any_executable.hpp:20[m[K,
[3.284s]                  from [01m[K/opt/ros/humble/include/rclcpp/rclcpp/memory_strategy.hpp:25[m[K,
[3.284s]                  from [01m[K/opt/ros/humble/include/rclcpp/rclcpp/memory_strategies.hpp:18[m[K,
[3.284s]                  from [01m[K/opt/ros/humble/include/rclcpp/rclcpp/executor_options.hpp:20[m[K,
[3.284s]                  from [01m[K/opt/ros/humble/include/rclcpp/rclcpp/executor.hpp:37[m[K,
[3.284s]                  from [01m[K/opt/ros/humble/include/rclcpp/rclcpp/executors/multi_threaded_executor.hpp:25[m[K,
[3.284s]                  from [01m[K/opt/ros/humble/include/rclcpp/rclcpp/executors.hpp:21[m[K,
[3.284s]                  from [01m[K/opt/ros/humble/include/rclcpp/rclcpp/rclcpp.hpp:155[m[K,
[3.285s]                  from [01m[K/home/student/41068RS12025-Group18/src/41068_ignition_bringup/include/mission_node.h:30[m[K,
[3.285s]                  from [01m[K/home/student/41068RS12025-Group18/src/41068_ignition_bringup/src/mission_node.cpp:1[m[K:
[3.285s] [01m[K/home/student/41068RS12025-Group18/src/41068_ignition_bringup/src/mission_node.cpp:648:21:[m[K [01;31m[Kerror: [m[Kinvalid use of â€˜[01m[Kthis[m[Kâ€™ in non-member function
[3.285s]   648 |         RCLCPP_INFO([01;31m[Kthis[m[K->get_logger(), "No waypoints available - transitioning to HOVERING");
[3.285s]       |                     [01;31m[K^~~~[m[K
[3.285s] [01m[K/home/student/41068RS12025-Group18/src/41068_ignition_bringup/src/mission_node.cpp:648:21:[m[K [01;31m[Kerror: [m[Kinvalid use of â€˜[01m[Kthis[m[Kâ€™ in non-member function
[3.285s]   648 |         RCLCPP_INFO([01;31m[Kthis[m[K->get_logger(), "No waypoints available - transitioning to HOVERING");
[3.285s]       |                     [01;31m[K^~~~[m[K
[3.285s] [01m[K/home/student/41068RS12025-Group18/src/41068_ignition_bringup/src/mission_node.cpp:[m[K At global scope:
[3.285s] [01m[K/home/student/41068RS12025-Group18/src/41068_ignition_bringup/src/mission_node.cpp:655:8:[m[K [01;31m[Kerror: [m[Kâ€˜[01m[KMissionPlannerNode[m[Kâ€™ has not been declared
[3.285s]   655 |   void [01;31m[KMissionPlannerNode[m[K::hovering() {
[3.285s]       |        [01;31m[K^~~~~~~~~~~~~~~~~~[m[K
[3.285s] In file included from [01m[K/opt/ros/humble/include/rclcpp/rclcpp/client.hpp:40[m[K,
[3.285s]                  from [01m[K/opt/ros/humble/include/rclcpp/rclcpp/callback_group.hpp:24[m[K,
[3.285s]                  from [01m[K/opt/ros/humble/include/rclcpp/rclcpp/any_executable.hpp:20[m[K,
[3.285s]                  from [01m[K/opt/ros/humble/include/rclcpp/rclcpp/memory_strategy.hpp:25[m[K,
[3.285s]                  from [01m[K/opt/ros/humble/include/rclcpp/rclcpp/memory_strategies.hpp:18[m[K,
[3.286s]                  from [01m[K/opt/ros/humble/include/rclcpp/rclcpp/executor_options.hpp:20[m[K,
[3.286s]                  from [01m[K/opt/ros/humble/include/rclcpp/rclcpp/executor.hpp:37[m[K,
[3.286s]                  from [01m[K/opt/ros/humble/include/rclcpp/rclcpp/executors/multi_threaded_executor.hpp:25[m[K,
[3.286s]                  from [01m[K/opt/ros/humble/include/rclcpp/rclcpp/executors.hpp:21[m[K,
[3.286s]                  from [01m[K/opt/ros/humble/include/rclcpp/rclcpp/rclcpp.hpp:155[m[K,
[3.286s]                  from [01m[K/home/student/41068RS12025-Group18/src/41068_ignition_bringup/include/mission_node.h:30[m[K,
[3.286s]                  from [01m[K/home/student/41068RS12025-Group18/src/41068_ignition_bringup/src/mission_node.cpp:1[m[K:
[3.286s] [01m[K/home/student/41068RS12025-Group18/src/41068_ignition_bringup/src/mission_node.cpp:[m[K In function â€˜[01m[Kvoid hovering()[m[Kâ€™:
[3.286s] [01m[K/home/student/41068RS12025-Group18/src/41068_ignition_bringup/src/mission_node.cpp:656:18:[m[K [01;31m[Kerror: [m[Kinvalid use of â€˜[01m[Kthis[m[Kâ€™ in non-member function
[3.286s]   656 |     RCLCPP_DEBUG([01;31m[Kthis[m[K->get_logger(), "Hovering at current position");
[3.286s]       |                  [01;31m[K^~~~[m[K
[3.286s] [01m[K/home/student/41068RS12025-Group18/src/41068_ignition_bringup/src/mission_node.cpp:656:18:[m[K [01;31m[Kerror: [m[Kinvalid use of â€˜[01m[Kthis[m[Kâ€™ in non-member function
[3.286s] [01m[K/home/student/41068RS12025-Group18/src/41068_ignition_bringup/src/mission_node.cpp:656:5:[m[K [01;31m[Kerror: [m[Ktemplate argument 1 is invalid
[3.286s]   656 |     [01;31m[KRCLCPP_DEBUG[m[K(this->get_logger(), "Hovering at current position");
[3.286s]       |     [01;31m[K^~~~~~~~~~~~[m[K
[3.286s] In file included from [01m[K/opt/ros/humble/include/rclcpp/rclcpp/logging.hpp:24[m[K,
[3.287s]                  from [01m[K/opt/ros/humble/include/rclcpp/rclcpp/client.hpp:40[m[K,
[3.287s]                  from [01m[K/opt/ros/humble/include/rclcpp/rclcpp/callback_group.hpp:24[m[K,
[3.287s]                  from [01m[K/opt/ros/humble/include/rclcpp/rclcpp/any_executable.hpp:20[m[K,
[3.287s]                  from [01m[K/opt/ros/humble/include/rclcpp/rclcpp/memory_strategy.hpp:25[m[K,
[3.287s]                  from [01m[K/opt/ros/humble/include/rclcpp/rclcpp/memory_strategies.hpp:18[m[K,
[3.287s]                  from [01m[K/opt/ros/humble/include/rclcpp/rclcpp/executor_options.hpp:20[m[K,
[3.287s]                  from [01m[K/opt/ros/humble/include/rclcpp/rclcpp/executor.hpp:37[m[K,
[3.287s]                  from [01m[K/opt/ros/humble/include/rclcpp/rclcpp/executors/multi_threaded_executor.hpp:25[m[K,
[3.287s]                  from [01m[K/opt/ros/humble/include/rclcpp/rclcpp/executors.hpp:21[m[K,
[3.287s]                  from [01m[K/opt/ros/humble/include/rclcpp/rclcpp/rclcpp.hpp:155[m[K,
[3.287s]                  from [01m[K/home/student/41068RS12025-Group18/src/41068_ignition_bringup/include/mission_node.h:30[m[K,
[3.287s]                  from [01m[K/home/student/41068RS12025-Group18/src/41068_ignition_bringup/src/mission_node.cpp:1[m[K:
[3.287s] [01m[K/home/student/41068RS12025-Group18/src/41068_ignition_bringup/src/mission_node.cpp:656:18:[m[K [01;31m[Kerror: [m[Kinvalid use of â€˜[01m[Kthis[m[Kâ€™ in non-member function
[3.287s]   656 |     RCLCPP_DEBUG([01;31m[Kthis[m[K->get_logger(), "Hovering at current position");
[3.287s]       |                  [01;31m[K^~~~[m[K
[3.287s] [01m[K/home/student/41068RS12025-Group18/src/41068_ignition_bringup/src/mission_node.cpp:656:18:[m[K [01;31m[Kerror: [m[Kinvalid use of â€˜[01m[Kthis[m[Kâ€™ in non-member function
[3.287s]   656 |     RCLCPP_DEBUG([01;31m[Kthis[m[K->get_logger(), "Hovering at current position");
[3.288s]       |                  [01;31m[K^~~~[m[K
[3.288s] [01m[K/home/student/41068RS12025-Group18/src/41068_ignition_bringup/src/mission_node.cpp:[m[K At global scope:
[3.288s] [01m[K/home/student/41068RS12025-Group18/src/41068_ignition_bringup/src/mission_node.cpp:659:8:[m[K [01;31m[Kerror: [m[Kâ€˜[01m[KMissionPlannerNode[m[Kâ€™ has not been declared
[3.288s]   659 |   void [01;31m[KMissionPlannerNode[m[K::manualControl() {
[3.288s]       |        [01;31m[K^~~~~~~~~~~~~~~~~~[m[K
[3.288s] In file included from [01m[K/opt/ros/humble/include/rclcpp/rclcpp/client.hpp:40[m[K,
[3.288s]                  from [01m[K/opt/ros/humble/include/rclcpp/rclcpp/callback_group.hpp:24[m[K,
[3.288s]                  from [01m[K/opt/ros/humble/include/rclcpp/rclcpp/any_executable.hpp:20[m[K,
[3.288s]                  from [01m[K/opt/ros/humble/include/rclcpp/rclcpp/memory_strategy.hpp:25[m[K,
[3.288s]                  from [01m[K/opt/ros/humble/include/rclcpp/rclcpp/memory_strategies.hpp:18[m[K,
[3.288s]                  from [01m[K/opt/ros/humble/include/rclcpp/rclcpp/executor_options.hpp:20[m[K,
[3.288s]                  from [01m[K/opt/ros/humble/include/rclcpp/rclcpp/executor.hpp:37[m[K,
[3.288s]                  from [01m[K/opt/ros/humble/include/rclcpp/rclcpp/executors/multi_threaded_executor.hpp:25[m[K,
[3.289s]                  from [01m[K/opt/ros/humble/include/rclcpp/rclcpp/executors.hpp:21[m[K,
[3.289s]                  from [01m[K/opt/ros/humble/include/rclcpp/rclcpp/rclcpp.hpp:155[m[K,
[3.289s]                  from [01m[K/home/student/41068RS12025-Group18/src/41068_ignition_bringup/include/mission_node.h:30[m[K,
[3.289s]                  from [01m[K/home/student/41068RS12025-Group18/src/41068_ignition_bringup/src/mission_node.cpp:1[m[K:
[3.289s] [01m[K/home/student/41068RS12025-Group18/src/41068_ignition_bringup/src/mission_node.cpp:[m[K In function â€˜[01m[Kvoid manualControl()[m[Kâ€™:
[3.289s] [01m[K/home/student/41068RS12025-Group18/src/41068_ignition_bringup/src/mission_node.cpp:660:18:[m[K [01;31m[Kerror: [m[Kinvalid use of â€˜[01m[Kthis[m[Kâ€™ in non-member function
[3.289s]   660 |     RCLCPP_DEBUG([01;31m[Kthis[m[K->get_logger(), "In manual control mode");
[3.289s]       |                  [01;31m[K^~~~[m[K
[3.289s] [01m[K/home/student/41068RS12025-Group18/src/41068_ignition_bringup/src/mission_node.cpp:660:18:[m[K [01;31m[Kerror: [m[Kinvalid use of â€˜[01m[Kthis[m[Kâ€™ in non-member function
[3.289s] [01m[K/home/student/41068RS12025-Group18/src/41068_ignition_bringup/src/mission_node.cpp:660:5:[m[K [01;31m[Kerror: [m[Ktemplate argument 1 is invalid
[3.289s]   660 |     [01;31m[KRCLCPP_DEBUG[m[K(this->get_logger(), "In manual control mode");
[3.289s]       |     [01;31m[K^~~~~~~~~~~~[m[K
[3.289s] In file included from [01m[K/opt/ros/humble/include/rclcpp/rclcpp/logging.hpp:24[m[K,
[3.289s]                  from [01m[K/opt/ros/humble/include/rclcpp/rclcpp/client.hpp:40[m[K,
[3.289s]                  from [01m[K/opt/ros/humble/include/rclcpp/rclcpp/callback_group.hpp:24[m[K,
[3.289s]                  from [01m[K/opt/ros/humble/include/rclcpp/rclcpp/any_executable.hpp:20[m[K,
[3.289s]                  from [01m[K/opt/ros/humble/include/rclcpp/rclcpp/memory_strategy.hpp:25[m[K,
[3.290s]                  from [01m[K/opt/ros/humble/include/rclcpp/rclcpp/memory_strategies.hpp:18[m[K,
[3.290s]                  from [01m[K/opt/ros/humble/include/rclcpp/rclcpp/executor_options.hpp:20[m[K,
[3.290s]                  from [01m[K/opt/ros/humble/include/rclcpp/rclcpp/executor.hpp:37[m[K,
[3.290s]                  from [01m[K/opt/ros/humble/include/rclcpp/rclcpp/executors/multi_threaded_executor.hpp:25[m[K,
[3.290s]                  from [01m[K/opt/ros/humble/include/rclcpp/rclcpp/executors.hpp:21[m[K,
[3.290s]                  from [01m[K/opt/ros/humble/include/rclcpp/rclcpp/rclcpp.hpp:155[m[K,
[3.290s]                  from [01m[K/home/student/41068RS12025-Group18/src/41068_ignition_bringup/include/mission_node.h:30[m[K,
[3.290s]                  from [01m[K/home/student/41068RS12025-Group18/src/41068_ignition_bringup/src/mission_node.cpp:1[m[K:
[3.290s] [01m[K/home/student/41068RS12025-Group18/src/41068_ignition_bringup/src/mission_node.cpp:660:18:[m[K [01;31m[Kerror: [m[Kinvalid use of â€˜[01m[Kthis[m[Kâ€™ in non-member function
[3.290s]   660 |     RCLCPP_DEBUG([01;31m[Kthis[m[K->get_logger(), "In manual control mode");
[3.290s]       |                  [01;31m[K^~~~[m[K
[3.290s] [01m[K/home/student/41068RS12025-Group18/src/41068_ignition_bringup/src/mission_node.cpp:660:18:[m[K [01;31m[Kerror: [m[Kinvalid use of â€˜[01m[Kthis[m[Kâ€™ in non-member function
[3.290s]   660 |     RCLCPP_DEBUG([01;31m[Kthis[m[K->get_logger(), "In manual control mode");
[3.290s]       |                  [01;31m[K^~~~[m[K
[3.290s] [01m[K/home/student/41068RS12025-Group18/src/41068_ignition_bringup/src/mission_node.cpp:[m[K At global scope:
[3.290s] [01m[K/home/student/41068RS12025-Group18/src/41068_ignition_bringup/src/mission_node.cpp:663:8:[m[K [01;31m[Kerror: [m[Kâ€˜[01m[KMissionPlannerNode[m[Kâ€™ has not been declared
[3.290s]   663 |   void [01;31m[KMissionPlannerNode[m[K::emergency() {
[3.291s]       |        [01;31m[K^~~~~~~~~~~~~~~~~~[m[K
[3.291s] In file included from [01m[K/opt/ros/humble/include/rclcpp/rclcpp/client.hpp:40[m[K,
[3.291s]                  from [01m[K/opt/ros/humble/include/rclcpp/rclcpp/callback_group.hpp:24[m[K,
[3.291s]                  from [01m[K/opt/ros/humble/include/rclcpp/rclcpp/any_executable.hpp:20[m[K,
[3.291s]                  from [01m[K/opt/ros/humble/include/rclcpp/rclcpp/memory_strategy.hpp:25[m[K,
[3.291s]                  from [01m[K/opt/ros/humble/include/rclcpp/rclcpp/memory_strategies.hpp:18[m[K,
[3.291s]                  from [01m[K/opt/ros/humble/include/rclcpp/rclcpp/executor_options.hpp:20[m[K,
[3.291s]                  from [01m[K/opt/ros/humble/include/rclcpp/rclcpp/executor.hpp:37[m[K,
[3.291s]                  from [01m[K/opt/ros/humble/include/rclcpp/rclcpp/executors/multi_threaded_executor.hpp:25[m[K,
[3.291s]                  from [01m[K/opt/ros/humble/include/rclcpp/rclcpp/executors.hpp:21[m[K,
[3.291s]                  from [01m[K/opt/ros/humble/include/rclcpp/rclcpp/rclcpp.hpp:155[m[K,
[3.291s]                  from [01m[K/home/student/41068RS12025-Group18/src/41068_ignition_bringup/include/mission_node.h:30[m[K,
[3.291s]                  from [01m[K/home/student/41068RS12025-Group18/src/41068_ignition_bringup/src/mission_node.cpp:1[m[K:
[3.291s] [01m[K/home/student/41068RS12025-Group18/src/41068_ignition_bringup/src/mission_node.cpp:[m[K In function â€˜[01m[Kvoid emergency()[m[Kâ€™:
[3.291s] [01m[K/home/student/41068RS12025-Group18/src/41068_ignition_bringup/src/mission_node.cpp:664:17:[m[K [01;31m[Kerror: [m[Kinvalid use of â€˜[01m[Kthis[m[Kâ€™ in non-member function
[3.291s]   664 |     RCLCPP_WARN([01;31m[Kthis[m[K->get_logger(), "Emergency state active - initiating emergency landing");
[3.291s]       |                 [01;31m[K^~~~[m[K
[3.292s] [01m[K/home/student/41068RS12025-Group18/src/41068_ignition_bringup/src/mission_node.cpp:664:17:[m[K [01;31m[Kerror: [m[Kinvalid use of â€˜[01m[Kthis[m[Kâ€™ in non-member function
[3.292s] [01m[K/home/student/41068RS12025-Group18/src/41068_ignition_bringup/src/mission_node.cpp:664:5:[m[K [01;31m[Kerror: [m[Ktemplate argument 1 is invalid
[3.292s]   664 |     [01;31m[KRCLCPP_WARN[m[K(this->get_logger(), "Emergency state active - initiating emergency landing");
[3.292s]       |     [01;31m[K^~~~~~~~~~~[m[K
[3.292s] In file included from [01m[K/opt/ros/humble/include/rclcpp/rclcpp/logging.hpp:24[m[K,
[3.292s]                  from [01m[K/opt/ros/humble/include/rclcpp/rclcpp/client.hpp:40[m[K,
[3.292s]                  from [01m[K/opt/ros/humble/include/rclcpp/rclcpp/callback_group.hpp:24[m[K,
[3.292s]                  from [01m[K/opt/ros/humble/include/rclcpp/rclcpp/any_executable.hpp:20[m[K,
[3.292s]                  from [01m[K/opt/ros/humble/include/rclcpp/rclcpp/memory_strategy.hpp:25[m[K,
[3.292s]                  from [01m[K/opt/ros/humble/include/rclcpp/rclcpp/memory_strategies.hpp:18[m[K,
[3.292s]                  from [01m[K/opt/ros/humble/include/rclcpp/rclcpp/executor_options.hpp:20[m[K,
[3.292s]                  from [01m[K/opt/ros/humble/include/rclcpp/rclcpp/executor.hpp:37[m[K,
[3.292s]                  from [01m[K/opt/ros/humble/include/rclcpp/rclcpp/executors/multi_threaded_executor.hpp:25[m[K,
[3.292s]                  from [01m[K/opt/ros/humble/include/rclcpp/rclcpp/executors.hpp:21[m[K,
[3.292s]                  from [01m[K/opt/ros/humble/include/rclcpp/rclcpp/rclcpp.hpp:155[m[K,
[3.292s]                  from [01m[K/home/student/41068RS12025-Group18/src/41068_ignition_bringup/include/mission_node.h:30[m[K,
[3.293s]                  from [01m[K/home/student/41068RS12025-Group18/src/41068_ignition_bringup/src/mission_node.cpp:1[m[K:
[3.293s] [01m[K/home/student/41068RS12025-Group18/src/41068_ignition_bringup/src/mission_node.cpp:664:17:[m[K [01;31m[Kerror: [m[Kinvalid use of â€˜[01m[Kthis[m[Kâ€™ in non-member function
[3.293s]   664 |     RCLCPP_WARN([01;31m[Kthis[m[K->get_logger(), "Emergency state active - initiating emergency landing");
[3.293s]       |                 [01;31m[K^~~~[m[K
[3.293s] [01m[K/home/student/41068RS12025-Group18/src/41068_ignition_bringup/src/mission_node.cpp:664:17:[m[K [01;31m[Kerror: [m[Kinvalid use of â€˜[01m[Kthis[m[Kâ€™ in non-member function
[3.293s]   664 |     RCLCPP_WARN([01;31m[Kthis[m[K->get_logger(), "Emergency state active - initiating emergency landing");
[3.293s]       |                 [01;31m[K^~~~[m[K
[3.293s] [01m[K/home/student/41068RS12025-Group18/src/41068_ignition_bringup/src/mission_node.cpp:665:5:[m[K [01;31m[Kerror: [m[Kâ€˜[01m[Kstate_machine_[m[Kâ€™ was not declared in this scope
[3.293s]   665 |     [01;31m[Kstate_machine_[m[K->setState(MissionState::LANDING);
[3.293s]       |     [01;31m[K^~~~~~~~~~~~~~[m[K
[3.293s] [01m[K/home/student/41068RS12025-Group18/src/41068_ignition_bringup/src/mission_node.cpp:665:30:[m[K [01;31m[Kerror: [m[Kâ€˜[01m[KMissionState[m[Kâ€™ has not been declared
[3.293s]   665 |     state_machine_->setState([01;31m[KMissionState[m[K::LANDING);
[3.293s]       |                              [01;31m[K^~~~~~~~~~~~[m[K
[3.293s] [01m[K/home/student/41068RS12025-Group18/src/41068_ignition_bringup/src/mission_node.cpp:[m[K At global scope:
[3.293s] [01m[K/home/student/41068RS12025-Group18/src/41068_ignition_bringup/src/mission_node.cpp:668:8:[m[K [01;31m[Kerror: [m[Kâ€˜[01m[KMissionPlannerNode[m[Kâ€™ has not been declared
[3.293s]   668 |   void [01;31m[KMissionPlannerNode[m[K::wildFireReaction() {
[3.294s]       |        [01;31m[K^~~~~~~~~~~~~~~~~~[m[K
[3.294s] [01m[K/home/student/41068RS12025-Group18/src/41068_ignition_bringup/src/mission_node.cpp:671:8:[m[K [01;31m[Kerror: [m[Kâ€˜[01m[KMissionPlannerNode[m[Kâ€™ has not been declared
[3.294s]   671 |   void [01;31m[KMissionPlannerNode[m[K::debrisReaction() {}
[3.294s]       |        [01;31m[K^~~~~~~~~~~~~~~~~~[m[K
[3.294s] [01m[K/home/student/41068RS12025-Group18/src/41068_ignition_bringup/src/mission_node.cpp:672:8:[m[K [01;31m[Kerror: [m[Kâ€˜[01m[KMissionPlannerNode[m[Kâ€™ has not been declared
[3.294s]   672 |   void [01;31m[KMissionPlannerNode[m[K::orbitIncident() {}
[3.294s]       |        [01;31m[K^~~~~~~~~~~~~~~~~~[m[K
[3.294s] [01m[K/home/student/41068RS12025-Group18/src/41068_ignition_bringup/src/mission_node.cpp:674:8:[m[K [01;31m[Kerror: [m[Kâ€˜[01m[KMissionPlannerNode[m[Kâ€™ has not been declared
[3.294s]   674 |   void [01;31m[KMissionPlannerNode[m[K::publishMissionCommand() {
[3.294s]       |        [01;31m[K^~~~~~~~~~~~~~~~~~[m[K
[3.294s] [01m[K/home/student/41068RS12025-Group18/src/41068_ignition_bringup/src/mission_node.cpp:[m[K In function â€˜[01m[Kvoid publishMissionCommand()[m[Kâ€™:
[3.294s] [01m[K/home/student/41068RS12025-Group18/src/41068_ignition_bringup/src/mission_node.cpp:675:9:[m[K [01;31m[Kerror: [m[Kâ€˜[01m[Kstate_machine_[m[Kâ€™ was not declared in this scope
[3.294s]   675 |     if ([01;31m[Kstate_machine_[m[K->getCurrentState() == MissionState::WAYPOINT_NAVIGATION &&
[3.294s]       |         [01;31m[K^~~~~~~~~~~~~~[m[K
[3.294s] [01m[K/home/student/41068RS12025-Group18/src/41068_ignition_bringup/src/mission_node.cpp:675:46:[m[K [01;31m[Kerror: [m[Kâ€˜[01m[KMissionState[m[Kâ€™ has not been declared
[3.294s]   675 |     if (state_machine_->getCurrentState() == [01;31m[KMissionState[m[K::WAYPOINT_NAVIGATION &&
[3.294s]       |                                              [01;31m[K^~~~~~~~~~~~[m[K
[3.298s] [01m[K/home/student/41068RS12025-Group18/src/41068_ignition_bringup/src/mission_node.cpp:676:9:[m[K [01;31m[Kerror: [m[Kâ€˜[01m[Kpath_planner_[m[Kâ€™ was not declared in this scope
[3.298s]   676 |         [01;31m[Kpath_planner_[m[K->hasNextWaypoint()) {
[3.298s]       |         [01;31m[K^~~~~~~~~~~~~[m[K
[3.298s] [01m[K/home/student/41068RS12025-Group18/src/41068_ignition_bringup/src/mission_node.cpp:680:39:[m[K [01;31m[Kerror: [m[Kinvalid use of â€˜[01m[Kthis[m[Kâ€™ in non-member function
[3.298s]   680 |       current_waypoint.header.stamp = [01;31m[Kthis[m[K->get_clock()->now();
[3.298s]       |                                       [01;31m[K^~~~[m[K
[3.305s] [01m[K/home/student/41068RS12025-Group18/src/41068_ignition_bringup/src/mission_node.cpp:683:7:[m[K [01;31m[Kerror: [m[Kâ€˜[01m[Ktarget_pose_pub_[m[Kâ€™ was not declared in this scope
[3.306s]   683 |       [01;31m[Ktarget_pose_pub_[m[K->publish(current_waypoint);
[3.306s]       |       [01;31m[K^~~~~~~~~~~~~~~~[m[K
[3.309s] [01m[K/home/student/41068RS12025-Group18/src/41068_ignition_bringup/src/mission_node.cpp:686:54:[m[K [01;31m[Kerror: [m[Kâ€˜[01m[Kcurrent_pose_[m[Kâ€™ was not declared in this scope; did you mean â€˜[01m[Kcurrent_waypoint[m[Kâ€™?
[3.309s]   686 |       double dx = current_waypoint.pose.position.x - [01;31m[Kcurrent_pose_[m[K.pose.position.x;
[3.309s]       |                                                      [01;31m[K^~~~~~~~~~~~~[m[K
[3.309s]       |                                                      [32m[Kcurrent_waypoint[m[K
[3.313s] [01m[K/home/student/41068RS12025-Group18/src/41068_ignition_bringup/src/mission_node.cpp:702:7:[m[K [01;31m[Kerror: [m[Kâ€˜[01m[Kcmd_vel_pub_[m[Kâ€™ was not declared in this scope
[3.313s]   702 |       [01;31m[Kcmd_vel_pub_[m[K->publish(cmd_vel);
[3.313s]       |       [01;31m[K^~~~~~~~~~~~[m[K
[3.313s] In file included from [01m[K/opt/ros/humble/include/rclcpp/rclcpp/client.hpp:40[m[K,
[3.313s]                  from [01m[K/opt/ros/humble/include/rclcpp/rclcpp/callback_group.hpp:24[m[K,
[3.313s]                  from [01m[K/opt/ros/humble/include/rclcpp/rclcpp/any_executable.hpp:20[m[K,
[3.313s]                  from [01m[K/opt/ros/humble/include/rclcpp/rclcpp/memory_strategy.hpp:25[m[K,
[3.313s]                  from [01m[K/opt/ros/humble/include/rclcpp/rclcpp/memory_strategies.hpp:18[m[K,
[3.314s]                  from [01m[K/opt/ros/humble/include/rclcpp/rclcpp/executor_options.hpp:20[m[K,
[3.314s]                  from [01m[K/opt/ros/humble/include/rclcpp/rclcpp/executor.hpp:37[m[K,
[3.314s]                  from [01m[K/opt/ros/humble/include/rclcpp/rclcpp/executors/multi_threaded_executor.hpp:25[m[K,
[3.314s]                  from [01m[K/opt/ros/humble/include/rclcpp/rclcpp/executors.hpp:21[m[K,
[3.314s]                  from [01m[K/opt/ros/humble/include/rclcpp/rclcpp/rclcpp.hpp:155[m[K,
[3.314s]                  from [01m[K/home/student/41068RS12025-Group18/src/41068_ignition_bringup/include/mission_node.h:30[m[K,
[3.314s]                  from [01m[K/home/student/41068RS12025-Group18/src/41068_ignition_bringup/src/mission_node.cpp:1[m[K:
[3.314s] [01m[K/home/student/41068RS12025-Group18/src/41068_ignition_bringup/src/mission_node.cpp:704:20:[m[K [01;31m[Kerror: [m[Kinvalid use of â€˜[01m[Kthis[m[Kâ€™ in non-member function
[3.314s]   704 |       RCLCPP_DEBUG([01;31m[Kthis[m[K->get_logger(), "Published waypoint: [%.2f, %.2f, %.2f], vel: [%.2f, %.2f, %.2f]",
[3.314s]       |                    [01;31m[K^~~~[m[K
[3.314s] [01m[K/home/student/41068RS12025-Group18/src/41068_ignition_bringup/src/mission_node.cpp:704:20:[m[K [01;31m[Kerror: [m[Kinvalid use of â€˜[01m[Kthis[m[Kâ€™ in non-member function
[3.314s] [01m[K/home/student/41068RS12025-Group18/src/41068_ignition_bringup/src/mission_node.cpp:704:7:[m[K [01;31m[Kerror: [m[Ktemplate argument 1 is invalid
[3.314s]   704 |       [01;31m[KRCLCPP_DEBUG[m[K(this->get_logger(), "Published waypoint: [%.2f, %.2f, %.2f], vel: [%.2f, %.2f, %.2f]",
[3.314s]       |       [01;31m[K^~~~~~~~~~~~[m[K
[3.315s] In file included from [01m[K/opt/ros/humble/include/rclcpp/rclcpp/logging.hpp:24[m[K,
[3.315s]                  from [01m[K/opt/ros/humble/include/rclcpp/rclcpp/client.hpp:40[m[K,
[3.315s]                  from [01m[K/opt/ros/humble/include/rclcpp/rclcpp/callback_group.hpp:24[m[K,
[3.315s]                  from [01m[K/opt/ros/humble/include/rclcpp/rclcpp/any_executable.hpp:20[m[K,
[3.315s]                  from [01m[K/opt/ros/humble/include/rclcpp/rclcpp/memory_strategy.hpp:25[m[K,
[3.315s]                  from [01m[K/opt/ros/humble/include/rclcpp/rclcpp/memory_strategies.hpp:18[m[K,
[3.315s]                  from [01m[K/opt/ros/humble/include/rclcpp/rclcpp/executor_options.hpp:20[m[K,
[3.315s]                  from [01m[K/opt/ros/humble/include/rclcpp/rclcpp/executor.hpp:37[m[K,
[3.315s]                  from [01m[K/opt/ros/humble/include/rclcpp/rclcpp/executors/multi_threaded_executor.hpp:25[m[K,
[3.315s]                  from [01m[K/opt/ros/humble/include/rclcpp/rclcpp/executors.hpp:21[m[K,
[3.315s]                  from [01m[K/opt/ros/humble/include/rclcpp/rclcpp/rclcpp.hpp:155[m[K,
[3.315s]                  from [01m[K/home/student/41068RS12025-Group18/src/41068_ignition_bringup/include/mission_node.h:30[m[K,
[3.315s]                  from [01m[K/home/student/41068RS12025-Group18/src/41068_ignition_bringup/src/mission_node.cpp:1[m[K:
[3.315s] [01m[K/home/student/41068RS12025-Group18/src/41068_ignition_bringup/src/mission_node.cpp:704:20:[m[K [01;31m[Kerror: [m[Kinvalid use of â€˜[01m[Kthis[m[Kâ€™ in non-member function
[3.315s]   704 |       RCLCPP_DEBUG([01;31m[Kthis[m[K->get_logger(), "Published waypoint: [%.2f, %.2f, %.2f], vel: [%.2f, %.2f, %.2f]",
[3.315s]       |                    [01;31m[K^~~~[m[K
[3.315s] [01m[K/home/student/41068RS12025-Group18/src/41068_ignition_bringup/src/mission_node.cpp:704:20:[m[K [01;31m[Kerror: [m[Kinvalid use of â€˜[01m[Kthis[m[Kâ€™ in non-member function
[3.316s]   704 |       RCLCPP_DEBUG([01;31m[Kthis[m[K->get_logger(), "Published waypoint: [%.2f, %.2f, %.2f], vel: [%.2f, %.2f, %.2f]",
[3.316s]       |                    [01;31m[K^~~~[m[K
[3.316s] [01m[K/home/student/41068RS12025-Group18/src/41068_ignition_bringup/src/mission_node.cpp:714:33:[m[K [01;31m[Kerror: [m[Kâ€˜[01m[KMissionState[m[Kâ€™ has not been declared
[3.316s]   714 |         bool we_control = (s == [01;31m[KMissionState[m[K::IDLE || s == MissionState::HOVERING || s == MissionState::EMERGENCY);
[3.316s]       |                                 [01;31m[K^~~~~~~~~~~~[m[K
[3.316s] [01m[K/home/student/41068RS12025-Group18/src/41068_ignition_bringup/src/mission_node.cpp:714:60:[m[K [01;31m[Kerror: [m[Kâ€˜[01m[KMissionState[m[Kâ€™ has not been declared
[3.316s]   714 |         bool we_control = (s == MissionState::IDLE || s == [01;31m[KMissionState[m[K::HOVERING || s == MissionState::EMERGENCY);
[3.316s]       |                                                            [01;31m[K^~~~~~~~~~~~[m[K
[3.316s] [01m[K/home/student/41068RS12025-Group18/src/41068_ignition_bringup/src/mission_node.cpp:714:91:[m[K [01;31m[Kerror: [m[Kâ€˜[01m[KMissionState[m[Kâ€™ has not been declared
[3.316s]   714 |         bool we_control = (s == MissionState::IDLE || s == MissionState::HOVERING || s == [01;31m[KMissionState[m[K::EMERGENCY);
[3.316s]       |                                                                                           [01;31m[K^~~~~~~~~~~~[m[K
[3.317s] [01m[K/home/student/41068RS12025-Group18/src/41068_ignition_bringup/src/mission_node.cpp:724:11:[m[K [01;31m[Kerror: [m[Kâ€˜[01m[Kcmd_vel_pub_[m[Kâ€™ was not declared in this scope
[3.317s]   724 |           [01;31m[Kcmd_vel_pub_[m[K->publish(stop_cmd);
[3.317s]       |           [01;31m[K^~~~~~~~~~~~[m[K
[3.317s] [01m[K/home/student/41068RS12025-Group18/src/41068_ignition_bringup/src/mission_node.cpp:[m[K At global scope:
[3.317s] [01m[K/home/student/41068RS12025-Group18/src/41068_ignition_bringup/src/mission_node.cpp:732:8:[m[K [01;31m[Kerror: [m[Kâ€˜[01m[KMissionPlannerNode[m[Kâ€™ has not been declared
[3.318s]   732 |   bool [01;31m[KMissionPlannerNode[m[K::isWaypointReached() const {
[3.318s]       |        [01;31m[K^~~~~~~~~~~~~~~~~~[m[K
[3.318s] [01m[K/home/student/41068RS12025-Group18/src/41068_ignition_bringup/src/mission_node.cpp:732:48:[m[K [01;31m[Kerror: [m[Knon-member function â€˜[01m[Kbool isWaypointReached()[m[Kâ€™ cannot have cv-qualifier
[3.318s]   732 |   bool MissionPlannerNode::isWaypointReached() [01;31m[Kconst[m[K {
[3.318s]       |                                                [01;31m[K^~~~~[m[K
[3.321s] [01m[K/home/student/41068RS12025-Group18/src/41068_ignition_bringup/src/mission_node.cpp:[m[K In function â€˜[01m[Kbool isWaypointReached()[m[Kâ€™:
[3.322s] [01m[K/home/student/41068RS12025-Group18/src/41068_ignition_bringup/src/mission_node.cpp:733:10:[m[K [01;31m[Kerror: [m[Kâ€˜[01m[Kpath_planner_[m[Kâ€™ was not declared in this scope
[3.322s]   733 |     if (![01;31m[Kpath_planner_[m[K->hasNextWaypoint()) {
[3.322s]       |          [01;31m[K^~~~~~~~~~~~~[m[K
[3.326s] [01m[K/home/student/41068RS12025-Group18/src/41068_ignition_bringup/src/mission_node.cpp:737:23:[m[K [01;31m[Kerror: [m[Kâ€˜[01m[Kpath_planner_[m[Kâ€™ was not declared in this scope
[3.326s]   737 |     double distance = [01;31m[Kpath_planner_[m[K->getDistanceToWaypoint(current_pose_);
[3.326s]       |                       [01;31m[K^~~~~~~~~~~~~[m[K
[3.330s] [01m[K/home/student/41068RS12025-Group18/src/41068_ignition_bringup/src/mission_node.cpp:737:60:[m[K [01;31m[Kerror: [m[Kâ€˜[01m[Kcurrent_pose_[m[Kâ€™ was not declared in this scope
[3.330s]   737 |     double distance = path_planner_->getDistanceToWaypoint([01;31m[Kcurrent_pose_[m[K);
[3.330s]       |                                                            [01;31m[K^~~~~~~~~~~~~[m[K
[3.336s] [01m[K/home/student/41068RS12025-Group18/src/41068_ignition_bringup/src/mission_node.cpp:738:23:[m[K [01;31m[Kerror: [m[Kâ€˜[01m[Kwaypoint_tolerance_[m[Kâ€™ was not declared in this scope
[3.336s]   738 |     return distance < [01;31m[Kwaypoint_tolerance_[m[K;
[3.336s]       |                       [01;31m[K^~~~~~~~~~~~~~~~~~~[m[K
[3.336s] [01m[K/home/student/41068RS12025-Group18/src/41068_ignition_bringup/src/mission_node.cpp:[m[K At global scope:
[3.336s] [01m[K/home/student/41068RS12025-Group18/src/41068_ignition_bringup/src/mission_node.cpp:741:8:[m[K [01;31m[Kerror: [m[Kâ€˜[01m[KMissionPlannerNode[m[Kâ€™ has not been declared
[3.336s]   741 |   void [01;31m[KMissionPlannerNode[m[K::odomCallback(const nav_msgs::msg::Odometry::SharedPtr msg) {
[3.337s]       |        [01;31m[K^~~~~~~~~~~~~~~~~~[m[K
[3.343s] [01m[K/home/student/41068RS12025-Group18/src/41068_ignition_bringup/src/mission_node.cpp:[m[K In function â€˜[01m[Kvoid odomCallback(nav_msgs::msg::Odometry_<std::allocator<void> >::SharedPtr)[m[Kâ€™:
[3.343s] [01m[K/home/student/41068RS12025-Group18/src/41068_ignition_bringup/src/mission_node.cpp:743:5:[m[K [01;31m[Kerror: [m[Kâ€˜[01m[Kcurrent_pose_[m[Kâ€™ was not declared in this scope
[3.343s]   743 |     [01;31m[Kcurrent_pose_[m[K.header = msg->header;
[3.343s]       |     [01;31m[K^~~~~~~~~~~~~[m[K
[3.343s] [01m[K/home/student/41068RS12025-Group18/src/41068_ignition_bringup/src/mission_node.cpp:[m[K At global scope:
[3.343s] [01m[K/home/student/41068RS12025-Group18/src/41068_ignition_bringup/src/mission_node.cpp:747:8:[m[K [01;31m[Kerror: [m[Kâ€˜[01m[KMissionPlannerNode[m[Kâ€™ has not been declared
[3.343s]   747 |   void [01;31m[KMissionPlannerNode[m[K::velocityCallback(const geometry_msgs::msg::Twist::SharedPtr msg) {
[3.343s]       |        [01;31m[K^~~~~~~~~~~~~~~~~~[m[K
[3.351s] [01m[K/home/student/41068RS12025-Group18/src/41068_ignition_bringup/src/mission_node.cpp:[m[K In function â€˜[01m[Kvoid velocityCallback(geometry_msgs::msg::Twist_<std::allocator<void> >::SharedPtr)[m[Kâ€™:
[3.351s] [01m[K/home/student/41068RS12025-Group18/src/41068_ignition_bringup/src/mission_node.cpp:748:5:[m[K [01;31m[Kerror: [m[Kâ€˜[01m[Kcurrent_velocity_[m[Kâ€™ was not declared in this scope
[3.351s]   748 |     [01;31m[Kcurrent_velocity_[m[K = *msg;
[3.351s]       |     [01;31m[K^~~~~~~~~~~~~~~~~[m[K
[3.351s] [01m[K/home/student/41068RS12025-Group18/src/41068_ignition_bringup/src/mission_node.cpp:[m[K At global scope:
[3.351s] [01m[K/home/student/41068RS12025-Group18/src/41068_ignition_bringup/src/mission_node.cpp:751:8:[m[K [01;31m[Kerror: [m[Kâ€˜[01m[KMissionPlannerNode[m[Kâ€™ has not been declared
[3.351s]   751 |   void [01;31m[KMissionPlannerNode[m[K::waypointCallback(const geometry_msgs::msg::PoseStamped::SharedPtr msg) {
[3.351s]       |        [01;31m[K^~~~~~~~~~~~~~~~~~[m[K
[3.353s] In file included from [01m[K/opt/ros/humble/include/rclcpp/rclcpp/client.hpp:40[m[K,
[3.353s]                  from [01m[K/opt/ros/humble/include/rclcpp/rclcpp/callback_group.hpp:24[m[K,
[3.353s]                  from [01m[K/opt/ros/humble/include/rclcpp/rclcpp/any_executable.hpp:20[m[K,
[3.353s]                  from [01m[K/opt/ros/humble/include/rclcpp/rclcpp/memory_strategy.hpp:25[m[K,
[3.353s]                  from [01m[K/opt/ros/humble/include/rclcpp/rclcpp/memory_strategies.hpp:18[m[K,
[3.353s]                  from [01m[K/opt/ros/humble/include/rclcpp/rclcpp/executor_options.hpp:20[m[K,
[3.353s]                  from [01m[K/opt/ros/humble/include/rclcpp/rclcpp/executor.hpp:37[m[K,
[3.353s]                  from [01m[K/opt/ros/humble/include/rclcpp/rclcpp/executors/multi_threaded_executor.hpp:25[m[K,
[3.353s]                  from [01m[K/opt/ros/humble/include/rclcpp/rclcpp/executors.hpp:21[m[K,
[3.353s]                  from [01m[K/opt/ros/humble/include/rclcpp/rclcpp/rclcpp.hpp:155[m[K,
[3.353s]                  from [01m[K/home/student/41068RS12025-Group18/src/41068_ignition_bringup/include/mission_node.h:30[m[K,
[3.353s]                  from [01m[K/home/student/41068RS12025-Group18/src/41068_ignition_bringup/src/mission_node.cpp:1[m[K:
[3.354s] [01m[K/home/student/41068RS12025-Group18/src/41068_ignition_bringup/src/mission_node.cpp:[m[K In function â€˜[01m[Kvoid waypointCallback(geometry_msgs::msg::PoseStamped_<std::allocator<void> >::SharedPtr)[m[Kâ€™:
[3.354s] [01m[K/home/student/41068RS12025-Group18/src/41068_ignition_bringup/src/mission_node.cpp:752:17:[m[K [01;31m[Kerror: [m[Kinvalid use of â€˜[01m[Kthis[m[Kâ€™ in non-member function
[3.354s]   752 |     RCLCPP_INFO([01;31m[Kthis[m[K->get_logger(), "Received waypoint command for %s: [%.2f, %.2f, %.2f]",
[3.354s]       |                 [01;31m[K^~~~[m[K
[3.354s] [01m[K/home/student/41068RS12025-Group18/src/41068_ignition_bringup/src/mission_node.cpp:752:17:[m[K [01;31m[Kerror: [m[Kinvalid use of â€˜[01m[Kthis[m[Kâ€™ in non-member function
[3.354s] [01m[K/home/student/41068RS12025-Group18/src/41068_ignition_bringup/src/mission_node.cpp:752:5:[m[K [01;31m[Kerror: [m[Ktemplate argument 1 is invalid
[3.354s]   752 |     [01;31m[KRCLCPP_INFO[m[K(this->get_logger(), "Received waypoint command for %s: [%.2f, %.2f, %.2f]",
[3.354s]       |     [01;31m[K^~~~~~~~~~~[m[K
[3.354s] In file included from [01m[K/opt/ros/humble/include/rclcpp/rclcpp/logging.hpp:24[m[K,
[3.354s]                  from [01m[K/opt/ros/humble/include/rclcpp/rclcpp/client.hpp:40[m[K,
[3.354s]                  from [01m[K/opt/ros/humble/include/rclcpp/rclcpp/callback_group.hpp:24[m[K,
[3.354s]                  from [01m[K/opt/ros/humble/include/rclcpp/rclcpp/any_executable.hpp:20[m[K,
[3.354s]                  from [01m[K/opt/ros/humble/include/rclcpp/rclcpp/memory_strategy.hpp:25[m[K,
[3.354s]                  from [01m[K/opt/ros/humble/include/rclcpp/rclcpp/memory_strategies.hpp:18[m[K,
[3.355s]                  from [01m[K/opt/ros/humble/include/rclcpp/rclcpp/executor_options.hpp:20[m[K,
[3.355s]                  from [01m[K/opt/ros/humble/include/rclcpp/rclcpp/executor.hpp:37[m[K,
[3.355s]                  from [01m[K/opt/ros/humble/include/rclcpp/rclcpp/executors/multi_threaded_executor.hpp:25[m[K,
[3.355s]                  from [01m[K/opt/ros/humble/include/rclcpp/rclcpp/executors.hpp:21[m[K,
[3.355s]                  from [01m[K/opt/ros/humble/include/rclcpp/rclcpp/rclcpp.hpp:155[m[K,
[3.355s]                  from [01m[K/home/student/41068RS12025-Group18/src/41068_ignition_bringup/include/mission_node.h:30[m[K,
[3.355s]                  from [01m[K/home/student/41068RS12025-Group18/src/41068_ignition_bringup/src/mission_node.cpp:1[m[K:
[3.355s] [01m[K/home/student/41068RS12025-Group18/src/41068_ignition_bringup/src/mission_node.cpp:752:17:[m[K [01;31m[Kerror: [m[Kinvalid use of â€˜[01m[Kthis[m[Kâ€™ in non-member function
[3.355s]   752 |     RCLCPP_INFO([01;31m[Kthis[m[K->get_logger(), "Received waypoint command for %s: [%.2f, %.2f, %.2f]",
[3.355s]       |                 [01;31m[K^~~~[m[K
[3.355s] [01m[K/home/student/41068RS12025-Group18/src/41068_ignition_bringup/src/mission_node.cpp:752:17:[m[K [01;31m[Kerror: [m[Kinvalid use of â€˜[01m[Kthis[m[Kâ€™ in non-member function
[3.355s]   752 |     RCLCPP_INFO([01;31m[Kthis[m[K->get_logger(), "Received waypoint command for %s: [%.2f, %.2f, %.2f]",
[3.355s]       |                 [01;31m[K^~~~[m[K
[3.359s] [01m[K/home/student/41068RS12025-Group18/src/41068_ignition_bringup/src/mission_node.cpp:753:17:[m[K [01;31m[Kerror: [m[Kâ€˜[01m[Kdrone_id_[m[Kâ€™ was not declared in this scope
[3.359s]   753 |                 [01;31m[Kdrone_id_[m[K.c_str(), msg->pose.position.x, msg->pose.position.y, msg->pose.position.z);
[3.359s]       |                 [01;31m[K^~~~~~~~~[m[K
[3.363s] [01m[K/home/student/41068RS12025-Group18/src/41068_ignition_bringup/src/mission_node.cpp:757:5:[m[K [01;31m[Kerror: [m[Kâ€˜[01m[Kpath_planner_[m[Kâ€™ was not declared in this scope
[3.363s]   757 |     [01;31m[Kpath_planner_[m[K->setWaypoints(new_waypoint);
[3.363s]       |     [01;31m[K^~~~~~~~~~~~~[m[K
[3.368s] [01m[K/home/student/41068RS12025-Group18/src/41068_ignition_bringup/src/mission_node.cpp:760:9:[m[K [01;31m[Kerror: [m[Kâ€˜[01m[Kstate_machine_[m[Kâ€™ was not declared in this scope
[3.368s]   760 |     if ([01;31m[Kstate_machine_[m[K->getCurrentState() == MissionState::IDLE) {
[3.368s]       |         [01;31m[K^~~~~~~~~~~~~~[m[K
[3.368s] [01m[K/home/student/41068RS12025-Group18/src/41068_ignition_bringup/src/mission_node.cpp:760:46:[m[K [01;31m[Kerror: [m[Kâ€˜[01m[KMissionState[m[Kâ€™ has not been declared
[3.369s]   760 |     if (state_machine_->getCurrentState() == [01;31m[KMissionState[m[K::IDLE) {
[3.369s]       |                                              [01;31m[K^~~~~~~~~~~~[m[K
[3.369s] In file included from [01m[K/opt/ros/humble/include/rclcpp/rclcpp/client.hpp:40[m[K,
[3.369s]                  from [01m[K/opt/ros/humble/include/rclcpp/rclcpp/callback_group.hpp:24[m[K,
[3.369s]                  from [01m[K/opt/ros/humble/include/rclcpp/rclcpp/any_executable.hpp:20[m[K,
[3.369s]                  from [01m[K/opt/ros/humble/include/rclcpp/rclcpp/memory_strategy.hpp:25[m[K,
[3.369s]                  from [01m[K/opt/ros/humble/include/rclcpp/rclcpp/memory_strategies.hpp:18[m[K,
[3.369s]                  from [01m[K/opt/ros/humble/include/rclcpp/rclcpp/executor_options.hpp:20[m[K,
[3.369s]                  from [01m[K/opt/ros/humble/include/rclcpp/rclcpp/executor.hpp:37[m[K,
[3.369s]                  from [01m[K/opt/ros/humble/include/rclcpp/rclcpp/executors/multi_threaded_executor.hpp:25[m[K,
[3.369s]                  from [01m[K/opt/ros/humble/include/rclcpp/rclcpp/executors.hpp:21[m[K,
[3.369s]                  from [01m[K/opt/ros/humble/include/rclcpp/rclcpp/rclcpp.hpp:155[m[K,
[3.369s]                  from [01m[K/home/student/41068RS12025-Group18/src/41068_ignition_bringup/include/mission_node.h:30[m[K,
[3.369s]                  from [01m[K/home/student/41068RS12025-Group18/src/41068_ignition_bringup/src/mission_node.cpp:1[m[K:
[3.370s] [01m[K/home/student/41068RS12025-Group18/src/41068_ignition_bringup/src/mission_node.cpp:761:19:[m[K [01;31m[Kerror: [m[Kinvalid use of â€˜[01m[Kthis[m[Kâ€™ in non-member function
[3.370s]   761 |       RCLCPP_INFO([01;31m[Kthis[m[K->get_logger(), "Auto-starting mission for waypoint command");
[3.370s]       |                   [01;31m[K^~~~[m[K
[3.370s] [01m[K/home/student/41068RS12025-Group18/src/41068_ignition_bringup/src/mission_node.cpp:761:19:[m[K [01;31m[Kerror: [m[Kinvalid use of â€˜[01m[Kthis[m[Kâ€™ in non-member function
[3.370s] [01m[K/home/student/41068RS12025-Group18/src/41068_ignition_bringup/src/mission_node.cpp:761:7:[m[K [01;31m[Kerror: [m[Ktemplate argument 1 is invalid
[3.370s]   761 |       [01;31m[KRCLCPP_INFO[m[K(this->get_logger(), "Auto-starting mission for waypoint command");
[3.370s]       |       [01;31m[K^~~~~~~~~~~[m[K
[3.370s] In file included from [01m[K/opt/ros/humble/include/rclcpp/rclcpp/logging.hpp:24[m[K,
[3.370s]                  from [01m[K/opt/ros/humble/include/rclcpp/rclcpp/client.hpp:40[m[K,
[3.370s]                  from [01m[K/opt/ros/humble/include/rclcpp/rclcpp/callback_group.hpp:24[m[K,
[3.370s]                  from [01m[K/opt/ros/humble/include/rclcpp/rclcpp/any_executable.hpp:20[m[K,
[3.370s]                  from [01m[K/opt/ros/humble/include/rclcpp/rclcpp/memory_strategy.hpp:25[m[K,
[3.370s]                  from [01m[K/opt/ros/humble/include/rclcpp/rclcpp/memory_strategies.hpp:18[m[K,
[3.370s]                  from [01m[K/opt/ros/humble/include/rclcpp/rclcpp/executor_options.hpp:20[m[K,
[3.370s]                  from [01m[K/opt/ros/humble/include/rclcpp/rclcpp/executor.hpp:37[m[K,
[3.370s]                  from [01m[K/opt/ros/humble/include/rclcpp/rclcpp/executors/multi_threaded_executor.hpp:25[m[K,
[3.370s]                  from [01m[K/opt/ros/humble/include/rclcpp/rclcpp/executors.hpp:21[m[K,
[3.371s]                  from [01m[K/opt/ros/humble/include/rclcpp/rclcpp/rclcpp.hpp:155[m[K,
[3.371s]                  from [01m[K/home/student/41068RS12025-Group18/src/41068_ignition_bringup/include/mission_node.h:30[m[K,
[3.371s]                  from [01m[K/home/student/41068RS12025-Group18/src/41068_ignition_bringup/src/mission_node.cpp:1[m[K:
[3.371s] [01m[K/home/student/41068RS12025-Group18/src/41068_ignition_bringup/src/mission_node.cpp:761:19:[m[K [01;31m[Kerror: [m[Kinvalid use of â€˜[01m[Kthis[m[Kâ€™ in non-member function
[3.371s]   761 |       RCLCPP_INFO([01;31m[Kthis[m[K->get_logger(), "Auto-starting mission for waypoint command");
[3.371s]       |                   [01;31m[K^~~~[m[K
[3.371s] [01m[K/home/student/41068RS12025-Group18/src/41068_ignition_bringup/src/mission_node.cpp:761:19:[m[K [01;31m[Kerror: [m[Kinvalid use of â€˜[01m[Kthis[m[Kâ€™ in non-member function
[3.371s]   761 |       RCLCPP_INFO([01;31m[Kthis[m[K->get_logger(), "Auto-starting mission for waypoint command");
[3.371s]       |                   [01;31m[K^~~~[m[K
[3.371s] [01m[K/home/student/41068RS12025-Group18/src/41068_ignition_bringup/src/mission_node.cpp:762:32:[m[K [01;31m[Kerror: [m[Kâ€˜[01m[KMissionState[m[Kâ€™ has not been declared
[3.371s]   762 |       state_machine_->setState([01;31m[KMissionState[m[K::TAKEOFF);
[3.371s]       |                                [01;31m[K^~~~~~~~~~~~[m[K
[3.371s] [01m[K/home/student/41068RS12025-Group18/src/41068_ignition_bringup/src/mission_node.cpp:765:51:[m[K [01;31m[Kerror: [m[Kâ€˜[01m[KMissionState[m[Kâ€™ has not been declared
[3.371s]   765 |     else if (state_machine_->getCurrentState() == [01;31m[KMissionState[m[K::HOVERING) {
[3.371s]       |                                                   [01;31m[K^~~~~~~~~~~~[m[K
[3.372s] In file included from [01m[K/opt/ros/humble/include/rclcpp/rclcpp/client.hpp:40[m[K,
[3.372s]                  from [01m[K/opt/ros/humble/include/rclcpp/rclcpp/callback_group.hpp:24[m[K,
[3.372s]                  from [01m[K/opt/ros/humble/include/rclcpp/rclcpp/any_executable.hpp:20[m[K,
[3.372s]                  from [01m[K/opt/ros/humble/include/rclcpp/rclcpp/memory_strategy.hpp:25[m[K,
[3.372s]                  from [01m[K/opt/ros/humble/include/rclcpp/rclcpp/memory_strategies.hpp:18[m[K,
[3.372s]                  from [01m[K/opt/ros/humble/include/rclcpp/rclcpp/executor_options.hpp:20[m[K,
[3.372s]                  from [01m[K/opt/ros/humble/include/rclcpp/rclcpp/executor.hpp:37[m[K,
[3.372s]                  from [01m[K/opt/ros/humble/include/rclcpp/rclcpp/executors/multi_threaded_executor.hpp:25[m[K,
[3.372s]                  from [01m[K/opt/ros/humble/include/rclcpp/rclcpp/executors.hpp:21[m[K,
[3.372s]                  from [01m[K/opt/ros/humble/include/rclcpp/rclcpp/rclcpp.hpp:155[m[K,
[3.372s]                  from [01m[K/home/student/41068RS12025-Group18/src/41068_ignition_bringup/include/mission_node.h:30[m[K,
[3.372s]                  from [01m[K/home/student/41068RS12025-Group18/src/41068_ignition_bringup/src/mission_node.cpp:1[m[K:
[3.372s] [01m[K/home/student/41068RS12025-Group18/src/41068_ignition_bringup/src/mission_node.cpp:766:19:[m[K [01;31m[Kerror: [m[Kinvalid use of â€˜[01m[Kthis[m[Kâ€™ in non-member function
[3.372s]   766 |       RCLCPP_INFO([01;31m[Kthis[m[K->get_logger(), "Switching to waypoint navigation mode");
[3.372s]       |                   [01;31m[K^~~~[m[K
[3.372s] [01m[K/home/student/41068RS12025-Group18/src/41068_ignition_bringup/src/mission_node.cpp:766:19:[m[K [01;31m[Kerror: [m[Kinvalid use of â€˜[01m[Kthis[m[Kâ€™ in non-member function
[3.372s] [01m[K/home/student/41068RS12025-Group18/src/41068_ignition_bringup/src/mission_node.cpp:766:7:[m[K [01;31m[Kerror: [m[Ktemplate argument 1 is invalid
[3.373s]   766 |       [01;31m[KRCLCPP_INFO[m[K(this->get_logger(), "Switching to waypoint navigation mode");
[3.373s]       |       [01;31m[K^~~~~~~~~~~[m[K
[3.373s] In file included from [01m[K/opt/ros/humble/include/rclcpp/rclcpp/logging.hpp:24[m[K,
[3.373s]                  from [01m[K/opt/ros/humble/include/rclcpp/rclcpp/client.hpp:40[m[K,
[3.373s]                  from [01m[K/opt/ros/humble/include/rclcpp/rclcpp/callback_group.hpp:24[m[K,
[3.373s]                  from [01m[K/opt/ros/humble/include/rclcpp/rclcpp/any_executable.hpp:20[m[K,
[3.373s]                  from [01m[K/opt/ros/humble/include/rclcpp/rclcpp/memory_strategy.hpp:25[m[K,
[3.373s]                  from [01m[K/opt/ros/humble/include/rclcpp/rclcpp/memory_strategies.hpp:18[m[K,
[3.373s]                  from [01m[K/opt/ros/humble/include/rclcpp/rclcpp/executor_options.hpp:20[m[K,
[3.373s]                  from [01m[K/opt/ros/humble/include/rclcpp/rclcpp/executor.hpp:37[m[K,
[3.373s]                  from [01m[K/opt/ros/humble/include/rclcpp/rclcpp/executors/multi_threaded_executor.hpp:25[m[K,
[3.373s]                  from [01m[K/opt/ros/humble/include/rclcpp/rclcpp/executors.hpp:21[m[K,
[3.373s]                  from [01m[K/opt/ros/humble/include/rclcpp/rclcpp/rclcpp.hpp:155[m[K,
[3.373s]                  from [01m[K/home/student/41068RS12025-Group18/src/41068_ignition_bringup/include/mission_node.h:30[m[K,
[3.373s]                  from [01m[K/home/student/41068RS12025-Group18/src/41068_ignition_bringup/src/mission_node.cpp:1[m[K:
[3.373s] [01m[K/home/student/41068RS12025-Group18/src/41068_ignition_bringup/src/mission_node.cpp:766:19:[m[K [01;31m[Kerror: [m[Kinvalid use of â€˜[01m[Kthis[m[Kâ€™ in non-member function
[3.373s]   766 |       RCLCPP_INFO([01;31m[Kthis[m[K->get_logger(), "Switching to waypoint navigation mode");
[3.374s]       |                   [01;31m[K^~~~[m[K
[3.374s] [01m[K/home/student/41068RS12025-Group18/src/41068_ignition_bringup/src/mission_node.cpp:766:19:[m[K [01;31m[Kerror: [m[Kinvalid use of â€˜[01m[Kthis[m[Kâ€™ in non-member function
[3.374s]   766 |       RCLCPP_INFO([01;31m[Kthis[m[K->get_logger(), "Switching to waypoint navigation mode");
[3.374s]       |                   [01;31m[K^~~~[m[K
[3.374s] [01m[K/home/student/41068RS12025-Group18/src/41068_ignition_bringup/src/mission_node.cpp:767:32:[m[K [01;31m[Kerror: [m[Kâ€˜[01m[KMissionState[m[Kâ€™ has not been declared
[3.374s]   767 |       state_machine_->setState([01;31m[KMissionState[m[K::WAYPOINT_NAVIGATION);
[3.374s]       |                                [01;31m[K^~~~~~~~~~~~[m[K
[3.374s] [01m[K/home/student/41068RS12025-Group18/src/41068_ignition_bringup/src/mission_node.cpp:[m[K At global scope:
[3.374s] [01m[K/home/student/41068RS12025-Group18/src/41068_ignition_bringup/src/mission_node.cpp:779:8:[m[K [01;31m[Kerror: [m[Kâ€˜[01m[KMissionPlannerNode[m[Kâ€™ has not been declared
[3.374s]   779 |   bool [01;31m[KMissionPlannerNode[m[K::parseKeyVal(const std::string& tok, std::string& key, std::string& val) {
[3.374s]       |        [01;31m[K^~~~~~~~~~~~~~~~~~[m[K
[3.374s] [01m[K/home/student/41068RS12025-Group18/src/41068_ignition_bringup/src/mission_node.cpp:787:3:[m[K [01;31m[Kerror: [m[Kâ€˜[01m[KMissionState[m[Kâ€™ does not name a type
[3.374s]   787 |   [01;31m[KMissionState[m[K MissionPlannerNode::stateFromString(const std::string& s) {
[3.374s]       |   [01;31m[K^~~~~~~~~~~~[m[K
[3.374s] [01m[K/home/student/41068RS12025-Group18/src/41068_ignition_bringup/src/mission_node.cpp:837:3:[m[K [01;31m[Kerror: [m[Kâ€˜[01m[KScenario[m[Kâ€™ does not name a type
[3.374s]   837 |   [01;31m[KScenario[m[K MissionPlannerNode::scenarioFromString(const std::string& s) {
[3.375s]       |   [01;31m[K^~~~~~~~[m[K
[3.375s] [01m[K/home/student/41068RS12025-Group18/src/41068_ignition_bringup/src/mission_node.cpp:846:43:[m[K [01;31m[Kerror: [m[Kâ€˜[01m[KMissionState[m[Kâ€™ was not declared in this scope; did you mean â€˜[01m[Kdrone::MissionState[m[Kâ€™?
[3.375s]   846 |   static std::string missionStateToString([01;31m[KMissionState[m[K state) {
[3.375s]       |                                           [01;31m[K^~~~~~~~~~~~[m[K
[3.375s]       |                                           [32m[Kdrone::MissionState[m[K
[3.375s] In file included from [01m[K/home/student/41068RS12025-Group18/src/41068_ignition_bringup/include/mission/state_machine.h:15[m[K,
[3.375s]                  from [01m[K/home/student/41068RS12025-Group18/src/41068_ignition_bringup/include/mission_node.h:38[m[K,
[3.375s]                  from [01m[K/home/student/41068RS12025-Group18/src/41068_ignition_bringup/src/mission_node.cpp:1[m[K:
[3.375s] [01m[K/home/student/41068RS12025-Group18/src/41068_ignition_bringup/include/mission_state.h:23:12:[m[K [01;36m[Knote: [m[Kâ€˜[01m[Kdrone::MissionState[m[Kâ€™ declared here
[3.375s]    23 | enum class [01;36m[KMissionState[m[K
[3.375s]       |            [01;36m[K^~~~~~~~~~~~[m[K
[3.375s] [01m[K/home/student/41068RS12025-Group18/src/41068_ignition_bringup/src/mission_node.cpp:846:63:[m[K [01;31m[Kerror: [m[Kexpected â€˜[01m[K,[m[Kâ€™ or â€˜[01m[K;[m[Kâ€™ before â€˜[01m[K{[m[Kâ€™ token
[3.375s]   846 |   static std::string missionStateToString(MissionState state) [01;31m[K{[m[K
[3.375s]       |                                                               [01;31m[K^[m[K
[3.377s] [01m[K/home/student/41068RS12025-Group18/src/41068_ignition_bringup/src/mission_node.cpp:861:3:[m[K [01;31m[Kerror: [m[Kâ€˜[01m[KMissionState[m[Kâ€™ does not name a type
[3.377s]   861 |   [01;31m[KMissionState[m[K MissionPlannerNode::targetStateForScenario(Scenario scenario) {
[3.377s]       |   [01;31m[K^~~~~~~~~~~~[m[K
[3.379s] [01m[K/home/student/41068RS12025-Group18/src/41068_ignition_bringup/src/mission_node.cpp:884:3:[m[K [01;31m[Kerror: [m[Kâ€˜[01m[KScenarioData[m[Kâ€™ does not name a type
[3.379s]   884 |   [01;31m[KScenarioData[m[K parseScenarioMessage(const std::string& message_data) {
[3.380s]       |   [01;31m[K^~~~~~~~~~~~[m[K
[3.380s] [01m[K/home/student/41068RS12025-Group18/src/41068_ignition_bringup/src/mission_node.cpp:959:8:[m[K [01;31m[Kerror: [m[Kâ€˜[01m[KMissionPlannerNode[m[Kâ€™ has not been declared
[3.380s]   959 |   void [01;31m[KMissionPlannerNode[m[K::scenarioDetectionCallback(const std_msgs::msg::String::SharedPtr msg) {
[3.380s]       |        [01;31m[K^~~~~~~~~~~~~~~~~~[m[K
[3.380s] [01m[K/home/student/41068RS12025-Group18/src/41068_ignition_bringup/src/mission_node.cpp:[m[K In function â€˜[01m[Kvoid scenarioDetectionCallback(std_msgs::msg::String_<std::allocator<void> >::SharedPtr)[m[Kâ€™:
[3.380s] [01m[K/home/student/41068RS12025-Group18/src/41068_ignition_bringup/src/mission_node.cpp:959:93:[m[K [01;35m[Kwarning: [m[Kunused parameter â€˜[01m[Kmsg[m[Kâ€™ [[01;35m[K]8;;https://gcc.gnu.org/onlinedocs/gcc/Warning-Options.html#index-Wunused-parameter-Wunused-parameter]8;;[m[K]
[3.380s]   959 |   void MissionPlannerNode::scenarioDetectionCallback([01;35m[Kconst std_msgs::msg::String::SharedPtr msg[m[K) {
[3.380s]       |                                                      [01;35m[K~~~~~~~~~~~~~~~~~~~~~~~~~~~~~~~~~~~~~~~^~~[m[K
[3.381s] [01m[K/home/student/41068RS12025-Group18/src/41068_ignition_bringup/src/mission_node.cpp:[m[K At global scope:
[3.381s] [01m[K/home/student/41068RS12025-Group18/src/41068_ignition_bringup/src/mission_node.cpp:963:3:[m[K [01;31m[Kerror: [m[Kâ€˜[01m[KDroneInfo[m[Kâ€™ does not name a type
[3.381s]   963 |   [01;31m[KDroneInfo[m[K MissionPlannerNode::parseInfoManifest(const std::string& manifest_data) {
[3.381s]       |   [01;31m[K^~~~~~~~~[m[K
[3.381s] [01m[K/home/student/41068RS12025-Group18/src/41068_ignition_bringup/src/mission_node.cpp:995:8:[m[K [01;31m[Kerror: [m[Kâ€˜[01m[KMissionPlannerNode[m[Kâ€™ has not been declared
[3.381s]   995 |   void [01;31m[KMissionPlannerNode[m[K::createPeerSubscriptionForId(int peer_id) {
[3.381s]       |        [01;31m[K^~~~~~~~~~~~~~~~~~[m[K
[3.386s] [01m[K/home/student/41068RS12025-Group18/src/41068_ignition_bringup/src/mission_node.cpp:[m[K In function â€˜[01m[Kvoid createPeerSubscriptionForId(int)[m[Kâ€™:
[3.386s] [01m[K/home/student/41068RS12025-Group18/src/41068_ignition_bringup/src/mission_node.cpp:1000:40:[m[K [01;31m[Kerror: [m[Kâ€˜[01m[Kpeers_mutex_[m[Kâ€™ was not declared in this scope
[3.386s]  1000 |       std::lock_guard<std::mutex> lock([01;31m[Kpeers_mutex_[m[K);
[3.386s]       |                                        [01;31m[K^~~~~~~~~~~~[m[K
[3.392s] [01m[K/home/student/41068RS12025-Group18/src/41068_ignition_bringup/src/mission_node.cpp:1001:11:[m[K [01;31m[Kerror: [m[Kâ€˜[01m[Kinfo_manifest_subs_[m[Kâ€™ was not declared in this scope
[3.392s]  1001 |       if ([01;31m[Kinfo_manifest_subs_[m[K.count(peer_id)) {
[3.393s]       |           [01;31m[K^~~~~~~~~~~~~~~~~~~[m[K
[3.393s] [01m[K/home/student/41068RS12025-Group18/src/41068_ignition_bringup/src/mission_node.cpp:1010:21:[m[K [01;31m[Kerror: [m[Kinvalid use of â€˜[01m[Kthis[m[Kâ€™ in non-member function
[3.393s]  1010 |     auto odom_sub = [01;31m[Kthis[m[K->create_subscription<nav_msgs::msg::Odometry>(
[3.393s]       |                     [01;31m[K^~~~[m[K
[3.393s] [01m[K/home/student/41068RS12025-Group18/src/41068_ignition_bringup/src/mission_node.cpp:1010:70:[m[K [01;31m[Kerror: [m[Kexpected primary-expression before â€˜[01m[K>[m[Kâ€™ token
[3.393s]  1010 |     auto odom_sub = this->create_subscription<nav_msgs::msg::Odometry[01;31m[K>[m[K(
[3.393s]       |                                                                      [01;31m[K^[m[K
[3.393s] [01m[K/home/student/41068RS12025-Group18/src/41068_ignition_bringup/src/mission_node.cpp:1012:10:[m[K [01;31m[Kerror: [m[Kinvalid use of â€˜[01m[Kthis[m[Kâ€™ in non-member function
[3.393s]  1012 |         [[01;31m[Kthis[m[K, peer_id](const nav_msgs::msg::Odometry::SharedPtr msg) {
[3.393s]       |          [01;31m[K^~~~[m[K
[3.399s] [01m[K/home/student/41068RS12025-Group18/src/41068_ignition_bringup/src/mission_node.cpp:[m[K In lambda function:
[3.399s] [01m[K/home/student/41068RS12025-Group18/src/41068_ignition_bringup/src/mission_node.cpp:1013:45:[m[K [01;31m[Kerror: [m[Kâ€˜[01m[Kpeers_mutex_[m[Kâ€™ was not declared in this scope
[3.399s]  1013 |           std::lock_guard<std::mutex> guard([01;31m[Kpeers_mutex_[m[K);
[3.399s]       |                                             [01;31m[K^~~~~~~~~~~~[m[K
[3.405s] [01m[K/home/student/41068RS12025-Group18/src/41068_ignition_bringup/src/mission_node.cpp:1014:11:[m[K [01;31m[Kerror: [m[Kâ€˜[01m[Kpeer_poses_[m[Kâ€™ was not declared in this scope
[3.405s]  1014 |           [01;31m[Kpeer_poses_[m[K[peer_id].header = msg->header;
[3.405s]       |           [01;31m[K^~~~~~~~~~~[m[K
[3.405s] [01m[K/home/student/41068RS12025-Group18/src/41068_ignition_bringup/src/mission_node.cpp:[m[K In function â€˜[01m[Kvoid createPeerSubscriptionForId(int)[m[Kâ€™:
[3.405s] [01m[K/home/student/41068RS12025-Group18/src/41068_ignition_bringup/src/mission_node.cpp:1016:9:[m[K [01;35m[Kwarning: [m[Kright operand of comma operator has no effect [[01;35m[K]8;;https://gcc.gnu.org/onlinedocs/gcc/Warning-Options.html#index-Wunused-value-Wunused-value]8;;[m[K]
[3.405s]  1016 |         [01;35m[K}[m[K);
[3.405s]       |         [01;35m[K^[m[K
[3.405s] [01m[K/home/student/41068RS12025-Group18/src/41068_ignition_bringup/src/mission_node.cpp:1018:27:[m[K [01;31m[Kerror: [m[Kinvalid use of â€˜[01m[Kthis[m[Kâ€™ in non-member function
[3.406s]  1018 |     auto assignment_pub = [01;31m[Kthis[m[K->create_publisher<std_msgs::msg::String>(
[3.406s]       |                           [01;31m[K^~~~[m[K
[3.406s] [01m[K/home/student/41068RS12025-Group18/src/41068_ignition_bringup/src/mission_node.cpp:1018:71:[m[K [01;31m[Kerror: [m[Kexpected primary-expression before â€˜[01m[K>[m[Kâ€™ token
[3.406s]  1018 |     auto assignment_pub = this->create_publisher<std_msgs::msg::String[01;31m[K>[m[K(
[3.406s]       |                                                                       [01;31m[K^[m[K
[3.406s] [01m[K/home/student/41068RS12025-Group18/src/41068_ignition_bringup/src/mission_node.cpp:1021:25:[m[K [01;31m[Kerror: [m[Kinvalid use of â€˜[01m[Kthis[m[Kâ€™ in non-member function
[3.406s]  1021 |     auto info_req_pub = [01;31m[Kthis[m[K->create_publisher<std_msgs::msg::Empty>(
[3.406s]       |                         [01;31m[K^~~~[m[K
[3.406s] [01m[K/home/student/41068RS12025-Group18/src/41068_ignition_bringup/src/mission_node.cpp:1021:68:[m[K [01;31m[Kerror: [m[Kexpected primary-expression before â€˜[01m[K>[m[Kâ€™ token
[3.406s]  1021 |     auto info_req_pub = this->create_publisher<std_msgs::msg::Empty[01;31m[K>[m[K(
[3.406s]       |                                                                    [01;31m[K^[m[K
[3.406s] [01m[K/home/student/41068RS12025-Group18/src/41068_ignition_bringup/src/mission_node.cpp:1024:21:[m[K [01;31m[Kerror: [m[Kinvalid use of â€˜[01m[Kthis[m[Kâ€™ in non-member function
[3.406s]  1024 |     auto info_sub = [01;31m[Kthis[m[K->create_subscription<std_msgs::msg::String>(
[3.406s]       |                     [01;31m[K^~~~[m[K
[3.406s] [01m[K/home/student/41068RS12025-Group18/src/41068_ignition_bringup/src/mission_node.cpp:1024:68:[m[K [01;31m[Kerror: [m[Kexpected primary-expression before â€˜[01m[K>[m[Kâ€™ token
[3.406s]  1024 |     auto info_sub = this->create_subscription<std_msgs::msg::String[01;31m[K>[m[K(
[3.406s]       |                                                                    [01;31m[K^[m[K
[3.407s] [01m[K/home/student/41068RS12025-Group18/src/41068_ignition_bringup/src/mission_node.cpp:1026:10:[m[K [01;31m[Kerror: [m[Kinvalid use of â€˜[01m[Kthis[m[Kâ€™ in non-member function
[3.407s]  1026 |         [[01;31m[Kthis[m[K, peer_id](const std_msgs::msg::String::SharedPtr msg) {
[3.407s]       |          [01;31m[K^~~~[m[K
[3.415s] [01m[K/home/student/41068RS12025-Group18/src/41068_ignition_bringup/src/mission_node.cpp:[m[K In lambda function:
[3.415s] [01m[K/home/student/41068RS12025-Group18/src/41068_ignition_bringup/src/mission_node.cpp:1027:11:[m[K [01;31m[Kerror: [m[Kâ€˜[01m[KinfoManifestCallback[m[Kâ€™ was not declared in this scope
[3.416s]  1027 |           [01;31m[KinfoManifestCallback[m[K(peer_id, msg);
[3.416s]       |           [01;31m[K^~~~~~~~~~~~~~~~~~~~[m[K
[3.416s] [01m[K/home/student/41068RS12025-Group18/src/41068_ignition_bringup/src/mission_node.cpp:[m[K In function â€˜[01m[Kvoid createPeerSubscriptionForId(int)[m[Kâ€™:
[3.416s] [01m[K/home/student/41068RS12025-Group18/src/41068_ignition_bringup/src/mission_node.cpp:1028:9:[m[K [01;35m[Kwarning: [m[Kright operand of comma operator has no effect [[01;35m[K]8;;https://gcc.gnu.org/onlinedocs/gcc/Warning-Options.html#index-Wunused-value-Wunused-value]8;;[m[K]
[3.416s]  1028 |         [01;35m[K}[m[K);
[3.416s]       |         [01;35m[K^[m[K
[3.419s] [01m[K/home/student/41068RS12025-Group18/src/41068_ignition_bringup/src/mission_node.cpp:1032:40:[m[K [01;31m[Kerror: [m[Kâ€˜[01m[Kpeers_mutex_[m[Kâ€™ was not declared in this scope
[3.419s]  1032 |       std::lock_guard<std::mutex> lock([01;31m[Kpeers_mutex_[m[K);
[3.419s]       |                                        [01;31m[K^~~~~~~~~~~~[m[K
[3.425s] [01m[K/home/student/41068RS12025-Group18/src/41068_ignition_bringup/src/mission_node.cpp:1035:12:[m[K [01;31m[Kerror: [m[Kâ€˜[01m[Kinfo_manifest_subs_[m[Kâ€™ was not declared in this scope
[3.425s]  1035 |       if (![01;31m[Kinfo_manifest_subs_[m[K.count(peer_id)) {
[3.425s]       |            [01;31m[K^~~~~~~~~~~~~~~~~~~[m[K
[3.430s] [01m[K/home/student/41068RS12025-Group18/src/41068_ignition_bringup/src/mission_node.cpp:1036:9:[m[K [01;31m[Kerror: [m[Kâ€˜[01m[Kpeer_odom_subs_[m[Kâ€™ was not declared in this scope
[3.430s]  1036 |         [01;31m[Kpeer_odom_subs_[m[K[peer_id]     = std::move(odom_sub);
[3.430s]       |         [01;31m[K^~~~~~~~~~~~~~~[m[K
[3.435s] [01m[K/home/student/41068RS12025-Group18/src/41068_ignition_bringup/src/mission_node.cpp:1037:9:[m[K [01;31m[Kerror: [m[Kâ€˜[01m[Kassignment_pubs_[m[Kâ€™ was not declared in this scope
[3.435s]  1037 |         [01;31m[Kassignment_pubs_[m[K[peer_id]    = std::move(assignment_pub);
[3.435s]       |         [01;31m[K^~~~~~~~~~~~~~~~[m[K
[3.441s] [01m[K/home/student/41068RS12025-Group18/src/41068_ignition_bringup/src/mission_node.cpp:1038:9:[m[K [01;31m[Kerror: [m[Kâ€˜[01m[Kinfo_request_pubs_[m[Kâ€™ was not declared in this scope
[3.441s]  1038 |         [01;31m[Kinfo_request_pubs_[m[K[peer_id]  = std::move(info_req_pub);
[3.441s]       |         [01;31m[K^~~~~~~~~~~~~~~~~~[m[K
[3.441s] In file included from [01m[K/opt/ros/humble/include/rclcpp/rclcpp/client.hpp:40[m[K,
[3.441s]                  from [01m[K/opt/ros/humble/include/rclcpp/rclcpp/callback_group.hpp:24[m[K,
[3.441s]                  from [01m[K/opt/ros/humble/include/rclcpp/rclcpp/any_executable.hpp:20[m[K,
[3.441s]                  from [01m[K/opt/ros/humble/include/rclcpp/rclcpp/memory_strategy.hpp:25[m[K,
[3.441s]                  from [01m[K/opt/ros/humble/include/rclcpp/rclcpp/memory_strategies.hpp:18[m[K,
[3.441s]                  from [01m[K/opt/ros/humble/include/rclcpp/rclcpp/executor_options.hpp:20[m[K,
[3.441s]                  from [01m[K/opt/ros/humble/include/rclcpp/rclcpp/executor.hpp:37[m[K,
[3.441s]                  from [01m[K/opt/ros/humble/include/rclcpp/rclcpp/executors/multi_threaded_executor.hpp:25[m[K,
[3.441s]                  from [01m[K/opt/ros/humble/include/rclcpp/rclcpp/executors.hpp:21[m[K,
[3.441s]                  from [01m[K/opt/ros/humble/include/rclcpp/rclcpp/rclcpp.hpp:155[m[K,
[3.442s]                  from [01m[K/home/student/41068RS12025-Group18/src/41068_ignition_bringup/include/mission_node.h:30[m[K,
[3.442s]                  from [01m[K/home/student/41068RS12025-Group18/src/41068_ignition_bringup/src/mission_node.cpp:1[m[K:
[3.442s] [01m[K/home/student/41068RS12025-Group18/src/41068_ignition_bringup/src/mission_node.cpp:1041:21:[m[K [01;31m[Kerror: [m[Kinvalid use of â€˜[01m[Kthis[m[Kâ€™ in non-member function
[3.442s]  1041 |         RCLCPP_INFO([01;31m[Kthis[m[K->get_logger(),
[3.442s]       |                     [01;31m[K^~~~[m[K
[3.442s] [01m[K/home/student/41068RS12025-Group18/src/41068_ignition_bringup/src/mission_node.cpp:1041:21:[m[K [01;31m[Kerror: [m[Kinvalid use of â€˜[01m[Kthis[m[Kâ€™ in non-member function
[3.442s] [01m[K/home/student/41068RS12025-Group18/src/41068_ignition_bringup/src/mission_node.cpp:1041:9:[m[K [01;31m[Kerror: [m[Ktemplate argument 1 is invalid
[3.442s]  1041 |         [01;31m[KRCLCPP_INFO[m[K(this->get_logger(),
[3.442s]       |         [01;31m[K^~~~~~~~~~~[m[K
[3.442s] In file included from [01m[K/opt/ros/humble/include/rclcpp/rclcpp/logging.hpp:24[m[K,
[3.442s]                  from [01m[K/opt/ros/humble/include/rclcpp/rclcpp/client.hpp:40[m[K,
[3.442s]                  from [01m[K/opt/ros/humble/include/rclcpp/rclcpp/callback_group.hpp:24[m[K,
[3.442s]                  from [01m[K/opt/ros/humble/include/rclcpp/rclcpp/any_executable.hpp:20[m[K,
[3.442s]                  from [01m[K/opt/ros/humble/include/rclcpp/rclcpp/memory_strategy.hpp:25[m[K,
[3.443s]                  from [01m[K/opt/ros/humble/include/rclcpp/rclcpp/memory_strategies.hpp:18[m[K,
[3.443s]                  from [01m[K/opt/ros/humble/include/rclcpp/rclcpp/executor_options.hpp:20[m[K,
[3.443s]                  from [01m[K/opt/ros/humble/include/rclcpp/rclcpp/executor.hpp:37[m[K,
[3.443s]                  from [01m[K/opt/ros/humble/include/rclcpp/rclcpp/executors/multi_threaded_executor.hpp:25[m[K,
[3.443s]                  from [01m[K/opt/ros/humble/include/rclcpp/rclcpp/executors.hpp:21[m[K,
[3.443s]                  from [01m[K/opt/ros/humble/include/rclcpp/rclcpp/rclcpp.hpp:155[m[K,
[3.443s]                  from [01m[K/home/student/41068RS12025-Group18/src/41068_ignition_bringup/include/mission_node.h:30[m[K,
[3.443s]                  from [01m[K/home/student/41068RS12025-Group18/src/41068_ignition_bringup/src/mission_node.cpp:1[m[K:
[3.443s] [01m[K/home/student/41068RS12025-Group18/src/41068_ignition_bringup/src/mission_node.cpp:1041:21:[m[K [01;31m[Kerror: [m[Kinvalid use of â€˜[01m[Kthis[m[Kâ€™ in non-member function
[3.443s]  1041 |         RCLCPP_INFO([01;31m[Kthis[m[K->get_logger(),
[3.443s]       |                     [01;31m[K^~~~[m[K
[3.443s] [01m[K/home/student/41068RS12025-Group18/src/41068_ignition_bringup/src/mission_node.cpp:1041:21:[m[K [01;31m[Kerror: [m[Kinvalid use of â€˜[01m[Kthis[m[Kâ€™ in non-member function
[3.443s]  1041 |         RCLCPP_INFO([01;31m[Kthis[m[K->get_logger(),
[3.443s]       |                     [01;31m[K^~~~[m[K
[3.443s] [01m[K/home/student/41068RS12025-Group18/src/41068_ignition_bringup/src/mission_node.cpp:[m[K At global scope:
[3.443s] [01m[K/home/student/41068RS12025-Group18/src/41068_ignition_bringup/src/mission_node.cpp:1060:8:[m[K [01;31m[Kerror: [m[Kâ€˜[01m[KMissionPlannerNode[m[Kâ€™ has not been declared
[3.443s]  1060 |   void [01;31m[KMissionPlannerNode[m[K::infoRequestPingCallback(const std_msgs::msg::Empty::SharedPtr) {
[3.444s]       |        [01;31m[K^~~~~~~~~~~~~~~~~~[m[K
[3.452s] [01m[K/home/student/41068RS12025-Group18/src/41068_ignition_bringup/src/mission_node.cpp:[m[K In function â€˜[01m[Kvoid infoRequestPingCallback(std_msgs::msg::Empty_<std::allocator<void> >::SharedPtr)[m[Kâ€™:
[3.452s] [01m[K/home/student/41068RS12025-Group18/src/41068_ignition_bringup/src/mission_node.cpp:1062:16:[m[K [01;31m[Kerror: [m[Kâ€˜[01m[KbuildInfoManifestCsv[m[Kâ€™ was not declared in this scope
[3.452s]  1062 |     out.data = [01;31m[KbuildInfoManifestCsv[m[K();
[3.452s]       |                [01;31m[K^~~~~~~~~~~~~~~~~~~~[m[K
[3.461s] [01m[K/home/student/41068RS12025-Group18/src/41068_ignition_bringup/src/mission_node.cpp:1063:5:[m[K [01;31m[Kerror: [m[Kâ€˜[01m[Kinfo_manifest_pub_[m[Kâ€™ was not declared in this scope
[3.461s]  1063 |     [01;31m[Kinfo_manifest_pub_[m[K->publish(out);
[3.461s]       |     [01;31m[K^~~~~~~~~~~~~~~~~~[m[K
[3.461s] In file included from [01m[K/opt/ros/humble/include/rclcpp/rclcpp/client.hpp:40[m[K,
[3.461s]                  from [01m[K/opt/ros/humble/include/rclcpp/rclcpp/callback_group.hpp:24[m[K,
[3.461s]                  from [01m[K/opt/ros/humble/include/rclcpp/rclcpp/any_executable.hpp:20[m[K,
[3.461s]                  from [01m[K/opt/ros/humble/include/rclcpp/rclcpp/memory_strategy.hpp:25[m[K,
[3.461s]                  from [01m[K/opt/ros/humble/include/rclcpp/rclcpp/memory_strategies.hpp:18[m[K,
[3.461s]                  from [01m[K/opt/ros/humble/include/rclcpp/rclcpp/executor_options.hpp:20[m[K,
[3.462s]                  from [01m[K/opt/ros/humble/include/rclcpp/rclcpp/executor.hpp:37[m[K,
[3.462s]                  from [01m[K/opt/ros/humble/include/rclcpp/rclcpp/executors/multi_threaded_executor.hpp:25[m[K,
[3.462s]                  from [01m[K/opt/ros/humble/include/rclcpp/rclcpp/executors.hpp:21[m[K,
[3.462s]                  from [01m[K/opt/ros/humble/include/rclcpp/rclcpp/rclcpp.hpp:155[m[K,
[3.462s]                  from [01m[K/home/student/41068RS12025-Group18/src/41068_ignition_bringup/include/mission_node.h:30[m[K,
[3.462s]                  from [01m[K/home/student/41068RS12025-Group18/src/41068_ignition_bringup/src/mission_node.cpp:1[m[K:
[3.462s] [01m[K/home/student/41068RS12025-Group18/src/41068_ignition_bringup/src/mission_node.cpp:1064:18:[m[K [01;31m[Kerror: [m[Kinvalid use of â€˜[01m[Kthis[m[Kâ€™ in non-member function
[3.462s]  1064 |     RCLCPP_DEBUG([01;31m[Kthis[m[K->get_logger(), "Published info manifest in response to ping");
[3.462s]       |                  [01;31m[K^~~~[m[K
[3.462s] [01m[K/home/student/41068RS12025-Group18/src/41068_ignition_bringup/src/mission_node.cpp:1064:18:[m[K [01;31m[Kerror: [m[Kinvalid use of â€˜[01m[Kthis[m[Kâ€™ in non-member function
[3.462s] [01m[K/home/student/41068RS12025-Group18/src/41068_ignition_bringup/src/mission_node.cpp:1064:5:[m[K [01;31m[Kerror: [m[Ktemplate argument 1 is invalid
[3.462s]  1064 |     [01;31m[KRCLCPP_DEBUG[m[K(this->get_logger(), "Published info manifest in response to ping");
[3.462s]       |     [01;31m[K^~~~~~~~~~~~[m[K
[3.462s] In file included from [01m[K/opt/ros/humble/include/rclcpp/rclcpp/logging.hpp:24[m[K,
[3.462s]                  from [01m[K/opt/ros/humble/include/rclcpp/rclcpp/client.hpp:40[m[K,
[3.462s]                  from [01m[K/opt/ros/humble/include/rclcpp/rclcpp/callback_group.hpp:24[m[K,
[3.462s]                  from [01m[K/opt/ros/humble/include/rclcpp/rclcpp/any_executable.hpp:20[m[K,
[3.462s]                  from [01m[K/opt/ros/humble/include/rclcpp/rclcpp/memory_strategy.hpp:25[m[K,
[3.463s]                  from [01m[K/opt/ros/humble/include/rclcpp/rclcpp/memory_strategies.hpp:18[m[K,
[3.463s]                  from [01m[K/opt/ros/humble/include/rclcpp/rclcpp/executor_options.hpp:20[m[K,
[3.463s]                  from [01m[K/opt/ros/humble/include/rclcpp/rclcpp/executor.hpp:37[m[K,
[3.463s]                  from [01m[K/opt/ros/humble/include/rclcpp/rclcpp/executors/multi_threaded_executor.hpp:25[m[K,
[3.463s]                  from [01m[K/opt/ros/humble/include/rclcpp/rclcpp/executors.hpp:21[m[K,
[3.463s]                  from [01m[K/opt/ros/humble/include/rclcpp/rclcpp/rclcpp.hpp:155[m[K,
[3.463s]                  from [01m[K/home/student/41068RS12025-Group18/src/41068_ignition_bringup/include/mission_node.h:30[m[K,
[3.463s]                  from [01m[K/home/student/41068RS12025-Group18/src/41068_ignition_bringup/src/mission_node.cpp:1[m[K:
[3.463s] [01m[K/home/student/41068RS12025-Group18/src/41068_ignition_bringup/src/mission_node.cpp:1064:18:[m[K [01;31m[Kerror: [m[Kinvalid use of â€˜[01m[Kthis[m[Kâ€™ in non-member function
[3.463s]  1064 |     RCLCPP_DEBUG([01;31m[Kthis[m[K->get_logger(), "Published info manifest in response to ping");
[3.463s]       |                  [01;31m[K^~~~[m[K
[3.463s] [01m[K/home/student/41068RS12025-Group18/src/41068_ignition_bringup/src/mission_node.cpp:1064:18:[m[K [01;31m[Kerror: [m[Kinvalid use of â€˜[01m[Kthis[m[Kâ€™ in non-member function
[3.463s]  1064 |     RCLCPP_DEBUG([01;31m[Kthis[m[K->get_logger(), "Published info manifest in response to ping");
[3.463s]       |                  [01;31m[K^~~~[m[K
[3.463s] [01m[K/home/student/41068RS12025-Group18/src/41068_ignition_bringup/src/mission_node.cpp:[m[K At global scope:
[3.463s] [01m[K/home/student/41068RS12025-Group18/src/41068_ignition_bringup/src/mission_node.cpp:1067:15:[m[K [01;31m[Kerror: [m[Kâ€˜[01m[KMissionPlannerNode[m[Kâ€™ has not been declared
[3.463s]  1067 |   std::string [01;31m[KMissionPlannerNode[m[K::buildInfoManifestCsv() {
[3.464s]       |               [01;31m[K^~~~~~~~~~~~~~~~~~[m[K
[3.468s] [01m[K/home/student/41068RS12025-Group18/src/41068_ignition_bringup/src/mission_node.cpp:[m[K In function â€˜[01m[Kstd::string buildInfoManifestCsv()[m[Kâ€™:
[3.468s] [01m[K/home/student/41068RS12025-Group18/src/41068_ignition_bringup/src/mission_node.cpp:1071:20:[m[K [01;31m[Kerror: [m[Kâ€˜[01m[Kdrone_numeric_id_[m[Kâ€™ was not declared in this scope
[3.468s]  1071 |     ss << "id:" << [01;31m[Kdrone_numeric_id_[m[K
[3.468s]       |                    [01;31m[K^~~~~~~~~~~~~~~~~[m[K
[3.473s] [01m[K/home/student/41068RS12025-Group18/src/41068_ignition_bringup/src/mission_node.cpp:1072:36:[m[K [01;31m[Kerror: [m[Kâ€˜[01m[Kbattery_level_[m[Kâ€™ was not declared in this scope
[3.473s]  1072 |       << ",battery:" << std::clamp([01;31m[Kbattery_level_[m[K, 0.0, 1.0)
[3.473s]       |                                    [01;31m[K^~~~~~~~~~~~~~[m[K
[3.477s] [01m[K/home/student/41068RS12025-Group18/src/41068_ignition_bringup/src/mission_node.cpp:1073:23:[m[K [01;31m[Kerror: [m[Kâ€˜[01m[Kstate_machine_[m[Kâ€™ was not declared in this scope
[3.477s]  1073 |       << ",state:" << [01;31m[Kstate_machine_[m[K->getStateString()
[3.477s]       |                       [01;31m[K^~~~~~~~~~~~~~[m[K
[3.482s] [01m[K/home/student/41068RS12025-Group18/src/41068_ignition_bringup/src/mission_node.cpp:1074:19:[m[K [01;31m[Kerror: [m[Kâ€˜[01m[Kcurrent_pose_[m[Kâ€™ was not declared in this scope
[3.482s]  1074 |       << ",x:" << [01;31m[Kcurrent_pose_[m[K.pose.position.x
[3.482s]       |                   [01;31m[K^~~~~~~~~~~~~[m[K
[3.482s] [01m[K/home/student/41068RS12025-Group18/src/41068_ignition_bringup/src/mission_node.cpp:1077:19:[m[K [01;31m[Kerror: [m[Kinvalid use of â€˜[01m[Kthis[m[Kâ€™ in non-member function
[3.482s]  1077 |       << ",t:" << [01;31m[Kthis[m[K->now().nanoseconds();
[3.482s]       |                   [01;31m[K^~~~[m[K
[3.482s] [01m[K/home/student/41068RS12025-Group18/src/41068_ignition_bringup/src/mission_node.cpp:[m[K At global scope:
[3.482s] [01m[K/home/student/41068RS12025-Group18/src/41068_ignition_bringup/src/mission_node.cpp:1105:8:[m[K [01;31m[Kerror: [m[Kâ€˜[01m[KMissionPlannerNode[m[Kâ€™ has not been declared
[3.482s]  1105 |   void [01;31m[KMissionPlannerNode[m[K::infoManifestCallback(int peer_id, const std_msgs::msg::String::SharedPtr& msg) {
[3.483s]       |        [01;31m[K^~~~~~~~~~~~~~~~~~[m[K
[3.483s] In file included from [01m[K/opt/ros/humble/include/rclcpp/rclcpp/client.hpp:40[m[K,
[3.483s]                  from [01m[K/opt/ros/humble/include/rclcpp/rclcpp/callback_group.hpp:24[m[K,
[3.483s]                  from [01m[K/opt/ros/humble/include/rclcpp/rclcpp/any_executable.hpp:20[m[K,
[3.483s]                  from [01m[K/opt/ros/humble/include/rclcpp/rclcpp/memory_strategy.hpp:25[m[K,
[3.483s]                  from [01m[K/opt/ros/humble/include/rclcpp/rclcpp/memory_strategies.hpp:18[m[K,
[3.483s]                  from [01m[K/opt/ros/humble/include/rclcpp/rclcpp/executor_options.hpp:20[m[K,
[3.483s]                  from [01m[K/opt/ros/humble/include/rclcpp/rclcpp/executor.hpp:37[m[K,
[3.483s]                  from [01m[K/opt/ros/humble/include/rclcpp/rclcpp/executors/multi_threaded_executor.hpp:25[m[K,
[3.483s]                  from [01m[K/opt/ros/humble/include/rclcpp/rclcpp/executors.hpp:21[m[K,
[3.483s]                  from [01m[K/opt/ros/humble/include/rclcpp/rclcpp/rclcpp.hpp:155[m[K,
[3.483s]                  from [01m[K/home/student/41068RS12025-Group18/src/41068_ignition_bringup/include/mission_node.h:30[m[K,
[3.483s]                  from [01m[K/home/student/41068RS12025-Group18/src/41068_ignition_bringup/src/mission_node.cpp:1[m[K:
[3.483s] [01m[K/home/student/41068RS12025-Group18/src/41068_ignition_bringup/src/mission_node.cpp:[m[K In function â€˜[01m[Kvoid infoManifestCallback(int, const SharedPtr&)[m[Kâ€™:
[3.484s] [01m[K/home/student/41068RS12025-Group18/src/41068_ignition_bringup/src/mission_node.cpp:1106:17:[m[K [01;31m[Kerror: [m[Kinvalid use of â€˜[01m[Kthis[m[Kâ€™ in non-member function
[3.484s]  1106 |     RCLCPP_INFO([01;31m[Kthis[m[K->get_logger(), "ðŸ”µ CB fired: peer=%d msg=%s", peer_id, msg->data.c_str());  // <â€” add
[3.484s]       |                 [01;31m[K^~~~[m[K
[3.484s] [01m[K/home/student/41068RS12025-Group18/src/41068_ignition_bringup/src/mission_node.cpp:1106:17:[m[K [01;31m[Kerror: [m[Kinvalid use of â€˜[01m[Kthis[m[Kâ€™ in non-member function
[3.484s] [01m[K/home/student/41068RS12025-Group18/src/41068_ignition_bringup/src/mission_node.cpp:1106:5:[m[K [01;31m[Kerror: [m[Ktemplate argument 1 is invalid
[3.484s]  1106 |     [01;31m[KRCLCPP_INFO[m[K(this->get_logger(), "ðŸ”µ CB fired: peer=%d msg=%s", peer_id, msg->data.c_str());  // <â€” add
[3.484s]       |     [01;31m[K^~~~~~~~~~~[m[K
[3.484s] In file included from [01m[K/opt/ros/humble/include/rclcpp/rclcpp/logging.hpp:24[m[K,
[3.484s]                  from [01m[K/opt/ros/humble/include/rclcpp/rclcpp/client.hpp:40[m[K,
[3.484s]                  from [01m[K/opt/ros/humble/include/rclcpp/rclcpp/callback_group.hpp:24[m[K,
[3.484s]                  from [01m[K/opt/ros/humble/include/rclcpp/rclcpp/any_executable.hpp:20[m[K,
[3.484s]                  from [01m[K/opt/ros/humble/include/rclcpp/rclcpp/memory_strategy.hpp:25[m[K,
[3.484s]                  from [01m[K/opt/ros/humble/include/rclcpp/rclcpp/memory_strategies.hpp:18[m[K,
[3.484s]                  from [01m[K/opt/ros/humble/include/rclcpp/rclcpp/executor_options.hpp:20[m[K,
[3.484s]                  from [01m[K/opt/ros/humble/include/rclcpp/rclcpp/executor.hpp:37[m[K,
[3.484s]                  from [01m[K/opt/ros/humble/include/rclcpp/rclcpp/executors/multi_threaded_executor.hpp:25[m[K,
[3.484s]                  from [01m[K/opt/ros/humble/include/rclcpp/rclcpp/executors.hpp:21[m[K,
[3.485s]                  from [01m[K/opt/ros/humble/include/rclcpp/rclcpp/rclcpp.hpp:155[m[K,
[3.485s]                  from [01m[K/home/student/41068RS12025-Group18/src/41068_ignition_bringup/include/mission_node.h:30[m[K,
[3.485s]                  from [01m[K/home/student/41068RS12025-Group18/src/41068_ignition_bringup/src/mission_node.cpp:1[m[K:
[3.485s] [01m[K/home/student/41068RS12025-Group18/src/41068_ignition_bringup/src/mission_node.cpp:1106:17:[m[K [01;31m[Kerror: [m[Kinvalid use of â€˜[01m[Kthis[m[Kâ€™ in non-member function
[3.485s]  1106 |     RCLCPP_INFO([01;31m[Kthis[m[K->get_logger(), "ðŸ”µ CB fired: peer=%d msg=%s", peer_id, msg->data.c_str());  // <â€” add
[3.485s]       |                 [01;31m[K^~~~[m[K
[3.485s] [01m[K/home/student/41068RS12025-Group18/src/41068_ignition_bringup/src/mission_node.cpp:1106:17:[m[K [01;31m[Kerror: [m[Kinvalid use of â€˜[01m[Kthis[m[Kâ€™ in non-member function
[3.485s]  1106 |     RCLCPP_INFO([01;31m[Kthis[m[K->get_logger(), "ðŸ”µ CB fired: peer=%d msg=%s", peer_id, msg->data.c_str());  // <â€” add
[3.485s]       |                 [01;31m[K^~~~[m[K
[3.485s] [01m[K/home/student/41068RS12025-Group18/src/41068_ignition_bringup/src/mission_node.cpp:1110:5:[m[K [01;31m[Kerror: [m[Kâ€˜[01m[KPeerInfo[m[Kâ€™ was not declared in this scope; did you mean â€˜[01m[Kdrone::PeerInfo[m[Kâ€™?
[3.485s]  1110 |     [01;31m[KPeerInfo[m[K pi;
[3.485s]       |     [01;31m[K^~~~~~~~[m[K
[3.485s]       |     [32m[Kdrone::PeerInfo[m[K
[3.485s] In file included from [01m[K/home/student/41068RS12025-Group18/src/41068_ignition_bringup/src/mission_node.cpp:1[m[K:
[3.485s] [01m[K/home/student/41068RS12025-Group18/src/41068_ignition_bringup/include/mission_node.h:97:8:[m[K [01;36m[Knote: [m[Kâ€˜[01m[Kdrone::PeerInfo[m[Kâ€™ declared here
[3.485s]    97 | struct [01;36m[KPeerInfo[m[K {
[3.485s]       |        [01;36m[K^~~~~~~~[m[K
[3.486s] [01m[K/home/student/41068RS12025-Group18/src/41068_ignition_bringup/src/mission_node.cpp:1116:49:[m[K [01;31m[Kerror: [m[Kâ€˜[01m[Kpi[m[Kâ€™ was not declared in this scope
[3.486s]  1116 |       else if (k == "battery") { parseDouble(v, [01;31m[Kpi[m[K.battery); }
[3.486s]       |                                                 [01;31m[K^~[m[K
[3.488s] [01m[K/home/student/41068RS12025-Group18/src/41068_ignition_bringup/src/mission_node.cpp:1117:34:[m[K [01;31m[Kerror: [m[Kâ€˜[01m[Kpi[m[Kâ€™ was not declared in this scope
[3.488s]  1117 |       else if (k == "state")   { [01;31m[Kpi[m[K.state = stateFromString(v); }
[3.488s]       |                                  [01;31m[K^~[m[K
[3.493s] [01m[K/home/student/41068RS12025-Group18/src/41068_ignition_bringup/src/mission_node.cpp:1117:45:[m[K [01;31m[Kerror: [m[Kâ€˜[01m[KstateFromString[m[Kâ€™ was not declared in this scope
[3.493s]  1117 |       else if (k == "state")   { pi.state = [01;31m[KstateFromString[m[K(v); }
[3.493s]       |                                             [01;31m[K^~~~~~~~~~~~~~~[m[K
[3.495s] [01m[K/home/student/41068RS12025-Group18/src/41068_ignition_bringup/src/mission_node.cpp:1118:34:[m[K [01;31m[Kerror: [m[Kâ€˜[01m[Kpi[m[Kâ€™ was not declared in this scope
[3.495s]  1118 |       else if (k == "x")       { [01;31m[Kpi[m[K.pose.pose.position.x = std::stod(v); }
[3.495s]       |                                  [01;31m[K^~[m[K
[3.497s] [01m[K/home/student/41068RS12025-Group18/src/41068_ignition_bringup/src/mission_node.cpp:1119:34:[m[K [01;31m[Kerror: [m[Kâ€˜[01m[Kpi[m[Kâ€™ was not declared in this scope
[3.497s]  1119 |       else if (k == "y")       { [01;31m[Kpi[m[K.pose.pose.position.y = std::stod(v); }
[3.497s]       |                                  [01;31m[K^~[m[K
[3.499s] [01m[K/home/student/41068RS12025-Group18/src/41068_ignition_bringup/src/mission_node.cpp:1120:34:[m[K [01;31m[Kerror: [m[Kâ€˜[01m[Kpi[m[Kâ€™ was not declared in this scope
[3.499s]  1120 |       else if (k == "z")       { [01;31m[Kpi[m[K.pose.pose.position.z = std::stod(v); }
[3.499s]       |                                  [01;31m[K^~[m[K
[3.502s] [01m[K/home/student/41068RS12025-Group18/src/41068_ignition_bringup/src/mission_node.cpp:1123:5:[m[K [01;31m[Kerror: [m[Kâ€˜[01m[Kpi[m[Kâ€™ was not declared in this scope
[3.502s]  1123 |     [01;31m[Kpi[m[K.stamp = this->now();
[3.502s]       |     [01;31m[K^~[m[K
[3.502s] [01m[K/home/student/41068RS12025-Group18/src/41068_ignition_bringup/src/mission_node.cpp:1123:16:[m[K [01;31m[Kerror: [m[Kinvalid use of â€˜[01m[Kthis[m[Kâ€™ in non-member function
[3.502s]  1123 |     pi.stamp = [01;31m[Kthis[m[K->now();
[3.502s]       |                [01;31m[K^~~~[m[K
[3.502s] In file included from [01m[K/opt/ros/humble/include/rclcpp/rclcpp/client.hpp:40[m[K,
[3.502s]                  from [01m[K/opt/ros/humble/include/rclcpp/rclcpp/callback_group.hpp:24[m[K,
[3.502s]                  from [01m[K/opt/ros/humble/include/rclcpp/rclcpp/any_executable.hpp:20[m[K,
[3.502s]                  from [01m[K/opt/ros/humble/include/rclcpp/rclcpp/memory_strategy.hpp:25[m[K,
[3.502s]                  from [01m[K/opt/ros/humble/include/rclcpp/rclcpp/memory_strategies.hpp:18[m[K,
[3.502s]                  from [01m[K/opt/ros/humble/include/rclcpp/rclcpp/executor_options.hpp:20[m[K,
[3.502s]                  from [01m[K/opt/ros/humble/include/rclcpp/rclcpp/executor.hpp:37[m[K,
[3.502s]                  from [01m[K/opt/ros/humble/include/rclcpp/rclcpp/executors/multi_threaded_executor.hpp:25[m[K,
[3.502s]                  from [01m[K/opt/ros/humble/include/rclcpp/rclcpp/executors.hpp:21[m[K,
[3.502s]                  from [01m[K/opt/ros/humble/include/rclcpp/rclcpp/rclcpp.hpp:155[m[K,
[3.502s]                  from [01m[K/home/student/41068RS12025-Group18/src/41068_ignition_bringup/include/mission_node.h:30[m[K,
[3.503s]                  from [01m[K/home/student/41068RS12025-Group18/src/41068_ignition_bringup/src/mission_node.cpp:1[m[K:
[3.503s] [01m[K/home/student/41068RS12025-Group18/src/41068_ignition_bringup/src/mission_node.cpp:1127:19:[m[K [01;31m[Kerror: [m[Kinvalid use of â€˜[01m[Kthis[m[Kâ€™ in non-member function
[3.503s]  1127 |       RCLCPP_WARN([01;31m[Kthis[m[K->get_logger(), "Manifest id mismatch: msg_id=%d sub_peer=%d", id_from_msg, peer_id);
[3.503s]       |                   [01;31m[K^~~~[m[K
[3.503s] [01m[K/home/student/41068RS12025-Group18/src/41068_ignition_bringup/src/mission_node.cpp:1127:19:[m[K [01;31m[Kerror: [m[Kinvalid use of â€˜[01m[Kthis[m[Kâ€™ in non-member function
[3.503s] [01m[K/home/student/41068RS12025-Group18/src/41068_ignition_bringup/src/mission_node.cpp:1127:7:[m[K [01;31m[Kerror: [m[Ktemplate argument 1 is invalid
[3.503s]  1127 |       [01;31m[KRCLCPP_WARN[m[K(this->get_logger(), "Manifest id mismatch: msg_id=%d sub_peer=%d", id_from_msg, peer_id);
[3.503s]       |       [01;31m[K^~~~~~~~~~~[m[K
[3.503s] In file included from [01m[K/opt/ros/humble/include/rclcpp/rclcpp/logging.hpp:24[m[K,
[3.503s]                  from [01m[K/opt/ros/humble/include/rclcpp/rclcpp/client.hpp:40[m[K,
[3.503s]                  from [01m[K/opt/ros/humble/include/rclcpp/rclcpp/callback_group.hpp:24[m[K,
[3.503s]                  from [01m[K/opt/ros/humble/include/rclcpp/rclcpp/any_executable.hpp:20[m[K,
[3.503s]                  from [01m[K/opt/ros/humble/include/rclcpp/rclcpp/memory_strategy.hpp:25[m[K,
[3.503s]                  from [01m[K/opt/ros/humble/include/rclcpp/rclcpp/memory_strategies.hpp:18[m[K,
[3.503s]                  from [01m[K/opt/ros/humble/include/rclcpp/rclcpp/executor_options.hpp:20[m[K,
[3.503s]                  from [01m[K/opt/ros/humble/include/rclcpp/rclcpp/executor.hpp:37[m[K,
[3.503s]                  from [01m[K/opt/ros/humble/include/rclcpp/rclcpp/executors/multi_threaded_executor.hpp:25[m[K,
[3.504s]                  from [01m[K/opt/ros/humble/include/rclcpp/rclcpp/executors.hpp:21[m[K,
[3.504s]                  from [01m[K/opt/ros/humble/include/rclcpp/rclcpp/rclcpp.hpp:155[m[K,
[3.504s]                  from [01m[K/home/student/41068RS12025-Group18/src/41068_ignition_bringup/include/mission_node.h:30[m[K,
[3.504s]                  from [01m[K/home/student/41068RS12025-Group18/src/41068_ignition_bringup/src/mission_node.cpp:1[m[K:
[3.504s] [01m[K/home/student/41068RS12025-Group18/src/41068_ignition_bringup/src/mission_node.cpp:1127:19:[m[K [01;31m[Kerror: [m[Kinvalid use of â€˜[01m[Kthis[m[Kâ€™ in non-member function
[3.504s]  1127 |       RCLCPP_WARN([01;31m[Kthis[m[K->get_logger(), "Manifest id mismatch: msg_id=%d sub_peer=%d", id_from_msg, peer_id);
[3.504s]       |                   [01;31m[K^~~~[m[K
[3.504s] [01m[K/home/student/41068RS12025-Group18/src/41068_ignition_bringup/src/mission_node.cpp:1127:19:[m[K [01;31m[Kerror: [m[Kinvalid use of â€˜[01m[Kthis[m[Kâ€™ in non-member function
[3.504s]  1127 |       RCLCPP_WARN([01;31m[Kthis[m[K->get_logger(), "Manifest id mismatch: msg_id=%d sub_peer=%d", id_from_msg, peer_id);
[3.504s]       |                   [01;31m[K^~~~[m[K
[3.506s] [01m[K/home/student/41068RS12025-Group18/src/41068_ignition_bringup/src/mission_node.cpp:1131:40:[m[K [01;31m[Kerror: [m[Kâ€˜[01m[Kpeers_mutex_[m[Kâ€™ was not declared in this scope
[3.506s]  1131 |       std::lock_guard<std::mutex> lock([01;31m[Kpeers_mutex_[m[K);
[3.506s]       |                                        [01;31m[K^~~~~~~~~~~~[m[K
[3.509s] [01m[K/home/student/41068RS12025-Group18/src/41068_ignition_bringup/src/mission_node.cpp:1132:7:[m[K [01;31m[Kerror: [m[Kâ€˜[01m[Kpeer_info_[m[Kâ€™ was not declared in this scope; did you mean â€˜[01m[Kpeer_id[m[Kâ€™?
[3.509s]  1132 |       [01;31m[Kpeer_info_[m[K[peer_id] = pi;  // <â€” donâ€™t block on id match for now
[3.509s]       |       [01;31m[K^~~~~~~~~~[m[K
[3.509s]       |       [32m[Kpeer_id[m[K
[3.509s] In file included from [01m[K/opt/ros/humble/include/rclcpp/rclcpp/client.hpp:40[m[K,
[3.510s]                  from [01m[K/opt/ros/humble/include/rclcpp/rclcpp/callback_group.hpp:24[m[K,
[3.510s]                  from [01m[K/opt/ros/humble/include/rclcpp/rclcpp/any_executable.hpp:20[m[K,
[3.510s]                  from [01m[K/opt/ros/humble/include/rclcpp/rclcpp/memory_strategy.hpp:25[m[K,
[3.510s]                  from [01m[K/opt/ros/humble/include/rclcpp/rclcpp/memory_strategies.hpp:18[m[K,
[3.510s]                  from [01m[K/opt/ros/humble/include/rclcpp/rclcpp/executor_options.hpp:20[m[K,
[3.510s]                  from [01m[K/opt/ros/humble/include/rclcpp/rclcpp/executor.hpp:37[m[K,
[3.510s]                  from [01m[K/opt/ros/humble/include/rclcpp/rclcpp/executors/multi_threaded_executor.hpp:25[m[K,
[3.510s]                  from [01m[K/opt/ros/humble/include/rclcpp/rclcpp/executors.hpp:21[m[K,
[3.510s]                  from [01m[K/opt/ros/humble/include/rclcpp/rclcpp/rclcpp.hpp:155[m[K,
[3.510s]                  from [01m[K/home/student/41068RS12025-Group18/src/41068_ignition_bringup/include/mission_node.h:30[m[K,
[3.510s]                  from [01m[K/home/student/41068RS12025-Group18/src/41068_ignition_bringup/src/mission_node.cpp:1[m[K:
[3.510s] [01m[K/home/student/41068RS12025-Group18/src/41068_ignition_bringup/src/mission_node.cpp:1135:17:[m[K [01;31m[Kerror: [m[Kinvalid use of â€˜[01m[Kthis[m[Kâ€™ in non-member function
[3.510s]  1135 |     RCLCPP_INFO([01;31m[Kthis[m[K->get_logger(), "âœ… Stored peer_info[%d] stamp=%ld", peer_id, pi.stamp.nanoseconds());
[3.510s]       |                 [01;31m[K^~~~[m[K
[3.510s] [01m[K/home/student/41068RS12025-Group18/src/41068_ignition_bringup/src/mission_node.cpp:1135:17:[m[K [01;31m[Kerror: [m[Kinvalid use of â€˜[01m[Kthis[m[Kâ€™ in non-member function
[3.510s] [01m[K/home/student/41068RS12025-Group18/src/41068_ignition_bringup/src/mission_node.cpp:1135:5:[m[K [01;31m[Kerror: [m[Ktemplate argument 1 is invalid
[3.511s]  1135 |     [01;31m[KRCLCPP_INFO[m[K(this->get_logger(), "âœ… Stored peer_info[%d] stamp=%ld", peer_id, pi.stamp.nanoseconds());
[3.511s]       |     [01;31m[K^~~~~~~~~~~[m[K
[3.511s] In file included from [01m[K/opt/ros/humble/include/rclcpp/rclcpp/logging.hpp:24[m[K,
[3.511s]                  from [01m[K/opt/ros/humble/include/rclcpp/rclcpp/client.hpp:40[m[K,
[3.511s]                  from [01m[K/opt/ros/humble/include/rclcpp/rclcpp/callback_group.hpp:24[m[K,
[3.511s]                  from [01m[K/opt/ros/humble/include/rclcpp/rclcpp/any_executable.hpp:20[m[K,
[3.511s]                  from [01m[K/opt/ros/humble/include/rclcpp/rclcpp/memory_strategy.hpp:25[m[K,
[3.511s]                  from [01m[K/opt/ros/humble/include/rclcpp/rclcpp/memory_strategies.hpp:18[m[K,
[3.511s]                  from [01m[K/opt/ros/humble/include/rclcpp/rclcpp/executor_options.hpp:20[m[K,
[3.511s]                  from [01m[K/opt/ros/humble/include/rclcpp/rclcpp/executor.hpp:37[m[K,
[3.511s]                  from [01m[K/opt/ros/humble/include/rclcpp/rclcpp/executors/multi_threaded_executor.hpp:25[m[K,
[3.511s]                  from [01m[K/opt/ros/humble/include/rclcpp/rclcpp/executors.hpp:21[m[K,
[3.511s]                  from [01m[K/opt/ros/humble/include/rclcpp/rclcpp/rclcpp.hpp:155[m[K,
[3.511s]                  from [01m[K/home/student/41068RS12025-Group18/src/41068_ignition_bringup/include/mission_node.h:30[m[K,
[3.511s]                  from [01m[K/home/student/41068RS12025-Group18/src/41068_ignition_bringup/src/mission_node.cpp:1[m[K:
[3.511s] [01m[K/home/student/41068RS12025-Group18/src/41068_ignition_bringup/src/mission_node.cpp:1135:17:[m[K [01;31m[Kerror: [m[Kinvalid use of â€˜[01m[Kthis[m[Kâ€™ in non-member function
[3.511s]  1135 |     RCLCPP_INFO([01;31m[Kthis[m[K->get_logger(), "âœ… Stored peer_info[%d] stamp=%ld", peer_id, pi.stamp.nanoseconds());
[3.512s]       |                 [01;31m[K^~~~[m[K
[3.512s] [01m[K/home/student/41068RS12025-Group18/src/41068_ignition_bringup/src/mission_node.cpp:1135:17:[m[K [01;31m[Kerror: [m[Kinvalid use of â€˜[01m[Kthis[m[Kâ€™ in non-member function
[3.512s]  1135 |     RCLCPP_INFO([01;31m[Kthis[m[K->get_logger(), "âœ… Stored peer_info[%d] stamp=%ld", peer_id, pi.stamp.nanoseconds());
[3.512s]       |                 [01;31m[K^~~~[m[K
[3.512s] [01m[K/home/student/41068RS12025-Group18/src/41068_ignition_bringup/src/mission_node.cpp:[m[K At global scope:
[3.512s] [01m[K/home/student/41068RS12025-Group18/src/41068_ignition_bringup/src/mission_node.cpp:1137:1:[m[K [01;31m[Kerror: [m[Kexpected declaration before â€˜[01m[K}[m[Kâ€™ token
[3.512s]  1137 | [01;31m[K}[m[K  // namespace drone
[3.512s]       | [01;31m[K^[m[K
[6.729s] [01m[K/home/student/41068RS12025-Group18/src/41068_ignition_bringup/src/mission_node.cpp:8:27:[m[K [01;35m[Kwarning: [m[Kâ€˜[01m[Kstd::string drone::trimCopy(std::string)[m[Kâ€™ declared â€˜[01m[Kstatic[m[Kâ€™ but never defined [[01;35m[K]8;;https://gcc.gnu.org/onlinedocs/gcc/Warning-Options.html#index-Wunused-function-Wunused-function]8;;[m[K]
[6.730s]     8 | static inline std::string [01;35m[KtrimCopy[m[K(std::string s);
[6.730s]       |                           [01;35m[K^~~~~~~~[m[K
[6.730s] [01m[K/home/student/41068RS12025-Group18/src/41068_ignition_bringup/src/mission_node.cpp:9:40:[m[K [01;35m[Kwarning: [m[Kâ€˜[01m[Kstd::vector<std::__cxx11::basic_string<char> > drone::splitCSV(const string&)[m[Kâ€™ declared â€˜[01m[Kstatic[m[Kâ€™ but never defined [[01;35m[K]8;;https://gcc.gnu.org/onlinedocs/gcc/Warning-Options.html#index-Wunused-function-Wunused-function]8;;[m[K]
[6.730s]     9 | static inline std::vector<std::string> [01;35m[KsplitCSV[m[K(const std::string& s);
[6.730s]       |                                        [01;35m[K^~~~~~~~[m[K
[6.730s] [01m[K/home/student/41068RS12025-Group18/src/41068_ignition_bringup/src/mission_node.cpp:10:20:[m[K [01;35m[Kwarning: [m[Kâ€˜[01m[Kbool drone::parseDouble(const string&, double&)[m[Kâ€™ declared â€˜[01m[Kstatic[m[Kâ€™ but never defined [[01;35m[K]8;;https://gcc.gnu.org/onlinedocs/gcc/Warning-Options.html#index-Wunused-function-Wunused-function]8;;[m[K]
[6.730s]    10 | static inline bool [01;35m[KparseDouble[m[K(const std::string& s, double& out);
[6.730s]       |                    [01;35m[K^~~~~~~~~~~[m[K
[6.730s] [01m[K/home/student/41068RS12025-Group18/src/41068_ignition_bringup/src/mission_node.cpp:12:20:[m[K [01;35m[Kwarning: [m[Kâ€˜[01m[Kstd::string drone::missionStateToString(drone::MissionState)[m[Kâ€™ declared â€˜[01m[Kstatic[m[Kâ€™ but never defined [[01;35m[K]8;;https://gcc.gnu.org/onlinedocs/gcc/Warning-Options.html#index-Wunused-function-Wunused-function]8;;[m[K]
[6.730s]    12 | static std::string [01;35m[KmissionStateToString[m[K(MissionState state);  // ADD THIS LINE
[6.730s]       |                    [01;35m[K^~~~~~~~~~~~~~~~~~~~[m[K
[7.561s] [01m[K/home/student/41068RS12025-Group18/src/41068_ignition_bringup/src/mission_node.cpp:8:27:[m[K [01;35m[Kwarning: [m[Kinline function â€˜[01m[Kstd::string drone::trimCopy(std::string)[m[Kâ€™ used but never defined
[7.561s]     8 | static inline std::string [01;35m[KtrimCopy[m[K(std::string s);
[7.561s]       |                           [01;35m[K^~~~~~~~[m[K
[7.562s] [01m[K/home/student/41068RS12025-Group18/src/41068_ignition_bringup/src/mission_node.cpp:9:40:[m[K [01;35m[Kwarning: [m[Kinline function â€˜[01m[Kstd::vector<std::__cxx11::basic_string<char> > drone::splitCSV(const string&)[m[Kâ€™ used but never defined
[7.562s]     9 | static inline std::vector<std::string> [01;35m[KsplitCSV[m[K(const std::string& s);
[7.562s]       |                                        [01;35m[K^~~~~~~~[m[K
[9.398s] gmake[2]: *** [CMakeFiles/mission_planner_component.dir/build.make:76: CMakeFiles/mission_planner_component.dir/src/mission_node.cpp.o] Error 1
[9.398s] gmake[1]: *** [CMakeFiles/Makefile2:283: CMakeFiles/mission_planner_component.dir/all] Error 2
[9.398s] gmake: *** [Makefile:146: all] Error 2
[9.401s] Invoked command in '/home/student/41068RS12025-Group18/build/rs1_robot' returned '2': CMAKE_PREFIX_PATH=${CMAKE_PREFIX_PATH}:/opt/ros/humble /usr/bin/cmake --build /home/student/41068RS12025-Group18/build/rs1_robot -- -j8 -l8
