[01m[K/home/student/41068RS12025-Group18/src/41068_ignition_bringup/src/mission_node.cpp:[m[K In constructor â€˜[01m[Kdrone::MissionPlannerNode::MissionPlannerNode(const rclcpp::NodeOptions&)[m[Kâ€™:
[01m[K/home/student/41068RS12025-Group18/src/41068_ignition_bringup/src/mission_node.cpp:91:104:[m[K [01;31m[Kerror: [m[Kâ€˜[01m[KdiscoverPeerDrone[m[Kâ€™ is not a member of â€˜[01m[Kdrone::MissionPlannerNode[m[Kâ€™
   91 |     discovery_timer_ = this->create_wall_timer(std::chrono::seconds(5), std::bind(&MissionPlannerNode::[01;31m[KdiscoverPeerDrone[m[K, this));
      |                                                                                                        [01;31m[K^~~~~~~~~~~~~~~~~[m[K
[01m[K/home/student/41068RS12025-Group18/src/41068_ignition_bringup/src/mission_node.cpp:95:5:[m[K [01;31m[Kerror: [m[Kâ€˜[01m[KdiscoverPeerDrone[m[Kâ€™ was not declared in this scope; did you mean â€˜[01m[KdiscoverPeerDrones[m[Kâ€™?
   95 |     [01;31m[KdiscoverPeerDrone[m[K();
      |     [01;31m[K^~~~~~~~~~~~~~~~~[m[K
      |     [32m[KdiscoverPeerDrones[m[K
[01m[K/home/student/41068RS12025-Group18/src/41068_ignition_bringup/src/mission_node.cpp:[m[K In member function â€˜[01m[Kvoid drone::MissionPlannerNode::assignmentCallback(std_msgs::msg::String_<std::allocator<void> >::SharedPtr)[m[Kâ€™:
[01m[K/home/student/41068RS12025-Group18/src/41068_ignition_bringup/src/mission_node.cpp:286:34:[m[K [01;31m[Kerror: [m[Kâ€˜[01m[Kdx[m[Kâ€™ was not declared in this scope
  286 |       wp_depot.pose.position.x = [01;31m[Kdx[m[K;
      |                                  [01;31m[K^~[m[K
[01m[K/home/student/41068RS12025-Group18/src/41068_ignition_bringup/src/mission_node.cpp:287:34:[m[K [01;31m[Kerror: [m[Kâ€˜[01m[Kdy[m[Kâ€™ was not declared in this scope
  287 |       wp_depot.pose.position.y = [01;31m[Kdy[m[K;
      |                                  [01;31m[K^~[m[K
[01m[K/home/student/41068RS12025-Group18/src/41068_ignition_bringup/src/mission_node.cpp:288:34:[m[K [01;31m[Kerror: [m[Kâ€˜[01m[Kdz[m[Kâ€™ was not declared in this scope
  288 |       wp_depot.pose.position.z = [01;31m[Kdz[m[K;
      |                                  [01;31m[K^~[m[K
[01m[K/home/student/41068RS12025-Group18/src/41068_ignition_bringup/src/mission_node.cpp:[m[K At global scope:
[01m[K/home/student/41068RS12025-Group18/src/41068_ignition_bringup/src/mission_node.cpp:296:5:[m[K [01;31m[Kerror: [m[Kexpected unqualified-id before â€˜[01m[Kelse[m[Kâ€™
  296 |     [01;31m[Kelse[m[K if (tokens[1] == "FETCH_RT") {
      |     [01;31m[K^~~~[m[K
[01m[K/home/student/41068RS12025-Group18/src/41068_ignition_bringup/src/mission_node.cpp:325:8:[m[K [01;31m[Kerror: [m[Kâ€˜[01m[KMissionPlannerNode[m[Kâ€™ has not been declared
  325 |   void [01;31m[KMissionPlannerNode[m[K::sendMissionToLowestDrone(const ScenarioData& scenario) {
      |        [01;31m[K^~~~~~~~~~~~~~~~~~[m[K
[01m[K/home/student/41068RS12025-Group18/src/41068_ignition_bringup/src/mission_node.cpp:325:59:[m[K [01;31m[Kerror: [m[Kâ€˜[01m[KScenarioData[m[Kâ€™ does not name a type
  325 |   void MissionPlannerNode::sendMissionToLowestDrone(const [01;31m[KScenarioData[m[K& scenario) {
      |                                                           [01;31m[K^~~~~~~~~~~~[m[K
[01m[K/home/student/41068RS12025-Group18/src/41068_ignition_bringup/src/mission_node.cpp:[m[K In function â€˜[01m[Kvoid sendMissionToLowestDrone(const int&)[m[Kâ€™:
[01m[K/home/student/41068RS12025-Group18/src/41068_ignition_bringup/src/mission_node.cpp:325:73:[m[K [01;35m[Kwarning: [m[Kunused parameter â€˜[01m[Kscenario[m[Kâ€™ [[01;35m[K]8;;https://gcc.gnu.org/onlinedocs/gcc/Warning-Options.html#index-Wunused-parameter-Wunused-parameter]8;;[m[K]
  325 |   void MissionPlannerNode::sendMissionToLowestDrone([01;35m[Kconst ScenarioData& scenario[m[K) {
      |                                                     [01;35m[K~~~~~~~~~~~~~~~~~~~~^~~~~~~~[m[K
[01m[K/home/student/41068RS12025-Group18/src/41068_ignition_bringup/src/mission_node.cpp:[m[K At global scope:
[01m[K/home/student/41068RS12025-Group18/src/41068_ignition_bringup/src/mission_node.cpp:328:8:[m[K [01;31m[Kerror: [m[Kâ€˜[01m[KMissionPlannerNode[m[Kâ€™ has not been declared
  328 |   bool [01;31m[KMissionPlannerNode[m[K::canStateTransitionTo(MissionState current_state, MissionState target_state) {
      |        [01;31m[K^~~~~~~~~~~~~~~~~~[m[K
[01m[K/home/student/41068RS12025-Group18/src/41068_ignition_bringup/src/mission_node.cpp:328:49:[m[K [01;31m[Kerror: [m[Kâ€˜[01m[KMissionState[m[Kâ€™ was not declared in this scope; did you mean â€˜[01m[Kdrone::MissionState[m[Kâ€™?
  328 |   bool MissionPlannerNode::canStateTransitionTo([01;31m[KMissionState[m[K current_state, MissionState target_state) {
      |                                                 [01;31m[K^~~~~~~~~~~~[m[K
      |                                                 [32m[Kdrone::MissionState[m[K
In file included from [01m[K/home/student/41068RS12025-Group18/src/41068_ignition_bringup/include/mission/state_machine.h:15[m[K,
                 from [01m[K/home/student/41068RS12025-Group18/src/41068_ignition_bringup/include/mission_node.h:38[m[K,
                 from [01m[K/home/student/41068RS12025-Group18/src/41068_ignition_bringup/src/mission_node.cpp:1[m[K:
[01m[K/home/student/41068RS12025-Group18/src/41068_ignition_bringup/include/mission_state.h:23:12:[m[K [01;36m[Knote: [m[Kâ€˜[01m[Kdrone::MissionState[m[Kâ€™ declared here
   23 | enum class [01;36m[KMissionState[m[K
      |            [01;36m[K^~~~~~~~~~~~[m[K
[01m[K/home/student/41068RS12025-Group18/src/41068_ignition_bringup/src/mission_node.cpp:328:77:[m[K [01;31m[Kerror: [m[Kâ€˜[01m[KMissionState[m[Kâ€™ was not declared in this scope; did you mean â€˜[01m[Kdrone::MissionState[m[Kâ€™?
  328 |   bool MissionPlannerNode::canStateTransitionTo(MissionState current_state, [01;31m[KMissionState[m[K target_state) {
      |                                                                             [01;31m[K^~~~~~~~~~~~[m[K
      |                                                                             [32m[Kdrone::MissionState[m[K
In file included from [01m[K/home/student/41068RS12025-Group18/src/41068_ignition_bringup/include/mission/state_machine.h:15[m[K,
                 from [01m[K/home/student/41068RS12025-Group18/src/41068_ignition_bringup/include/mission_node.h:38[m[K,
                 from [01m[K/home/student/41068RS12025-Group18/src/41068_ignition_bringup/src/mission_node.cpp:1[m[K:
[01m[K/home/student/41068RS12025-Group18/src/41068_ignition_bringup/include/mission_state.h:23:12:[m[K [01;36m[Knote: [m[Kâ€˜[01m[Kdrone::MissionState[m[Kâ€™ declared here
   23 | enum class [01;36m[KMissionState[m[K
      |            [01;36m[K^~~~~~~~~~~~[m[K
[01m[K/home/student/41068RS12025-Group18/src/41068_ignition_bringup/src/mission_node.cpp:328:102:[m[K [01;31m[Kerror: [m[Kexpression list treated as compound expression in initializer [[01;31m[K]8;;https://gcc.gnu.org/onlinedocs/gcc/Warning-Options.html#index-fpermissive-fpermissive]8;;[m[K]
  328 |   bool MissionPlannerNode::canStateTransitionTo(MissionState current_state, MissionState target_state[01;31m[K)[m[K {
      |                                                                                                      [01;31m[K^[m[K
[01m[K/home/student/41068RS12025-Group18/src/41068_ignition_bringup/src/mission_node.cpp:384:8:[m[K [01;31m[Kerror: [m[Kâ€˜[01m[KMissionPlannerNode[m[Kâ€™ has not been declared
  384 |   void [01;31m[KMissionPlannerNode[m[K::loadWaypointsFromParams() {
      |        [01;31m[K^~~~~~~~~~~~~~~~~~[m[K
In file included from [01m[K/opt/ros/humble/include/rclcpp/rclcpp/client.hpp:40[m[K,
                 from [01m[K/opt/ros/humble/include/rclcpp/rclcpp/callback_group.hpp:24[m[K,
                 from [01m[K/opt/ros/humble/include/rclcpp/rclcpp/any_executable.hpp:20[m[K,
                 from [01m[K/opt/ros/humble/include/rclcpp/rclcpp/memory_strategy.hpp:25[m[K,
                 from [01m[K/opt/ros/humble/include/rclcpp/rclcpp/memory_strategies.hpp:18[m[K,
                 from [01m[K/opt/ros/humble/include/rclcpp/rclcpp/executor_options.hpp:20[m[K,
                 from [01m[K/opt/ros/humble/include/rclcpp/rclcpp/executor.hpp:37[m[K,
                 from [01m[K/opt/ros/humble/include/rclcpp/rclcpp/executors/multi_threaded_executor.hpp:25[m[K,
                 from [01m[K/opt/ros/humble/include/rclcpp/rclcpp/executors.hpp:21[m[K,
                 from [01m[K/opt/ros/humble/include/rclcpp/rclcpp/rclcpp.hpp:155[m[K,
                 from [01m[K/home/student/41068RS12025-Group18/src/41068_ignition_bringup/include/mission_node.h:30[m[K,
                 from [01m[K/home/student/41068RS12025-Group18/src/41068_ignition_bringup/src/mission_node.cpp:1[m[K:
[01m[K/home/student/41068RS12025-Group18/src/41068_ignition_bringup/src/mission_node.cpp:[m[K In function â€˜[01m[Kvoid loadWaypointsFromParams()[m[Kâ€™:
[01m[K/home/student/41068RS12025-Group18/src/41068_ignition_bringup/src/mission_node.cpp:385:17:[m[K [01;31m[Kerror: [m[Kinvalid use of â€˜[01m[Kthis[m[Kâ€™ in non-member function
  385 |     RCLCPP_INFO([01;31m[Kthis[m[K->get_logger(), "Loading waypoints from flattened parameters for %s", drone_id_.c_str());
      |                 [01;31m[K^~~~[m[K
[01m[K/home/student/41068RS12025-Group18/src/41068_ignition_bringup/src/mission_node.cpp:385:17:[m[K [01;31m[Kerror: [m[Kinvalid use of â€˜[01m[Kthis[m[Kâ€™ in non-member function
[01m[K/home/student/41068RS12025-Group18/src/41068_ignition_bringup/src/mission_node.cpp:385:5:[m[K [01;31m[Kerror: [m[Ktemplate argument 1 is invalid
  385 |     [01;31m[KRCLCPP_INFO[m[K(this->get_logger(), "Loading waypoints from flattened parameters for %s", drone_id_.c_str());
      |     [01;31m[K^~~~~~~~~~~[m[K
In file included from [01m[K/opt/ros/humble/include/rclcpp/rclcpp/logging.hpp:24[m[K,
                 from [01m[K/opt/ros/humble/include/rclcpp/rclcpp/client.hpp:40[m[K,
                 from [01m[K/opt/ros/humble/include/rclcpp/rclcpp/callback_group.hpp:24[m[K,
                 from [01m[K/opt/ros/humble/include/rclcpp/rclcpp/any_executable.hpp:20[m[K,
                 from [01m[K/opt/ros/humble/include/rclcpp/rclcpp/memory_strategy.hpp:25[m[K,
                 from [01m[K/opt/ros/humble/include/rclcpp/rclcpp/memory_strategies.hpp:18[m[K,
                 from [01m[K/opt/ros/humble/include/rclcpp/rclcpp/executor_options.hpp:20[m[K,
                 from [01m[K/opt/ros/humble/include/rclcpp/rclcpp/executor.hpp:37[m[K,
                 from [01m[K/opt/ros/humble/include/rclcpp/rclcpp/executors/multi_threaded_executor.hpp:25[m[K,
                 from [01m[K/opt/ros/humble/include/rclcpp/rclcpp/executors.hpp:21[m[K,
                 from [01m[K/opt/ros/humble/include/rclcpp/rclcpp/rclcpp.hpp:155[m[K,
                 from [01m[K/home/student/41068RS12025-Group18/src/41068_ignition_bringup/include/mission_node.h:30[m[K,
                 from [01m[K/home/student/41068RS12025-Group18/src/41068_ignition_bringup/src/mission_node.cpp:1[m[K:
[01m[K/home/student/41068RS12025-Group18/src/41068_ignition_bringup/src/mission_node.cpp:385:17:[m[K [01;31m[Kerror: [m[Kinvalid use of â€˜[01m[Kthis[m[Kâ€™ in non-member function
  385 |     RCLCPP_INFO([01;31m[Kthis[m[K->get_logger(), "Loading waypoints from flattened parameters for %s", drone_id_.c_str());
      |                 [01;31m[K^~~~[m[K
[01m[K/home/student/41068RS12025-Group18/src/41068_ignition_bringup/src/mission_node.cpp:385:17:[m[K [01;31m[Kerror: [m[Kinvalid use of â€˜[01m[Kthis[m[Kâ€™ in non-member function
  385 |     RCLCPP_INFO([01;31m[Kthis[m[K->get_logger(), "Loading waypoints from flattened parameters for %s", drone_id_.c_str());
      |                 [01;31m[K^~~~[m[K
[01m[K/home/student/41068RS12025-Group18/src/41068_ignition_bringup/src/mission_node.cpp:385:91:[m[K [01;31m[Kerror: [m[Kâ€˜[01m[Kdrone_id_[m[Kâ€™ was not declared in this scope
  385 |     RCLCPP_INFO(this->get_logger(), "Loading waypoints from flattened parameters for %s", [01;31m[Kdrone_id_[m[K.c_str());
      |                                                                                           [01;31m[K^~~~~~~~~[m[K
[01m[K/home/student/41068RS12025-Group18/src/41068_ignition_bringup/src/mission_node.cpp:389:13:[m[K [01;31m[Kerror: [m[Kinvalid use of â€˜[01m[Kthis[m[Kâ€™ in non-member function
  389 |         if ([01;31m[Kthis[m[K->has_parameter("mission_name")) {
      |             [01;31m[K^~~~[m[K
[01m[K/home/student/41068RS12025-Group18/src/41068_ignition_bringup/src/mission_node.cpp:390:40:[m[K [01;31m[Kerror: [m[Kinvalid use of â€˜[01m[Kthis[m[Kâ€™ in non-member function
  390 |             std::string mission_name = [01;31m[Kthis[m[K->get_parameter("mission_name").as_string();
      |                                        [01;31m[K^~~~[m[K
In file included from [01m[K/opt/ros/humble/include/rclcpp/rclcpp/client.hpp:40[m[K,
                 from [01m[K/opt/ros/humble/include/rclcpp/rclcpp/callback_group.hpp:24[m[K,
                 from [01m[K/opt/ros/humble/include/rclcpp/rclcpp/any_executable.hpp:20[m[K,
                 from [01m[K/opt/ros/humble/include/rclcpp/rclcpp/memory_strategy.hpp:25[m[K,
                 from [01m[K/opt/ros/humble/include/rclcpp/rclcpp/memory_strategies.hpp:18[m[K,
                 from [01m[K/opt/ros/humble/include/rclcpp/rclcpp/executor_options.hpp:20[m[K,
                 from [01m[K/opt/ros/humble/include/rclcpp/rclcpp/executor.hpp:37[m[K,
                 from [01m[K/opt/ros/humble/include/rclcpp/rclcpp/executors/multi_threaded_executor.hpp:25[m[K,
                 from [01m[K/opt/ros/humble/include/rclcpp/rclcpp/executors.hpp:21[m[K,
                 from [01m[K/opt/ros/humble/include/rclcpp/rclcpp/rclcpp.hpp:155[m[K,
                 from [01m[K/home/student/41068RS12025-Group18/src/41068_ignition_bringup/include/mission_node.h:30[m[K,
                 from [01m[K/home/student/41068RS12025-Group18/src/41068_ignition_bringup/src/mission_node.cpp:1[m[K:
[01m[K/home/student/41068RS12025-Group18/src/41068_ignition_bringup/src/mission_node.cpp:391:25:[m[K [01;31m[Kerror: [m[Kinvalid use of â€˜[01m[Kthis[m[Kâ€™ in non-member function
  391 |             RCLCPP_INFO([01;31m[Kthis[m[K->get_logger(), "Mission: %s", mission_name.c_str());
      |                         [01;31m[K^~~~[m[K
[01m[K/home/student/41068RS12025-Group18/src/41068_ignition_bringup/src/mission_node.cpp:391:25:[m[K [01;31m[Kerror: [m[Kinvalid use of â€˜[01m[Kthis[m[Kâ€™ in non-member function
[01m[K/home/student/41068RS12025-Group18/src/41068_ignition_bringup/src/mission_node.cpp:391:13:[m[K [01;31m[Kerror: [m[Ktemplate argument 1 is invalid
  391 |             [01;31m[KRCLCPP_INFO[m[K(this->get_logger(), "Mission: %s", mission_name.c_str());
      |             [01;31m[K^~~~~~~~~~~[m[K
In file included from [01m[K/opt/ros/humble/include/rclcpp/rclcpp/logging.hpp:24[m[K,
                 from [01m[K/opt/ros/humble/include/rclcpp/rclcpp/client.hpp:40[m[K,
                 from [01m[K/opt/ros/humble/include/rclcpp/rclcpp/callback_group.hpp:24[m[K,
                 from [01m[K/opt/ros/humble/include/rclcpp/rclcpp/any_executable.hpp:20[m[K,
                 from [01m[K/opt/ros/humble/include/rclcpp/rclcpp/memory_strategy.hpp:25[m[K,
                 from [01m[K/opt/ros/humble/include/rclcpp/rclcpp/memory_strategies.hpp:18[m[K,
                 from [01m[K/opt/ros/humble/include/rclcpp/rclcpp/executor_options.hpp:20[m[K,
                 from [01m[K/opt/ros/humble/include/rclcpp/rclcpp/executor.hpp:37[m[K,
                 from [01m[K/opt/ros/humble/include/rclcpp/rclcpp/executors/multi_threaded_executor.hpp:25[m[K,
                 from [01m[K/opt/ros/humble/include/rclcpp/rclcpp/executors.hpp:21[m[K,
                 from [01m[K/opt/ros/humble/include/rclcpp/rclcpp/rclcpp.hpp:155[m[K,
                 from [01m[K/home/student/41068RS12025-Group18/src/41068_ignition_bringup/include/mission_node.h:30[m[K,
                 from [01m[K/home/student/41068RS12025-Group18/src/41068_ignition_bringup/src/mission_node.cpp:1[m[K:
[01m[K/home/student/41068RS12025-Group18/src/41068_ignition_bringup/src/mission_node.cpp:391:25:[m[K [01;31m[Kerror: [m[Kinvalid use of â€˜[01m[Kthis[m[Kâ€™ in non-member function
  391 |             RCLCPP_INFO([01;31m[Kthis[m[K->get_logger(), "Mission: %s", mission_name.c_str());
      |                         [01;31m[K^~~~[m[K
[01m[K/home/student/41068RS12025-Group18/src/41068_ignition_bringup/src/mission_node.cpp:391:25:[m[K [01;31m[Kerror: [m[Kinvalid use of â€˜[01m[Kthis[m[Kâ€™ in non-member function
  391 |             RCLCPP_INFO([01;31m[Kthis[m[K->get_logger(), "Mission: %s", mission_name.c_str());
      |                         [01;31m[K^~~~[m[K
[01m[K/home/student/41068RS12025-Group18/src/41068_ignition_bringup/src/mission_node.cpp:401:18:[m[K [01;31m[Kerror: [m[Kinvalid use of â€˜[01m[Kthis[m[Kâ€™ in non-member function
  401 |             if (![01;31m[Kthis[m[K->has_parameter(x_key)) {
      |                  [01;31m[K^~~~[m[K
[01m[K/home/student/41068RS12025-Group18/src/41068_ignition_bringup/src/mission_node.cpp:411:37:[m[K [01;31m[Kerror: [m[Kinvalid use of â€˜[01m[Kthis[m[Kâ€™ in non-member function
  411 |             waypoint.header.stamp = [01;31m[Kthis[m[K->get_clock()->now();
      |                                     [01;31m[K^~~~[m[K
[01m[K/home/student/41068RS12025-Group18/src/41068_ignition_bringup/src/mission_node.cpp:412:40:[m[K [01;31m[Kerror: [m[Kinvalid use of â€˜[01m[Kthis[m[Kâ€™ in non-member function
  412 |             waypoint.pose.position.x = [01;31m[Kthis[m[K->get_parameter(x_key).as_double();
      |                                        [01;31m[K^~~~[m[K
[01m[K/home/student/41068RS12025-Group18/src/41068_ignition_bringup/src/mission_node.cpp:413:40:[m[K [01;31m[Kerror: [m[Kinvalid use of â€˜[01m[Kthis[m[Kâ€™ in non-member function
  413 |             waypoint.pose.position.y = [01;31m[Kthis[m[K->get_parameter(y_key).as_double();
      |                                        [01;31m[K^~~~[m[K
[01m[K/home/student/41068RS12025-Group18/src/41068_ignition_bringup/src/mission_node.cpp:414:40:[m[K [01;31m[Kerror: [m[Kinvalid use of â€˜[01m[Kthis[m[Kâ€™ in non-member function
  414 |             waypoint.pose.position.z = [01;31m[Kthis[m[K->get_parameter(z_key).as_double();
      |                                        [01;31m[K^~~~[m[K
[01m[K/home/student/41068RS12025-Group18/src/41068_ignition_bringup/src/mission_node.cpp:418:17:[m[K [01;31m[Kerror: [m[Kinvalid use of â€˜[01m[Kthis[m[Kâ€™ in non-member function
  418 |             if ([01;31m[Kthis[m[K->has_parameter(dwell_time_key)) {
      |                 [01;31m[K^~~~[m[K
[01m[K/home/student/41068RS12025-Group18/src/41068_ignition_bringup/src/mission_node.cpp:419:37:[m[K [01;31m[Kerror: [m[Kinvalid use of â€˜[01m[Kthis[m[Kâ€™ in non-member function
  419 |                 double dwell_time = [01;31m[Kthis[m[K->get_parameter(dwell_time_key).as_double();
      |                                     [01;31m[K^~~~[m[K
In file included from [01m[K/opt/ros/humble/include/rclcpp/rclcpp/client.hpp:40[m[K,
                 from [01m[K/opt/ros/humble/include/rclcpp/rclcpp/callback_group.hpp:24[m[K,
                 from [01m[K/opt/ros/humble/include/rclcpp/rclcpp/any_executable.hpp:20[m[K,
                 from [01m[K/opt/ros/humble/include/rclcpp/rclcpp/memory_strategy.hpp:25[m[K,
                 from [01m[K/opt/ros/humble/include/rclcpp/rclcpp/memory_strategies.hpp:18[m[K,
                 from [01m[K/opt/ros/humble/include/rclcpp/rclcpp/executor_options.hpp:20[m[K,
                 from [01m[K/opt/ros/humble/include/rclcpp/rclcpp/executor.hpp:37[m[K,
                 from [01m[K/opt/ros/humble/include/rclcpp/rclcpp/executors/multi_threaded_executor.hpp:25[m[K,
                 from [01m[K/opt/ros/humble/include/rclcpp/rclcpp/executors.hpp:21[m[K,
                 from [01m[K/opt/ros/humble/include/rclcpp/rclcpp/rclcpp.hpp:155[m[K,
                 from [01m[K/home/student/41068RS12025-Group18/src/41068_ignition_bringup/include/mission_node.h:30[m[K,
                 from [01m[K/home/student/41068RS12025-Group18/src/41068_ignition_bringup/src/mission_node.cpp:1[m[K:
[01m[K/home/student/41068RS12025-Group18/src/41068_ignition_bringup/src/mission_node.cpp:420:30:[m[K [01;31m[Kerror: [m[Kinvalid use of â€˜[01m[Kthis[m[Kâ€™ in non-member function
  420 |                 RCLCPP_DEBUG([01;31m[Kthis[m[K->get_logger(), "Waypoint %d dwell time: %.2f", i, dwell_time);
      |                              [01;31m[K^~~~[m[K
[01m[K/home/student/41068RS12025-Group18/src/41068_ignition_bringup/src/mission_node.cpp:420:30:[m[K [01;31m[Kerror: [m[Kinvalid use of â€˜[01m[Kthis[m[Kâ€™ in non-member function
[01m[K/home/student/41068RS12025-Group18/src/41068_ignition_bringup/src/mission_node.cpp:420:17:[m[K [01;31m[Kerror: [m[Ktemplate argument 1 is invalid
  420 |                 [01;31m[KRCLCPP_DEBUG[m[K(this->get_logger(), "Waypoint %d dwell time: %.2f", i, dwell_time);
      |                 [01;31m[K^~~~~~~~~~~~[m[K
In file included from [01m[K/opt/ros/humble/include/rclcpp/rclcpp/logging.hpp:24[m[K,
                 from [01m[K/opt/ros/humble/include/rclcpp/rclcpp/client.hpp:40[m[K,
                 from [01m[K/opt/ros/humble/include/rclcpp/rclcpp/callback_group.hpp:24[m[K,
                 from [01m[K/opt/ros/humble/include/rclcpp/rclcpp/any_executable.hpp:20[m[K,
                 from [01m[K/opt/ros/humble/include/rclcpp/rclcpp/memory_strategy.hpp:25[m[K,
                 from [01m[K/opt/ros/humble/include/rclcpp/rclcpp/memory_strategies.hpp:18[m[K,
                 from [01m[K/opt/ros/humble/include/rclcpp/rclcpp/executor_options.hpp:20[m[K,
                 from [01m[K/opt/ros/humble/include/rclcpp/rclcpp/executor.hpp:37[m[K,
                 from [01m[K/opt/ros/humble/include/rclcpp/rclcpp/executors/multi_threaded_executor.hpp:25[m[K,
                 from [01m[K/opt/ros/humble/include/rclcpp/rclcpp/executors.hpp:21[m[K,
                 from [01m[K/opt/ros/humble/include/rclcpp/rclcpp/rclcpp.hpp:155[m[K,
                 from [01m[K/home/student/41068RS12025-Group18/src/41068_ignition_bringup/include/mission_node.h:30[m[K,
                 from [01m[K/home/student/41068RS12025-Group18/src/41068_ignition_bringup/src/mission_node.cpp:1[m[K:
[01m[K/home/student/41068RS12025-Group18/src/41068_ignition_bringup/src/mission_node.cpp:420:30:[m[K [01;31m[Kerror: [m[Kinvalid use of â€˜[01m[Kthis[m[Kâ€™ in non-member function
  420 |                 RCLCPP_DEBUG([01;31m[Kthis[m[K->get_logger(), "Waypoint %d dwell time: %.2f", i, dwell_time);
      |                              [01;31m[K^~~~[m[K
[01m[K/home/student/41068RS12025-Group18/src/41068_ignition_bringup/src/mission_node.cpp:420:30:[m[K [01;31m[Kerror: [m[Kinvalid use of â€˜[01m[Kthis[m[Kâ€™ in non-member function
  420 |                 RCLCPP_DEBUG([01;31m[Kthis[m[K->get_logger(), "Waypoint %d dwell time: %.2f", i, dwell_time);
      |                              [01;31m[K^~~~[m[K
In file included from [01m[K/opt/ros/humble/include/rclcpp/rclcpp/client.hpp:40[m[K,
                 from [01m[K/opt/ros/humble/include/rclcpp/rclcpp/callback_group.hpp:24[m[K,
                 from [01m[K/opt/ros/humble/include/rclcpp/rclcpp/any_executable.hpp:20[m[K,
                 from [01m[K/opt/ros/humble/include/rclcpp/rclcpp/memory_strategy.hpp:25[m[K,
                 from [01m[K/opt/ros/humble/include/rclcpp/rclcpp/memory_strategies.hpp:18[m[K,
                 from [01m[K/opt/ros/humble/include/rclcpp/rclcpp/executor_options.hpp:20[m[K,
                 from [01m[K/opt/ros/humble/include/rclcpp/rclcpp/executor.hpp:37[m[K,
                 from [01m[K/opt/ros/humble/include/rclcpp/rclcpp/executors/multi_threaded_executor.hpp:25[m[K,
                 from [01m[K/opt/ros/humble/include/rclcpp/rclcpp/executors.hpp:21[m[K,
                 from [01m[K/opt/ros/humble/include/rclcpp/rclcpp/rclcpp.hpp:155[m[K,
                 from [01m[K/home/student/41068RS12025-Group18/src/41068_ignition_bringup/include/mission_node.h:30[m[K,
                 from [01m[K/home/student/41068RS12025-Group18/src/41068_ignition_bringup/src/mission_node.cpp:1[m[K:
[01m[K/home/student/41068RS12025-Group18/src/41068_ignition_bringup/src/mission_node.cpp:425:25:[m[K [01;31m[Kerror: [m[Kinvalid use of â€˜[01m[Kthis[m[Kâ€™ in non-member function
  425 |             RCLCPP_INFO([01;31m[Kthis[m[K->get_logger(), "Loaded waypoint %d: [%.2f, %.2f, %.2f]",
      |                         [01;31m[K^~~~[m[K
[01m[K/home/student/41068RS12025-Group18/src/41068_ignition_bringup/src/mission_node.cpp:425:25:[m[K [01;31m[Kerror: [m[Kinvalid use of â€˜[01m[Kthis[m[Kâ€™ in non-member function
[01m[K/home/student/41068RS12025-Group18/src/41068_ignition_bringup/src/mission_node.cpp:425:13:[m[K [01;31m[Kerror: [m[Ktemplate argument 1 is invalid
  425 |             [01;31m[KRCLCPP_INFO[m[K(this->get_logger(), "Loaded waypoint %d: [%.2f, %.2f, %.2f]",
      |             [01;31m[K^~~~~~~~~~~[m[K
In file included from [01m[K/opt/ros/humble/include/rclcpp/rclcpp/logging.hpp:24[m[K,
                 from [01m[K/opt/ros/humble/include/rclcpp/rclcpp/client.hpp:40[m[K,
                 from [01m[K/opt/ros/humble/include/rclcpp/rclcpp/callback_group.hpp:24[m[K,
                 from [01m[K/opt/ros/humble/include/rclcpp/rclcpp/any_executable.hpp:20[m[K,
                 from [01m[K/opt/ros/humble/include/rclcpp/rclcpp/memory_strategy.hpp:25[m[K,
                 from [01m[K/opt/ros/humble/include/rclcpp/rclcpp/memory_strategies.hpp:18[m[K,
                 from [01m[K/opt/ros/humble/include/rclcpp/rclcpp/executor_options.hpp:20[m[K,
                 from [01m[K/opt/ros/humble/include/rclcpp/rclcpp/executor.hpp:37[m[K,
                 from [01m[K/opt/ros/humble/include/rclcpp/rclcpp/executors/multi_threaded_executor.hpp:25[m[K,
                 from [01m[K/opt/ros/humble/include/rclcpp/rclcpp/executors.hpp:21[m[K,
                 from [01m[K/opt/ros/humble/include/rclcpp/rclcpp/rclcpp.hpp:155[m[K,
                 from [01m[K/home/student/41068RS12025-Group18/src/41068_ignition_bringup/include/mission_node.h:30[m[K,
                 from [01m[K/home/student/41068RS12025-Group18/src/41068_ignition_bringup/src/mission_node.cpp:1[m[K:
[01m[K/home/student/41068RS12025-Group18/src/41068_ignition_bringup/src/mission_node.cpp:425:25:[m[K [01;31m[Kerror: [m[Kinvalid use of â€˜[01m[Kthis[m[Kâ€™ in non-member function
  425 |             RCLCPP_INFO([01;31m[Kthis[m[K->get_logger(), "Loaded waypoint %d: [%.2f, %.2f, %.2f]",
      |                         [01;31m[K^~~~[m[K
[01m[K/home/student/41068RS12025-Group18/src/41068_ignition_bringup/src/mission_node.cpp:425:25:[m[K [01;31m[Kerror: [m[Kinvalid use of â€˜[01m[Kthis[m[Kâ€™ in non-member function
  425 |             RCLCPP_INFO([01;31m[Kthis[m[K->get_logger(), "Loaded waypoint %d: [%.2f, %.2f, %.2f]",
      |                         [01;31m[K^~~~[m[K
[01m[K/home/student/41068RS12025-Group18/src/41068_ignition_bringup/src/mission_node.cpp:431:13:[m[K [01;31m[Kerror: [m[Kâ€˜[01m[Kpath_planner_[m[Kâ€™ was not declared in this scope
  431 |             [01;31m[Kpath_planner_[m[K->setWaypoints(waypoints);
      |             [01;31m[K^~~~~~~~~~~~~[m[K
In file included from [01m[K/opt/ros/humble/include/rclcpp/rclcpp/client.hpp:40[m[K,
                 from [01m[K/opt/ros/humble/include/rclcpp/rclcpp/callback_group.hpp:24[m[K,
                 from [01m[K/opt/ros/humble/include/rclcpp/rclcpp/any_executable.hpp:20[m[K,
                 from [01m[K/opt/ros/humble/include/rclcpp/rclcpp/memory_strategy.hpp:25[m[K,
                 from [01m[K/opt/ros/humble/include/rclcpp/rclcpp/memory_strategies.hpp:18[m[K,
                 from [01m[K/opt/ros/humble/include/rclcpp/rclcpp/executor_options.hpp:20[m[K,
                 from [01m[K/opt/ros/humble/include/rclcpp/rclcpp/executor.hpp:37[m[K,
                 from [01m[K/opt/ros/humble/include/rclcpp/rclcpp/executors/multi_threaded_executor.hpp:25[m[K,
                 from [01m[K/opt/ros/humble/include/rclcpp/rclcpp/executors.hpp:21[m[K,
                 from [01m[K/opt/ros/humble/include/rclcpp/rclcpp/rclcpp.hpp:155[m[K,
                 from [01m[K/home/student/41068RS12025-Group18/src/41068_ignition_bringup/include/mission_node.h:30[m[K,
                 from [01m[K/home/student/41068RS12025-Group18/src/41068_ignition_bringup/src/mission_node.cpp:1[m[K:
[01m[K/home/student/41068RS12025-Group18/src/41068_ignition_bringup/src/mission_node.cpp:432:25:[m[K [01;31m[Kerror: [m[Kinvalid use of â€˜[01m[Kthis[m[Kâ€™ in non-member function
  432 |             RCLCPP_INFO([01;31m[Kthis[m[K->get_logger(), "Loaded %zu waypoints from parameters for %s", waypoints.size(), drone_id_.c_str());
      |                         [01;31m[K^~~~[m[K
[01m[K/home/student/41068RS12025-Group18/src/41068_ignition_bringup/src/mission_node.cpp:432:25:[m[K [01;31m[Kerror: [m[Kinvalid use of â€˜[01m[Kthis[m[Kâ€™ in non-member function
[01m[K/home/student/41068RS12025-Group18/src/41068_ignition_bringup/src/mission_node.cpp:432:13:[m[K [01;31m[Kerror: [m[Ktemplate argument 1 is invalid
  432 |             [01;31m[KRCLCPP_INFO[m[K(this->get_logger(), "Loaded %zu waypoints from parameters for %s", waypoints.size(), drone_id_.c_str());
      |             [01;31m[K^~~~~~~~~~~[m[K
In file included from [01m[K/opt/ros/humble/include/rclcpp/rclcpp/logging.hpp:24[m[K,
                 from [01m[K/opt/ros/humble/include/rclcpp/rclcpp/client.hpp:40[m[K,
                 from [01m[K/opt/ros/humble/include/rclcpp/rclcpp/callback_group.hpp:24[m[K,
                 from [01m[K/opt/ros/humble/include/rclcpp/rclcpp/any_executable.hpp:20[m[K,
                 from [01m[K/opt/ros/humble/include/rclcpp/rclcpp/memory_strategy.hpp:25[m[K,
                 from [01m[K/opt/ros/humble/include/rclcpp/rclcpp/memory_strategies.hpp:18[m[K,
                 from [01m[K/opt/ros/humble/include/rclcpp/rclcpp/executor_options.hpp:20[m[K,
                 from [01m[K/opt/ros/humble/include/rclcpp/rclcpp/executor.hpp:37[m[K,
                 from [01m[K/opt/ros/humble/include/rclcpp/rclcpp/executors/multi_threaded_executor.hpp:25[m[K,
                 from [01m[K/opt/ros/humble/include/rclcpp/rclcpp/executors.hpp:21[m[K,
                 from [01m[K/opt/ros/humble/include/rclcpp/rclcpp/rclcpp.hpp:155[m[K,
                 from [01m[K/home/student/41068RS12025-Group18/src/41068_ignition_bringup/include/mission_node.h:30[m[K,
                 from [01m[K/home/student/41068RS12025-Group18/src/41068_ignition_bringup/src/mission_node.cpp:1[m[K:
[01m[K/home/student/41068RS12025-Group18/src/41068_ignition_bringup/src/mission_node.cpp:432:25:[m[K [01;31m[Kerror: [m[Kinvalid use of â€˜[01m[Kthis[m[Kâ€™ in non-member function
  432 |             RCLCPP_INFO([01;31m[Kthis[m[K->get_logger(), "Loaded %zu waypoints from parameters for %s", waypoints.size(), drone_id_.c_str());
      |                         [01;31m[K^~~~[m[K
[01m[K/home/student/41068RS12025-Group18/src/41068_ignition_bringup/src/mission_node.cpp:432:25:[m[K [01;31m[Kerror: [m[Kinvalid use of â€˜[01m[Kthis[m[Kâ€™ in non-member function
  432 |             RCLCPP_INFO([01;31m[Kthis[m[K->get_logger(), "Loaded %zu waypoints from parameters for %s", waypoints.size(), drone_id_.c_str());
      |                         [01;31m[K^~~~[m[K
[01m[K/home/student/41068RS12025-Group18/src/41068_ignition_bringup/src/mission_node.cpp:432:110:[m[K [01;31m[Kerror: [m[Kâ€˜[01m[Kdrone_id_[m[Kâ€™ was not declared in this scope
  432 |             RCLCPP_INFO(this->get_logger(), "Loaded %zu waypoints from parameters for %s", waypoints.size(), [01;31m[Kdrone_id_[m[K.c_str());
      |                                                                                                              [01;31m[K^~~~~~~~~[m[K
[01m[K/home/student/41068RS12025-Group18/src/41068_ignition_bringup/src/mission_node.cpp:435:13:[m[K [01;31m[Kerror: [m[Kâ€˜[01m[KloadMissionParams[m[Kâ€™ was not declared in this scope
  435 |             [01;31m[KloadMissionParams[m[K();
      |             [01;31m[K^~~~~~~~~~~~~~~~~[m[K
In file included from [01m[K/opt/ros/humble/include/rclcpp/rclcpp/client.hpp:40[m[K,
                 from [01m[K/opt/ros/humble/include/rclcpp/rclcpp/callback_group.hpp:24[m[K,
                 from [01m[K/opt/ros/humble/include/rclcpp/rclcpp/any_executable.hpp:20[m[K,
                 from [01m[K/opt/ros/humble/include/rclcpp/rclcpp/memory_strategy.hpp:25[m[K,
                 from [01m[K/opt/ros/humble/include/rclcpp/rclcpp/memory_strategies.hpp:18[m[K,
                 from [01m[K/opt/ros/humble/include/rclcpp/rclcpp/executor_options.hpp:20[m[K,
                 from [01m[K/opt/ros/humble/include/rclcpp/rclcpp/executor.hpp:37[m[K,
                 from [01m[K/opt/ros/humble/include/rclcpp/rclcpp/executors/multi_threaded_executor.hpp:25[m[K,
                 from [01m[K/opt/ros/humble/include/rclcpp/rclcpp/executors.hpp:21[m[K,
                 from [01m[K/opt/ros/humble/include/rclcpp/rclcpp/rclcpp.hpp:155[m[K,
                 from [01m[K/home/student/41068RS12025-Group18/src/41068_ignition_bringup/include/mission_node.h:30[m[K,
                 from [01m[K/home/student/41068RS12025-Group18/src/41068_ignition_bringup/src/mission_node.cpp:1[m[K:
[01m[K/home/student/41068RS12025-Group18/src/41068_ignition_bringup/src/mission_node.cpp:437:25:[m[K [01;31m[Kerror: [m[Kinvalid use of â€˜[01m[Kthis[m[Kâ€™ in non-member function
  437 |             RCLCPP_WARN([01;31m[Kthis[m[K->get_logger(), "No waypoints found in parameters for %s - using fallback", drone_id_.c_str());
      |                         [01;31m[K^~~~[m[K
[01m[K/home/student/41068RS12025-Group18/src/41068_ignition_bringup/src/mission_node.cpp:437:25:[m[K [01;31m[Kerror: [m[Kinvalid use of â€˜[01m[Kthis[m[Kâ€™ in non-member function
[01m[K/home/student/41068RS12025-Group18/src/41068_ignition_bringup/src/mission_node.cpp:437:13:[m[K [01;31m[Kerror: [m[Ktemplate argument 1 is invalid
  437 |             [01;31m[KRCLCPP_WARN[m[K(this->get_logger(), "No waypoints found in parameters for %s - using fallback", drone_id_.c_str());
      |             [01;31m[K^~~~~~~~~~~[m[K
In file included from [01m[K/opt/ros/humble/include/rclcpp/rclcpp/logging.hpp:24[m[K,
                 from [01m[K/opt/ros/humble/include/rclcpp/rclcpp/client.hpp:40[m[K,
                 from [01m[K/opt/ros/humble/include/rclcpp/rclcpp/callback_group.hpp:24[m[K,
                 from [01m[K/opt/ros/humble/include/rclcpp/rclcpp/any_executable.hpp:20[m[K,
                 from [01m[K/opt/ros/humble/include/rclcpp/rclcpp/memory_strategy.hpp:25[m[K,
                 from [01m[K/opt/ros/humble/include/rclcpp/rclcpp/memory_strategies.hpp:18[m[K,
                 from [01m[K/opt/ros/humble/include/rclcpp/rclcpp/executor_options.hpp:20[m[K,
                 from [01m[K/opt/ros/humble/include/rclcpp/rclcpp/executor.hpp:37[m[K,
                 from [01m[K/opt/ros/humble/include/rclcpp/rclcpp/executors/multi_threaded_executor.hpp:25[m[K,
                 from [01m[K/opt/ros/humble/include/rclcpp/rclcpp/executors.hpp:21[m[K,
                 from [01m[K/opt/ros/humble/include/rclcpp/rclcpp/rclcpp.hpp:155[m[K,
                 from [01m[K/home/student/41068RS12025-Group18/src/41068_ignition_bringup/include/mission_node.h:30[m[K,
                 from [01m[K/home/student/41068RS12025-Group18/src/41068_ignition_bringup/src/mission_node.cpp:1[m[K:
[01m[K/home/student/41068RS12025-Group18/src/41068_ignition_bringup/src/mission_node.cpp:437:25:[m[K [01;31m[Kerror: [m[Kinvalid use of â€˜[01m[Kthis[m[Kâ€™ in non-member function
  437 |             RCLCPP_WARN([01;31m[Kthis[m[K->get_logger(), "No waypoints found in parameters for %s - using fallback", drone_id_.c_str());
      |                         [01;31m[K^~~~[m[K
[01m[K/home/student/41068RS12025-Group18/src/41068_ignition_bringup/src/mission_node.cpp:437:25:[m[K [01;31m[Kerror: [m[Kinvalid use of â€˜[01m[Kthis[m[Kâ€™ in non-member function
  437 |             RCLCPP_WARN([01;31m[Kthis[m[K->get_logger(), "No waypoints found in parameters for %s - using fallback", drone_id_.c_str());
      |                         [01;31m[K^~~~[m[K
[01m[K/home/student/41068RS12025-Group18/src/41068_ignition_bringup/src/mission_node.cpp:437:105:[m[K [01;31m[Kerror: [m[Kâ€˜[01m[Kdrone_id_[m[Kâ€™ was not declared in this scope
  437 |             RCLCPP_WARN(this->get_logger(), "No waypoints found in parameters for %s - using fallback", [01;31m[Kdrone_id_[m[K.c_str());
      |                                                                                                         [01;31m[K^~~~~~~~~[m[K
[01m[K/home/student/41068RS12025-Group18/src/41068_ignition_bringup/src/mission_node.cpp:438:13:[m[K [01;31m[Kerror: [m[Kâ€˜[01m[KloadFallbackWaypoints[m[Kâ€™ was not declared in this scope
  438 |             [01;31m[KloadFallbackWaypoints[m[K();
      |             [01;31m[K^~~~~~~~~~~~~~~~~~~~~[m[K
In file included from [01m[K/opt/ros/humble/include/rclcpp/rclcpp/client.hpp:40[m[K,
                 from [01m[K/opt/ros/humble/include/rclcpp/rclcpp/callback_group.hpp:24[m[K,
                 from [01m[K/opt/ros/humble/include/rclcpp/rclcpp/any_executable.hpp:20[m[K,
                 from [01m[K/opt/ros/humble/include/rclcpp/rclcpp/memory_strategy.hpp:25[m[K,
                 from [01m[K/opt/ros/humble/include/rclcpp/rclcpp/memory_strategies.hpp:18[m[K,
                 from [01m[K/opt/ros/humble/include/rclcpp/rclcpp/executor_options.hpp:20[m[K,
                 from [01m[K/opt/ros/humble/include/rclcpp/rclcpp/executor.hpp:37[m[K,
                 from [01m[K/opt/ros/humble/include/rclcpp/rclcpp/executors/multi_threaded_executor.hpp:25[m[K,
                 from [01m[K/opt/ros/humble/include/rclcpp/rclcpp/executors.hpp:21[m[K,
                 from [01m[K/opt/ros/humble/include/rclcpp/rclcpp/rclcpp.hpp:155[m[K,
                 from [01m[K/home/student/41068RS12025-Group18/src/41068_ignition_bringup/include/mission_node.h:30[m[K,
                 from [01m[K/home/student/41068RS12025-Group18/src/41068_ignition_bringup/src/mission_node.cpp:1[m[K:
[01m[K/home/student/41068RS12025-Group18/src/41068_ignition_bringup/src/mission_node.cpp:442:22:[m[K [01;31m[Kerror: [m[Kinvalid use of â€˜[01m[Kthis[m[Kâ€™ in non-member function
  442 |         RCLCPP_ERROR([01;31m[Kthis[m[K->get_logger(), "Error loading waypoints from parameters: %s", e.what());
      |                      [01;31m[K^~~~[m[K
[01m[K/home/student/41068RS12025-Group18/src/41068_ignition_bringup/src/mission_node.cpp:442:22:[m[K [01;31m[Kerror: [m[Kinvalid use of â€˜[01m[Kthis[m[Kâ€™ in non-member function
[01m[K/home/student/41068RS12025-Group18/src/41068_ignition_bringup/src/mission_node.cpp:442:9:[m[K [01;31m[Kerror: [m[Ktemplate argument 1 is invalid
  442 |         [01;31m[KRCLCPP_ERROR[m[K(this->get_logger(), "Error loading waypoints from parameters: %s", e.what());
      |         [01;31m[K^~~~~~~~~~~~[m[K
In file included from [01m[K/opt/ros/humble/include/rclcpp/rclcpp/logging.hpp:24[m[K,
                 from [01m[K/opt/ros/humble/include/rclcpp/rclcpp/client.hpp:40[m[K,
                 from [01m[K/opt/ros/humble/include/rclcpp/rclcpp/callback_group.hpp:24[m[K,
                 from [01m[K/opt/ros/humble/include/rclcpp/rclcpp/any_executable.hpp:20[m[K,
                 from [01m[K/opt/ros/humble/include/rclcpp/rclcpp/memory_strategy.hpp:25[m[K,
                 from [01m[K/opt/ros/humble/include/rclcpp/rclcpp/memory_strategies.hpp:18[m[K,
                 from [01m[K/opt/ros/humble/include/rclcpp/rclcpp/executor_options.hpp:20[m[K,
                 from [01m[K/opt/ros/humble/include/rclcpp/rclcpp/executor.hpp:37[m[K,
                 from [01m[K/opt/ros/humble/include/rclcpp/rclcpp/executors/multi_threaded_executor.hpp:25[m[K,
                 from [01m[K/opt/ros/humble/include/rclcpp/rclcpp/executors.hpp:21[m[K,
                 from [01m[K/opt/ros/humble/include/rclcpp/rclcpp/rclcpp.hpp:155[m[K,
                 from [01m[K/home/student/41068RS12025-Group18/src/41068_ignition_bringup/include/mission_node.h:30[m[K,
                 from [01m[K/home/student/41068RS12025-Group18/src/41068_ignition_bringup/src/mission_node.cpp:1[m[K:
[01m[K/home/student/41068RS12025-Group18/src/41068_ignition_bringup/src/mission_node.cpp:442:22:[m[K [01;31m[Kerror: [m[Kinvalid use of â€˜[01m[Kthis[m[Kâ€™ in non-member function
  442 |         RCLCPP_ERROR([01;31m[Kthis[m[K->get_logger(), "Error loading waypoints from parameters: %s", e.what());
      |                      [01;31m[K^~~~[m[K
[01m[K/home/student/41068RS12025-Group18/src/41068_ignition_bringup/src/mission_node.cpp:442:22:[m[K [01;31m[Kerror: [m[Kinvalid use of â€˜[01m[Kthis[m[Kâ€™ in non-member function
  442 |         RCLCPP_ERROR([01;31m[Kthis[m[K->get_logger(), "Error loading waypoints from parameters: %s", e.what());
      |                      [01;31m[K^~~~[m[K
In file included from [01m[K/opt/ros/humble/include/rclcpp/rclcpp/client.hpp:40[m[K,
                 from [01m[K/opt/ros/humble/include/rclcpp/rclcpp/callback_group.hpp:24[m[K,
                 from [01m[K/opt/ros/humble/include/rclcpp/rclcpp/any_executable.hpp:20[m[K,
                 from [01m[K/opt/ros/humble/include/rclcpp/rclcpp/memory_strategy.hpp:25[m[K,
                 from [01m[K/opt/ros/humble/include/rclcpp/rclcpp/memory_strategies.hpp:18[m[K,
                 from [01m[K/opt/ros/humble/include/rclcpp/rclcpp/executor_options.hpp:20[m[K,
                 from [01m[K/opt/ros/humble/include/rclcpp/rclcpp/executor.hpp:37[m[K,
                 from [01m[K/opt/ros/humble/include/rclcpp/rclcpp/executors/multi_threaded_executor.hpp:25[m[K,
                 from [01m[K/opt/ros/humble/include/rclcpp/rclcpp/executors.hpp:21[m[K,
                 from [01m[K/opt/ros/humble/include/rclcpp/rclcpp/rclcpp.hpp:155[m[K,
                 from [01m[K/home/student/41068RS12025-Group18/src/41068_ignition_bringup/include/mission_node.h:30[m[K,
                 from [01m[K/home/student/41068RS12025-Group18/src/41068_ignition_bringup/src/mission_node.cpp:1[m[K:
[01m[K/home/student/41068RS12025-Group18/src/41068_ignition_bringup/src/mission_node.cpp:443:21:[m[K [01;31m[Kerror: [m[Kinvalid use of â€˜[01m[Kthis[m[Kâ€™ in non-member function
  443 |         RCLCPP_INFO([01;31m[Kthis[m[K->get_logger(), "Loading fallback waypoints for %s", drone_id_.c_str());
      |                     [01;31m[K^~~~[m[K
[01m[K/home/student/41068RS12025-Group18/src/41068_ignition_bringup/src/mission_node.cpp:443:21:[m[K [01;31m[Kerror: [m[Kinvalid use of â€˜[01m[Kthis[m[Kâ€™ in non-member function
[01m[K/home/student/41068RS12025-Group18/src/41068_ignition_bringup/src/mission_node.cpp:443:9:[m[K [01;31m[Kerror: [m[Ktemplate argument 1 is invalid
  443 |         [01;31m[KRCLCPP_INFO[m[K(this->get_logger(), "Loading fallback waypoints for %s", drone_id_.c_str());
      |         [01;31m[K^~~~~~~~~~~[m[K
In file included from [01m[K/opt/ros/humble/include/rclcpp/rclcpp/logging.hpp:24[m[K,
                 from [01m[K/opt/ros/humble/include/rclcpp/rclcpp/client.hpp:40[m[K,
                 from [01m[K/opt/ros/humble/include/rclcpp/rclcpp/callback_group.hpp:24[m[K,
                 from [01m[K/opt/ros/humble/include/rclcpp/rclcpp/any_executable.hpp:20[m[K,
                 from [01m[K/opt/ros/humble/include/rclcpp/rclcpp/memory_strategy.hpp:25[m[K,
                 from [01m[K/opt/ros/humble/include/rclcpp/rclcpp/memory_strategies.hpp:18[m[K,
                 from [01m[K/opt/ros/humble/include/rclcpp/rclcpp/executor_options.hpp:20[m[K,
                 from [01m[K/opt/ros/humble/include/rclcpp/rclcpp/executor.hpp:37[m[K,
                 from [01m[K/opt/ros/humble/include/rclcpp/rclcpp/executors/multi_threaded_executor.hpp:25[m[K,
                 from [01m[K/opt/ros/humble/include/rclcpp/rclcpp/executors.hpp:21[m[K,
                 from [01m[K/opt/ros/humble/include/rclcpp/rclcpp/rclcpp.hpp:155[m[K,
                 from [01m[K/home/student/41068RS12025-Group18/src/41068_ignition_bringup/include/mission_node.h:30[m[K,
                 from [01m[K/home/student/41068RS12025-Group18/src/41068_ignition_bringup/src/mission_node.cpp:1[m[K:
[01m[K/home/student/41068RS12025-Group18/src/41068_ignition_bringup/src/mission_node.cpp:443:21:[m[K [01;31m[Kerror: [m[Kinvalid use of â€˜[01m[Kthis[m[Kâ€™ in non-member function
  443 |         RCLCPP_INFO([01;31m[Kthis[m[K->get_logger(), "Loading fallback waypoints for %s", drone_id_.c_str());
      |                     [01;31m[K^~~~[m[K
[01m[K/home/student/41068RS12025-Group18/src/41068_ignition_bringup/src/mission_node.cpp:443:21:[m[K [01;31m[Kerror: [m[Kinvalid use of â€˜[01m[Kthis[m[Kâ€™ in non-member function
  443 |         RCLCPP_INFO([01;31m[Kthis[m[K->get_logger(), "Loading fallback waypoints for %s", drone_id_.c_str());
      |                     [01;31m[K^~~~[m[K
[01m[K/home/student/41068RS12025-Group18/src/41068_ignition_bringup/src/mission_node.cpp:443:78:[m[K [01;31m[Kerror: [m[Kâ€˜[01m[Kdrone_id_[m[Kâ€™ was not declared in this scope
  443 |         RCLCPP_INFO(this->get_logger(), "Loading fallback waypoints for %s", [01;31m[Kdrone_id_[m[K.c_str());
      |                                                                              [01;31m[K^~~~~~~~~[m[K
[01m[K/home/student/41068RS12025-Group18/src/41068_ignition_bringup/src/mission_node.cpp:444:9:[m[K [01;31m[Kerror: [m[Kâ€˜[01m[KloadFallbackWaypoints[m[Kâ€™ was not declared in this scope
  444 |         [01;31m[KloadFallbackWaypoints[m[K();
      |         [01;31m[K^~~~~~~~~~~~~~~~~~~~~[m[K
[01m[K/home/student/41068RS12025-Group18/src/41068_ignition_bringup/src/mission_node.cpp:[m[K At global scope:
[01m[K/home/student/41068RS12025-Group18/src/41068_ignition_bringup/src/mission_node.cpp:449:6:[m[K [01;31m[Kerror: [m[Kâ€˜[01m[KMissionPlannerNode[m[Kâ€™ has not been declared
  449 | void [01;31m[KMissionPlannerNode[m[K::loadMissionParams() {
      |      [01;31m[K^~~~~~~~~~~~~~~~~~[m[K
[01m[K/home/student/41068RS12025-Group18/src/41068_ignition_bringup/src/mission_node.cpp:[m[K In function â€˜[01m[Kvoid loadMissionParams()[m[Kâ€™:
[01m[K/home/student/41068RS12025-Group18/src/41068_ignition_bringup/src/mission_node.cpp:452:13:[m[K [01;31m[Kerror: [m[Kinvalid use of â€˜[01m[Kthis[m[Kâ€™ in non-member function
  452 |         if ([01;31m[Kthis[m[K->has_parameter("mission_params.takeoff_altitude")) {
      |             [01;31m[K^~~~[m[K
[01m[K/home/student/41068RS12025-Group18/src/41068_ignition_bringup/src/mission_node.cpp:453:39:[m[K [01;31m[Kerror: [m[Kinvalid use of â€˜[01m[Kthis[m[Kâ€™ in non-member function
  453 |             double takeoff_altitude = [01;31m[Kthis[m[K->get_parameter("mission_params.takeoff_altitude").as_double();
      |                                       [01;31m[K^~~~[m[K
In file included from [01m[K/opt/ros/humble/include/rclcpp/rclcpp/client.hpp:40[m[K,
                 from [01m[K/opt/ros/humble/include/rclcpp/rclcpp/callback_group.hpp:24[m[K,
                 from [01m[K/opt/ros/humble/include/rclcpp/rclcpp/any_executable.hpp:20[m[K,
                 from [01m[K/opt/ros/humble/include/rclcpp/rclcpp/memory_strategy.hpp:25[m[K,
                 from [01m[K/opt/ros/humble/include/rclcpp/rclcpp/memory_strategies.hpp:18[m[K,
                 from [01m[K/opt/ros/humble/include/rclcpp/rclcpp/executor_options.hpp:20[m[K,
                 from [01m[K/opt/ros/humble/include/rclcpp/rclcpp/executor.hpp:37[m[K,
                 from [01m[K/opt/ros/humble/include/rclcpp/rclcpp/executors/multi_threaded_executor.hpp:25[m[K,
                 from [01m[K/opt/ros/humble/include/rclcpp/rclcpp/executors.hpp:21[m[K,
                 from [01m[K/opt/ros/humble/include/rclcpp/rclcpp/rclcpp.hpp:155[m[K,
                 from [01m[K/home/student/41068RS12025-Group18/src/41068_ignition_bringup/include/mission_node.h:30[m[K,
                 from [01m[K/home/student/41068RS12025-Group18/src/41068_ignition_bringup/src/mission_node.cpp:1[m[K:
[01m[K/home/student/41068RS12025-Group18/src/41068_ignition_bringup/src/mission_node.cpp:454:25:[m[K [01;31m[Kerror: [m[Kinvalid use of â€˜[01m[Kthis[m[Kâ€™ in non-member function
  454 |             RCLCPP_INFO([01;31m[Kthis[m[K->get_logger(), "Takeoff altitude: %.2f", takeoff_altitude);
      |                         [01;31m[K^~~~[m[K
[01m[K/home/student/41068RS12025-Group18/src/41068_ignition_bringup/src/mission_node.cpp:454:25:[m[K [01;31m[Kerror: [m[Kinvalid use of â€˜[01m[Kthis[m[Kâ€™ in non-member function
[01m[K/home/student/41068RS12025-Group18/src/41068_ignition_bringup/src/mission_node.cpp:454:13:[m[K [01;31m[Kerror: [m[Ktemplate argument 1 is invalid
  454 |             [01;31m[KRCLCPP_INFO[m[K(this->get_logger(), "Takeoff altitude: %.2f", takeoff_altitude);
      |             [01;31m[K^~~~~~~~~~~[m[K
In file included from [01m[K/opt/ros/humble/include/rclcpp/rclcpp/logging.hpp:24[m[K,
                 from [01m[K/opt/ros/humble/include/rclcpp/rclcpp/client.hpp:40[m[K,
                 from [01m[K/opt/ros/humble/include/rclcpp/rclcpp/callback_group.hpp:24[m[K,
                 from [01m[K/opt/ros/humble/include/rclcpp/rclcpp/any_executable.hpp:20[m[K,
                 from [01m[K/opt/ros/humble/include/rclcpp/rclcpp/memory_strategy.hpp:25[m[K,
                 from [01m[K/opt/ros/humble/include/rclcpp/rclcpp/memory_strategies.hpp:18[m[K,
                 from [01m[K/opt/ros/humble/include/rclcpp/rclcpp/executor_options.hpp:20[m[K,
                 from [01m[K/opt/ros/humble/include/rclcpp/rclcpp/executor.hpp:37[m[K,
                 from [01m[K/opt/ros/humble/include/rclcpp/rclcpp/executors/multi_threaded_executor.hpp:25[m[K,
                 from [01m[K/opt/ros/humble/include/rclcpp/rclcpp/executors.hpp:21[m[K,
                 from [01m[K/opt/ros/humble/include/rclcpp/rclcpp/rclcpp.hpp:155[m[K,
                 from [01m[K/home/student/41068RS12025-Group18/src/41068_ignition_bringup/include/mission_node.h:30[m[K,
                 from [01m[K/home/student/41068RS12025-Group18/src/41068_ignition_bringup/src/mission_node.cpp:1[m[K:
[01m[K/home/student/41068RS12025-Group18/src/41068_ignition_bringup/src/mission_node.cpp:454:25:[m[K [01;31m[Kerror: [m[Kinvalid use of â€˜[01m[Kthis[m[Kâ€™ in non-member function
  454 |             RCLCPP_INFO([01;31m[Kthis[m[K->get_logger(), "Takeoff altitude: %.2f", takeoff_altitude);
      |                         [01;31m[K^~~~[m[K
[01m[K/home/student/41068RS12025-Group18/src/41068_ignition_bringup/src/mission_node.cpp:454:25:[m[K [01;31m[Kerror: [m[Kinvalid use of â€˜[01m[Kthis[m[Kâ€™ in non-member function
  454 |             RCLCPP_INFO([01;31m[Kthis[m[K->get_logger(), "Takeoff altitude: %.2f", takeoff_altitude);
      |                         [01;31m[K^~~~[m[K
[01m[K/home/student/41068RS12025-Group18/src/41068_ignition_bringup/src/mission_node.cpp:458:13:[m[K [01;31m[Kerror: [m[Kinvalid use of â€˜[01m[Kthis[m[Kâ€™ in non-member function
  458 |         if ([01;31m[Kthis[m[K->has_parameter("mission_params.landing_speed")) {
      |             [01;31m[K^~~~[m[K
[01m[K/home/student/41068RS12025-Group18/src/41068_ignition_bringup/src/mission_node.cpp:459:36:[m[K [01;31m[Kerror: [m[Kinvalid use of â€˜[01m[Kthis[m[Kâ€™ in non-member function
  459 |             double landing_speed = [01;31m[Kthis[m[K->get_parameter("mission_params.landing_speed").as_double();
      |                                    [01;31m[K^~~~[m[K
In file included from [01m[K/opt/ros/humble/include/rclcpp/rclcpp/client.hpp:40[m[K,
                 from [01m[K/opt/ros/humble/include/rclcpp/rclcpp/callback_group.hpp:24[m[K,
                 from [01m[K/opt/ros/humble/include/rclcpp/rclcpp/any_executable.hpp:20[m[K,
                 from [01m[K/opt/ros/humble/include/rclcpp/rclcpp/memory_strategy.hpp:25[m[K,
                 from [01m[K/opt/ros/humble/include/rclcpp/rclcpp/memory_strategies.hpp:18[m[K,
                 from [01m[K/opt/ros/humble/include/rclcpp/rclcpp/executor_options.hpp:20[m[K,
                 from [01m[K/opt/ros/humble/include/rclcpp/rclcpp/executor.hpp:37[m[K,
                 from [01m[K/opt/ros/humble/include/rclcpp/rclcpp/executors/multi_threaded_executor.hpp:25[m[K,
                 from [01m[K/opt/ros/humble/include/rclcpp/rclcpp/executors.hpp:21[m[K,
                 from [01m[K/opt/ros/humble/include/rclcpp/rclcpp/rclcpp.hpp:155[m[K,
                 from [01m[K/home/student/41068RS12025-Group18/src/41068_ignition_bringup/include/mission_node.h:30[m[K,
                 from [01m[K/home/student/41068RS12025-Group18/src/41068_ignition_bringup/src/mission_node.cpp:1[m[K:
[01m[K/home/student/41068RS12025-Group18/src/41068_ignition_bringup/src/mission_node.cpp:460:25:[m[K [01;31m[Kerror: [m[Kinvalid use of â€˜[01m[Kthis[m[Kâ€™ in non-member function
  460 |             RCLCPP_INFO([01;31m[Kthis[m[K->get_logger(), "Landing speed: %.2f", landing_speed);
      |                         [01;31m[K^~~~[m[K
[01m[K/home/student/41068RS12025-Group18/src/41068_ignition_bringup/src/mission_node.cpp:460:25:[m[K [01;31m[Kerror: [m[Kinvalid use of â€˜[01m[Kthis[m[Kâ€™ in non-member function
[01m[K/home/student/41068RS12025-Group18/src/41068_ignition_bringup/src/mission_node.cpp:460:13:[m[K [01;31m[Kerror: [m[Ktemplate argument 1 is invalid
  460 |             [01;31m[KRCLCPP_INFO[m[K(this->get_logger(), "Landing speed: %.2f", landing_speed);
      |             [01;31m[K^~~~~~~~~~~[m[K
In file included from [01m[K/opt/ros/humble/include/rclcpp/rclcpp/logging.hpp:24[m[K,
                 from [01m[K/opt/ros/humble/include/rclcpp/rclcpp/client.hpp:40[m[K,
                 from [01m[K/opt/ros/humble/include/rclcpp/rclcpp/callback_group.hpp:24[m[K,
                 from [01m[K/opt/ros/humble/include/rclcpp/rclcpp/any_executable.hpp:20[m[K,
                 from [01m[K/opt/ros/humble/include/rclcpp/rclcpp/memory_strategy.hpp:25[m[K,
                 from [01m[K/opt/ros/humble/include/rclcpp/rclcpp/memory_strategies.hpp:18[m[K,
                 from [01m[K/opt/ros/humble/include/rclcpp/rclcpp/executor_options.hpp:20[m[K,
                 from [01m[K/opt/ros/humble/include/rclcpp/rclcpp/executor.hpp:37[m[K,
                 from [01m[K/opt/ros/humble/include/rclcpp/rclcpp/executors/multi_threaded_executor.hpp:25[m[K,
                 from [01m[K/opt/ros/humble/include/rclcpp/rclcpp/executors.hpp:21[m[K,
                 from [01m[K/opt/ros/humble/include/rclcpp/rclcpp/rclcpp.hpp:155[m[K,
                 from [01m[K/home/student/41068RS12025-Group18/src/41068_ignition_bringup/include/mission_node.h:30[m[K,
                 from [01m[K/home/student/41068RS12025-Group18/src/41068_ignition_bringup/src/mission_node.cpp:1[m[K:
[01m[K/home/student/41068RS12025-Group18/src/41068_ignition_bringup/src/mission_node.cpp:460:25:[m[K [01;31m[Kerror: [m[Kinvalid use of â€˜[01m[Kthis[m[Kâ€™ in non-member function
  460 |             RCLCPP_INFO([01;31m[Kthis[m[K->get_logger(), "Landing speed: %.2f", landing_speed);
      |                         [01;31m[K^~~~[m[K
[01m[K/home/student/41068RS12025-Group18/src/41068_ignition_bringup/src/mission_node.cpp:460:25:[m[K [01;31m[Kerror: [m[Kinvalid use of â€˜[01m[Kthis[m[Kâ€™ in non-member function
  460 |             RCLCPP_INFO([01;31m[Kthis[m[K->get_logger(), "Landing speed: %.2f", landing_speed);
      |                         [01;31m[K^~~~[m[K
[01m[K/home/student/41068RS12025-Group18/src/41068_ignition_bringup/src/mission_node.cpp:463:13:[m[K [01;31m[Kerror: [m[Kinvalid use of â€˜[01m[Kthis[m[Kâ€™ in non-member function
  463 |         if ([01;31m[Kthis[m[K->has_parameter("mission_params.waypoint_tolerance")) {
      |             [01;31m[K^~~~[m[K
[01m[K/home/student/41068RS12025-Group18/src/41068_ignition_bringup/src/mission_node.cpp:464:37:[m[K [01;31m[Kerror: [m[Kinvalid use of â€˜[01m[Kthis[m[Kâ€™ in non-member function
  464 |             double yaml_tolerance = [01;31m[Kthis[m[K->get_parameter("mission_params.waypoint_tolerance").as_double();
      |                                     [01;31m[K^~~~[m[K
[01m[K/home/student/41068RS12025-Group18/src/41068_ignition_bringup/src/mission_node.cpp:466:13:[m[K [01;31m[Kerror: [m[Kâ€˜[01m[Kwaypoint_tolerance_[m[Kâ€™ was not declared in this scope
  466 |             [01;31m[Kwaypoint_tolerance_[m[K = yaml_tolerance;
      |             [01;31m[K^~~~~~~~~~~~~~~~~~~[m[K
In file included from [01m[K/opt/ros/humble/include/rclcpp/rclcpp/client.hpp:40[m[K,
                 from [01m[K/opt/ros/humble/include/rclcpp/rclcpp/callback_group.hpp:24[m[K,
                 from [01m[K/opt/ros/humble/include/rclcpp/rclcpp/any_executable.hpp:20[m[K,
                 from [01m[K/opt/ros/humble/include/rclcpp/rclcpp/memory_strategy.hpp:25[m[K,
                 from [01m[K/opt/ros/humble/include/rclcpp/rclcpp/memory_strategies.hpp:18[m[K,
                 from [01m[K/opt/ros/humble/include/rclcpp/rclcpp/executor_options.hpp:20[m[K,
                 from [01m[K/opt/ros/humble/include/rclcpp/rclcpp/executor.hpp:37[m[K,
                 from [01m[K/opt/ros/humble/include/rclcpp/rclcpp/executors/multi_threaded_executor.hpp:25[m[K,
                 from [01m[K/opt/ros/humble/include/rclcpp/rclcpp/executors.hpp:21[m[K,
                 from [01m[K/opt/ros/humble/include/rclcpp/rclcpp/rclcpp.hpp:155[m[K,
                 from [01m[K/home/student/41068RS12025-Group18/src/41068_ignition_bringup/include/mission_node.h:30[m[K,
                 from [01m[K/home/student/41068RS12025-Group18/src/41068_ignition_bringup/src/mission_node.cpp:1[m[K:
[01m[K/home/student/41068RS12025-Group18/src/41068_ignition_bringup/src/mission_node.cpp:467:25:[m[K [01;31m[Kerror: [m[Kinvalid use of â€˜[01m[Kthis[m[Kâ€™ in non-member function
  467 |             RCLCPP_INFO([01;31m[Kthis[m[K->get_logger(), "Updated waypoint tolerance to: %.2f", waypoint_tolerance_);
      |                         [01;31m[K^~~~[m[K
[01m[K/home/student/41068RS12025-Group18/src/41068_ignition_bringup/src/mission_node.cpp:467:25:[m[K [01;31m[Kerror: [m[Kinvalid use of â€˜[01m[Kthis[m[Kâ€™ in non-member function
[01m[K/home/student/41068RS12025-Group18/src/41068_ignition_bringup/src/mission_node.cpp:467:13:[m[K [01;31m[Kerror: [m[Ktemplate argument 1 is invalid
  467 |             [01;31m[KRCLCPP_INFO[m[K(this->get_logger(), "Updated waypoint tolerance to: %.2f", waypoint_tolerance_);
      |             [01;31m[K^~~~~~~~~~~[m[K
In file included from [01m[K/opt/ros/humble/include/rclcpp/rclcpp/logging.hpp:24[m[K,
                 from [01m[K/opt/ros/humble/include/rclcpp/rclcpp/client.hpp:40[m[K,
                 from [01m[K/opt/ros/humble/include/rclcpp/rclcpp/callback_group.hpp:24[m[K,
                 from [01m[K/opt/ros/humble/include/rclcpp/rclcpp/any_executable.hpp:20[m[K,
                 from [01m[K/opt/ros/humble/include/rclcpp/rclcpp/memory_strategy.hpp:25[m[K,
                 from [01m[K/opt/ros/humble/include/rclcpp/rclcpp/memory_strategies.hpp:18[m[K,
                 from [01m[K/opt/ros/humble/include/rclcpp/rclcpp/executor_options.hpp:20[m[K,
                 from [01m[K/opt/ros/humble/include/rclcpp/rclcpp/executor.hpp:37[m[K,
                 from [01m[K/opt/ros/humble/include/rclcpp/rclcpp/executors/multi_threaded_executor.hpp:25[m[K,
                 from [01m[K/opt/ros/humble/include/rclcpp/rclcpp/executors.hpp:21[m[K,
                 from [01m[K/opt/ros/humble/include/rclcpp/rclcpp/rclcpp.hpp:155[m[K,
                 from [01m[K/home/student/41068RS12025-Group18/src/41068_ignition_bringup/include/mission_node.h:30[m[K,
                 from [01m[K/home/student/41068RS12025-Group18/src/41068_ignition_bringup/src/mission_node.cpp:1[m[K:
[01m[K/home/student/41068RS12025-Group18/src/41068_ignition_bringup/src/mission_node.cpp:467:25:[m[K [01;31m[Kerror: [m[Kinvalid use of â€˜[01m[Kthis[m[Kâ€™ in non-member function
  467 |             RCLCPP_INFO([01;31m[Kthis[m[K->get_logger(), "Updated waypoint tolerance to: %.2f", waypoint_tolerance_);
      |                         [01;31m[K^~~~[m[K
[01m[K/home/student/41068RS12025-Group18/src/41068_ignition_bringup/src/mission_node.cpp:467:25:[m[K [01;31m[Kerror: [m[Kinvalid use of â€˜[01m[Kthis[m[Kâ€™ in non-member function
  467 |             RCLCPP_INFO([01;31m[Kthis[m[K->get_logger(), "Updated waypoint tolerance to: %.2f", waypoint_tolerance_);
      |                         [01;31m[K^~~~[m[K
[01m[K/home/student/41068RS12025-Group18/src/41068_ignition_bringup/src/mission_node.cpp:470:13:[m[K [01;31m[Kerror: [m[Kinvalid use of â€˜[01m[Kthis[m[Kâ€™ in non-member function
  470 |         if ([01;31m[Kthis[m[K->has_parameter("mission_params.max_velocity")) {
      |             [01;31m[K^~~~[m[K
[01m[K/home/student/41068RS12025-Group18/src/41068_ignition_bringup/src/mission_node.cpp:471:35:[m[K [01;31m[Kerror: [m[Kinvalid use of â€˜[01m[Kthis[m[Kâ€™ in non-member function
  471 |             double max_velocity = [01;31m[Kthis[m[K->get_parameter("mission_params.max_velocity").as_double();
      |                                   [01;31m[K^~~~[m[K
In file included from [01m[K/opt/ros/humble/include/rclcpp/rclcpp/client.hpp:40[m[K,
                 from [01m[K/opt/ros/humble/include/rclcpp/rclcpp/callback_group.hpp:24[m[K,
                 from [01m[K/opt/ros/humble/include/rclcpp/rclcpp/any_executable.hpp:20[m[K,
                 from [01m[K/opt/ros/humble/include/rclcpp/rclcpp/memory_strategy.hpp:25[m[K,
                 from [01m[K/opt/ros/humble/include/rclcpp/rclcpp/memory_strategies.hpp:18[m[K,
                 from [01m[K/opt/ros/humble/include/rclcpp/rclcpp/executor_options.hpp:20[m[K,
                 from [01m[K/opt/ros/humble/include/rclcpp/rclcpp/executor.hpp:37[m[K,
                 from [01m[K/opt/ros/humble/include/rclcpp/rclcpp/executors/multi_threaded_executor.hpp:25[m[K,
                 from [01m[K/opt/ros/humble/include/rclcpp/rclcpp/executors.hpp:21[m[K,
                 from [01m[K/opt/ros/humble/include/rclcpp/rclcpp/rclcpp.hpp:155[m[K,
                 from [01m[K/home/student/41068RS12025-Group18/src/41068_ignition_bringup/include/mission_node.h:30[m[K,
                 from [01m[K/home/student/41068RS12025-Group18/src/41068_ignition_bringup/src/mission_node.cpp:1[m[K:
[01m[K/home/student/41068RS12025-Group18/src/41068_ignition_bringup/src/mission_node.cpp:472:25:[m[K [01;31m[Kerror: [m[Kinvalid use of â€˜[01m[Kthis[m[Kâ€™ in non-member function
  472 |             RCLCPP_INFO([01;31m[Kthis[m[K->get_logger(), "Max velocity: %.2f", max_velocity);
      |                         [01;31m[K^~~~[m[K
[01m[K/home/student/41068RS12025-Group18/src/41068_ignition_bringup/src/mission_node.cpp:472:25:[m[K [01;31m[Kerror: [m[Kinvalid use of â€˜[01m[Kthis[m[Kâ€™ in non-member function
[01m[K/home/student/41068RS12025-Group18/src/41068_ignition_bringup/src/mission_node.cpp:472:13:[m[K [01;31m[Kerror: [m[Ktemplate argument 1 is invalid
  472 |             [01;31m[KRCLCPP_INFO[m[K(this->get_logger(), "Max velocity: %.2f", max_velocity);
      |             [01;31m[K^~~~~~~~~~~[m[K
In file included from [01m[K/opt/ros/humble/include/rclcpp/rclcpp/logging.hpp:24[m[K,
                 from [01m[K/opt/ros/humble/include/rclcpp/rclcpp/client.hpp:40[m[K,
                 from [01m[K/opt/ros/humble/include/rclcpp/rclcpp/callback_group.hpp:24[m[K,
                 from [01m[K/opt/ros/humble/include/rclcpp/rclcpp/any_executable.hpp:20[m[K,
                 from [01m[K/opt/ros/humble/include/rclcpp/rclcpp/memory_strategy.hpp:25[m[K,
                 from [01m[K/opt/ros/humble/include/rclcpp/rclcpp/memory_strategies.hpp:18[m[K,
                 from [01m[K/opt/ros/humble/include/rclcpp/rclcpp/executor_options.hpp:20[m[K,
                 from [01m[K/opt/ros/humble/include/rclcpp/rclcpp/executor.hpp:37[m[K,
                 from [01m[K/opt/ros/humble/include/rclcpp/rclcpp/executors/multi_threaded_executor.hpp:25[m[K,
                 from [01m[K/opt/ros/humble/include/rclcpp/rclcpp/executors.hpp:21[m[K,
                 from [01m[K/opt/ros/humble/include/rclcpp/rclcpp/rclcpp.hpp:155[m[K,
                 from [01m[K/home/student/41068RS12025-Group18/src/41068_ignition_bringup/include/mission_node.h:30[m[K,
                 from [01m[K/home/student/41068RS12025-Group18/src/41068_ignition_bringup/src/mission_node.cpp:1[m[K:
[01m[K/home/student/41068RS12025-Group18/src/41068_ignition_bringup/src/mission_node.cpp:472:25:[m[K [01;31m[Kerror: [m[Kinvalid use of â€˜[01m[Kthis[m[Kâ€™ in non-member function
  472 |             RCLCPP_INFO([01;31m[Kthis[m[K->get_logger(), "Max velocity: %.2f", max_velocity);
      |                         [01;31m[K^~~~[m[K
[01m[K/home/student/41068RS12025-Group18/src/41068_ignition_bringup/src/mission_node.cpp:472:25:[m[K [01;31m[Kerror: [m[Kinvalid use of â€˜[01m[Kthis[m[Kâ€™ in non-member function
  472 |             RCLCPP_INFO([01;31m[Kthis[m[K->get_logger(), "Max velocity: %.2f", max_velocity);
      |                         [01;31m[K^~~~[m[K
[01m[K/home/student/41068RS12025-Group18/src/41068_ignition_bringup/src/mission_node.cpp:475:13:[m[K [01;31m[Kerror: [m[Kinvalid use of â€˜[01m[Kthis[m[Kâ€™ in non-member function
  475 |         if ([01;31m[Kthis[m[K->has_parameter("mission_params.loop_missions")) {
      |             [01;31m[K^~~~[m[K
[01m[K/home/student/41068RS12025-Group18/src/41068_ignition_bringup/src/mission_node.cpp:476:34:[m[K [01;31m[Kerror: [m[Kinvalid use of â€˜[01m[Kthis[m[Kâ€™ in non-member function
  476 |             bool loop_missions = [01;31m[Kthis[m[K->get_parameter("mission_params.loop_missions").as_bool();
      |                                  [01;31m[K^~~~[m[K
In file included from [01m[K/opt/ros/humble/include/rclcpp/rclcpp/client.hpp:40[m[K,
                 from [01m[K/opt/ros/humble/include/rclcpp/rclcpp/callback_group.hpp:24[m[K,
                 from [01m[K/opt/ros/humble/include/rclcpp/rclcpp/any_executable.hpp:20[m[K,
                 from [01m[K/opt/ros/humble/include/rclcpp/rclcpp/memory_strategy.hpp:25[m[K,
                 from [01m[K/opt/ros/humble/include/rclcpp/rclcpp/memory_strategies.hpp:18[m[K,
                 from [01m[K/opt/ros/humble/include/rclcpp/rclcpp/executor_options.hpp:20[m[K,
                 from [01m[K/opt/ros/humble/include/rclcpp/rclcpp/executor.hpp:37[m[K,
                 from [01m[K/opt/ros/humble/include/rclcpp/rclcpp/executors/multi_threaded_executor.hpp:25[m[K,
                 from [01m[K/opt/ros/humble/include/rclcpp/rclcpp/executors.hpp:21[m[K,
                 from [01m[K/opt/ros/humble/include/rclcpp/rclcpp/rclcpp.hpp:155[m[K,
                 from [01m[K/home/student/41068RS12025-Group18/src/41068_ignition_bringup/include/mission_node.h:30[m[K,
                 from [01m[K/home/student/41068RS12025-Group18/src/41068_ignition_bringup/src/mission_node.cpp:1[m[K:
[01m[K/home/student/41068RS12025-Group18/src/41068_ignition_bringup/src/mission_node.cpp:477:25:[m[K [01;31m[Kerror: [m[Kinvalid use of â€˜[01m[Kthis[m[Kâ€™ in non-member function
  477 |             RCLCPP_INFO([01;31m[Kthis[m[K->get_logger(), "Loop missions: %s", loop_missions ? "true" : "false");
      |                         [01;31m[K^~~~[m[K
[01m[K/home/student/41068RS12025-Group18/src/41068_ignition_bringup/src/mission_node.cpp:477:25:[m[K [01;31m[Kerror: [m[Kinvalid use of â€˜[01m[Kthis[m[Kâ€™ in non-member function
[01m[K/home/student/41068RS12025-Group18/src/41068_ignition_bringup/src/mission_node.cpp:477:13:[m[K [01;31m[Kerror: [m[Ktemplate argument 1 is invalid
  477 |             [01;31m[KRCLCPP_INFO[m[K(this->get_logger(), "Loop missions: %s", loop_missions ? "true" : "false");
      |             [01;31m[K^~~~~~~~~~~[m[K
In file included from [01m[K/opt/ros/humble/include/rclcpp/rclcpp/logging.hpp:24[m[K,
                 from [01m[K/opt/ros/humble/include/rclcpp/rclcpp/client.hpp:40[m[K,
                 from [01m[K/opt/ros/humble/include/rclcpp/rclcpp/callback_group.hpp:24[m[K,
                 from [01m[K/opt/ros/humble/include/rclcpp/rclcpp/any_executable.hpp:20[m[K,
                 from [01m[K/opt/ros/humble/include/rclcpp/rclcpp/memory_strategy.hpp:25[m[K,
                 from [01m[K/opt/ros/humble/include/rclcpp/rclcpp/memory_strategies.hpp:18[m[K,
                 from [01m[K/opt/ros/humble/include/rclcpp/rclcpp/executor_options.hpp:20[m[K,
                 from [01m[K/opt/ros/humble/include/rclcpp/rclcpp/executor.hpp:37[m[K,
                 from [01m[K/opt/ros/humble/include/rclcpp/rclcpp/executors/multi_threaded_executor.hpp:25[m[K,
                 from [01m[K/opt/ros/humble/include/rclcpp/rclcpp/executors.hpp:21[m[K,
                 from [01m[K/opt/ros/humble/include/rclcpp/rclcpp/rclcpp.hpp:155[m[K,
                 from [01m[K/home/student/41068RS12025-Group18/src/41068_ignition_bringup/include/mission_node.h:30[m[K,
                 from [01m[K/home/student/41068RS12025-Group18/src/41068_ignition_bringup/src/mission_node.cpp:1[m[K:
[01m[K/home/student/41068RS12025-Group18/src/41068_ignition_bringup/src/mission_node.cpp:477:25:[m[K [01;31m[Kerror: [m[Kinvalid use of â€˜[01m[Kthis[m[Kâ€™ in non-member function
  477 |             RCLCPP_INFO([01;31m[Kthis[m[K->get_logger(), "Loop missions: %s", loop_missions ? "true" : "false");
      |                         [01;31m[K^~~~[m[K
[01m[K/home/student/41068RS12025-Group18/src/41068_ignition_bringup/src/mission_node.cpp:477:25:[m[K [01;31m[Kerror: [m[Kinvalid use of â€˜[01m[Kthis[m[Kâ€™ in non-member function
  477 |             RCLCPP_INFO([01;31m[Kthis[m[K->get_logger(), "Loop missions: %s", loop_missions ? "true" : "false");
      |                         [01;31m[K^~~~[m[K
In file included from [01m[K/opt/ros/humble/include/rclcpp/rclcpp/client.hpp:40[m[K,
                 from [01m[K/opt/ros/humble/include/rclcpp/rclcpp/callback_group.hpp:24[m[K,
                 from [01m[K/opt/ros/humble/include/rclcpp/rclcpp/any_executable.hpp:20[m[K,
                 from [01m[K/opt/ros/humble/include/rclcpp/rclcpp/memory_strategy.hpp:25[m[K,
                 from [01m[K/opt/ros/humble/include/rclcpp/rclcpp/memory_strategies.hpp:18[m[K,
                 from [01m[K/opt/ros/humble/include/rclcpp/rclcpp/executor_options.hpp:20[m[K,
                 from [01m[K/opt/ros/humble/include/rclcpp/rclcpp/executor.hpp:37[m[K,
                 from [01m[K/opt/ros/humble/include/rclcpp/rclcpp/executors/multi_threaded_executor.hpp:25[m[K,
                 from [01m[K/opt/ros/humble/include/rclcpp/rclcpp/executors.hpp:21[m[K,
                 from [01m[K/opt/ros/humble/include/rclcpp/rclcpp/rclcpp.hpp:155[m[K,
                 from [01m[K/home/student/41068RS12025-Group18/src/41068_ignition_bringup/include/mission_node.h:30[m[K,
                 from [01m[K/home/student/41068RS12025-Group18/src/41068_ignition_bringup/src/mission_node.cpp:1[m[K:
[01m[K/home/student/41068RS12025-Group18/src/41068_ignition_bringup/src/mission_node.cpp:482:21:[m[K [01;31m[Kerror: [m[Kinvalid use of â€˜[01m[Kthis[m[Kâ€™ in non-member function
  482 |         RCLCPP_WARN([01;31m[Kthis[m[K->get_logger(), "Error loading mission parameters: %s", e.what());
      |                     [01;31m[K^~~~[m[K
[01m[K/home/student/41068RS12025-Group18/src/41068_ignition_bringup/src/mission_node.cpp:482:21:[m[K [01;31m[Kerror: [m[Kinvalid use of â€˜[01m[Kthis[m[Kâ€™ in non-member function
[01m[K/home/student/41068RS12025-Group18/src/41068_ignition_bringup/src/mission_node.cpp:482:9:[m[K [01;31m[Kerror: [m[Ktemplate argument 1 is invalid
  482 |         [01;31m[KRCLCPP_WARN[m[K(this->get_logger(), "Error loading mission parameters: %s", e.what());
      |         [01;31m[K^~~~~~~~~~~[m[K
In file included from [01m[K/opt/ros/humble/include/rclcpp/rclcpp/logging.hpp:24[m[K,
                 from [01m[K/opt/ros/humble/include/rclcpp/rclcpp/client.hpp:40[m[K,
                 from [01m[K/opt/ros/humble/include/rclcpp/rclcpp/callback_group.hpp:24[m[K,
                 from [01m[K/opt/ros/humble/include/rclcpp/rclcpp/any_executable.hpp:20[m[K,
                 from [01m[K/opt/ros/humble/include/rclcpp/rclcpp/memory_strategy.hpp:25[m[K,
                 from [01m[K/opt/ros/humble/include/rclcpp/rclcpp/memory_strategies.hpp:18[m[K,
                 from [01m[K/opt/ros/humble/include/rclcpp/rclcpp/executor_options.hpp:20[m[K,
                 from [01m[K/opt/ros/humble/include/rclcpp/rclcpp/executor.hpp:37[m[K,
                 from [01m[K/opt/ros/humble/include/rclcpp/rclcpp/executors/multi_threaded_executor.hpp:25[m[K,
                 from [01m[K/opt/ros/humble/include/rclcpp/rclcpp/executors.hpp:21[m[K,
                 from [01m[K/opt/ros/humble/include/rclcpp/rclcpp/rclcpp.hpp:155[m[K,
                 from [01m[K/home/student/41068RS12025-Group18/src/41068_ignition_bringup/include/mission_node.h:30[m[K,
                 from [01m[K/home/student/41068RS12025-Group18/src/41068_ignition_bringup/src/mission_node.cpp:1[m[K:
[01m[K/home/student/41068RS12025-Group18/src/41068_ignition_bringup/src/mission_node.cpp:482:21:[m[K [01;31m[Kerror: [m[Kinvalid use of â€˜[01m[Kthis[m[Kâ€™ in non-member function
  482 |         RCLCPP_WARN([01;31m[Kthis[m[K->get_logger(), "Error loading mission parameters: %s", e.what());
      |                     [01;31m[K^~~~[m[K
[01m[K/home/student/41068RS12025-Group18/src/41068_ignition_bringup/src/mission_node.cpp:482:21:[m[K [01;31m[Kerror: [m[Kinvalid use of â€˜[01m[Kthis[m[Kâ€™ in non-member function
  482 |         RCLCPP_WARN([01;31m[Kthis[m[K->get_logger(), "Error loading mission parameters: %s", e.what());
      |                     [01;31m[K^~~~[m[K
[01m[K/home/student/41068RS12025-Group18/src/41068_ignition_bringup/src/mission_node.cpp:[m[K At global scope:
[01m[K/home/student/41068RS12025-Group18/src/41068_ignition_bringup/src/mission_node.cpp:487:8:[m[K [01;31m[Kerror: [m[Kâ€˜[01m[KMissionPlannerNode[m[Kâ€™ has not been declared
  487 |   void [01;31m[KMissionPlannerNode[m[K::loadFallbackWaypoints() {
      |        [01;31m[K^~~~~~~~~~~~~~~~~~[m[K
[01m[K/home/student/41068RS12025-Group18/src/41068_ignition_bringup/src/mission_node.cpp:[m[K In function â€˜[01m[Kvoid loadFallbackWaypoints()[m[Kâ€™:
[01m[K/home/student/41068RS12025-Group18/src/41068_ignition_bringup/src/mission_node.cpp:493:31:[m[K [01;31m[Kerror: [m[Kinvalid use of â€˜[01m[Kthis[m[Kâ€™ in non-member function
  493 |       waypoint.header.stamp = [01;31m[Kthis[m[K->get_clock()->now();
      |                               [01;31m[K^~~~[m[K
[01m[K/home/student/41068RS12025-Group18/src/41068_ignition_bringup/src/mission_node.cpp:496:11:[m[K [01;31m[Kerror: [m[Kâ€˜[01m[Kdrone_id_[m[Kâ€™ was not declared in this scope
  496 |       if ([01;31m[Kdrone_id_[m[K == "rs1_drone_1") {
      |           [01;31m[K^~~~~~~~~[m[K
[01m[K/home/student/41068RS12025-Group18/src/41068_ignition_bringup/src/mission_node.cpp:519:7:[m[K [01;31m[Kerror: [m[Kâ€˜[01m[Kpath_planner_[m[Kâ€™ was not declared in this scope
  519 |       [01;31m[Kpath_planner_[m[K->setWaypoints(waypoints);
      |       [01;31m[K^~~~~~~~~~~~~[m[K
In file included from [01m[K/opt/ros/humble/include/rclcpp/rclcpp/client.hpp:40[m[K,
                 from [01m[K/opt/ros/humble/include/rclcpp/rclcpp/callback_group.hpp:24[m[K,
                 from [01m[K/opt/ros/humble/include/rclcpp/rclcpp/any_executable.hpp:20[m[K,
                 from [01m[K/opt/ros/humble/include/rclcpp/rclcpp/memory_strategy.hpp:25[m[K,
                 from [01m[K/opt/ros/humble/include/rclcpp/rclcpp/memory_strategies.hpp:18[m[K,
                 from [01m[K/opt/ros/humble/include/rclcpp/rclcpp/executor_options.hpp:20[m[K,
                 from [01m[K/opt/ros/humble/include/rclcpp/rclcpp/executor.hpp:37[m[K,
                 from [01m[K/opt/ros/humble/include/rclcpp/rclcpp/executors/multi_threaded_executor.hpp:25[m[K,
                 from [01m[K/opt/ros/humble/include/rclcpp/rclcpp/executors.hpp:21[m[K,
                 from [01m[K/opt/ros/humble/include/rclcpp/rclcpp/rclcpp.hpp:155[m[K,
                 from [01m[K/home/student/41068RS12025-Group18/src/41068_ignition_bringup/include/mission_node.h:30[m[K,
                 from [01m[K/home/student/41068RS12025-Group18/src/41068_ignition_bringup/src/mission_node.cpp:1[m[K:
[01m[K/home/student/41068RS12025-Group18/src/41068_ignition_bringup/src/mission_node.cpp:520:19:[m[K [01;31m[Kerror: [m[Kinvalid use of â€˜[01m[Kthis[m[Kâ€™ in non-member function
  520 |       RCLCPP_INFO([01;31m[Kthis[m[K->get_logger(), "Loaded fallback waypoint for %s", drone_id_.c_str());
      |                   [01;31m[K^~~~[m[K
[01m[K/home/student/41068RS12025-Group18/src/41068_ignition_bringup/src/mission_node.cpp:520:19:[m[K [01;31m[Kerror: [m[Kinvalid use of â€˜[01m[Kthis[m[Kâ€™ in non-member function
[01m[K/home/student/41068RS12025-Group18/src/41068_ignition_bringup/src/mission_node.cpp:520:7:[m[K [01;31m[Kerror: [m[Ktemplate argument 1 is invalid
  520 |       [01;31m[KRCLCPP_INFO[m[K(this->get_logger(), "Loaded fallback waypoint for %s", drone_id_.c_str());
      |       [01;31m[K^~~~~~~~~~~[m[K
In file included from [01m[K/opt/ros/humble/include/rclcpp/rclcpp/logging.hpp:24[m[K,
                 from [01m[K/opt/ros/humble/include/rclcpp/rclcpp/client.hpp:40[m[K,
                 from [01m[K/opt/ros/humble/include/rclcpp/rclcpp/callback_group.hpp:24[m[K,
                 from [01m[K/opt/ros/humble/include/rclcpp/rclcpp/any_executable.hpp:20[m[K,
                 from [01m[K/opt/ros/humble/include/rclcpp/rclcpp/memory_strategy.hpp:25[m[K,
                 from [01m[K/opt/ros/humble/include/rclcpp/rclcpp/memory_strategies.hpp:18[m[K,
                 from [01m[K/opt/ros/humble/include/rclcpp/rclcpp/executor_options.hpp:20[m[K,
                 from [01m[K/opt/ros/humble/include/rclcpp/rclcpp/executor.hpp:37[m[K,
                 from [01m[K/opt/ros/humble/include/rclcpp/rclcpp/executors/multi_threaded_executor.hpp:25[m[K,
                 from [01m[K/opt/ros/humble/include/rclcpp/rclcpp/executors.hpp:21[m[K,
                 from [01m[K/opt/ros/humble/include/rclcpp/rclcpp/rclcpp.hpp:155[m[K,
                 from [01m[K/home/student/41068RS12025-Group18/src/41068_ignition_bringup/include/mission_node.h:30[m[K,
                 from [01m[K/home/student/41068RS12025-Group18/src/41068_ignition_bringup/src/mission_node.cpp:1[m[K:
[01m[K/home/student/41068RS12025-Group18/src/41068_ignition_bringup/src/mission_node.cpp:520:19:[m[K [01;31m[Kerror: [m[Kinvalid use of â€˜[01m[Kthis[m[Kâ€™ in non-member function
  520 |       RCLCPP_INFO([01;31m[Kthis[m[K->get_logger(), "Loaded fallback waypoint for %s", drone_id_.c_str());
      |                   [01;31m[K^~~~[m[K
[01m[K/home/student/41068RS12025-Group18/src/41068_ignition_bringup/src/mission_node.cpp:520:19:[m[K [01;31m[Kerror: [m[Kinvalid use of â€˜[01m[Kthis[m[Kâ€™ in non-member function
  520 |       RCLCPP_INFO([01;31m[Kthis[m[K->get_logger(), "Loaded fallback waypoint for %s", drone_id_.c_str());
      |                   [01;31m[K^~~~[m[K
[01m[K/home/student/41068RS12025-Group18/src/41068_ignition_bringup/src/mission_node.cpp:520:74:[m[K [01;31m[Kerror: [m[Kâ€˜[01m[Kdrone_id_[m[Kâ€™ was not declared in this scope
  520 |       RCLCPP_INFO(this->get_logger(), "Loaded fallback waypoint for %s", [01;31m[Kdrone_id_[m[K.c_str());
      |                                                                          [01;31m[K^~~~~~~~~[m[K
[01m[K/home/student/41068RS12025-Group18/src/41068_ignition_bringup/src/mission_node.cpp:[m[K At global scope:
[01m[K/home/student/41068RS12025-Group18/src/41068_ignition_bringup/src/mission_node.cpp:524:8:[m[K [01;31m[Kerror: [m[Kâ€˜[01m[KMissionPlannerNode[m[Kâ€™ has not been declared
  524 |   void [01;31m[KMissionPlannerNode[m[K::startMissionCallback(
      |        [01;31m[K^~~~~~~~~~~~~~~~~~[m[K
In file included from [01m[K/opt/ros/humble/include/rclcpp/rclcpp/client.hpp:40[m[K,
                 from [01m[K/opt/ros/humble/include/rclcpp/rclcpp/callback_group.hpp:24[m[K,
                 from [01m[K/opt/ros/humble/include/rclcpp/rclcpp/any_executable.hpp:20[m[K,
                 from [01m[K/opt/ros/humble/include/rclcpp/rclcpp/memory_strategy.hpp:25[m[K,
                 from [01m[K/opt/ros/humble/include/rclcpp/rclcpp/memory_strategies.hpp:18[m[K,
                 from [01m[K/opt/ros/humble/include/rclcpp/rclcpp/executor_options.hpp:20[m[K,
                 from [01m[K/opt/ros/humble/include/rclcpp/rclcpp/executor.hpp:37[m[K,
                 from [01m[K/opt/ros/humble/include/rclcpp/rclcpp/executors/multi_threaded_executor.hpp:25[m[K,
                 from [01m[K/opt/ros/humble/include/rclcpp/rclcpp/executors.hpp:21[m[K,
                 from [01m[K/opt/ros/humble/include/rclcpp/rclcpp/rclcpp.hpp:155[m[K,
                 from [01m[K/home/student/41068RS12025-Group18/src/41068_ignition_bringup/include/mission_node.h:30[m[K,
                 from [01m[K/home/student/41068RS12025-Group18/src/41068_ignition_bringup/src/mission_node.cpp:1[m[K:
[01m[K/home/student/41068RS12025-Group18/src/41068_ignition_bringup/src/mission_node.cpp:[m[K In function â€˜[01m[Kvoid startMissionCallback(std::shared_ptr<std_srvs::srv::Trigger_Request_<std::allocator<void> > >, std::shared_ptr<std_srvs::srv::Trigger_Response_<std::allocator<void> > >)[m[Kâ€™:
[01m[K/home/student/41068RS12025-Group18/src/41068_ignition_bringup/src/mission_node.cpp:529:17:[m[K [01;31m[Kerror: [m[Kinvalid use of â€˜[01m[Kthis[m[Kâ€™ in non-member function
  529 |     RCLCPP_INFO([01;31m[Kthis[m[K->get_logger(), "Start mission service called for %s", drone_id_.c_str());
      |                 [01;31m[K^~~~[m[K
[01m[K/home/student/41068RS12025-Group18/src/41068_ignition_bringup/src/mission_node.cpp:529:17:[m[K [01;31m[Kerror: [m[Kinvalid use of â€˜[01m[Kthis[m[Kâ€™ in non-member function
[01m[K/home/student/41068RS12025-Group18/src/41068_ignition_bringup/src/mission_node.cpp:529:5:[m[K [01;31m[Kerror: [m[Ktemplate argument 1 is invalid
  529 |     [01;31m[KRCLCPP_INFO[m[K(this->get_logger(), "Start mission service called for %s", drone_id_.c_str());
      |     [01;31m[K^~~~~~~~~~~[m[K
In file included from [01m[K/opt/ros/humble/include/rclcpp/rclcpp/logging.hpp:24[m[K,
                 from [01m[K/opt/ros/humble/include/rclcpp/rclcpp/client.hpp:40[m[K,
                 from [01m[K/opt/ros/humble/include/rclcpp/rclcpp/callback_group.hpp:24[m[K,
                 from [01m[K/opt/ros/humble/include/rclcpp/rclcpp/any_executable.hpp:20[m[K,
                 from [01m[K/opt/ros/humble/include/rclcpp/rclcpp/memory_strategy.hpp:25[m[K,
                 from [01m[K/opt/ros/humble/include/rclcpp/rclcpp/memory_strategies.hpp:18[m[K,
                 from [01m[K/opt/ros/humble/include/rclcpp/rclcpp/executor_options.hpp:20[m[K,
                 from [01m[K/opt/ros/humble/include/rclcpp/rclcpp/executor.hpp:37[m[K,
                 from [01m[K/opt/ros/humble/include/rclcpp/rclcpp/executors/multi_threaded_executor.hpp:25[m[K,
                 from [01m[K/opt/ros/humble/include/rclcpp/rclcpp/executors.hpp:21[m[K,
                 from [01m[K/opt/ros/humble/include/rclcpp/rclcpp/rclcpp.hpp:155[m[K,
                 from [01m[K/home/student/41068RS12025-Group18/src/41068_ignition_bringup/include/mission_node.h:30[m[K,
                 from [01m[K/home/student/41068RS12025-Group18/src/41068_ignition_bringup/src/mission_node.cpp:1[m[K:
[01m[K/home/student/41068RS12025-Group18/src/41068_ignition_bringup/src/mission_node.cpp:529:17:[m[K [01;31m[Kerror: [m[Kinvalid use of â€˜[01m[Kthis[m[Kâ€™ in non-member function
  529 |     RCLCPP_INFO([01;31m[Kthis[m[K->get_logger(), "Start mission service called for %s", drone_id_.c_str());
      |                 [01;31m[K^~~~[m[K
[01m[K/home/student/41068RS12025-Group18/src/41068_ignition_bringup/src/mission_node.cpp:529:17:[m[K [01;31m[Kerror: [m[Kinvalid use of â€˜[01m[Kthis[m[Kâ€™ in non-member function
  529 |     RCLCPP_INFO([01;31m[Kthis[m[K->get_logger(), "Start mission service called for %s", drone_id_.c_str());
      |                 [01;31m[K^~~~[m[K
[01m[K/home/student/41068RS12025-Group18/src/41068_ignition_bringup/src/mission_node.cpp:529:76:[m[K [01;31m[Kerror: [m[Kâ€˜[01m[Kdrone_id_[m[Kâ€™ was not declared in this scope
  529 |     RCLCPP_INFO(this->get_logger(), "Start mission service called for %s", [01;31m[Kdrone_id_[m[K.c_str());
      |                                                                            [01;31m[K^~~~~~~~~[m[K
[01m[K/home/student/41068RS12025-Group18/src/41068_ignition_bringup/src/mission_node.cpp:532:9:[m[K [01;31m[Kerror: [m[Kâ€˜[01m[Kstate_machine_[m[Kâ€™ was not declared in this scope
  532 |     if ([01;31m[Kstate_machine_[m[K->getCurrentState() != MissionState::IDLE) {
      |         [01;31m[K^~~~~~~~~~~~~~[m[K
[01m[K/home/student/41068RS12025-Group18/src/41068_ignition_bringup/src/mission_node.cpp:532:46:[m[K [01;31m[Kerror: [m[Kâ€˜[01m[KMissionState[m[Kâ€™ has not been declared
  532 |     if (state_machine_->getCurrentState() != [01;31m[KMissionState[m[K::IDLE) {
      |                                              [01;31m[K^~~~~~~~~~~~[m[K
In file included from [01m[K/opt/ros/humble/include/rclcpp/rclcpp/client.hpp:40[m[K,
                 from [01m[K/opt/ros/humble/include/rclcpp/rclcpp/callback_group.hpp:24[m[K,
                 from [01m[K/opt/ros/humble/include/rclcpp/rclcpp/any_executable.hpp:20[m[K,
                 from [01m[K/opt/ros/humble/include/rclcpp/rclcpp/memory_strategy.hpp:25[m[K,
                 from [01m[K/opt/ros/humble/include/rclcpp/rclcpp/memory_strategies.hpp:18[m[K,
                 from [01m[K/opt/ros/humble/include/rclcpp/rclcpp/executor_options.hpp:20[m[K,
                 from [01m[K/opt/ros/humble/include/rclcpp/rclcpp/executor.hpp:37[m[K,
                 from [01m[K/opt/ros/humble/include/rclcpp/rclcpp/executors/multi_threaded_executor.hpp:25[m[K,
                 from [01m[K/opt/ros/humble/include/rclcpp/rclcpp/executors.hpp:21[m[K,
                 from [01m[K/opt/ros/humble/include/rclcpp/rclcpp/rclcpp.hpp:155[m[K,
                 from [01m[K/home/student/41068RS12025-Group18/src/41068_ignition_bringup/include/mission_node.h:30[m[K,
                 from [01m[K/home/student/41068RS12025-Group18/src/41068_ignition_bringup/src/mission_node.cpp:1[m[K:
[01m[K/home/student/41068RS12025-Group18/src/41068_ignition_bringup/src/mission_node.cpp:536:19:[m[K [01;31m[Kerror: [m[Kinvalid use of â€˜[01m[Kthis[m[Kâ€™ in non-member function
  536 |       RCLCPP_WARN([01;31m[Kthis[m[K->get_logger(), "%s", response->message.c_str());
      |                   [01;31m[K^~~~[m[K
[01m[K/home/student/41068RS12025-Group18/src/41068_ignition_bringup/src/mission_node.cpp:536:19:[m[K [01;31m[Kerror: [m[Kinvalid use of â€˜[01m[Kthis[m[Kâ€™ in non-member function
[01m[K/home/student/41068RS12025-Group18/src/41068_ignition_bringup/src/mission_node.cpp:536:7:[m[K [01;31m[Kerror: [m[Ktemplate argument 1 is invalid
  536 |       [01;31m[KRCLCPP_WARN[m[K(this->get_logger(), "%s", response->message.c_str());
      |       [01;31m[K^~~~~~~~~~~[m[K
In file included from [01m[K/opt/ros/humble/include/rclcpp/rclcpp/logging.hpp:24[m[K,
                 from [01m[K/opt/ros/humble/include/rclcpp/rclcpp/client.hpp:40[m[K,
                 from [01m[K/opt/ros/humble/include/rclcpp/rclcpp/callback_group.hpp:24[m[K,
                 from [01m[K/opt/ros/humble/include/rclcpp/rclcpp/any_executable.hpp:20[m[K,
                 from [01m[K/opt/ros/humble/include/rclcpp/rclcpp/memory_strategy.hpp:25[m[K,
                 from [01m[K/opt/ros/humble/include/rclcpp/rclcpp/memory_strategies.hpp:18[m[K,
                 from [01m[K/opt/ros/humble/include/rclcpp/rclcpp/executor_options.hpp:20[m[K,
                 from [01m[K/opt/ros/humble/include/rclcpp/rclcpp/executor.hpp:37[m[K,
                 from [01m[K/opt/ros/humble/include/rclcpp/rclcpp/executors/multi_threaded_executor.hpp:25[m[K,
                 from [01m[K/opt/ros/humble/include/rclcpp/rclcpp/executors.hpp:21[m[K,
                 from [01m[K/opt/ros/humble/include/rclcpp/rclcpp/rclcpp.hpp:155[m[K,
                 from [01m[K/home/student/41068RS12025-Group18/src/41068_ignition_bringup/include/mission_node.h:30[m[K,
                 from [01m[K/home/student/41068RS12025-Group18/src/41068_ignition_bringup/src/mission_node.cpp:1[m[K:
[01m[K/home/student/41068RS12025-Group18/src/41068_ignition_bringup/src/mission_node.cpp:536:19:[m[K [01;31m[Kerror: [m[Kinvalid use of â€˜[01m[Kthis[m[Kâ€™ in non-member function
  536 |       RCLCPP_WARN([01;31m[Kthis[m[K->get_logger(), "%s", response->message.c_str());
      |                   [01;31m[K^~~~[m[K
[01m[K/home/student/41068RS12025-Group18/src/41068_ignition_bringup/src/mission_node.cpp:536:19:[m[K [01;31m[Kerror: [m[Kinvalid use of â€˜[01m[Kthis[m[Kâ€™ in non-member function
  536 |       RCLCPP_WARN([01;31m[Kthis[m[K->get_logger(), "%s", response->message.c_str());
      |                   [01;31m[K^~~~[m[K
[01m[K/home/student/41068RS12025-Group18/src/41068_ignition_bringup/src/mission_node.cpp:541:5:[m[K [01;31m[Kerror: [m[Kâ€˜[01m[Kstate_machine_[m[Kâ€™ was not declared in this scope
  541 |     [01;31m[Kstate_machine_[m[K->setState(MissionState::TAKEOFF);
      |     [01;31m[K^~~~~~~~~~~~~~[m[K
[01m[K/home/student/41068RS12025-Group18/src/41068_ignition_bringup/src/mission_node.cpp:541:30:[m[K [01;31m[Kerror: [m[Kâ€˜[01m[KMissionState[m[Kâ€™ has not been declared
  541 |     state_machine_->setState([01;31m[KMissionState[m[K::TAKEOFF);
      |                              [01;31m[K^~~~~~~~~~~~[m[K
[01m[K/home/student/41068RS12025-Group18/src/41068_ignition_bringup/src/mission_node.cpp:546:5:[m[K [01;31m[Kerror: [m[Kâ€˜[01m[Kmission_state_pub_[m[Kâ€™ was not declared in this scope
  546 |     [01;31m[Kmission_state_pub_[m[K->publish(state_msg);
      |     [01;31m[K^~~~~~~~~~~~~~~~~~[m[K
In file included from [01m[K/opt/ros/humble/include/rclcpp/rclcpp/client.hpp:40[m[K,
                 from [01m[K/opt/ros/humble/include/rclcpp/rclcpp/callback_group.hpp:24[m[K,
                 from [01m[K/opt/ros/humble/include/rclcpp/rclcpp/any_executable.hpp:20[m[K,
                 from [01m[K/opt/ros/humble/include/rclcpp/rclcpp/memory_strategy.hpp:25[m[K,
                 from [01m[K/opt/ros/humble/include/rclcpp/rclcpp/memory_strategies.hpp:18[m[K,
                 from [01m[K/opt/ros/humble/include/rclcpp/rclcpp/executor_options.hpp:20[m[K,
                 from [01m[K/opt/ros/humble/include/rclcpp/rclcpp/executor.hpp:37[m[K,
                 from [01m[K/opt/ros/humble/include/rclcpp/rclcpp/executors/multi_threaded_executor.hpp:25[m[K,
                 from [01m[K/opt/ros/humble/include/rclcpp/rclcpp/executors.hpp:21[m[K,
                 from [01m[K/opt/ros/humble/include/rclcpp/rclcpp/rclcpp.hpp:155[m[K,
                 from [01m[K/home/student/41068RS12025-Group18/src/41068_ignition_bringup/include/mission_node.h:30[m[K,
                 from [01m[K/home/student/41068RS12025-Group18/src/41068_ignition_bringup/src/mission_node.cpp:1[m[K:
[01m[K/home/student/41068RS12025-Group18/src/41068_ignition_bringup/src/mission_node.cpp:551:17:[m[K [01;31m[Kerror: [m[Kinvalid use of â€˜[01m[Kthis[m[Kâ€™ in non-member function
  551 |     RCLCPP_INFO([01;31m[Kthis[m[K->get_logger(), "Mission started for %s - transitioning to TAKEOFF", drone_id_.c_str());
      |                 [01;31m[K^~~~[m[K
[01m[K/home/student/41068RS12025-Group18/src/41068_ignition_bringup/src/mission_node.cpp:551:17:[m[K [01;31m[Kerror: [m[Kinvalid use of â€˜[01m[Kthis[m[Kâ€™ in non-member function
[01m[K/home/student/41068RS12025-Group18/src/41068_ignition_bringup/src/mission_node.cpp:551:5:[m[K [01;31m[Kerror: [m[Ktemplate argument 1 is invalid
  551 |     [01;31m[KRCLCPP_INFO[m[K(this->get_logger(), "Mission started for %s - transitioning to TAKEOFF", drone_id_.c_str());
      |     [01;31m[K^~~~~~~~~~~[m[K
In file included from [01m[K/opt/ros/humble/include/rclcpp/rclcpp/logging.hpp:24[m[K,
                 from [01m[K/opt/ros/humble/include/rclcpp/rclcpp/client.hpp:40[m[K,
                 from [01m[K/opt/ros/humble/include/rclcpp/rclcpp/callback_group.hpp:24[m[K,
                 from [01m[K/opt/ros/humble/include/rclcpp/rclcpp/any_executable.hpp:20[m[K,
                 from [01m[K/opt/ros/humble/include/rclcpp/rclcpp/memory_strategy.hpp:25[m[K,
                 from [01m[K/opt/ros/humble/include/rclcpp/rclcpp/memory_strategies.hpp:18[m[K,
                 from [01m[K/opt/ros/humble/include/rclcpp/rclcpp/executor_options.hpp:20[m[K,
                 from [01m[K/opt/ros/humble/include/rclcpp/rclcpp/executor.hpp:37[m[K,
                 from [01m[K/opt/ros/humble/include/rclcpp/rclcpp/executors/multi_threaded_executor.hpp:25[m[K,
                 from [01m[K/opt/ros/humble/include/rclcpp/rclcpp/executors.hpp:21[m[K,
                 from [01m[K/opt/ros/humble/include/rclcpp/rclcpp/rclcpp.hpp:155[m[K,
                 from [01m[K/home/student/41068RS12025-Group18/src/41068_ignition_bringup/include/mission_node.h:30[m[K,
                 from [01m[K/home/student/41068RS12025-Group18/src/41068_ignition_bringup/src/mission_node.cpp:1[m[K:
[01m[K/home/student/41068RS12025-Group18/src/41068_ignition_bringup/src/mission_node.cpp:551:17:[m[K [01;31m[Kerror: [m[Kinvalid use of â€˜[01m[Kthis[m[Kâ€™ in non-member function
  551 |     RCLCPP_INFO([01;31m[Kthis[m[K->get_logger(), "Mission started for %s - transitioning to TAKEOFF", drone_id_.c_str());
      |                 [01;31m[K^~~~[m[K
[01m[K/home/student/41068RS12025-Group18/src/41068_ignition_bringup/src/mission_node.cpp:551:17:[m[K [01;31m[Kerror: [m[Kinvalid use of â€˜[01m[Kthis[m[Kâ€™ in non-member function
  551 |     RCLCPP_INFO([01;31m[Kthis[m[K->get_logger(), "Mission started for %s - transitioning to TAKEOFF", drone_id_.c_str());
      |                 [01;31m[K^~~~[m[K
[01m[K/home/student/41068RS12025-Group18/src/41068_ignition_bringup/src/mission_node.cpp:551:90:[m[K [01;31m[Kerror: [m[Kâ€˜[01m[Kdrone_id_[m[Kâ€™ was not declared in this scope
  551 |     RCLCPP_INFO(this->get_logger(), "Mission started for %s - transitioning to TAKEOFF", [01;31m[Kdrone_id_[m[K.c_str());
      |                                                                                          [01;31m[K^~~~~~~~~[m[K
[01m[K/home/student/41068RS12025-Group18/src/41068_ignition_bringup/src/mission_node.cpp:[m[K At global scope:
[01m[K/home/student/41068RS12025-Group18/src/41068_ignition_bringup/src/mission_node.cpp:554:8:[m[K [01;31m[Kerror: [m[Kâ€˜[01m[KMissionPlannerNode[m[Kâ€™ has not been declared
  554 |   void [01;31m[KMissionPlannerNode[m[K::stopMissionCallback(
      |        [01;31m[K^~~~~~~~~~~~~~~~~~[m[K
In file included from [01m[K/opt/ros/humble/include/rclcpp/rclcpp/client.hpp:40[m[K,
                 from [01m[K/opt/ros/humble/include/rclcpp/rclcpp/callback_group.hpp:24[m[K,
                 from [01m[K/opt/ros/humble/include/rclcpp/rclcpp/any_executable.hpp:20[m[K,
                 from [01m[K/opt/ros/humble/include/rclcpp/rclcpp/memory_strategy.hpp:25[m[K,
                 from [01m[K/opt/ros/humble/include/rclcpp/rclcpp/memory_strategies.hpp:18[m[K,
                 from [01m[K/opt/ros/humble/include/rclcpp/rclcpp/executor_options.hpp:20[m[K,
                 from [01m[K/opt/ros/humble/include/rclcpp/rclcpp/executor.hpp:37[m[K,
                 from [01m[K/opt/ros/humble/include/rclcpp/rclcpp/executors/multi_threaded_executor.hpp:25[m[K,
                 from [01m[K/opt/ros/humble/include/rclcpp/rclcpp/executors.hpp:21[m[K,
                 from [01m[K/opt/ros/humble/include/rclcpp/rclcpp/rclcpp.hpp:155[m[K,
                 from [01m[K/home/student/41068RS12025-Group18/src/41068_ignition_bringup/include/mission_node.h:30[m[K,
                 from [01m[K/home/student/41068RS12025-Group18/src/41068_ignition_bringup/src/mission_node.cpp:1[m[K:
[01m[K/home/student/41068RS12025-Group18/src/41068_ignition_bringup/src/mission_node.cpp:[m[K In function â€˜[01m[Kvoid stopMissionCallback(std::shared_ptr<std_srvs::srv::Trigger_Request_<std::allocator<void> > >, std::shared_ptr<std_srvs::srv::Trigger_Response_<std::allocator<void> > >)[m[Kâ€™:
[01m[K/home/student/41068RS12025-Group18/src/41068_ignition_bringup/src/mission_node.cpp:559:17:[m[K [01;31m[Kerror: [m[Kinvalid use of â€˜[01m[Kthis[m[Kâ€™ in non-member function
  559 |     RCLCPP_INFO([01;31m[Kthis[m[K->get_logger(), "Stop mission service called for %s", drone_id_.c_str());
      |                 [01;31m[K^~~~[m[K
[01m[K/home/student/41068RS12025-Group18/src/41068_ignition_bringup/src/mission_node.cpp:559:17:[m[K [01;31m[Kerror: [m[Kinvalid use of â€˜[01m[Kthis[m[Kâ€™ in non-member function
[01m[K/home/student/41068RS12025-Group18/src/41068_ignition_bringup/src/mission_node.cpp:559:5:[m[K [01;31m[Kerror: [m[Ktemplate argument 1 is invalid
  559 |     [01;31m[KRCLCPP_INFO[m[K(this->get_logger(), "Stop mission service called for %s", drone_id_.c_str());
      |     [01;31m[K^~~~~~~~~~~[m[K
In file included from [01m[K/opt/ros/humble/include/rclcpp/rclcpp/logging.hpp:24[m[K,
                 from [01m[K/opt/ros/humble/include/rclcpp/rclcpp/client.hpp:40[m[K,
                 from [01m[K/opt/ros/humble/include/rclcpp/rclcpp/callback_group.hpp:24[m[K,
                 from [01m[K/opt/ros/humble/include/rclcpp/rclcpp/any_executable.hpp:20[m[K,
                 from [01m[K/opt/ros/humble/include/rclcpp/rclcpp/memory_strategy.hpp:25[m[K,
                 from [01m[K/opt/ros/humble/include/rclcpp/rclcpp/memory_strategies.hpp:18[m[K,
                 from [01m[K/opt/ros/humble/include/rclcpp/rclcpp/executor_options.hpp:20[m[K,
                 from [01m[K/opt/ros/humble/include/rclcpp/rclcpp/executor.hpp:37[m[K,
                 from [01m[K/opt/ros/humble/include/rclcpp/rclcpp/executors/multi_threaded_executor.hpp:25[m[K,
                 from [01m[K/opt/ros/humble/include/rclcpp/rclcpp/executors.hpp:21[m[K,
                 from [01m[K/opt/ros/humble/include/rclcpp/rclcpp/rclcpp.hpp:155[m[K,
                 from [01m[K/home/student/41068RS12025-Group18/src/41068_ignition_bringup/include/mission_node.h:30[m[K,
                 from [01m[K/home/student/41068RS12025-Group18/src/41068_ignition_bringup/src/mission_node.cpp:1[m[K:
[01m[K/home/student/41068RS12025-Group18/src/41068_ignition_bringup/src/mission_node.cpp:559:17:[m[K [01;31m[Kerror: [m[Kinvalid use of â€˜[01m[Kthis[m[Kâ€™ in non-member function
  559 |     RCLCPP_INFO([01;31m[Kthis[m[K->get_logger(), "Stop mission service called for %s", drone_id_.c_str());
      |                 [01;31m[K^~~~[m[K
[01m[K/home/student/41068RS12025-Group18/src/41068_ignition_bringup/src/mission_node.cpp:559:17:[m[K [01;31m[Kerror: [m[Kinvalid use of â€˜[01m[Kthis[m[Kâ€™ in non-member function
  559 |     RCLCPP_INFO([01;31m[Kthis[m[K->get_logger(), "Stop mission service called for %s", drone_id_.c_str());
      |                 [01;31m[K^~~~[m[K
[01m[K/home/student/41068RS12025-Group18/src/41068_ignition_bringup/src/mission_node.cpp:559:75:[m[K [01;31m[Kerror: [m[Kâ€˜[01m[Kdrone_id_[m[Kâ€™ was not declared in this scope
  559 |     RCLCPP_INFO(this->get_logger(), "Stop mission service called for %s", [01;31m[Kdrone_id_[m[K.c_str());
      |                                                                           [01;31m[K^~~~~~~~~[m[K
[01m[K/home/student/41068RS12025-Group18/src/41068_ignition_bringup/src/mission_node.cpp:562:5:[m[K [01;31m[Kerror: [m[Kâ€˜[01m[KMissionState[m[Kâ€™ was not declared in this scope; did you mean â€˜[01m[Kdrone::MissionState[m[Kâ€™?
  562 |     [01;31m[KMissionState[m[K current_state = state_machine_->getCurrentState();
      |     [01;31m[K^~~~~~~~~~~~[m[K
      |     [32m[Kdrone::MissionState[m[K
In file included from [01m[K/home/student/41068RS12025-Group18/src/41068_ignition_bringup/include/mission/state_machine.h:15[m[K,
                 from [01m[K/home/student/41068RS12025-Group18/src/41068_ignition_bringup/include/mission_node.h:38[m[K,
                 from [01m[K/home/student/41068RS12025-Group18/src/41068_ignition_bringup/src/mission_node.cpp:1[m[K:
[01m[K/home/student/41068RS12025-Group18/src/41068_ignition_bringup/include/mission_state.h:23:12:[m[K [01;36m[Knote: [m[Kâ€˜[01m[Kdrone::MissionState[m[Kâ€™ declared here
   23 | enum class [01;36m[KMissionState[m[K
      |            [01;36m[K^~~~~~~~~~~~[m[K
[01m[K/home/student/41068RS12025-Group18/src/41068_ignition_bringup/src/mission_node.cpp:564:9:[m[K [01;31m[Kerror: [m[Kâ€˜[01m[Kcurrent_state[m[Kâ€™ was not declared in this scope
  564 |     if ([01;31m[Kcurrent_state[m[K == MissionState::IDLE) {
      |         [01;31m[K^~~~~~~~~~~~~[m[K
[01m[K/home/student/41068RS12025-Group18/src/41068_ignition_bringup/src/mission_node.cpp:564:26:[m[K [01;31m[Kerror: [m[Kâ€˜[01m[KMissionState[m[Kâ€™ is not a class, namespace, or enumeration
  564 |     if (current_state == [01;31m[KMissionState[m[K::IDLE) {
      |                          [01;31m[K^~~~~~~~~~~~[m[K
[01m[K/home/student/41068RS12025-Group18/src/41068_ignition_bringup/src/mission_node.cpp:571:5:[m[K [01;31m[Kerror: [m[Kâ€˜[01m[Kstate_machine_[m[Kâ€™ was not declared in this scope
  571 |     [01;31m[Kstate_machine_[m[K->setState(MissionState::LANDING);
      |     [01;31m[K^~~~~~~~~~~~~~[m[K
[01m[K/home/student/41068RS12025-Group18/src/41068_ignition_bringup/src/mission_node.cpp:571:30:[m[K [01;31m[Kerror: [m[Kâ€˜[01m[KMissionState[m[Kâ€™ is not a class, namespace, or enumeration
  571 |     state_machine_->setState([01;31m[KMissionState[m[K::LANDING);
      |                              [01;31m[K^~~~~~~~~~~~[m[K
[01m[K/home/student/41068RS12025-Group18/src/41068_ignition_bringup/src/mission_node.cpp:576:5:[m[K [01;31m[Kerror: [m[Kâ€˜[01m[Kmission_state_pub_[m[Kâ€™ was not declared in this scope
  576 |     [01;31m[Kmission_state_pub_[m[K->publish(state_msg);
      |     [01;31m[K^~~~~~~~~~~~~~~~~~[m[K
In file included from [01m[K/opt/ros/humble/include/rclcpp/rclcpp/client.hpp:40[m[K,
                 from [01m[K/opt/ros/humble/include/rclcpp/rclcpp/callback_group.hpp:24[m[K,
                 from [01m[K/opt/ros/humble/include/rclcpp/rclcpp/any_executable.hpp:20[m[K,
                 from [01m[K/opt/ros/humble/include/rclcpp/rclcpp/memory_strategy.hpp:25[m[K,
                 from [01m[K/opt/ros/humble/include/rclcpp/rclcpp/memory_strategies.hpp:18[m[K,
                 from [01m[K/opt/ros/humble/include/rclcpp/rclcpp/executor_options.hpp:20[m[K,
                 from [01m[K/opt/ros/humble/include/rclcpp/rclcpp/executor.hpp:37[m[K,
                 from [01m[K/opt/ros/humble/include/rclcpp/rclcpp/executors/multi_threaded_executor.hpp:25[m[K,
                 from [01m[K/opt/ros/humble/include/rclcpp/rclcpp/executors.hpp:21[m[K,
                 from [01m[K/opt/ros/humble/include/rclcpp/rclcpp/rclcpp.hpp:155[m[K,
                 from [01m[K/home/student/41068RS12025-Group18/src/41068_ignition_bringup/include/mission_node.h:30[m[K,
                 from [01m[K/home/student/41068RS12025-Group18/src/41068_ignition_bringup/src/mission_node.cpp:1[m[K:
[01m[K/home/student/41068RS12025-Group18/src/41068_ignition_bringup/src/mission_node.cpp:581:17:[m[K [01;31m[Kerror: [m[Kinvalid use of â€˜[01m[Kthis[m[Kâ€™ in non-member function
  581 |     RCLCPP_INFO([01;31m[Kthis[m[K->get_logger(), "Mission stopped for %s - transitioning to LANDING", drone_id_.c_str());
      |                 [01;31m[K^~~~[m[K
[01m[K/home/student/41068RS12025-Group18/src/41068_ignition_bringup/src/mission_node.cpp:581:17:[m[K [01;31m[Kerror: [m[Kinvalid use of â€˜[01m[Kthis[m[Kâ€™ in non-member function
[01m[K/home/student/41068RS12025-Group18/src/41068_ignition_bringup/src/mission_node.cpp:581:5:[m[K [01;31m[Kerror: [m[Ktemplate argument 1 is invalid
  581 |     [01;31m[KRCLCPP_INFO[m[K(this->get_logger(), "Mission stopped for %s - transitioning to LANDING", drone_id_.c_str());
      |     [01;31m[K^~~~~~~~~~~[m[K
In file included from [01m[K/opt/ros/humble/include/rclcpp/rclcpp/logging.hpp:24[m[K,
                 from [01m[K/opt/ros/humble/include/rclcpp/rclcpp/client.hpp:40[m[K,
                 from [01m[K/opt/ros/humble/include/rclcpp/rclcpp/callback_group.hpp:24[m[K,
                 from [01m[K/opt/ros/humble/include/rclcpp/rclcpp/any_executable.hpp:20[m[K,
                 from [01m[K/opt/ros/humble/include/rclcpp/rclcpp/memory_strategy.hpp:25[m[K,
                 from [01m[K/opt/ros/humble/include/rclcpp/rclcpp/memory_strategies.hpp:18[m[K,
                 from [01m[K/opt/ros/humble/include/rclcpp/rclcpp/executor_options.hpp:20[m[K,
                 from [01m[K/opt/ros/humble/include/rclcpp/rclcpp/executor.hpp:37[m[K,
                 from [01m[K/opt/ros/humble/include/rclcpp/rclcpp/executors/multi_threaded_executor.hpp:25[m[K,
                 from [01m[K/opt/ros/humble/include/rclcpp/rclcpp/executors.hpp:21[m[K,
                 from [01m[K/opt/ros/humble/include/rclcpp/rclcpp/rclcpp.hpp:155[m[K,
                 from [01m[K/home/student/41068RS12025-Group18/src/41068_ignition_bringup/include/mission_node.h:30[m[K,
                 from [01m[K/home/student/41068RS12025-Group18/src/41068_ignition_bringup/src/mission_node.cpp:1[m[K:
[01m[K/home/student/41068RS12025-Group18/src/41068_ignition_bringup/src/mission_node.cpp:581:17:[m[K [01;31m[Kerror: [m[Kinvalid use of â€˜[01m[Kthis[m[Kâ€™ in non-member function
  581 |     RCLCPP_INFO([01;31m[Kthis[m[K->get_logger(), "Mission stopped for %s - transitioning to LANDING", drone_id_.c_str());
      |                 [01;31m[K^~~~[m[K
[01m[K/home/student/41068RS12025-Group18/src/41068_ignition_bringup/src/mission_node.cpp:581:17:[m[K [01;31m[Kerror: [m[Kinvalid use of â€˜[01m[Kthis[m[Kâ€™ in non-member function
  581 |     RCLCPP_INFO([01;31m[Kthis[m[K->get_logger(), "Mission stopped for %s - transitioning to LANDING", drone_id_.c_str());
      |                 [01;31m[K^~~~[m[K
[01m[K/home/student/41068RS12025-Group18/src/41068_ignition_bringup/src/mission_node.cpp:581:90:[m[K [01;31m[Kerror: [m[Kâ€˜[01m[Kdrone_id_[m[Kâ€™ was not declared in this scope
  581 |     RCLCPP_INFO(this->get_logger(), "Mission stopped for %s - transitioning to LANDING", [01;31m[Kdrone_id_[m[K.c_str());
      |                                                                                          [01;31m[K^~~~~~~~~[m[K
[01m[K/home/student/41068RS12025-Group18/src/41068_ignition_bringup/src/mission_node.cpp:[m[K At global scope:
[01m[K/home/student/41068RS12025-Group18/src/41068_ignition_bringup/src/mission_node.cpp:586:8:[m[K [01;31m[Kerror: [m[Kâ€˜[01m[KMissionPlannerNode[m[Kâ€™ has not been declared
  586 |   void [01;31m[KMissionPlannerNode[m[K::executeMission() {
      |        [01;31m[K^~~~~~~~~~~~~~~~~~[m[K
[01m[K/home/student/41068RS12025-Group18/src/41068_ignition_bringup/src/mission_node.cpp:[m[K In function â€˜[01m[Kvoid executeMission()[m[Kâ€™:
[01m[K/home/student/41068RS12025-Group18/src/41068_ignition_bringup/src/mission_node.cpp:587:5:[m[K [01;31m[Kerror: [m[Kâ€˜[01m[KMissionState[m[Kâ€™ was not declared in this scope; did you mean â€˜[01m[Kdrone::MissionState[m[Kâ€™?
  587 |     [01;31m[KMissionState[m[K current_state = state_machine_->getCurrentState();
      |     [01;31m[K^~~~~~~~~~~~[m[K
      |     [32m[Kdrone::MissionState[m[K
In file included from [01m[K/home/student/41068RS12025-Group18/src/41068_ignition_bringup/include/mission/state_machine.h:15[m[K,
                 from [01m[K/home/student/41068RS12025-Group18/src/41068_ignition_bringup/include/mission_node.h:38[m[K,
                 from [01m[K/home/student/41068RS12025-Group18/src/41068_ignition_bringup/src/mission_node.cpp:1[m[K:
[01m[K/home/student/41068RS12025-Group18/src/41068_ignition_bringup/include/mission_state.h:23:12:[m[K [01;36m[Knote: [m[Kâ€˜[01m[Kdrone::MissionState[m[Kâ€™ declared here
   23 | enum class [01;36m[KMissionState[m[K
      |            [01;36m[K^~~~~~~~~~~~[m[K
[01m[K/home/student/41068RS12025-Group18/src/41068_ignition_bringup/src/mission_node.cpp:589:13:[m[K [01;31m[Kerror: [m[Kâ€˜[01m[Kcurrent_state[m[Kâ€™ was not declared in this scope
  589 |     switch ([01;31m[Kcurrent_state[m[K) {
      |             [01;31m[K^~~~~~~~~~~~~[m[K
[01m[K/home/student/41068RS12025-Group18/src/41068_ignition_bringup/src/mission_node.cpp:590:12:[m[K [01;31m[Kerror: [m[Kâ€˜[01m[KMissionState[m[Kâ€™ is not a class, namespace, or enumeration
  590 |       case [01;31m[KMissionState[m[K::IDLE:
      |            [01;31m[K^~~~~~~~~~~~[m[K
[01m[K/home/student/41068RS12025-Group18/src/41068_ignition_bringup/src/mission_node.cpp:594:12:[m[K [01;31m[Kerror: [m[Kâ€˜[01m[KMissionState[m[Kâ€™ is not a class, namespace, or enumeration
  594 |       case [01;31m[KMissionState[m[K::TAKEOFF:
      |            [01;31m[K^~~~~~~~~~~~[m[K
[01m[K/home/student/41068RS12025-Group18/src/41068_ignition_bringup/src/mission_node.cpp:597:9:[m[K [01;31m[Kerror: [m[Kâ€˜[01m[Ktakeoff[m[Kâ€™ was not declared in this scope
  597 |         [01;31m[Ktakeoff[m[K();
      |         [01;31m[K^~~~~~~[m[K
[01m[K/home/student/41068RS12025-Group18/src/41068_ignition_bringup/src/mission_node.cpp:600:12:[m[K [01;31m[Kerror: [m[Kâ€˜[01m[KMissionState[m[Kâ€™ is not a class, namespace, or enumeration
  600 |       case [01;31m[KMissionState[m[K::WAYPOINT_NAVIGATION:
      |            [01;31m[K^~~~~~~~~~~~[m[K
[01m[K/home/student/41068RS12025-Group18/src/41068_ignition_bringup/src/mission_node.cpp:602:9:[m[K [01;31m[Kerror: [m[Kâ€˜[01m[KwaypointNavigation[m[Kâ€™ was not declared in this scope
  602 |         [01;31m[KwaypointNavigation[m[K();
      |         [01;31m[K^~~~~~~~~~~~~~~~~~[m[K
[01m[K/home/student/41068RS12025-Group18/src/41068_ignition_bringup/src/mission_node.cpp:605:12:[m[K [01;31m[Kerror: [m[Kâ€˜[01m[KMissionState[m[Kâ€™ is not a class, namespace, or enumeration
  605 |       case [01;31m[KMissionState[m[K::HOVERING:
      |            [01;31m[K^~~~~~~~~~~~[m[K
[01m[K/home/student/41068RS12025-Group18/src/41068_ignition_bringup/src/mission_node.cpp:607:9:[m[K [01;31m[Kerror: [m[Kâ€˜[01m[Khovering[m[Kâ€™ was not declared in this scope
  607 |         [01;31m[Khovering[m[K();
      |         [01;31m[K^~~~~~~~[m[K
[01m[K/home/student/41068RS12025-Group18/src/41068_ignition_bringup/src/mission_node.cpp:610:12:[m[K [01;31m[Kerror: [m[Kâ€˜[01m[KMissionState[m[Kâ€™ is not a class, namespace, or enumeration
  610 |       case [01;31m[KMissionState[m[K::LANDING:
      |            [01;31m[K^~~~~~~~~~~~[m[K
[01m[K/home/student/41068RS12025-Group18/src/41068_ignition_bringup/src/mission_node.cpp:612:9:[m[K [01;31m[Kerror: [m[Kâ€˜[01m[Klanding[m[Kâ€™ was not declared in this scope
  612 |         [01;31m[Klanding[m[K();
      |         [01;31m[K^~~~~~~[m[K
[01m[K/home/student/41068RS12025-Group18/src/41068_ignition_bringup/src/mission_node.cpp:615:12:[m[K [01;31m[Kerror: [m[Kâ€˜[01m[KMissionState[m[Kâ€™ is not a class, namespace, or enumeration
  615 |       case [01;31m[KMissionState[m[K::MANUAL_CONTROL:
      |            [01;31m[K^~~~~~~~~~~~[m[K
[01m[K/home/student/41068RS12025-Group18/src/41068_ignition_bringup/src/mission_node.cpp:617:9:[m[K [01;31m[Kerror: [m[Kâ€˜[01m[KmanualControl[m[Kâ€™ was not declared in this scope
  617 |         [01;31m[KmanualControl[m[K();
      |         [01;31m[K^~~~~~~~~~~~~[m[K
[01m[K/home/student/41068RS12025-Group18/src/41068_ignition_bringup/src/mission_node.cpp:620:12:[m[K [01;31m[Kerror: [m[Kâ€˜[01m[KMissionState[m[Kâ€™ is not a class, namespace, or enumeration
  620 |       case [01;31m[KMissionState[m[K::EMERGENCY:
      |            [01;31m[K^~~~~~~~~~~~[m[K
[01m[K/home/student/41068RS12025-Group18/src/41068_ignition_bringup/src/mission_node.cpp:622:9:[m[K [01;31m[Kerror: [m[Kâ€˜[01m[Kemergency[m[Kâ€™ was not declared in this scope
  622 |         [01;31m[Kemergency[m[K();
      |         [01;31m[K^~~~~~~~~[m[K
[01m[K/home/student/41068RS12025-Group18/src/41068_ignition_bringup/src/mission_node.cpp:626:12:[m[K [01;31m[Kerror: [m[Kâ€˜[01m[KMissionState[m[Kâ€™ is not a class, namespace, or enumeration
  626 |       case [01;31m[KMissionState[m[K::DEBRIS_OBSTRUCTION_REACTION:
      |            [01;31m[K^~~~~~~~~~~~[m[K
[01m[K/home/student/41068RS12025-Group18/src/41068_ignition_bringup/src/mission_node.cpp:627:9:[m[K [01;31m[Kerror: [m[Kâ€˜[01m[KdebrisReaction[m[Kâ€™ was not declared in this scope
  627 |         [01;31m[KdebrisReaction[m[K();
      |         [01;31m[K^~~~~~~~~~~~~~[m[K
[01m[K/home/student/41068RS12025-Group18/src/41068_ignition_bringup/src/mission_node.cpp:630:12:[m[K [01;31m[Kerror: [m[Kâ€˜[01m[KMissionState[m[Kâ€™ is not a class, namespace, or enumeration
  630 |       case [01;31m[KMissionState[m[K::ORBIT_TREE:
      |            [01;31m[K^~~~~~~~~~~~[m[K
[01m[K/home/student/41068RS12025-Group18/src/41068_ignition_bringup/src/mission_node.cpp:631:9:[m[K [01;31m[Kerror: [m[Kâ€˜[01m[KorbitIncident[m[Kâ€™ was not declared in this scope
  631 |         [01;31m[KorbitIncident[m[K();
      |         [01;31m[K^~~~~~~~~~~~~[m[K
[01m[K/home/student/41068RS12025-Group18/src/41068_ignition_bringup/src/mission_node.cpp:[m[K At global scope:
[01m[K/home/student/41068RS12025-Group18/src/41068_ignition_bringup/src/mission_node.cpp:636:8:[m[K [01;31m[Kerror: [m[Kâ€˜[01m[KMissionPlannerNode[m[Kâ€™ has not been declared
  636 |   void [01;31m[KMissionPlannerNode[m[K::takeoff() {
      |        [01;31m[K^~~~~~~~~~~~~~~~~~[m[K
In file included from [01m[K/opt/ros/humble/include/rclcpp/rclcpp/client.hpp:40[m[K,
                 from [01m[K/opt/ros/humble/include/rclcpp/rclcpp/callback_group.hpp:24[m[K,
                 from [01m[K/opt/ros/humble/include/rclcpp/rclcpp/any_executable.hpp:20[m[K,
                 from [01m[K/opt/ros/humble/include/rclcpp/rclcpp/memory_strategy.hpp:25[m[K,
                 from [01m[K/opt/ros/humble/include/rclcpp/rclcpp/memory_strategies.hpp:18[m[K,
                 from [01m[K/opt/ros/humble/include/rclcpp/rclcpp/executor_options.hpp:20[m[K,
                 from [01m[K/opt/ros/humble/include/rclcpp/rclcpp/executor.hpp:37[m[K,
                 from [01m[K/opt/ros/humble/include/rclcpp/rclcpp/executors/multi_threaded_executor.hpp:25[m[K,
                 from [01m[K/opt/ros/humble/include/rclcpp/rclcpp/executors.hpp:21[m[K,
                 from [01m[K/opt/ros/humble/include/rclcpp/rclcpp/rclcpp.hpp:155[m[K,
                 from [01m[K/home/student/41068RS12025-Group18/src/41068_ignition_bringup/include/mission_node.h:30[m[K,
                 from [01m[K/home/student/41068RS12025-Group18/src/41068_ignition_bringup/src/mission_node.cpp:1[m[K:
[01m[K/home/student/41068RS12025-Group18/src/41068_ignition_bringup/src/mission_node.cpp:[m[K In function â€˜[01m[Kvoid takeoff()[m[Kâ€™:
[01m[K/home/student/41068RS12025-Group18/src/41068_ignition_bringup/src/mission_node.cpp:641:19:[m[K [01;31m[Kerror: [m[Kinvalid use of â€˜[01m[Kthis[m[Kâ€™ in non-member function
  641 |       RCLCPP_INFO([01;31m[Kthis[m[K->get_logger(), "Takeoff completed for %s - transitioning to waypoint navigation", drone_id_.c_str());
      |                   [01;31m[K^~~~[m[K
[01m[K/home/student/41068RS12025-Group18/src/41068_ignition_bringup/src/mission_node.cpp:641:19:[m[K [01;31m[Kerror: [m[Kinvalid use of â€˜[01m[Kthis[m[Kâ€™ in non-member function
[01m[K/home/student/41068RS12025-Group18/src/41068_ignition_bringup/src/mission_node.cpp:641:7:[m[K [01;31m[Kerror: [m[Ktemplate argument 1 is invalid
  641 |       [01;31m[KRCLCPP_INFO[m[K(this->get_logger(), "Takeoff completed for %s - transitioning to waypoint navigation", drone_id_.c_str());
      |       [01;31m[K^~~~~~~~~~~[m[K
In file included from [01m[K/opt/ros/humble/include/rclcpp/rclcpp/logging.hpp:24[m[K,
                 from [01m[K/opt/ros/humble/include/rclcpp/rclcpp/client.hpp:40[m[K,
                 from [01m[K/opt/ros/humble/include/rclcpp/rclcpp/callback_group.hpp:24[m[K,
                 from [01m[K/opt/ros/humble/include/rclcpp/rclcpp/any_executable.hpp:20[m[K,
                 from [01m[K/opt/ros/humble/include/rclcpp/rclcpp/memory_strategy.hpp:25[m[K,
                 from [01m[K/opt/ros/humble/include/rclcpp/rclcpp/memory_strategies.hpp:18[m[K,
                 from [01m[K/opt/ros/humble/include/rclcpp/rclcpp/executor_options.hpp:20[m[K,
                 from [01m[K/opt/ros/humble/include/rclcpp/rclcpp/executor.hpp:37[m[K,
                 from [01m[K/opt/ros/humble/include/rclcpp/rclcpp/executors/multi_threaded_executor.hpp:25[m[K,
                 from [01m[K/opt/ros/humble/include/rclcpp/rclcpp/executors.hpp:21[m[K,
                 from [01m[K/opt/ros/humble/include/rclcpp/rclcpp/rclcpp.hpp:155[m[K,
                 from [01m[K/home/student/41068RS12025-Group18/src/41068_ignition_bringup/include/mission_node.h:30[m[K,
                 from [01m[K/home/student/41068RS12025-Group18/src/41068_ignition_bringup/src/mission_node.cpp:1[m[K:
[01m[K/home/student/41068RS12025-Group18/src/41068_ignition_bringup/src/mission_node.cpp:641:19:[m[K [01;31m[Kerror: [m[Kinvalid use of â€˜[01m[Kthis[m[Kâ€™ in non-member function
  641 |       RCLCPP_INFO([01;31m[Kthis[m[K->get_logger(), "Takeoff completed for %s - transitioning to waypoint navigation", drone_id_.c_str());
      |                   [01;31m[K^~~~[m[K
[01m[K/home/student/41068RS12025-Group18/src/41068_ignition_bringup/src/mission_node.cpp:641:19:[m[K [01;31m[Kerror: [m[Kinvalid use of â€˜[01m[Kthis[m[Kâ€™ in non-member function
  641 |       RCLCPP_INFO([01;31m[Kthis[m[K->get_logger(), "Takeoff completed for %s - transitioning to waypoint navigation", drone_id_.c_str());
      |                   [01;31m[K^~~~[m[K
[01m[K/home/student/41068RS12025-Group18/src/41068_ignition_bringup/src/mission_node.cpp:641:106:[m[K [01;31m[Kerror: [m[Kâ€˜[01m[Kdrone_id_[m[Kâ€™ was not declared in this scope
  641 |       RCLCPP_INFO(this->get_logger(), "Takeoff completed for %s - transitioning to waypoint navigation", [01;31m[Kdrone_id_[m[K.c_str());
      |                                                                                                          [01;31m[K^~~~~~~~~[m[K
[01m[K/home/student/41068RS12025-Group18/src/41068_ignition_bringup/src/mission_node.cpp:644:11:[m[K [01;31m[Kerror: [m[Kâ€˜[01m[Kpath_planner_[m[Kâ€™ was not declared in this scope
  644 |       if ([01;31m[Kpath_planner_[m[K->hasNextWaypoint()) {
      |           [01;31m[K^~~~~~~~~~~~~[m[K
[01m[K/home/student/41068RS12025-Group18/src/41068_ignition_bringup/src/mission_node.cpp:645:9:[m[K [01;31m[Kerror: [m[Kâ€˜[01m[Kstate_machine_[m[Kâ€™ was not declared in this scope
  645 |         [01;31m[Kstate_machine_[m[K->setState(MissionState::WAYPOINT_NAVIGATION);
      |         [01;31m[K^~~~~~~~~~~~~~[m[K
[01m[K/home/student/41068RS12025-Group18/src/41068_ignition_bringup/src/mission_node.cpp:645:34:[m[K [01;31m[Kerror: [m[Kâ€˜[01m[KMissionState[m[Kâ€™ has not been declared
  645 |         state_machine_->setState([01;31m[KMissionState[m[K::WAYPOINT_NAVIGATION);
      |                                  [01;31m[K^~~~~~~~~~~~[m[K
[01m[K/home/student/41068RS12025-Group18/src/41068_ignition_bringup/src/mission_node.cpp:647:9:[m[K [01;31m[Kerror: [m[Kâ€˜[01m[Kstate_machine_[m[Kâ€™ was not declared in this scope
  647 |         [01;31m[Kstate_machine_[m[K->setState(MissionState::HOVERING);
      |         [01;31m[K^~~~~~~~~~~~~~[m[K
[01m[K/home/student/41068RS12025-Group18/src/41068_ignition_bringup/src/mission_node.cpp:647:34:[m[K [01;31m[Kerror: [m[Kâ€˜[01m[KMissionState[m[Kâ€™ has not been declared
  647 |         state_machine_->setState([01;31m[KMissionState[m[K::HOVERING);
      |                                  [01;31m[K^~~~~~~~~~~~[m[K
In file included from [01m[K/opt/ros/humble/include/rclcpp/rclcpp/client.hpp:40[m[K,
                 from [01m[K/opt/ros/humble/include/rclcpp/rclcpp/callback_group.hpp:24[m[K,
                 from [01m[K/opt/ros/humble/include/rclcpp/rclcpp/any_executable.hpp:20[m[K,
                 from [01m[K/opt/ros/humble/include/rclcpp/rclcpp/memory_strategy.hpp:25[m[K,
                 from [01m[K/opt/ros/humble/include/rclcpp/rclcpp/memory_strategies.hpp:18[m[K,
                 from [01m[K/opt/ros/humble/include/rclcpp/rclcpp/executor_options.hpp:20[m[K,
                 from [01m[K/opt/ros/humble/include/rclcpp/rclcpp/executor.hpp:37[m[K,
                 from [01m[K/opt/ros/humble/include/rclcpp/rclcpp/executors/multi_threaded_executor.hpp:25[m[K,
                 from [01m[K/opt/ros/humble/include/rclcpp/rclcpp/executors.hpp:21[m[K,
                 from [01m[K/opt/ros/humble/include/rclcpp/rclcpp/rclcpp.hpp:155[m[K,
                 from [01m[K/home/student/41068RS12025-Group18/src/41068_ignition_bringup/include/mission_node.h:30[m[K,
                 from [01m[K/home/student/41068RS12025-Group18/src/41068_ignition_bringup/src/mission_node.cpp:1[m[K:
[01m[K/home/student/41068RS12025-Group18/src/41068_ignition_bringup/src/mission_node.cpp:648:21:[m[K [01;31m[Kerror: [m[Kinvalid use of â€˜[01m[Kthis[m[Kâ€™ in non-member function
  648 |         RCLCPP_INFO([01;31m[Kthis[m[K->get_logger(), "No waypoints available - transitioning to HOVERING");
      |                     [01;31m[K^~~~[m[K
[01m[K/home/student/41068RS12025-Group18/src/41068_ignition_bringup/src/mission_node.cpp:648:21:[m[K [01;31m[Kerror: [m[Kinvalid use of â€˜[01m[Kthis[m[Kâ€™ in non-member function
[01m[K/home/student/41068RS12025-Group18/src/41068_ignition_bringup/src/mission_node.cpp:648:9:[m[K [01;31m[Kerror: [m[Ktemplate argument 1 is invalid
  648 |         [01;31m[KRCLCPP_INFO[m[K(this->get_logger(), "No waypoints available - transitioning to HOVERING");
      |         [01;31m[K^~~~~~~~~~~[m[K
In file included from [01m[K/opt/ros/humble/include/rclcpp/rclcpp/logging.hpp:24[m[K,
                 from [01m[K/opt/ros/humble/include/rclcpp/rclcpp/client.hpp:40[m[K,
                 from [01m[K/opt/ros/humble/include/rclcpp/rclcpp/callback_group.hpp:24[m[K,
                 from [01m[K/opt/ros/humble/include/rclcpp/rclcpp/any_executable.hpp:20[m[K,
                 from [01m[K/opt/ros/humble/include/rclcpp/rclcpp/memory_strategy.hpp:25[m[K,
                 from [01m[K/opt/ros/humble/include/rclcpp/rclcpp/memory_strategies.hpp:18[m[K,
                 from [01m[K/opt/ros/humble/include/rclcpp/rclcpp/executor_options.hpp:20[m[K,
                 from [01m[K/opt/ros/humble/include/rclcpp/rclcpp/executor.hpp:37[m[K,
                 from [01m[K/opt/ros/humble/include/rclcpp/rclcpp/executors/multi_threaded_executor.hpp:25[m[K,
                 from [01m[K/opt/ros/humble/include/rclcpp/rclcpp/executors.hpp:21[m[K,
                 from [01m[K/opt/ros/humble/include/rclcpp/rclcpp/rclcpp.hpp:155[m[K,
                 from [01m[K/home/student/41068RS12025-Group18/src/41068_ignition_bringup/include/mission_node.h:30[m[K,
                 from [01m[K/home/student/41068RS12025-Group18/src/41068_ignition_bringup/src/mission_node.cpp:1[m[K:
[01m[K/home/student/41068RS12025-Group18/src/41068_ignition_bringup/src/mission_node.cpp:648:21:[m[K [01;31m[Kerror: [m[Kinvalid use of â€˜[01m[Kthis[m[Kâ€™ in non-member function
  648 |         RCLCPP_INFO([01;31m[Kthis[m[K->get_logger(), "No waypoints available - transitioning to HOVERING");
      |                     [01;31m[K^~~~[m[K
[01m[K/home/student/41068RS12025-Group18/src/41068_ignition_bringup/src/mission_node.cpp:648:21:[m[K [01;31m[Kerror: [m[Kinvalid use of â€˜[01m[Kthis[m[Kâ€™ in non-member function
  648 |         RCLCPP_INFO([01;31m[Kthis[m[K->get_logger(), "No waypoints available - transitioning to HOVERING");
      |                     [01;31m[K^~~~[m[K
[01m[K/home/student/41068RS12025-Group18/src/41068_ignition_bringup/src/mission_node.cpp:[m[K At global scope:
[01m[K/home/student/41068RS12025-Group18/src/41068_ignition_bringup/src/mission_node.cpp:655:8:[m[K [01;31m[Kerror: [m[Kâ€˜[01m[KMissionPlannerNode[m[Kâ€™ has not been declared
  655 |   void [01;31m[KMissionPlannerNode[m[K::hovering() {
      |        [01;31m[K^~~~~~~~~~~~~~~~~~[m[K
In file included from [01m[K/opt/ros/humble/include/rclcpp/rclcpp/client.hpp:40[m[K,
                 from [01m[K/opt/ros/humble/include/rclcpp/rclcpp/callback_group.hpp:24[m[K,
                 from [01m[K/opt/ros/humble/include/rclcpp/rclcpp/any_executable.hpp:20[m[K,
                 from [01m[K/opt/ros/humble/include/rclcpp/rclcpp/memory_strategy.hpp:25[m[K,
                 from [01m[K/opt/ros/humble/include/rclcpp/rclcpp/memory_strategies.hpp:18[m[K,
                 from [01m[K/opt/ros/humble/include/rclcpp/rclcpp/executor_options.hpp:20[m[K,
                 from [01m[K/opt/ros/humble/include/rclcpp/rclcpp/executor.hpp:37[m[K,
                 from [01m[K/opt/ros/humble/include/rclcpp/rclcpp/executors/multi_threaded_executor.hpp:25[m[K,
                 from [01m[K/opt/ros/humble/include/rclcpp/rclcpp/executors.hpp:21[m[K,
                 from [01m[K/opt/ros/humble/include/rclcpp/rclcpp/rclcpp.hpp:155[m[K,
                 from [01m[K/home/student/41068RS12025-Group18/src/41068_ignition_bringup/include/mission_node.h:30[m[K,
                 from [01m[K/home/student/41068RS12025-Group18/src/41068_ignition_bringup/src/mission_node.cpp:1[m[K:
[01m[K/home/student/41068RS12025-Group18/src/41068_ignition_bringup/src/mission_node.cpp:[m[K In function â€˜[01m[Kvoid hovering()[m[Kâ€™:
[01m[K/home/student/41068RS12025-Group18/src/41068_ignition_bringup/src/mission_node.cpp:656:18:[m[K [01;31m[Kerror: [m[Kinvalid use of â€˜[01m[Kthis[m[Kâ€™ in non-member function
  656 |     RCLCPP_DEBUG([01;31m[Kthis[m[K->get_logger(), "Hovering at current position");
      |                  [01;31m[K^~~~[m[K
[01m[K/home/student/41068RS12025-Group18/src/41068_ignition_bringup/src/mission_node.cpp:656:18:[m[K [01;31m[Kerror: [m[Kinvalid use of â€˜[01m[Kthis[m[Kâ€™ in non-member function
[01m[K/home/student/41068RS12025-Group18/src/41068_ignition_bringup/src/mission_node.cpp:656:5:[m[K [01;31m[Kerror: [m[Ktemplate argument 1 is invalid
  656 |     [01;31m[KRCLCPP_DEBUG[m[K(this->get_logger(), "Hovering at current position");
      |     [01;31m[K^~~~~~~~~~~~[m[K
In file included from [01m[K/opt/ros/humble/include/rclcpp/rclcpp/logging.hpp:24[m[K,
                 from [01m[K/opt/ros/humble/include/rclcpp/rclcpp/client.hpp:40[m[K,
                 from [01m[K/opt/ros/humble/include/rclcpp/rclcpp/callback_group.hpp:24[m[K,
                 from [01m[K/opt/ros/humble/include/rclcpp/rclcpp/any_executable.hpp:20[m[K,
                 from [01m[K/opt/ros/humble/include/rclcpp/rclcpp/memory_strategy.hpp:25[m[K,
                 from [01m[K/opt/ros/humble/include/rclcpp/rclcpp/memory_strategies.hpp:18[m[K,
                 from [01m[K/opt/ros/humble/include/rclcpp/rclcpp/executor_options.hpp:20[m[K,
                 from [01m[K/opt/ros/humble/include/rclcpp/rclcpp/executor.hpp:37[m[K,
                 from [01m[K/opt/ros/humble/include/rclcpp/rclcpp/executors/multi_threaded_executor.hpp:25[m[K,
                 from [01m[K/opt/ros/humble/include/rclcpp/rclcpp/executors.hpp:21[m[K,
                 from [01m[K/opt/ros/humble/include/rclcpp/rclcpp/rclcpp.hpp:155[m[K,
                 from [01m[K/home/student/41068RS12025-Group18/src/41068_ignition_bringup/include/mission_node.h:30[m[K,
                 from [01m[K/home/student/41068RS12025-Group18/src/41068_ignition_bringup/src/mission_node.cpp:1[m[K:
[01m[K/home/student/41068RS12025-Group18/src/41068_ignition_bringup/src/mission_node.cpp:656:18:[m[K [01;31m[Kerror: [m[Kinvalid use of â€˜[01m[Kthis[m[Kâ€™ in non-member function
  656 |     RCLCPP_DEBUG([01;31m[Kthis[m[K->get_logger(), "Hovering at current position");
      |                  [01;31m[K^~~~[m[K
[01m[K/home/student/41068RS12025-Group18/src/41068_ignition_bringup/src/mission_node.cpp:656:18:[m[K [01;31m[Kerror: [m[Kinvalid use of â€˜[01m[Kthis[m[Kâ€™ in non-member function
  656 |     RCLCPP_DEBUG([01;31m[Kthis[m[K->get_logger(), "Hovering at current position");
      |                  [01;31m[K^~~~[m[K
[01m[K/home/student/41068RS12025-Group18/src/41068_ignition_bringup/src/mission_node.cpp:[m[K At global scope:
[01m[K/home/student/41068RS12025-Group18/src/41068_ignition_bringup/src/mission_node.cpp:659:8:[m[K [01;31m[Kerror: [m[Kâ€˜[01m[KMissionPlannerNode[m[Kâ€™ has not been declared
  659 |   void [01;31m[KMissionPlannerNode[m[K::manualControl() {
      |        [01;31m[K^~~~~~~~~~~~~~~~~~[m[K
In file included from [01m[K/opt/ros/humble/include/rclcpp/rclcpp/client.hpp:40[m[K,
                 from [01m[K/opt/ros/humble/include/rclcpp/rclcpp/callback_group.hpp:24[m[K,
                 from [01m[K/opt/ros/humble/include/rclcpp/rclcpp/any_executable.hpp:20[m[K,
                 from [01m[K/opt/ros/humble/include/rclcpp/rclcpp/memory_strategy.hpp:25[m[K,
                 from [01m[K/opt/ros/humble/include/rclcpp/rclcpp/memory_strategies.hpp:18[m[K,
                 from [01m[K/opt/ros/humble/include/rclcpp/rclcpp/executor_options.hpp:20[m[K,
                 from [01m[K/opt/ros/humble/include/rclcpp/rclcpp/executor.hpp:37[m[K,
                 from [01m[K/opt/ros/humble/include/rclcpp/rclcpp/executors/multi_threaded_executor.hpp:25[m[K,
                 from [01m[K/opt/ros/humble/include/rclcpp/rclcpp/executors.hpp:21[m[K,
                 from [01m[K/opt/ros/humble/include/rclcpp/rclcpp/rclcpp.hpp:155[m[K,
                 from [01m[K/home/student/41068RS12025-Group18/src/41068_ignition_bringup/include/mission_node.h:30[m[K,
                 from [01m[K/home/student/41068RS12025-Group18/src/41068_ignition_bringup/src/mission_node.cpp:1[m[K:
[01m[K/home/student/41068RS12025-Group18/src/41068_ignition_bringup/src/mission_node.cpp:[m[K In function â€˜[01m[Kvoid manualControl()[m[Kâ€™:
[01m[K/home/student/41068RS12025-Group18/src/41068_ignition_bringup/src/mission_node.cpp:660:18:[m[K [01;31m[Kerror: [m[Kinvalid use of â€˜[01m[Kthis[m[Kâ€™ in non-member function
  660 |     RCLCPP_DEBUG([01;31m[Kthis[m[K->get_logger(), "In manual control mode");
      |                  [01;31m[K^~~~[m[K
[01m[K/home/student/41068RS12025-Group18/src/41068_ignition_bringup/src/mission_node.cpp:660:18:[m[K [01;31m[Kerror: [m[Kinvalid use of â€˜[01m[Kthis[m[Kâ€™ in non-member function
[01m[K/home/student/41068RS12025-Group18/src/41068_ignition_bringup/src/mission_node.cpp:660:5:[m[K [01;31m[Kerror: [m[Ktemplate argument 1 is invalid
  660 |     [01;31m[KRCLCPP_DEBUG[m[K(this->get_logger(), "In manual control mode");
      |     [01;31m[K^~~~~~~~~~~~[m[K
In file included from [01m[K/opt/ros/humble/include/rclcpp/rclcpp/logging.hpp:24[m[K,
                 from [01m[K/opt/ros/humble/include/rclcpp/rclcpp/client.hpp:40[m[K,
                 from [01m[K/opt/ros/humble/include/rclcpp/rclcpp/callback_group.hpp:24[m[K,
                 from [01m[K/opt/ros/humble/include/rclcpp/rclcpp/any_executable.hpp:20[m[K,
                 from [01m[K/opt/ros/humble/include/rclcpp/rclcpp/memory_strategy.hpp:25[m[K,
                 from [01m[K/opt/ros/humble/include/rclcpp/rclcpp/memory_strategies.hpp:18[m[K,
                 from [01m[K/opt/ros/humble/include/rclcpp/rclcpp/executor_options.hpp:20[m[K,
                 from [01m[K/opt/ros/humble/include/rclcpp/rclcpp/executor.hpp:37[m[K,
                 from [01m[K/opt/ros/humble/include/rclcpp/rclcpp/executors/multi_threaded_executor.hpp:25[m[K,
                 from [01m[K/opt/ros/humble/include/rclcpp/rclcpp/executors.hpp:21[m[K,
                 from [01m[K/opt/ros/humble/include/rclcpp/rclcpp/rclcpp.hpp:155[m[K,
                 from [01m[K/home/student/41068RS12025-Group18/src/41068_ignition_bringup/include/mission_node.h:30[m[K,
                 from [01m[K/home/student/41068RS12025-Group18/src/41068_ignition_bringup/src/mission_node.cpp:1[m[K:
[01m[K/home/student/41068RS12025-Group18/src/41068_ignition_bringup/src/mission_node.cpp:660:18:[m[K [01;31m[Kerror: [m[Kinvalid use of â€˜[01m[Kthis[m[Kâ€™ in non-member function
  660 |     RCLCPP_DEBUG([01;31m[Kthis[m[K->get_logger(), "In manual control mode");
      |                  [01;31m[K^~~~[m[K
[01m[K/home/student/41068RS12025-Group18/src/41068_ignition_bringup/src/mission_node.cpp:660:18:[m[K [01;31m[Kerror: [m[Kinvalid use of â€˜[01m[Kthis[m[Kâ€™ in non-member function
  660 |     RCLCPP_DEBUG([01;31m[Kthis[m[K->get_logger(), "In manual control mode");
      |                  [01;31m[K^~~~[m[K
[01m[K/home/student/41068RS12025-Group18/src/41068_ignition_bringup/src/mission_node.cpp:[m[K At global scope:
[01m[K/home/student/41068RS12025-Group18/src/41068_ignition_bringup/src/mission_node.cpp:663:8:[m[K [01;31m[Kerror: [m[Kâ€˜[01m[KMissionPlannerNode[m[Kâ€™ has not been declared
  663 |   void [01;31m[KMissionPlannerNode[m[K::emergency() {
      |        [01;31m[K^~~~~~~~~~~~~~~~~~[m[K
In file included from [01m[K/opt/ros/humble/include/rclcpp/rclcpp/client.hpp:40[m[K,
                 from [01m[K/opt/ros/humble/include/rclcpp/rclcpp/callback_group.hpp:24[m[K,
                 from [01m[K/opt/ros/humble/include/rclcpp/rclcpp/any_executable.hpp:20[m[K,
                 from [01m[K/opt/ros/humble/include/rclcpp/rclcpp/memory_strategy.hpp:25[m[K,
                 from [01m[K/opt/ros/humble/include/rclcpp/rclcpp/memory_strategies.hpp:18[m[K,
                 from [01m[K/opt/ros/humble/include/rclcpp/rclcpp/executor_options.hpp:20[m[K,
                 from [01m[K/opt/ros/humble/include/rclcpp/rclcpp/executor.hpp:37[m[K,
                 from [01m[K/opt/ros/humble/include/rclcpp/rclcpp/executors/multi_threaded_executor.hpp:25[m[K,
                 from [01m[K/opt/ros/humble/include/rclcpp/rclcpp/executors.hpp:21[m[K,
                 from [01m[K/opt/ros/humble/include/rclcpp/rclcpp/rclcpp.hpp:155[m[K,
                 from [01m[K/home/student/41068RS12025-Group18/src/41068_ignition_bringup/include/mission_node.h:30[m[K,
                 from [01m[K/home/student/41068RS12025-Group18/src/41068_ignition_bringup/src/mission_node.cpp:1[m[K:
[01m[K/home/student/41068RS12025-Group18/src/41068_ignition_bringup/src/mission_node.cpp:[m[K In function â€˜[01m[Kvoid emergency()[m[Kâ€™:
[01m[K/home/student/41068RS12025-Group18/src/41068_ignition_bringup/src/mission_node.cpp:664:17:[m[K [01;31m[Kerror: [m[Kinvalid use of â€˜[01m[Kthis[m[Kâ€™ in non-member function
  664 |     RCLCPP_WARN([01;31m[Kthis[m[K->get_logger(), "Emergency state active - initiating emergency landing");
      |                 [01;31m[K^~~~[m[K
[01m[K/home/student/41068RS12025-Group18/src/41068_ignition_bringup/src/mission_node.cpp:664:17:[m[K [01;31m[Kerror: [m[Kinvalid use of â€˜[01m[Kthis[m[Kâ€™ in non-member function
[01m[K/home/student/41068RS12025-Group18/src/41068_ignition_bringup/src/mission_node.cpp:664:5:[m[K [01;31m[Kerror: [m[Ktemplate argument 1 is invalid
  664 |     [01;31m[KRCLCPP_WARN[m[K(this->get_logger(), "Emergency state active - initiating emergency landing");
      |     [01;31m[K^~~~~~~~~~~[m[K
In file included from [01m[K/opt/ros/humble/include/rclcpp/rclcpp/logging.hpp:24[m[K,
                 from [01m[K/opt/ros/humble/include/rclcpp/rclcpp/client.hpp:40[m[K,
                 from [01m[K/opt/ros/humble/include/rclcpp/rclcpp/callback_group.hpp:24[m[K,
                 from [01m[K/opt/ros/humble/include/rclcpp/rclcpp/any_executable.hpp:20[m[K,
                 from [01m[K/opt/ros/humble/include/rclcpp/rclcpp/memory_strategy.hpp:25[m[K,
                 from [01m[K/opt/ros/humble/include/rclcpp/rclcpp/memory_strategies.hpp:18[m[K,
                 from [01m[K/opt/ros/humble/include/rclcpp/rclcpp/executor_options.hpp:20[m[K,
                 from [01m[K/opt/ros/humble/include/rclcpp/rclcpp/executor.hpp:37[m[K,
                 from [01m[K/opt/ros/humble/include/rclcpp/rclcpp/executors/multi_threaded_executor.hpp:25[m[K,
                 from [01m[K/opt/ros/humble/include/rclcpp/rclcpp/executors.hpp:21[m[K,
                 from [01m[K/opt/ros/humble/include/rclcpp/rclcpp/rclcpp.hpp:155[m[K,
                 from [01m[K/home/student/41068RS12025-Group18/src/41068_ignition_bringup/include/mission_node.h:30[m[K,
                 from [01m[K/home/student/41068RS12025-Group18/src/41068_ignition_bringup/src/mission_node.cpp:1[m[K:
[01m[K/home/student/41068RS12025-Group18/src/41068_ignition_bringup/src/mission_node.cpp:664:17:[m[K [01;31m[Kerror: [m[Kinvalid use of â€˜[01m[Kthis[m[Kâ€™ in non-member function
  664 |     RCLCPP_WARN([01;31m[Kthis[m[K->get_logger(), "Emergency state active - initiating emergency landing");
      |                 [01;31m[K^~~~[m[K
[01m[K/home/student/41068RS12025-Group18/src/41068_ignition_bringup/src/mission_node.cpp:664:17:[m[K [01;31m[Kerror: [m[Kinvalid use of â€˜[01m[Kthis[m[Kâ€™ in non-member function
  664 |     RCLCPP_WARN([01;31m[Kthis[m[K->get_logger(), "Emergency state active - initiating emergency landing");
      |                 [01;31m[K^~~~[m[K
[01m[K/home/student/41068RS12025-Group18/src/41068_ignition_bringup/src/mission_node.cpp:665:5:[m[K [01;31m[Kerror: [m[Kâ€˜[01m[Kstate_machine_[m[Kâ€™ was not declared in this scope
  665 |     [01;31m[Kstate_machine_[m[K->setState(MissionState::LANDING);
      |     [01;31m[K^~~~~~~~~~~~~~[m[K
[01m[K/home/student/41068RS12025-Group18/src/41068_ignition_bringup/src/mission_node.cpp:665:30:[m[K [01;31m[Kerror: [m[Kâ€˜[01m[KMissionState[m[Kâ€™ has not been declared
  665 |     state_machine_->setState([01;31m[KMissionState[m[K::LANDING);
      |                              [01;31m[K^~~~~~~~~~~~[m[K
[01m[K/home/student/41068RS12025-Group18/src/41068_ignition_bringup/src/mission_node.cpp:[m[K At global scope:
[01m[K/home/student/41068RS12025-Group18/src/41068_ignition_bringup/src/mission_node.cpp:668:8:[m[K [01;31m[Kerror: [m[Kâ€˜[01m[KMissionPlannerNode[m[Kâ€™ has not been declared
  668 |   void [01;31m[KMissionPlannerNode[m[K::wildFireReaction() {
      |        [01;31m[K^~~~~~~~~~~~~~~~~~[m[K
[01m[K/home/student/41068RS12025-Group18/src/41068_ignition_bringup/src/mission_node.cpp:671:8:[m[K [01;31m[Kerror: [m[Kâ€˜[01m[KMissionPlannerNode[m[Kâ€™ has not been declared
  671 |   void [01;31m[KMissionPlannerNode[m[K::debrisReaction() {}
      |        [01;31m[K^~~~~~~~~~~~~~~~~~[m[K
[01m[K/home/student/41068RS12025-Group18/src/41068_ignition_bringup/src/mission_node.cpp:672:8:[m[K [01;31m[Kerror: [m[Kâ€˜[01m[KMissionPlannerNode[m[Kâ€™ has not been declared
  672 |   void [01;31m[KMissionPlannerNode[m[K::orbitIncident() {}
      |        [01;31m[K^~~~~~~~~~~~~~~~~~[m[K
[01m[K/home/student/41068RS12025-Group18/src/41068_ignition_bringup/src/mission_node.cpp:674:8:[m[K [01;31m[Kerror: [m[Kâ€˜[01m[KMissionPlannerNode[m[Kâ€™ has not been declared
  674 |   void [01;31m[KMissionPlannerNode[m[K::publishMissionCommand() {
      |        [01;31m[K^~~~~~~~~~~~~~~~~~[m[K
[01m[K/home/student/41068RS12025-Group18/src/41068_ignition_bringup/src/mission_node.cpp:[m[K In function â€˜[01m[Kvoid publishMissionCommand()[m[Kâ€™:
[01m[K/home/student/41068RS12025-Group18/src/41068_ignition_bringup/src/mission_node.cpp:675:9:[m[K [01;31m[Kerror: [m[Kâ€˜[01m[Kstate_machine_[m[Kâ€™ was not declared in this scope
  675 |     if ([01;31m[Kstate_machine_[m[K->getCurrentState() == MissionState::WAYPOINT_NAVIGATION &&
      |         [01;31m[K^~~~~~~~~~~~~~[m[K
[01m[K/home/student/41068RS12025-Group18/src/41068_ignition_bringup/src/mission_node.cpp:675:46:[m[K [01;31m[Kerror: [m[Kâ€˜[01m[KMissionState[m[Kâ€™ has not been declared
  675 |     if (state_machine_->getCurrentState() == [01;31m[KMissionState[m[K::WAYPOINT_NAVIGATION &&
      |                                              [01;31m[K^~~~~~~~~~~~[m[K
[01m[K/home/student/41068RS12025-Group18/src/41068_ignition_bringup/src/mission_node.cpp:676:9:[m[K [01;31m[Kerror: [m[Kâ€˜[01m[Kpath_planner_[m[Kâ€™ was not declared in this scope
  676 |         [01;31m[Kpath_planner_[m[K->hasNextWaypoint()) {
      |         [01;31m[K^~~~~~~~~~~~~[m[K
[01m[K/home/student/41068RS12025-Group18/src/41068_ignition_bringup/src/mission_node.cpp:680:39:[m[K [01;31m[Kerror: [m[Kinvalid use of â€˜[01m[Kthis[m[Kâ€™ in non-member function
  680 |       current_waypoint.header.stamp = [01;31m[Kthis[m[K->get_clock()->now();
      |                                       [01;31m[K^~~~[m[K
[01m[K/home/student/41068RS12025-Group18/src/41068_ignition_bringup/src/mission_node.cpp:683:7:[m[K [01;31m[Kerror: [m[Kâ€˜[01m[Ktarget_pose_pub_[m[Kâ€™ was not declared in this scope
  683 |       [01;31m[Ktarget_pose_pub_[m[K->publish(current_waypoint);
      |       [01;31m[K^~~~~~~~~~~~~~~~[m[K
[01m[K/home/student/41068RS12025-Group18/src/41068_ignition_bringup/src/mission_node.cpp:686:54:[m[K [01;31m[Kerror: [m[Kâ€˜[01m[Kcurrent_pose_[m[Kâ€™ was not declared in this scope; did you mean â€˜[01m[Kcurrent_waypoint[m[Kâ€™?
  686 |       double dx = current_waypoint.pose.position.x - [01;31m[Kcurrent_pose_[m[K.pose.position.x;
      |                                                      [01;31m[K^~~~~~~~~~~~~[m[K
      |                                                      [32m[Kcurrent_waypoint[m[K
[01m[K/home/student/41068RS12025-Group18/src/41068_ignition_bringup/src/mission_node.cpp:702:7:[m[K [01;31m[Kerror: [m[Kâ€˜[01m[Kcmd_vel_pub_[m[Kâ€™ was not declared in this scope
  702 |       [01;31m[Kcmd_vel_pub_[m[K->publish(cmd_vel);
      |       [01;31m[K^~~~~~~~~~~~[m[K
In file included from [01m[K/opt/ros/humble/include/rclcpp/rclcpp/client.hpp:40[m[K,
                 from [01m[K/opt/ros/humble/include/rclcpp/rclcpp/callback_group.hpp:24[m[K,
                 from [01m[K/opt/ros/humble/include/rclcpp/rclcpp/any_executable.hpp:20[m[K,
                 from [01m[K/opt/ros/humble/include/rclcpp/rclcpp/memory_strategy.hpp:25[m[K,
                 from [01m[K/opt/ros/humble/include/rclcpp/rclcpp/memory_strategies.hpp:18[m[K,
                 from [01m[K/opt/ros/humble/include/rclcpp/rclcpp/executor_options.hpp:20[m[K,
                 from [01m[K/opt/ros/humble/include/rclcpp/rclcpp/executor.hpp:37[m[K,
                 from [01m[K/opt/ros/humble/include/rclcpp/rclcpp/executors/multi_threaded_executor.hpp:25[m[K,
                 from [01m[K/opt/ros/humble/include/rclcpp/rclcpp/executors.hpp:21[m[K,
                 from [01m[K/opt/ros/humble/include/rclcpp/rclcpp/rclcpp.hpp:155[m[K,
                 from [01m[K/home/student/41068RS12025-Group18/src/41068_ignition_bringup/include/mission_node.h:30[m[K,
                 from [01m[K/home/student/41068RS12025-Group18/src/41068_ignition_bringup/src/mission_node.cpp:1[m[K:
[01m[K/home/student/41068RS12025-Group18/src/41068_ignition_bringup/src/mission_node.cpp:704:20:[m[K [01;31m[Kerror: [m[Kinvalid use of â€˜[01m[Kthis[m[Kâ€™ in non-member function
  704 |       RCLCPP_DEBUG([01;31m[Kthis[m[K->get_logger(), "Published waypoint: [%.2f, %.2f, %.2f], vel: [%.2f, %.2f, %.2f]",
      |                    [01;31m[K^~~~[m[K
[01m[K/home/student/41068RS12025-Group18/src/41068_ignition_bringup/src/mission_node.cpp:704:20:[m[K [01;31m[Kerror: [m[Kinvalid use of â€˜[01m[Kthis[m[Kâ€™ in non-member function
[01m[K/home/student/41068RS12025-Group18/src/41068_ignition_bringup/src/mission_node.cpp:704:7:[m[K [01;31m[Kerror: [m[Ktemplate argument 1 is invalid
  704 |       [01;31m[KRCLCPP_DEBUG[m[K(this->get_logger(), "Published waypoint: [%.2f, %.2f, %.2f], vel: [%.2f, %.2f, %.2f]",
      |       [01;31m[K^~~~~~~~~~~~[m[K
In file included from [01m[K/opt/ros/humble/include/rclcpp/rclcpp/logging.hpp:24[m[K,
                 from [01m[K/opt/ros/humble/include/rclcpp/rclcpp/client.hpp:40[m[K,
                 from [01m[K/opt/ros/humble/include/rclcpp/rclcpp/callback_group.hpp:24[m[K,
                 from [01m[K/opt/ros/humble/include/rclcpp/rclcpp/any_executable.hpp:20[m[K,
                 from [01m[K/opt/ros/humble/include/rclcpp/rclcpp/memory_strategy.hpp:25[m[K,
                 from [01m[K/opt/ros/humble/include/rclcpp/rclcpp/memory_strategies.hpp:18[m[K,
                 from [01m[K/opt/ros/humble/include/rclcpp/rclcpp/executor_options.hpp:20[m[K,
                 from [01m[K/opt/ros/humble/include/rclcpp/rclcpp/executor.hpp:37[m[K,
                 from [01m[K/opt/ros/humble/include/rclcpp/rclcpp/executors/multi_threaded_executor.hpp:25[m[K,
                 from [01m[K/opt/ros/humble/include/rclcpp/rclcpp/executors.hpp:21[m[K,
                 from [01m[K/opt/ros/humble/include/rclcpp/rclcpp/rclcpp.hpp:155[m[K,
                 from [01m[K/home/student/41068RS12025-Group18/src/41068_ignition_bringup/include/mission_node.h:30[m[K,
                 from [01m[K/home/student/41068RS12025-Group18/src/41068_ignition_bringup/src/mission_node.cpp:1[m[K:
[01m[K/home/student/41068RS12025-Group18/src/41068_ignition_bringup/src/mission_node.cpp:704:20:[m[K [01;31m[Kerror: [m[Kinvalid use of â€˜[01m[Kthis[m[Kâ€™ in non-member function
  704 |       RCLCPP_DEBUG([01;31m[Kthis[m[K->get_logger(), "Published waypoint: [%.2f, %.2f, %.2f], vel: [%.2f, %.2f, %.2f]",
      |                    [01;31m[K^~~~[m[K
[01m[K/home/student/41068RS12025-Group18/src/41068_ignition_bringup/src/mission_node.cpp:704:20:[m[K [01;31m[Kerror: [m[Kinvalid use of â€˜[01m[Kthis[m[Kâ€™ in non-member function
  704 |       RCLCPP_DEBUG([01;31m[Kthis[m[K->get_logger(), "Published waypoint: [%.2f, %.2f, %.2f], vel: [%.2f, %.2f, %.2f]",
      |                    [01;31m[K^~~~[m[K
[01m[K/home/student/41068RS12025-Group18/src/41068_ignition_bringup/src/mission_node.cpp:714:33:[m[K [01;31m[Kerror: [m[Kâ€˜[01m[KMissionState[m[Kâ€™ has not been declared
  714 |         bool we_control = (s == [01;31m[KMissionState[m[K::IDLE || s == MissionState::HOVERING || s == MissionState::EMERGENCY);
      |                                 [01;31m[K^~~~~~~~~~~~[m[K
[01m[K/home/student/41068RS12025-Group18/src/41068_ignition_bringup/src/mission_node.cpp:714:60:[m[K [01;31m[Kerror: [m[Kâ€˜[01m[KMissionState[m[Kâ€™ has not been declared
  714 |         bool we_control = (s == MissionState::IDLE || s == [01;31m[KMissionState[m[K::HOVERING || s == MissionState::EMERGENCY);
      |                                                            [01;31m[K^~~~~~~~~~~~[m[K
[01m[K/home/student/41068RS12025-Group18/src/41068_ignition_bringup/src/mission_node.cpp:714:91:[m[K [01;31m[Kerror: [m[Kâ€˜[01m[KMissionState[m[Kâ€™ has not been declared
  714 |         bool we_control = (s == MissionState::IDLE || s == MissionState::HOVERING || s == [01;31m[KMissionState[m[K::EMERGENCY);
      |                                                                                           [01;31m[K^~~~~~~~~~~~[m[K
[01m[K/home/student/41068RS12025-Group18/src/41068_ignition_bringup/src/mission_node.cpp:724:11:[m[K [01;31m[Kerror: [m[Kâ€˜[01m[Kcmd_vel_pub_[m[Kâ€™ was not declared in this scope
  724 |           [01;31m[Kcmd_vel_pub_[m[K->publish(stop_cmd);
      |           [01;31m[K^~~~~~~~~~~~[m[K
[01m[K/home/student/41068RS12025-Group18/src/41068_ignition_bringup/src/mission_node.cpp:[m[K At global scope:
[01m[K/home/student/41068RS12025-Group18/src/41068_ignition_bringup/src/mission_node.cpp:732:8:[m[K [01;31m[Kerror: [m[Kâ€˜[01m[KMissionPlannerNode[m[Kâ€™ has not been declared
  732 |   bool [01;31m[KMissionPlannerNode[m[K::isWaypointReached() const {
      |        [01;31m[K^~~~~~~~~~~~~~~~~~[m[K
[01m[K/home/student/41068RS12025-Group18/src/41068_ignition_bringup/src/mission_node.cpp:732:48:[m[K [01;31m[Kerror: [m[Knon-member function â€˜[01m[Kbool isWaypointReached()[m[Kâ€™ cannot have cv-qualifier
  732 |   bool MissionPlannerNode::isWaypointReached() [01;31m[Kconst[m[K {
      |                                                [01;31m[K^~~~~[m[K
[01m[K/home/student/41068RS12025-Group18/src/41068_ignition_bringup/src/mission_node.cpp:[m[K In function â€˜[01m[Kbool isWaypointReached()[m[Kâ€™:
[01m[K/home/student/41068RS12025-Group18/src/41068_ignition_bringup/src/mission_node.cpp:733:10:[m[K [01;31m[Kerror: [m[Kâ€˜[01m[Kpath_planner_[m[Kâ€™ was not declared in this scope
  733 |     if (![01;31m[Kpath_planner_[m[K->hasNextWaypoint()) {
      |          [01;31m[K^~~~~~~~~~~~~[m[K
[01m[K/home/student/41068RS12025-Group18/src/41068_ignition_bringup/src/mission_node.cpp:737:23:[m[K [01;31m[Kerror: [m[Kâ€˜[01m[Kpath_planner_[m[Kâ€™ was not declared in this scope
  737 |     double distance = [01;31m[Kpath_planner_[m[K->getDistanceToWaypoint(current_pose_);
      |                       [01;31m[K^~~~~~~~~~~~~[m[K
[01m[K/home/student/41068RS12025-Group18/src/41068_ignition_bringup/src/mission_node.cpp:737:60:[m[K [01;31m[Kerror: [m[Kâ€˜[01m[Kcurrent_pose_[m[Kâ€™ was not declared in this scope
  737 |     double distance = path_planner_->getDistanceToWaypoint([01;31m[Kcurrent_pose_[m[K);
      |                                                            [01;31m[K^~~~~~~~~~~~~[m[K
[01m[K/home/student/41068RS12025-Group18/src/41068_ignition_bringup/src/mission_node.cpp:738:23:[m[K [01;31m[Kerror: [m[Kâ€˜[01m[Kwaypoint_tolerance_[m[Kâ€™ was not declared in this scope
  738 |     return distance < [01;31m[Kwaypoint_tolerance_[m[K;
      |                       [01;31m[K^~~~~~~~~~~~~~~~~~~[m[K
[01m[K/home/student/41068RS12025-Group18/src/41068_ignition_bringup/src/mission_node.cpp:[m[K At global scope:
[01m[K/home/student/41068RS12025-Group18/src/41068_ignition_bringup/src/mission_node.cpp:741:8:[m[K [01;31m[Kerror: [m[Kâ€˜[01m[KMissionPlannerNode[m[Kâ€™ has not been declared
  741 |   void [01;31m[KMissionPlannerNode[m[K::odomCallback(const nav_msgs::msg::Odometry::SharedPtr msg) {
      |        [01;31m[K^~~~~~~~~~~~~~~~~~[m[K
[01m[K/home/student/41068RS12025-Group18/src/41068_ignition_bringup/src/mission_node.cpp:[m[K In function â€˜[01m[Kvoid odomCallback(nav_msgs::msg::Odometry_<std::allocator<void> >::SharedPtr)[m[Kâ€™:
[01m[K/home/student/41068RS12025-Group18/src/41068_ignition_bringup/src/mission_node.cpp:743:5:[m[K [01;31m[Kerror: [m[Kâ€˜[01m[Kcurrent_pose_[m[Kâ€™ was not declared in this scope
  743 |     [01;31m[Kcurrent_pose_[m[K.header = msg->header;
      |     [01;31m[K^~~~~~~~~~~~~[m[K
[01m[K/home/student/41068RS12025-Group18/src/41068_ignition_bringup/src/mission_node.cpp:[m[K At global scope:
[01m[K/home/student/41068RS12025-Group18/src/41068_ignition_bringup/src/mission_node.cpp:747:8:[m[K [01;31m[Kerror: [m[Kâ€˜[01m[KMissionPlannerNode[m[Kâ€™ has not been declared
  747 |   void [01;31m[KMissionPlannerNode[m[K::velocityCallback(const geometry_msgs::msg::Twist::SharedPtr msg) {
      |        [01;31m[K^~~~~~~~~~~~~~~~~~[m[K
[01m[K/home/student/41068RS12025-Group18/src/41068_ignition_bringup/src/mission_node.cpp:[m[K In function â€˜[01m[Kvoid velocityCallback(geometry_msgs::msg::Twist_<std::allocator<void> >::SharedPtr)[m[Kâ€™:
[01m[K/home/student/41068RS12025-Group18/src/41068_ignition_bringup/src/mission_node.cpp:748:5:[m[K [01;31m[Kerror: [m[Kâ€˜[01m[Kcurrent_velocity_[m[Kâ€™ was not declared in this scope
  748 |     [01;31m[Kcurrent_velocity_[m[K = *msg;
      |     [01;31m[K^~~~~~~~~~~~~~~~~[m[K
[01m[K/home/student/41068RS12025-Group18/src/41068_ignition_bringup/src/mission_node.cpp:[m[K At global scope:
[01m[K/home/student/41068RS12025-Group18/src/41068_ignition_bringup/src/mission_node.cpp:751:8:[m[K [01;31m[Kerror: [m[Kâ€˜[01m[KMissionPlannerNode[m[Kâ€™ has not been declared
  751 |   void [01;31m[KMissionPlannerNode[m[K::waypointCallback(const geometry_msgs::msg::PoseStamped::SharedPtr msg) {
      |        [01;31m[K^~~~~~~~~~~~~~~~~~[m[K
In file included from [01m[K/opt/ros/humble/include/rclcpp/rclcpp/client.hpp:40[m[K,
                 from [01m[K/opt/ros/humble/include/rclcpp/rclcpp/callback_group.hpp:24[m[K,
                 from [01m[K/opt/ros/humble/include/rclcpp/rclcpp/any_executable.hpp:20[m[K,
                 from [01m[K/opt/ros/humble/include/rclcpp/rclcpp/memory_strategy.hpp:25[m[K,
                 from [01m[K/opt/ros/humble/include/rclcpp/rclcpp/memory_strategies.hpp:18[m[K,
                 from [01m[K/opt/ros/humble/include/rclcpp/rclcpp/executor_options.hpp:20[m[K,
                 from [01m[K/opt/ros/humble/include/rclcpp/rclcpp/executor.hpp:37[m[K,
                 from [01m[K/opt/ros/humble/include/rclcpp/rclcpp/executors/multi_threaded_executor.hpp:25[m[K,
                 from [01m[K/opt/ros/humble/include/rclcpp/rclcpp/executors.hpp:21[m[K,
                 from [01m[K/opt/ros/humble/include/rclcpp/rclcpp/rclcpp.hpp:155[m[K,
                 from [01m[K/home/student/41068RS12025-Group18/src/41068_ignition_bringup/include/mission_node.h:30[m[K,
                 from [01m[K/home/student/41068RS12025-Group18/src/41068_ignition_bringup/src/mission_node.cpp:1[m[K:
[01m[K/home/student/41068RS12025-Group18/src/41068_ignition_bringup/src/mission_node.cpp:[m[K In function â€˜[01m[Kvoid waypointCallback(geometry_msgs::msg::PoseStamped_<std::allocator<void> >::SharedPtr)[m[Kâ€™:
[01m[K/home/student/41068RS12025-Group18/src/41068_ignition_bringup/src/mission_node.cpp:752:17:[m[K [01;31m[Kerror: [m[Kinvalid use of â€˜[01m[Kthis[m[Kâ€™ in non-member function
  752 |     RCLCPP_INFO([01;31m[Kthis[m[K->get_logger(), "Received waypoint command for %s: [%.2f, %.2f, %.2f]",
      |                 [01;31m[K^~~~[m[K
[01m[K/home/student/41068RS12025-Group18/src/41068_ignition_bringup/src/mission_node.cpp:752:17:[m[K [01;31m[Kerror: [m[Kinvalid use of â€˜[01m[Kthis[m[Kâ€™ in non-member function
[01m[K/home/student/41068RS12025-Group18/src/41068_ignition_bringup/src/mission_node.cpp:752:5:[m[K [01;31m[Kerror: [m[Ktemplate argument 1 is invalid
  752 |     [01;31m[KRCLCPP_INFO[m[K(this->get_logger(), "Received waypoint command for %s: [%.2f, %.2f, %.2f]",
      |     [01;31m[K^~~~~~~~~~~[m[K
In file included from [01m[K/opt/ros/humble/include/rclcpp/rclcpp/logging.hpp:24[m[K,
                 from [01m[K/opt/ros/humble/include/rclcpp/rclcpp/client.hpp:40[m[K,
                 from [01m[K/opt/ros/humble/include/rclcpp/rclcpp/callback_group.hpp:24[m[K,
                 from [01m[K/opt/ros/humble/include/rclcpp/rclcpp/any_executable.hpp:20[m[K,
                 from [01m[K/opt/ros/humble/include/rclcpp/rclcpp/memory_strategy.hpp:25[m[K,
                 from [01m[K/opt/ros/humble/include/rclcpp/rclcpp/memory_strategies.hpp:18[m[K,
                 from [01m[K/opt/ros/humble/include/rclcpp/rclcpp/executor_options.hpp:20[m[K,
                 from [01m[K/opt/ros/humble/include/rclcpp/rclcpp/executor.hpp:37[m[K,
                 from [01m[K/opt/ros/humble/include/rclcpp/rclcpp/executors/multi_threaded_executor.hpp:25[m[K,
                 from [01m[K/opt/ros/humble/include/rclcpp/rclcpp/executors.hpp:21[m[K,
                 from [01m[K/opt/ros/humble/include/rclcpp/rclcpp/rclcpp.hpp:155[m[K,
                 from [01m[K/home/student/41068RS12025-Group18/src/41068_ignition_bringup/include/mission_node.h:30[m[K,
                 from [01m[K/home/student/41068RS12025-Group18/src/41068_ignition_bringup/src/mission_node.cpp:1[m[K:
[01m[K/home/student/41068RS12025-Group18/src/41068_ignition_bringup/src/mission_node.cpp:752:17:[m[K [01;31m[Kerror: [m[Kinvalid use of â€˜[01m[Kthis[m[Kâ€™ in non-member function
  752 |     RCLCPP_INFO([01;31m[Kthis[m[K->get_logger(), "Received waypoint command for %s: [%.2f, %.2f, %.2f]",
      |                 [01;31m[K^~~~[m[K
[01m[K/home/student/41068RS12025-Group18/src/41068_ignition_bringup/src/mission_node.cpp:752:17:[m[K [01;31m[Kerror: [m[Kinvalid use of â€˜[01m[Kthis[m[Kâ€™ in non-member function
  752 |     RCLCPP_INFO([01;31m[Kthis[m[K->get_logger(), "Received waypoint command for %s: [%.2f, %.2f, %.2f]",
      |                 [01;31m[K^~~~[m[K
[01m[K/home/student/41068RS12025-Group18/src/41068_ignition_bringup/src/mission_node.cpp:753:17:[m[K [01;31m[Kerror: [m[Kâ€˜[01m[Kdrone_id_[m[Kâ€™ was not declared in this scope
  753 |                 [01;31m[Kdrone_id_[m[K.c_str(), msg->pose.position.x, msg->pose.position.y, msg->pose.position.z);
      |                 [01;31m[K^~~~~~~~~[m[K
[01m[K/home/student/41068RS12025-Group18/src/41068_ignition_bringup/src/mission_node.cpp:757:5:[m[K [01;31m[Kerror: [m[Kâ€˜[01m[Kpath_planner_[m[Kâ€™ was not declared in this scope
  757 |     [01;31m[Kpath_planner_[m[K->setWaypoints(new_waypoint);
      |     [01;31m[K^~~~~~~~~~~~~[m[K
[01m[K/home/student/41068RS12025-Group18/src/41068_ignition_bringup/src/mission_node.cpp:760:9:[m[K [01;31m[Kerror: [m[Kâ€˜[01m[Kstate_machine_[m[Kâ€™ was not declared in this scope
  760 |     if ([01;31m[Kstate_machine_[m[K->getCurrentState() == MissionState::IDLE) {
      |         [01;31m[K^~~~~~~~~~~~~~[m[K
[01m[K/home/student/41068RS12025-Group18/src/41068_ignition_bringup/src/mission_node.cpp:760:46:[m[K [01;31m[Kerror: [m[Kâ€˜[01m[KMissionState[m[Kâ€™ has not been declared
  760 |     if (state_machine_->getCurrentState() == [01;31m[KMissionState[m[K::IDLE) {
      |                                              [01;31m[K^~~~~~~~~~~~[m[K
In file included from [01m[K/opt/ros/humble/include/rclcpp/rclcpp/client.hpp:40[m[K,
                 from [01m[K/opt/ros/humble/include/rclcpp/rclcpp/callback_group.hpp:24[m[K,
                 from [01m[K/opt/ros/humble/include/rclcpp/rclcpp/any_executable.hpp:20[m[K,
                 from [01m[K/opt/ros/humble/include/rclcpp/rclcpp/memory_strategy.hpp:25[m[K,
                 from [01m[K/opt/ros/humble/include/rclcpp/rclcpp/memory_strategies.hpp:18[m[K,
                 from [01m[K/opt/ros/humble/include/rclcpp/rclcpp/executor_options.hpp:20[m[K,
                 from [01m[K/opt/ros/humble/include/rclcpp/rclcpp/executor.hpp:37[m[K,
                 from [01m[K/opt/ros/humble/include/rclcpp/rclcpp/executors/multi_threaded_executor.hpp:25[m[K,
                 from [01m[K/opt/ros/humble/include/rclcpp/rclcpp/executors.hpp:21[m[K,
                 from [01m[K/opt/ros/humble/include/rclcpp/rclcpp/rclcpp.hpp:155[m[K,
                 from [01m[K/home/student/41068RS12025-Group18/src/41068_ignition_bringup/include/mission_node.h:30[m[K,
                 from [01m[K/home/student/41068RS12025-Group18/src/41068_ignition_bringup/src/mission_node.cpp:1[m[K:
[01m[K/home/student/41068RS12025-Group18/src/41068_ignition_bringup/src/mission_node.cpp:761:19:[m[K [01;31m[Kerror: [m[Kinvalid use of â€˜[01m[Kthis[m[Kâ€™ in non-member function
  761 |       RCLCPP_INFO([01;31m[Kthis[m[K->get_logger(), "Auto-starting mission for waypoint command");
      |                   [01;31m[K^~~~[m[K
[01m[K/home/student/41068RS12025-Group18/src/41068_ignition_bringup/src/mission_node.cpp:761:19:[m[K [01;31m[Kerror: [m[Kinvalid use of â€˜[01m[Kthis[m[Kâ€™ in non-member function
[01m[K/home/student/41068RS12025-Group18/src/41068_ignition_bringup/src/mission_node.cpp:761:7:[m[K [01;31m[Kerror: [m[Ktemplate argument 1 is invalid
  761 |       [01;31m[KRCLCPP_INFO[m[K(this->get_logger(), "Auto-starting mission for waypoint command");
      |       [01;31m[K^~~~~~~~~~~[m[K
In file included from [01m[K/opt/ros/humble/include/rclcpp/rclcpp/logging.hpp:24[m[K,
                 from [01m[K/opt/ros/humble/include/rclcpp/rclcpp/client.hpp:40[m[K,
                 from [01m[K/opt/ros/humble/include/rclcpp/rclcpp/callback_group.hpp:24[m[K,
                 from [01m[K/opt/ros/humble/include/rclcpp/rclcpp/any_executable.hpp:20[m[K,
                 from [01m[K/opt/ros/humble/include/rclcpp/rclcpp/memory_strategy.hpp:25[m[K,
                 from [01m[K/opt/ros/humble/include/rclcpp/rclcpp/memory_strategies.hpp:18[m[K,
                 from [01m[K/opt/ros/humble/include/rclcpp/rclcpp/executor_options.hpp:20[m[K,
                 from [01m[K/opt/ros/humble/include/rclcpp/rclcpp/executor.hpp:37[m[K,
                 from [01m[K/opt/ros/humble/include/rclcpp/rclcpp/executors/multi_threaded_executor.hpp:25[m[K,
                 from [01m[K/opt/ros/humble/include/rclcpp/rclcpp/executors.hpp:21[m[K,
                 from [01m[K/opt/ros/humble/include/rclcpp/rclcpp/rclcpp.hpp:155[m[K,
                 from [01m[K/home/student/41068RS12025-Group18/src/41068_ignition_bringup/include/mission_node.h:30[m[K,
                 from [01m[K/home/student/41068RS12025-Group18/src/41068_ignition_bringup/src/mission_node.cpp:1[m[K:
[01m[K/home/student/41068RS12025-Group18/src/41068_ignition_bringup/src/mission_node.cpp:761:19:[m[K [01;31m[Kerror: [m[Kinvalid use of â€˜[01m[Kthis[m[Kâ€™ in non-member function
  761 |       RCLCPP_INFO([01;31m[Kthis[m[K->get_logger(), "Auto-starting mission for waypoint command");
      |                   [01;31m[K^~~~[m[K
[01m[K/home/student/41068RS12025-Group18/src/41068_ignition_bringup/src/mission_node.cpp:761:19:[m[K [01;31m[Kerror: [m[Kinvalid use of â€˜[01m[Kthis[m[Kâ€™ in non-member function
  761 |       RCLCPP_INFO([01;31m[Kthis[m[K->get_logger(), "Auto-starting mission for waypoint command");
      |                   [01;31m[K^~~~[m[K
[01m[K/home/student/41068RS12025-Group18/src/41068_ignition_bringup/src/mission_node.cpp:762:32:[m[K [01;31m[Kerror: [m[Kâ€˜[01m[KMissionState[m[Kâ€™ has not been declared
  762 |       state_machine_->setState([01;31m[KMissionState[m[K::TAKEOFF);
      |                                [01;31m[K^~~~~~~~~~~~[m[K
[01m[K/home/student/41068RS12025-Group18/src/41068_ignition_bringup/src/mission_node.cpp:765:51:[m[K [01;31m[Kerror: [m[Kâ€˜[01m[KMissionState[m[Kâ€™ has not been declared
  765 |     else if (state_machine_->getCurrentState() == [01;31m[KMissionState[m[K::HOVERING) {
      |                                                   [01;31m[K^~~~~~~~~~~~[m[K
In file included from [01m[K/opt/ros/humble/include/rclcpp/rclcpp/client.hpp:40[m[K,
                 from [01m[K/opt/ros/humble/include/rclcpp/rclcpp/callback_group.hpp:24[m[K,
                 from [01m[K/opt/ros/humble/include/rclcpp/rclcpp/any_executable.hpp:20[m[K,
                 from [01m[K/opt/ros/humble/include/rclcpp/rclcpp/memory_strategy.hpp:25[m[K,
                 from [01m[K/opt/ros/humble/include/rclcpp/rclcpp/memory_strategies.hpp:18[m[K,
                 from [01m[K/opt/ros/humble/include/rclcpp/rclcpp/executor_options.hpp:20[m[K,
                 from [01m[K/opt/ros/humble/include/rclcpp/rclcpp/executor.hpp:37[m[K,
                 from [01m[K/opt/ros/humble/include/rclcpp/rclcpp/executors/multi_threaded_executor.hpp:25[m[K,
                 from [01m[K/opt/ros/humble/include/rclcpp/rclcpp/executors.hpp:21[m[K,
                 from [01m[K/opt/ros/humble/include/rclcpp/rclcpp/rclcpp.hpp:155[m[K,
                 from [01m[K/home/student/41068RS12025-Group18/src/41068_ignition_bringup/include/mission_node.h:30[m[K,
                 from [01m[K/home/student/41068RS12025-Group18/src/41068_ignition_bringup/src/mission_node.cpp:1[m[K:
[01m[K/home/student/41068RS12025-Group18/src/41068_ignition_bringup/src/mission_node.cpp:766:19:[m[K [01;31m[Kerror: [m[Kinvalid use of â€˜[01m[Kthis[m[Kâ€™ in non-member function
  766 |       RCLCPP_INFO([01;31m[Kthis[m[K->get_logger(), "Switching to waypoint navigation mode");
      |                   [01;31m[K^~~~[m[K
[01m[K/home/student/41068RS12025-Group18/src/41068_ignition_bringup/src/mission_node.cpp:766:19:[m[K [01;31m[Kerror: [m[Kinvalid use of â€˜[01m[Kthis[m[Kâ€™ in non-member function
[01m[K/home/student/41068RS12025-Group18/src/41068_ignition_bringup/src/mission_node.cpp:766:7:[m[K [01;31m[Kerror: [m[Ktemplate argument 1 is invalid
  766 |       [01;31m[KRCLCPP_INFO[m[K(this->get_logger(), "Switching to waypoint navigation mode");
      |       [01;31m[K^~~~~~~~~~~[m[K
In file included from [01m[K/opt/ros/humble/include/rclcpp/rclcpp/logging.hpp:24[m[K,
                 from [01m[K/opt/ros/humble/include/rclcpp/rclcpp/client.hpp:40[m[K,
                 from [01m[K/opt/ros/humble/include/rclcpp/rclcpp/callback_group.hpp:24[m[K,
                 from [01m[K/opt/ros/humble/include/rclcpp/rclcpp/any_executable.hpp:20[m[K,
                 from [01m[K/opt/ros/humble/include/rclcpp/rclcpp/memory_strategy.hpp:25[m[K,
                 from [01m[K/opt/ros/humble/include/rclcpp/rclcpp/memory_strategies.hpp:18[m[K,
                 from [01m[K/opt/ros/humble/include/rclcpp/rclcpp/executor_options.hpp:20[m[K,
                 from [01m[K/opt/ros/humble/include/rclcpp/rclcpp/executor.hpp:37[m[K,
                 from [01m[K/opt/ros/humble/include/rclcpp/rclcpp/executors/multi_threaded_executor.hpp:25[m[K,
                 from [01m[K/opt/ros/humble/include/rclcpp/rclcpp/executors.hpp:21[m[K,
                 from [01m[K/opt/ros/humble/include/rclcpp/rclcpp/rclcpp.hpp:155[m[K,
                 from [01m[K/home/student/41068RS12025-Group18/src/41068_ignition_bringup/include/mission_node.h:30[m[K,
                 from [01m[K/home/student/41068RS12025-Group18/src/41068_ignition_bringup/src/mission_node.cpp:1[m[K:
[01m[K/home/student/41068RS12025-Group18/src/41068_ignition_bringup/src/mission_node.cpp:766:19:[m[K [01;31m[Kerror: [m[Kinvalid use of â€˜[01m[Kthis[m[Kâ€™ in non-member function
  766 |       RCLCPP_INFO([01;31m[Kthis[m[K->get_logger(), "Switching to waypoint navigation mode");
      |                   [01;31m[K^~~~[m[K
[01m[K/home/student/41068RS12025-Group18/src/41068_ignition_bringup/src/mission_node.cpp:766:19:[m[K [01;31m[Kerror: [m[Kinvalid use of â€˜[01m[Kthis[m[Kâ€™ in non-member function
  766 |       RCLCPP_INFO([01;31m[Kthis[m[K->get_logger(), "Switching to waypoint navigation mode");
      |                   [01;31m[K^~~~[m[K
[01m[K/home/student/41068RS12025-Group18/src/41068_ignition_bringup/src/mission_node.cpp:767:32:[m[K [01;31m[Kerror: [m[Kâ€˜[01m[KMissionState[m[Kâ€™ has not been declared
  767 |       state_machine_->setState([01;31m[KMissionState[m[K::WAYPOINT_NAVIGATION);
      |                                [01;31m[K^~~~~~~~~~~~[m[K
[01m[K/home/student/41068RS12025-Group18/src/41068_ignition_bringup/src/mission_node.cpp:[m[K At global scope:
[01m[K/home/student/41068RS12025-Group18/src/41068_ignition_bringup/src/mission_node.cpp:779:8:[m[K [01;31m[Kerror: [m[Kâ€˜[01m[KMissionPlannerNode[m[Kâ€™ has not been declared
  779 |   bool [01;31m[KMissionPlannerNode[m[K::parseKeyVal(const std::string& tok, std::string& key, std::string& val) {
      |        [01;31m[K^~~~~~~~~~~~~~~~~~[m[K
[01m[K/home/student/41068RS12025-Group18/src/41068_ignition_bringup/src/mission_node.cpp:787:3:[m[K [01;31m[Kerror: [m[Kâ€˜[01m[KMissionState[m[Kâ€™ does not name a type
  787 |   [01;31m[KMissionState[m[K MissionPlannerNode::stateFromString(const std::string& s) {
      |   [01;31m[K^~~~~~~~~~~~[m[K
[01m[K/home/student/41068RS12025-Group18/src/41068_ignition_bringup/src/mission_node.cpp:837:3:[m[K [01;31m[Kerror: [m[Kâ€˜[01m[KScenario[m[Kâ€™ does not name a type
  837 |   [01;31m[KScenario[m[K MissionPlannerNode::scenarioFromString(const std::string& s) {
      |   [01;31m[K^~~~~~~~[m[K
[01m[K/home/student/41068RS12025-Group18/src/41068_ignition_bringup/src/mission_node.cpp:846:43:[m[K [01;31m[Kerror: [m[Kâ€˜[01m[KMissionState[m[Kâ€™ was not declared in this scope; did you mean â€˜[01m[Kdrone::MissionState[m[Kâ€™?
  846 |   static std::string missionStateToString([01;31m[KMissionState[m[K state) {
      |                                           [01;31m[K^~~~~~~~~~~~[m[K
      |                                           [32m[Kdrone::MissionState[m[K
In file included from [01m[K/home/student/41068RS12025-Group18/src/41068_ignition_bringup/include/mission/state_machine.h:15[m[K,
                 from [01m[K/home/student/41068RS12025-Group18/src/41068_ignition_bringup/include/mission_node.h:38[m[K,
                 from [01m[K/home/student/41068RS12025-Group18/src/41068_ignition_bringup/src/mission_node.cpp:1[m[K:
[01m[K/home/student/41068RS12025-Group18/src/41068_ignition_bringup/include/mission_state.h:23:12:[m[K [01;36m[Knote: [m[Kâ€˜[01m[Kdrone::MissionState[m[Kâ€™ declared here
   23 | enum class [01;36m[KMissionState[m[K
      |            [01;36m[K^~~~~~~~~~~~[m[K
[01m[K/home/student/41068RS12025-Group18/src/41068_ignition_bringup/src/mission_node.cpp:846:63:[m[K [01;31m[Kerror: [m[Kexpected â€˜[01m[K,[m[Kâ€™ or â€˜[01m[K;[m[Kâ€™ before â€˜[01m[K{[m[Kâ€™ token
  846 |   static std::string missionStateToString(MissionState state) [01;31m[K{[m[K
      |                                                               [01;31m[K^[m[K
[01m[K/home/student/41068RS12025-Group18/src/41068_ignition_bringup/src/mission_node.cpp:861:3:[m[K [01;31m[Kerror: [m[Kâ€˜[01m[KMissionState[m[Kâ€™ does not name a type
  861 |   [01;31m[KMissionState[m[K MissionPlannerNode::targetStateForScenario(Scenario scenario) {
      |   [01;31m[K^~~~~~~~~~~~[m[K
[01m[K/home/student/41068RS12025-Group18/src/41068_ignition_bringup/src/mission_node.cpp:884:3:[m[K [01;31m[Kerror: [m[Kâ€˜[01m[KScenarioData[m[Kâ€™ does not name a type
  884 |   [01;31m[KScenarioData[m[K parseScenarioMessage(const std::string& message_data) {
      |   [01;31m[K^~~~~~~~~~~~[m[K
[01m[K/home/student/41068RS12025-Group18/src/41068_ignition_bringup/src/mission_node.cpp:959:8:[m[K [01;31m[Kerror: [m[Kâ€˜[01m[KMissionPlannerNode[m[Kâ€™ has not been declared
  959 |   void [01;31m[KMissionPlannerNode[m[K::scenarioDetectionCallback(const std_msgs::msg::String::SharedPtr msg) {
      |        [01;31m[K^~~~~~~~~~~~~~~~~~[m[K
[01m[K/home/student/41068RS12025-Group18/src/41068_ignition_bringup/src/mission_node.cpp:[m[K In function â€˜[01m[Kvoid scenarioDetectionCallback(std_msgs::msg::String_<std::allocator<void> >::SharedPtr)[m[Kâ€™:
[01m[K/home/student/41068RS12025-Group18/src/41068_ignition_bringup/src/mission_node.cpp:959:93:[m[K [01;35m[Kwarning: [m[Kunused parameter â€˜[01m[Kmsg[m[Kâ€™ [[01;35m[K]8;;https://gcc.gnu.org/onlinedocs/gcc/Warning-Options.html#index-Wunused-parameter-Wunused-parameter]8;;[m[K]
  959 |   void MissionPlannerNode::scenarioDetectionCallback([01;35m[Kconst std_msgs::msg::String::SharedPtr msg[m[K) {
      |                                                      [01;35m[K~~~~~~~~~~~~~~~~~~~~~~~~~~~~~~~~~~~~~~~^~~[m[K
[01m[K/home/student/41068RS12025-Group18/src/41068_ignition_bringup/src/mission_node.cpp:[m[K At global scope:
[01m[K/home/student/41068RS12025-Group18/src/41068_ignition_bringup/src/mission_node.cpp:963:3:[m[K [01;31m[Kerror: [m[Kâ€˜[01m[KDroneInfo[m[Kâ€™ does not name a type
  963 |   [01;31m[KDroneInfo[m[K MissionPlannerNode::parseInfoManifest(const std::string& manifest_data) {
      |   [01;31m[K^~~~~~~~~[m[K
[01m[K/home/student/41068RS12025-Group18/src/41068_ignition_bringup/src/mission_node.cpp:995:8:[m[K [01;31m[Kerror: [m[Kâ€˜[01m[KMissionPlannerNode[m[Kâ€™ has not been declared
  995 |   void [01;31m[KMissionPlannerNode[m[K::createPeerSubscriptionForId(int peer_id) {
      |        [01;31m[K^~~~~~~~~~~~~~~~~~[m[K
[01m[K/home/student/41068RS12025-Group18/src/41068_ignition_bringup/src/mission_node.cpp:[m[K In function â€˜[01m[Kvoid createPeerSubscriptionForId(int)[m[Kâ€™:
[01m[K/home/student/41068RS12025-Group18/src/41068_ignition_bringup/src/mission_node.cpp:1000:40:[m[K [01;31m[Kerror: [m[Kâ€˜[01m[Kpeers_mutex_[m[Kâ€™ was not declared in this scope
 1000 |       std::lock_guard<std::mutex> lock([01;31m[Kpeers_mutex_[m[K);
      |                                        [01;31m[K^~~~~~~~~~~~[m[K
[01m[K/home/student/41068RS12025-Group18/src/41068_ignition_bringup/src/mission_node.cpp:1001:11:[m[K [01;31m[Kerror: [m[Kâ€˜[01m[Kinfo_manifest_subs_[m[Kâ€™ was not declared in this scope
 1001 |       if ([01;31m[Kinfo_manifest_subs_[m[K.count(peer_id)) {
      |           [01;31m[K^~~~~~~~~~~~~~~~~~~[m[K
[01m[K/home/student/41068RS12025-Group18/src/41068_ignition_bringup/src/mission_node.cpp:1010:21:[m[K [01;31m[Kerror: [m[Kinvalid use of â€˜[01m[Kthis[m[Kâ€™ in non-member function
 1010 |     auto odom_sub = [01;31m[Kthis[m[K->create_subscription<nav_msgs::msg::Odometry>(
      |                     [01;31m[K^~~~[m[K
[01m[K/home/student/41068RS12025-Group18/src/41068_ignition_bringup/src/mission_node.cpp:1010:70:[m[K [01;31m[Kerror: [m[Kexpected primary-expression before â€˜[01m[K>[m[Kâ€™ token
 1010 |     auto odom_sub = this->create_subscription<nav_msgs::msg::Odometry[01;31m[K>[m[K(
      |                                                                      [01;31m[K^[m[K
[01m[K/home/student/41068RS12025-Group18/src/41068_ignition_bringup/src/mission_node.cpp:1012:10:[m[K [01;31m[Kerror: [m[Kinvalid use of â€˜[01m[Kthis[m[Kâ€™ in non-member function
 1012 |         [[01;31m[Kthis[m[K, peer_id](const nav_msgs::msg::Odometry::SharedPtr msg) {
      |          [01;31m[K^~~~[m[K
[01m[K/home/student/41068RS12025-Group18/src/41068_ignition_bringup/src/mission_node.cpp:[m[K In lambda function:
[01m[K/home/student/41068RS12025-Group18/src/41068_ignition_bringup/src/mission_node.cpp:1013:45:[m[K [01;31m[Kerror: [m[Kâ€˜[01m[Kpeers_mutex_[m[Kâ€™ was not declared in this scope
 1013 |           std::lock_guard<std::mutex> guard([01;31m[Kpeers_mutex_[m[K);
      |                                             [01;31m[K^~~~~~~~~~~~[m[K
[01m[K/home/student/41068RS12025-Group18/src/41068_ignition_bringup/src/mission_node.cpp:1014:11:[m[K [01;31m[Kerror: [m[Kâ€˜[01m[Kpeer_poses_[m[Kâ€™ was not declared in this scope
 1014 |           [01;31m[Kpeer_poses_[m[K[peer_id].header = msg->header;
      |           [01;31m[K^~~~~~~~~~~[m[K
[01m[K/home/student/41068RS12025-Group18/src/41068_ignition_bringup/src/mission_node.cpp:[m[K In function â€˜[01m[Kvoid createPeerSubscriptionForId(int)[m[Kâ€™:
[01m[K/home/student/41068RS12025-Group18/src/41068_ignition_bringup/src/mission_node.cpp:1016:9:[m[K [01;35m[Kwarning: [m[Kright operand of comma operator has no effect [[01;35m[K]8;;https://gcc.gnu.org/onlinedocs/gcc/Warning-Options.html#index-Wunused-value-Wunused-value]8;;[m[K]
 1016 |         [01;35m[K}[m[K);
      |         [01;35m[K^[m[K
[01m[K/home/student/41068RS12025-Group18/src/41068_ignition_bringup/src/mission_node.cpp:1018:27:[m[K [01;31m[Kerror: [m[Kinvalid use of â€˜[01m[Kthis[m[Kâ€™ in non-member function
 1018 |     auto assignment_pub = [01;31m[Kthis[m[K->create_publisher<std_msgs::msg::String>(
      |                           [01;31m[K^~~~[m[K
[01m[K/home/student/41068RS12025-Group18/src/41068_ignition_bringup/src/mission_node.cpp:1018:71:[m[K [01;31m[Kerror: [m[Kexpected primary-expression before â€˜[01m[K>[m[Kâ€™ token
 1018 |     auto assignment_pub = this->create_publisher<std_msgs::msg::String[01;31m[K>[m[K(
      |                                                                       [01;31m[K^[m[K
[01m[K/home/student/41068RS12025-Group18/src/41068_ignition_bringup/src/mission_node.cpp:1021:25:[m[K [01;31m[Kerror: [m[Kinvalid use of â€˜[01m[Kthis[m[Kâ€™ in non-member function
 1021 |     auto info_req_pub = [01;31m[Kthis[m[K->create_publisher<std_msgs::msg::Empty>(
      |                         [01;31m[K^~~~[m[K
[01m[K/home/student/41068RS12025-Group18/src/41068_ignition_bringup/src/mission_node.cpp:1021:68:[m[K [01;31m[Kerror: [m[Kexpected primary-expression before â€˜[01m[K>[m[Kâ€™ token
 1021 |     auto info_req_pub = this->create_publisher<std_msgs::msg::Empty[01;31m[K>[m[K(
      |                                                                    [01;31m[K^[m[K
[01m[K/home/student/41068RS12025-Group18/src/41068_ignition_bringup/src/mission_node.cpp:1024:21:[m[K [01;31m[Kerror: [m[Kinvalid use of â€˜[01m[Kthis[m[Kâ€™ in non-member function
 1024 |     auto info_sub = [01;31m[Kthis[m[K->create_subscription<std_msgs::msg::String>(
      |                     [01;31m[K^~~~[m[K
[01m[K/home/student/41068RS12025-Group18/src/41068_ignition_bringup/src/mission_node.cpp:1024:68:[m[K [01;31m[Kerror: [m[Kexpected primary-expression before â€˜[01m[K>[m[Kâ€™ token
 1024 |     auto info_sub = this->create_subscription<std_msgs::msg::String[01;31m[K>[m[K(
      |                                                                    [01;31m[K^[m[K
[01m[K/home/student/41068RS12025-Group18/src/41068_ignition_bringup/src/mission_node.cpp:1026:10:[m[K [01;31m[Kerror: [m[Kinvalid use of â€˜[01m[Kthis[m[Kâ€™ in non-member function
 1026 |         [[01;31m[Kthis[m[K, peer_id](const std_msgs::msg::String::SharedPtr msg) {
      |          [01;31m[K^~~~[m[K
[01m[K/home/student/41068RS12025-Group18/src/41068_ignition_bringup/src/mission_node.cpp:[m[K In lambda function:
[01m[K/home/student/41068RS12025-Group18/src/41068_ignition_bringup/src/mission_node.cpp:1027:11:[m[K [01;31m[Kerror: [m[Kâ€˜[01m[KinfoManifestCallback[m[Kâ€™ was not declared in this scope
 1027 |           [01;31m[KinfoManifestCallback[m[K(peer_id, msg);
      |           [01;31m[K^~~~~~~~~~~~~~~~~~~~[m[K
[01m[K/home/student/41068RS12025-Group18/src/41068_ignition_bringup/src/mission_node.cpp:[m[K In function â€˜[01m[Kvoid createPeerSubscriptionForId(int)[m[Kâ€™:
[01m[K/home/student/41068RS12025-Group18/src/41068_ignition_bringup/src/mission_node.cpp:1028:9:[m[K [01;35m[Kwarning: [m[Kright operand of comma operator has no effect [[01;35m[K]8;;https://gcc.gnu.org/onlinedocs/gcc/Warning-Options.html#index-Wunused-value-Wunused-value]8;;[m[K]
 1028 |         [01;35m[K}[m[K);
      |         [01;35m[K^[m[K
[01m[K/home/student/41068RS12025-Group18/src/41068_ignition_bringup/src/mission_node.cpp:1032:40:[m[K [01;31m[Kerror: [m[Kâ€˜[01m[Kpeers_mutex_[m[Kâ€™ was not declared in this scope
 1032 |       std::lock_guard<std::mutex> lock([01;31m[Kpeers_mutex_[m[K);
      |                                        [01;31m[K^~~~~~~~~~~~[m[K
[01m[K/home/student/41068RS12025-Group18/src/41068_ignition_bringup/src/mission_node.cpp:1035:12:[m[K [01;31m[Kerror: [m[Kâ€˜[01m[Kinfo_manifest_subs_[m[Kâ€™ was not declared in this scope
 1035 |       if (![01;31m[Kinfo_manifest_subs_[m[K.count(peer_id)) {
      |            [01;31m[K^~~~~~~~~~~~~~~~~~~[m[K
[01m[K/home/student/41068RS12025-Group18/src/41068_ignition_bringup/src/mission_node.cpp:1036:9:[m[K [01;31m[Kerror: [m[Kâ€˜[01m[Kpeer_odom_subs_[m[Kâ€™ was not declared in this scope
 1036 |         [01;31m[Kpeer_odom_subs_[m[K[peer_id]     = std::move(odom_sub);
      |         [01;31m[K^~~~~~~~~~~~~~~[m[K
[01m[K/home/student/41068RS12025-Group18/src/41068_ignition_bringup/src/mission_node.cpp:1037:9:[m[K [01;31m[Kerror: [m[Kâ€˜[01m[Kassignment_pubs_[m[Kâ€™ was not declared in this scope
 1037 |         [01;31m[Kassignment_pubs_[m[K[peer_id]    = std::move(assignment_pub);
      |         [01;31m[K^~~~~~~~~~~~~~~~[m[K
[01m[K/home/student/41068RS12025-Group18/src/41068_ignition_bringup/src/mission_node.cpp:1038:9:[m[K [01;31m[Kerror: [m[Kâ€˜[01m[Kinfo_request_pubs_[m[Kâ€™ was not declared in this scope
 1038 |         [01;31m[Kinfo_request_pubs_[m[K[peer_id]  = std::move(info_req_pub);
      |         [01;31m[K^~~~~~~~~~~~~~~~~~[m[K
In file included from [01m[K/opt/ros/humble/include/rclcpp/rclcpp/client.hpp:40[m[K,
                 from [01m[K/opt/ros/humble/include/rclcpp/rclcpp/callback_group.hpp:24[m[K,
                 from [01m[K/opt/ros/humble/include/rclcpp/rclcpp/any_executable.hpp:20[m[K,
                 from [01m[K/opt/ros/humble/include/rclcpp/rclcpp/memory_strategy.hpp:25[m[K,
                 from [01m[K/opt/ros/humble/include/rclcpp/rclcpp/memory_strategies.hpp:18[m[K,
                 from [01m[K/opt/ros/humble/include/rclcpp/rclcpp/executor_options.hpp:20[m[K,
                 from [01m[K/opt/ros/humble/include/rclcpp/rclcpp/executor.hpp:37[m[K,
                 from [01m[K/opt/ros/humble/include/rclcpp/rclcpp/executors/multi_threaded_executor.hpp:25[m[K,
                 from [01m[K/opt/ros/humble/include/rclcpp/rclcpp/executors.hpp:21[m[K,
                 from [01m[K/opt/ros/humble/include/rclcpp/rclcpp/rclcpp.hpp:155[m[K,
                 from [01m[K/home/student/41068RS12025-Group18/src/41068_ignition_bringup/include/mission_node.h:30[m[K,
                 from [01m[K/home/student/41068RS12025-Group18/src/41068_ignition_bringup/src/mission_node.cpp:1[m[K:
[01m[K/home/student/41068RS12025-Group18/src/41068_ignition_bringup/src/mission_node.cpp:1041:21:[m[K [01;31m[Kerror: [m[Kinvalid use of â€˜[01m[Kthis[m[Kâ€™ in non-member function
 1041 |         RCLCPP_INFO([01;31m[Kthis[m[K->get_logger(),
      |                     [01;31m[K^~~~[m[K
[01m[K/home/student/41068RS12025-Group18/src/41068_ignition_bringup/src/mission_node.cpp:1041:21:[m[K [01;31m[Kerror: [m[Kinvalid use of â€˜[01m[Kthis[m[Kâ€™ in non-member function
[01m[K/home/student/41068RS12025-Group18/src/41068_ignition_bringup/src/mission_node.cpp:1041:9:[m[K [01;31m[Kerror: [m[Ktemplate argument 1 is invalid
 1041 |         [01;31m[KRCLCPP_INFO[m[K(this->get_logger(),
      |         [01;31m[K^~~~~~~~~~~[m[K
In file included from [01m[K/opt/ros/humble/include/rclcpp/rclcpp/logging.hpp:24[m[K,
                 from [01m[K/opt/ros/humble/include/rclcpp/rclcpp/client.hpp:40[m[K,
                 from [01m[K/opt/ros/humble/include/rclcpp/rclcpp/callback_group.hpp:24[m[K,
                 from [01m[K/opt/ros/humble/include/rclcpp/rclcpp/any_executable.hpp:20[m[K,
                 from [01m[K/opt/ros/humble/include/rclcpp/rclcpp/memory_strategy.hpp:25[m[K,
                 from [01m[K/opt/ros/humble/include/rclcpp/rclcpp/memory_strategies.hpp:18[m[K,
                 from [01m[K/opt/ros/humble/include/rclcpp/rclcpp/executor_options.hpp:20[m[K,
                 from [01m[K/opt/ros/humble/include/rclcpp/rclcpp/executor.hpp:37[m[K,
                 from [01m[K/opt/ros/humble/include/rclcpp/rclcpp/executors/multi_threaded_executor.hpp:25[m[K,
                 from [01m[K/opt/ros/humble/include/rclcpp/rclcpp/executors.hpp:21[m[K,
                 from [01m[K/opt/ros/humble/include/rclcpp/rclcpp/rclcpp.hpp:155[m[K,
                 from [01m[K/home/student/41068RS12025-Group18/src/41068_ignition_bringup/include/mission_node.h:30[m[K,
                 from [01m[K/home/student/41068RS12025-Group18/src/41068_ignition_bringup/src/mission_node.cpp:1[m[K:
[01m[K/home/student/41068RS12025-Group18/src/41068_ignition_bringup/src/mission_node.cpp:1041:21:[m[K [01;31m[Kerror: [m[Kinvalid use of â€˜[01m[Kthis[m[Kâ€™ in non-member function
 1041 |         RCLCPP_INFO([01;31m[Kthis[m[K->get_logger(),
      |                     [01;31m[K^~~~[m[K
[01m[K/home/student/41068RS12025-Group18/src/41068_ignition_bringup/src/mission_node.cpp:1041:21:[m[K [01;31m[Kerror: [m[Kinvalid use of â€˜[01m[Kthis[m[Kâ€™ in non-member function
 1041 |         RCLCPP_INFO([01;31m[Kthis[m[K->get_logger(),
      |                     [01;31m[K^~~~[m[K
[01m[K/home/student/41068RS12025-Group18/src/41068_ignition_bringup/src/mission_node.cpp:[m[K At global scope:
[01m[K/home/student/41068RS12025-Group18/src/41068_ignition_bringup/src/mission_node.cpp:1060:8:[m[K [01;31m[Kerror: [m[Kâ€˜[01m[KMissionPlannerNode[m[Kâ€™ has not been declared
 1060 |   void [01;31m[KMissionPlannerNode[m[K::infoRequestPingCallback(const std_msgs::msg::Empty::SharedPtr) {
      |        [01;31m[K^~~~~~~~~~~~~~~~~~[m[K
[01m[K/home/student/41068RS12025-Group18/src/41068_ignition_bringup/src/mission_node.cpp:[m[K In function â€˜[01m[Kvoid infoRequestPingCallback(std_msgs::msg::Empty_<std::allocator<void> >::SharedPtr)[m[Kâ€™:
[01m[K/home/student/41068RS12025-Group18/src/41068_ignition_bringup/src/mission_node.cpp:1062:16:[m[K [01;31m[Kerror: [m[Kâ€˜[01m[KbuildInfoManifestCsv[m[Kâ€™ was not declared in this scope
 1062 |     out.data = [01;31m[KbuildInfoManifestCsv[m[K();
      |                [01;31m[K^~~~~~~~~~~~~~~~~~~~[m[K
[01m[K/home/student/41068RS12025-Group18/src/41068_ignition_bringup/src/mission_node.cpp:1063:5:[m[K [01;31m[Kerror: [m[Kâ€˜[01m[Kinfo_manifest_pub_[m[Kâ€™ was not declared in this scope
 1063 |     [01;31m[Kinfo_manifest_pub_[m[K->publish(out);
      |     [01;31m[K^~~~~~~~~~~~~~~~~~[m[K
In file included from [01m[K/opt/ros/humble/include/rclcpp/rclcpp/client.hpp:40[m[K,
                 from [01m[K/opt/ros/humble/include/rclcpp/rclcpp/callback_group.hpp:24[m[K,
                 from [01m[K/opt/ros/humble/include/rclcpp/rclcpp/any_executable.hpp:20[m[K,
                 from [01m[K/opt/ros/humble/include/rclcpp/rclcpp/memory_strategy.hpp:25[m[K,
                 from [01m[K/opt/ros/humble/include/rclcpp/rclcpp/memory_strategies.hpp:18[m[K,
                 from [01m[K/opt/ros/humble/include/rclcpp/rclcpp/executor_options.hpp:20[m[K,
                 from [01m[K/opt/ros/humble/include/rclcpp/rclcpp/executor.hpp:37[m[K,
                 from [01m[K/opt/ros/humble/include/rclcpp/rclcpp/executors/multi_threaded_executor.hpp:25[m[K,
                 from [01m[K/opt/ros/humble/include/rclcpp/rclcpp/executors.hpp:21[m[K,
                 from [01m[K/opt/ros/humble/include/rclcpp/rclcpp/rclcpp.hpp:155[m[K,
                 from [01m[K/home/student/41068RS12025-Group18/src/41068_ignition_bringup/include/mission_node.h:30[m[K,
                 from [01m[K/home/student/41068RS12025-Group18/src/41068_ignition_bringup/src/mission_node.cpp:1[m[K:
[01m[K/home/student/41068RS12025-Group18/src/41068_ignition_bringup/src/mission_node.cpp:1064:18:[m[K [01;31m[Kerror: [m[Kinvalid use of â€˜[01m[Kthis[m[Kâ€™ in non-member function
 1064 |     RCLCPP_DEBUG([01;31m[Kthis[m[K->get_logger(), "Published info manifest in response to ping");
      |                  [01;31m[K^~~~[m[K
[01m[K/home/student/41068RS12025-Group18/src/41068_ignition_bringup/src/mission_node.cpp:1064:18:[m[K [01;31m[Kerror: [m[Kinvalid use of â€˜[01m[Kthis[m[Kâ€™ in non-member function
[01m[K/home/student/41068RS12025-Group18/src/41068_ignition_bringup/src/mission_node.cpp:1064:5:[m[K [01;31m[Kerror: [m[Ktemplate argument 1 is invalid
 1064 |     [01;31m[KRCLCPP_DEBUG[m[K(this->get_logger(), "Published info manifest in response to ping");
      |     [01;31m[K^~~~~~~~~~~~[m[K
In file included from [01m[K/opt/ros/humble/include/rclcpp/rclcpp/logging.hpp:24[m[K,
                 from [01m[K/opt/ros/humble/include/rclcpp/rclcpp/client.hpp:40[m[K,
                 from [01m[K/opt/ros/humble/include/rclcpp/rclcpp/callback_group.hpp:24[m[K,
                 from [01m[K/opt/ros/humble/include/rclcpp/rclcpp/any_executable.hpp:20[m[K,
                 from [01m[K/opt/ros/humble/include/rclcpp/rclcpp/memory_strategy.hpp:25[m[K,
                 from [01m[K/opt/ros/humble/include/rclcpp/rclcpp/memory_strategies.hpp:18[m[K,
                 from [01m[K/opt/ros/humble/include/rclcpp/rclcpp/executor_options.hpp:20[m[K,
                 from [01m[K/opt/ros/humble/include/rclcpp/rclcpp/executor.hpp:37[m[K,
                 from [01m[K/opt/ros/humble/include/rclcpp/rclcpp/executors/multi_threaded_executor.hpp:25[m[K,
                 from [01m[K/opt/ros/humble/include/rclcpp/rclcpp/executors.hpp:21[m[K,
                 from [01m[K/opt/ros/humble/include/rclcpp/rclcpp/rclcpp.hpp:155[m[K,
                 from [01m[K/home/student/41068RS12025-Group18/src/41068_ignition_bringup/include/mission_node.h:30[m[K,
                 from [01m[K/home/student/41068RS12025-Group18/src/41068_ignition_bringup/src/mission_node.cpp:1[m[K:
[01m[K/home/student/41068RS12025-Group18/src/41068_ignition_bringup/src/mission_node.cpp:1064:18:[m[K [01;31m[Kerror: [m[Kinvalid use of â€˜[01m[Kthis[m[Kâ€™ in non-member function
 1064 |     RCLCPP_DEBUG([01;31m[Kthis[m[K->get_logger(), "Published info manifest in response to ping");
      |                  [01;31m[K^~~~[m[K
[01m[K/home/student/41068RS12025-Group18/src/41068_ignition_bringup/src/mission_node.cpp:1064:18:[m[K [01;31m[Kerror: [m[Kinvalid use of â€˜[01m[Kthis[m[Kâ€™ in non-member function
 1064 |     RCLCPP_DEBUG([01;31m[Kthis[m[K->get_logger(), "Published info manifest in response to ping");
      |                  [01;31m[K^~~~[m[K
[01m[K/home/student/41068RS12025-Group18/src/41068_ignition_bringup/src/mission_node.cpp:[m[K At global scope:
[01m[K/home/student/41068RS12025-Group18/src/41068_ignition_bringup/src/mission_node.cpp:1067:15:[m[K [01;31m[Kerror: [m[Kâ€˜[01m[KMissionPlannerNode[m[Kâ€™ has not been declared
 1067 |   std::string [01;31m[KMissionPlannerNode[m[K::buildInfoManifestCsv() {
      |               [01;31m[K^~~~~~~~~~~~~~~~~~[m[K
[01m[K/home/student/41068RS12025-Group18/src/41068_ignition_bringup/src/mission_node.cpp:[m[K In function â€˜[01m[Kstd::string buildInfoManifestCsv()[m[Kâ€™:
[01m[K/home/student/41068RS12025-Group18/src/41068_ignition_bringup/src/mission_node.cpp:1071:20:[m[K [01;31m[Kerror: [m[Kâ€˜[01m[Kdrone_numeric_id_[m[Kâ€™ was not declared in this scope
 1071 |     ss << "id:" << [01;31m[Kdrone_numeric_id_[m[K
      |                    [01;31m[K^~~~~~~~~~~~~~~~~[m[K
[01m[K/home/student/41068RS12025-Group18/src/41068_ignition_bringup/src/mission_node.cpp:1072:36:[m[K [01;31m[Kerror: [m[Kâ€˜[01m[Kbattery_level_[m[Kâ€™ was not declared in this scope
 1072 |       << ",battery:" << std::clamp([01;31m[Kbattery_level_[m[K, 0.0, 1.0)
      |                                    [01;31m[K^~~~~~~~~~~~~~[m[K
[01m[K/home/student/41068RS12025-Group18/src/41068_ignition_bringup/src/mission_node.cpp:1073:23:[m[K [01;31m[Kerror: [m[Kâ€˜[01m[Kstate_machine_[m[Kâ€™ was not declared in this scope
 1073 |       << ",state:" << [01;31m[Kstate_machine_[m[K->getStateString()
      |                       [01;31m[K^~~~~~~~~~~~~~[m[K
[01m[K/home/student/41068RS12025-Group18/src/41068_ignition_bringup/src/mission_node.cpp:1074:19:[m[K [01;31m[Kerror: [m[Kâ€˜[01m[Kcurrent_pose_[m[Kâ€™ was not declared in this scope
 1074 |       << ",x:" << [01;31m[Kcurrent_pose_[m[K.pose.position.x
      |                   [01;31m[K^~~~~~~~~~~~~[m[K
[01m[K/home/student/41068RS12025-Group18/src/41068_ignition_bringup/src/mission_node.cpp:1077:19:[m[K [01;31m[Kerror: [m[Kinvalid use of â€˜[01m[Kthis[m[Kâ€™ in non-member function
 1077 |       << ",t:" << [01;31m[Kthis[m[K->now().nanoseconds();
      |                   [01;31m[K^~~~[m[K
[01m[K/home/student/41068RS12025-Group18/src/41068_ignition_bringup/src/mission_node.cpp:[m[K At global scope:
[01m[K/home/student/41068RS12025-Group18/src/41068_ignition_bringup/src/mission_node.cpp:1105:8:[m[K [01;31m[Kerror: [m[Kâ€˜[01m[KMissionPlannerNode[m[Kâ€™ has not been declared
 1105 |   void [01;31m[KMissionPlannerNode[m[K::infoManifestCallback(int peer_id, const std_msgs::msg::String::SharedPtr& msg) {
      |        [01;31m[K^~~~~~~~~~~~~~~~~~[m[K
In file included from [01m[K/opt/ros/humble/include/rclcpp/rclcpp/client.hpp:40[m[K,
                 from [01m[K/opt/ros/humble/include/rclcpp/rclcpp/callback_group.hpp:24[m[K,
                 from [01m[K/opt/ros/humble/include/rclcpp/rclcpp/any_executable.hpp:20[m[K,
                 from [01m[K/opt/ros/humble/include/rclcpp/rclcpp/memory_strategy.hpp:25[m[K,
                 from [01m[K/opt/ros/humble/include/rclcpp/rclcpp/memory_strategies.hpp:18[m[K,
                 from [01m[K/opt/ros/humble/include/rclcpp/rclcpp/executor_options.hpp:20[m[K,
                 from [01m[K/opt/ros/humble/include/rclcpp/rclcpp/executor.hpp:37[m[K,
                 from [01m[K/opt/ros/humble/include/rclcpp/rclcpp/executors/multi_threaded_executor.hpp:25[m[K,
                 from [01m[K/opt/ros/humble/include/rclcpp/rclcpp/executors.hpp:21[m[K,
                 from [01m[K/opt/ros/humble/include/rclcpp/rclcpp/rclcpp.hpp:155[m[K,
                 from [01m[K/home/student/41068RS12025-Group18/src/41068_ignition_bringup/include/mission_node.h:30[m[K,
                 from [01m[K/home/student/41068RS12025-Group18/src/41068_ignition_bringup/src/mission_node.cpp:1[m[K:
[01m[K/home/student/41068RS12025-Group18/src/41068_ignition_bringup/src/mission_node.cpp:[m[K In function â€˜[01m[Kvoid infoManifestCallback(int, const SharedPtr&)[m[Kâ€™:
[01m[K/home/student/41068RS12025-Group18/src/41068_ignition_bringup/src/mission_node.cpp:1106:17:[m[K [01;31m[Kerror: [m[Kinvalid use of â€˜[01m[Kthis[m[Kâ€™ in non-member function
 1106 |     RCLCPP_INFO([01;31m[Kthis[m[K->get_logger(), "ðŸ”µ CB fired: peer=%d msg=%s", peer_id, msg->data.c_str());  // <â€” add
      |                 [01;31m[K^~~~[m[K
[01m[K/home/student/41068RS12025-Group18/src/41068_ignition_bringup/src/mission_node.cpp:1106:17:[m[K [01;31m[Kerror: [m[Kinvalid use of â€˜[01m[Kthis[m[Kâ€™ in non-member function
[01m[K/home/student/41068RS12025-Group18/src/41068_ignition_bringup/src/mission_node.cpp:1106:5:[m[K [01;31m[Kerror: [m[Ktemplate argument 1 is invalid
 1106 |     [01;31m[KRCLCPP_INFO[m[K(this->get_logger(), "ðŸ”µ CB fired: peer=%d msg=%s", peer_id, msg->data.c_str());  // <â€” add
      |     [01;31m[K^~~~~~~~~~~[m[K
In file included from [01m[K/opt/ros/humble/include/rclcpp/rclcpp/logging.hpp:24[m[K,
                 from [01m[K/opt/ros/humble/include/rclcpp/rclcpp/client.hpp:40[m[K,
                 from [01m[K/opt/ros/humble/include/rclcpp/rclcpp/callback_group.hpp:24[m[K,
                 from [01m[K/opt/ros/humble/include/rclcpp/rclcpp/any_executable.hpp:20[m[K,
                 from [01m[K/opt/ros/humble/include/rclcpp/rclcpp/memory_strategy.hpp:25[m[K,
                 from [01m[K/opt/ros/humble/include/rclcpp/rclcpp/memory_strategies.hpp:18[m[K,
                 from [01m[K/opt/ros/humble/include/rclcpp/rclcpp/executor_options.hpp:20[m[K,
                 from [01m[K/opt/ros/humble/include/rclcpp/rclcpp/executor.hpp:37[m[K,
                 from [01m[K/opt/ros/humble/include/rclcpp/rclcpp/executors/multi_threaded_executor.hpp:25[m[K,
                 from [01m[K/opt/ros/humble/include/rclcpp/rclcpp/executors.hpp:21[m[K,
                 from [01m[K/opt/ros/humble/include/rclcpp/rclcpp/rclcpp.hpp:155[m[K,
                 from [01m[K/home/student/41068RS12025-Group18/src/41068_ignition_bringup/include/mission_node.h:30[m[K,
                 from [01m[K/home/student/41068RS12025-Group18/src/41068_ignition_bringup/src/mission_node.cpp:1[m[K:
[01m[K/home/student/41068RS12025-Group18/src/41068_ignition_bringup/src/mission_node.cpp:1106:17:[m[K [01;31m[Kerror: [m[Kinvalid use of â€˜[01m[Kthis[m[Kâ€™ in non-member function
 1106 |     RCLCPP_INFO([01;31m[Kthis[m[K->get_logger(), "ðŸ”µ CB fired: peer=%d msg=%s", peer_id, msg->data.c_str());  // <â€” add
      |                 [01;31m[K^~~~[m[K
[01m[K/home/student/41068RS12025-Group18/src/41068_ignition_bringup/src/mission_node.cpp:1106:17:[m[K [01;31m[Kerror: [m[Kinvalid use of â€˜[01m[Kthis[m[Kâ€™ in non-member function
 1106 |     RCLCPP_INFO([01;31m[Kthis[m[K->get_logger(), "ðŸ”µ CB fired: peer=%d msg=%s", peer_id, msg->data.c_str());  // <â€” add
      |                 [01;31m[K^~~~[m[K
[01m[K/home/student/41068RS12025-Group18/src/41068_ignition_bringup/src/mission_node.cpp:1110:5:[m[K [01;31m[Kerror: [m[Kâ€˜[01m[KPeerInfo[m[Kâ€™ was not declared in this scope; did you mean â€˜[01m[Kdrone::PeerInfo[m[Kâ€™?
 1110 |     [01;31m[KPeerInfo[m[K pi;
      |     [01;31m[K^~~~~~~~[m[K
      |     [32m[Kdrone::PeerInfo[m[K
In file included from [01m[K/home/student/41068RS12025-Group18/src/41068_ignition_bringup/src/mission_node.cpp:1[m[K:
[01m[K/home/student/41068RS12025-Group18/src/41068_ignition_bringup/include/mission_node.h:97:8:[m[K [01;36m[Knote: [m[Kâ€˜[01m[Kdrone::PeerInfo[m[Kâ€™ declared here
   97 | struct [01;36m[KPeerInfo[m[K {
      |        [01;36m[K^~~~~~~~[m[K
[01m[K/home/student/41068RS12025-Group18/src/41068_ignition_bringup/src/mission_node.cpp:1116:49:[m[K [01;31m[Kerror: [m[Kâ€˜[01m[Kpi[m[Kâ€™ was not declared in this scope
 1116 |       else if (k == "battery") { parseDouble(v, [01;31m[Kpi[m[K.battery); }
      |                                                 [01;31m[K^~[m[K
[01m[K/home/student/41068RS12025-Group18/src/41068_ignition_bringup/src/mission_node.cpp:1117:34:[m[K [01;31m[Kerror: [m[Kâ€˜[01m[Kpi[m[Kâ€™ was not declared in this scope
 1117 |       else if (k == "state")   { [01;31m[Kpi[m[K.state = stateFromString(v); }
      |                                  [01;31m[K^~[m[K
[01m[K/home/student/41068RS12025-Group18/src/41068_ignition_bringup/src/mission_node.cpp:1117:45:[m[K [01;31m[Kerror: [m[Kâ€˜[01m[KstateFromString[m[Kâ€™ was not declared in this scope
 1117 |       else if (k == "state")   { pi.state = [01;31m[KstateFromString[m[K(v); }
      |                                             [01;31m[K^~~~~~~~~~~~~~~[m[K
[01m[K/home/student/41068RS12025-Group18/src/41068_ignition_bringup/src/mission_node.cpp:1118:34:[m[K [01;31m[Kerror: [m[Kâ€˜[01m[Kpi[m[Kâ€™ was not declared in this scope
 1118 |       else if (k == "x")       { [01;31m[Kpi[m[K.pose.pose.position.x = std::stod(v); }
      |                                  [01;31m[K^~[m[K
[01m[K/home/student/41068RS12025-Group18/src/41068_ignition_bringup/src/mission_node.cpp:1119:34:[m[K [01;31m[Kerror: [m[Kâ€˜[01m[Kpi[m[Kâ€™ was not declared in this scope
 1119 |       else if (k == "y")       { [01;31m[Kpi[m[K.pose.pose.position.y = std::stod(v); }
      |                                  [01;31m[K^~[m[K
[01m[K/home/student/41068RS12025-Group18/src/41068_ignition_bringup/src/mission_node.cpp:1120:34:[m[K [01;31m[Kerror: [m[Kâ€˜[01m[Kpi[m[Kâ€™ was not declared in this scope
 1120 |       else if (k == "z")       { [01;31m[Kpi[m[K.pose.pose.position.z = std::stod(v); }
      |                                  [01;31m[K^~[m[K
[01m[K/home/student/41068RS12025-Group18/src/41068_ignition_bringup/src/mission_node.cpp:1123:5:[m[K [01;31m[Kerror: [m[Kâ€˜[01m[Kpi[m[Kâ€™ was not declared in this scope
 1123 |     [01;31m[Kpi[m[K.stamp = this->now();
      |     [01;31m[K^~[m[K
[01m[K/home/student/41068RS12025-Group18/src/41068_ignition_bringup/src/mission_node.cpp:1123:16:[m[K [01;31m[Kerror: [m[Kinvalid use of â€˜[01m[Kthis[m[Kâ€™ in non-member function
 1123 |     pi.stamp = [01;31m[Kthis[m[K->now();
      |                [01;31m[K^~~~[m[K
In file included from [01m[K/opt/ros/humble/include/rclcpp/rclcpp/client.hpp:40[m[K,
                 from [01m[K/opt/ros/humble/include/rclcpp/rclcpp/callback_group.hpp:24[m[K,
                 from [01m[K/opt/ros/humble/include/rclcpp/rclcpp/any_executable.hpp:20[m[K,
                 from [01m[K/opt/ros/humble/include/rclcpp/rclcpp/memory_strategy.hpp:25[m[K,
                 from [01m[K/opt/ros/humble/include/rclcpp/rclcpp/memory_strategies.hpp:18[m[K,
                 from [01m[K/opt/ros/humble/include/rclcpp/rclcpp/executor_options.hpp:20[m[K,
                 from [01m[K/opt/ros/humble/include/rclcpp/rclcpp/executor.hpp:37[m[K,
                 from [01m[K/opt/ros/humble/include/rclcpp/rclcpp/executors/multi_threaded_executor.hpp:25[m[K,
                 from [01m[K/opt/ros/humble/include/rclcpp/rclcpp/executors.hpp:21[m[K,
                 from [01m[K/opt/ros/humble/include/rclcpp/rclcpp/rclcpp.hpp:155[m[K,
                 from [01m[K/home/student/41068RS12025-Group18/src/41068_ignition_bringup/include/mission_node.h:30[m[K,
                 from [01m[K/home/student/41068RS12025-Group18/src/41068_ignition_bringup/src/mission_node.cpp:1[m[K:
[01m[K/home/student/41068RS12025-Group18/src/41068_ignition_bringup/src/mission_node.cpp:1127:19:[m[K [01;31m[Kerror: [m[Kinvalid use of â€˜[01m[Kthis[m[Kâ€™ in non-member function
 1127 |       RCLCPP_WARN([01;31m[Kthis[m[K->get_logger(), "Manifest id mismatch: msg_id=%d sub_peer=%d", id_from_msg, peer_id);
      |                   [01;31m[K^~~~[m[K
[01m[K/home/student/41068RS12025-Group18/src/41068_ignition_bringup/src/mission_node.cpp:1127:19:[m[K [01;31m[Kerror: [m[Kinvalid use of â€˜[01m[Kthis[m[Kâ€™ in non-member function
[01m[K/home/student/41068RS12025-Group18/src/41068_ignition_bringup/src/mission_node.cpp:1127:7:[m[K [01;31m[Kerror: [m[Ktemplate argument 1 is invalid
 1127 |       [01;31m[KRCLCPP_WARN[m[K(this->get_logger(), "Manifest id mismatch: msg_id=%d sub_peer=%d", id_from_msg, peer_id);
      |       [01;31m[K^~~~~~~~~~~[m[K
In file included from [01m[K/opt/ros/humble/include/rclcpp/rclcpp/logging.hpp:24[m[K,
                 from [01m[K/opt/ros/humble/include/rclcpp/rclcpp/client.hpp:40[m[K,
                 from [01m[K/opt/ros/humble/include/rclcpp/rclcpp/callback_group.hpp:24[m[K,
                 from [01m[K/opt/ros/humble/include/rclcpp/rclcpp/any_executable.hpp:20[m[K,
                 from [01m[K/opt/ros/humble/include/rclcpp/rclcpp/memory_strategy.hpp:25[m[K,
                 from [01m[K/opt/ros/humble/include/rclcpp/rclcpp/memory_strategies.hpp:18[m[K,
                 from [01m[K/opt/ros/humble/include/rclcpp/rclcpp/executor_options.hpp:20[m[K,
                 from [01m[K/opt/ros/humble/include/rclcpp/rclcpp/executor.hpp:37[m[K,
                 from [01m[K/opt/ros/humble/include/rclcpp/rclcpp/executors/multi_threaded_executor.hpp:25[m[K,
                 from [01m[K/opt/ros/humble/include/rclcpp/rclcpp/executors.hpp:21[m[K,
                 from [01m[K/opt/ros/humble/include/rclcpp/rclcpp/rclcpp.hpp:155[m[K,
                 from [01m[K/home/student/41068RS12025-Group18/src/41068_ignition_bringup/include/mission_node.h:30[m[K,
                 from [01m[K/home/student/41068RS12025-Group18/src/41068_ignition_bringup/src/mission_node.cpp:1[m[K:
[01m[K/home/student/41068RS12025-Group18/src/41068_ignition_bringup/src/mission_node.cpp:1127:19:[m[K [01;31m[Kerror: [m[Kinvalid use of â€˜[01m[Kthis[m[Kâ€™ in non-member function
 1127 |       RCLCPP_WARN([01;31m[Kthis[m[K->get_logger(), "Manifest id mismatch: msg_id=%d sub_peer=%d", id_from_msg, peer_id);
      |                   [01;31m[K^~~~[m[K
[01m[K/home/student/41068RS12025-Group18/src/41068_ignition_bringup/src/mission_node.cpp:1127:19:[m[K [01;31m[Kerror: [m[Kinvalid use of â€˜[01m[Kthis[m[Kâ€™ in non-member function
 1127 |       RCLCPP_WARN([01;31m[Kthis[m[K->get_logger(), "Manifest id mismatch: msg_id=%d sub_peer=%d", id_from_msg, peer_id);
      |                   [01;31m[K^~~~[m[K
[01m[K/home/student/41068RS12025-Group18/src/41068_ignition_bringup/src/mission_node.cpp:1131:40:[m[K [01;31m[Kerror: [m[Kâ€˜[01m[Kpeers_mutex_[m[Kâ€™ was not declared in this scope
 1131 |       std::lock_guard<std::mutex> lock([01;31m[Kpeers_mutex_[m[K);
      |                                        [01;31m[K^~~~~~~~~~~~[m[K
[01m[K/home/student/41068RS12025-Group18/src/41068_ignition_bringup/src/mission_node.cpp:1132:7:[m[K [01;31m[Kerror: [m[Kâ€˜[01m[Kpeer_info_[m[Kâ€™ was not declared in this scope; did you mean â€˜[01m[Kpeer_id[m[Kâ€™?
 1132 |       [01;31m[Kpeer_info_[m[K[peer_id] = pi;  // <â€” donâ€™t block on id match for now
      |       [01;31m[K^~~~~~~~~~[m[K
      |       [32m[Kpeer_id[m[K
In file included from [01m[K/opt/ros/humble/include/rclcpp/rclcpp/client.hpp:40[m[K,
                 from [01m[K/opt/ros/humble/include/rclcpp/rclcpp/callback_group.hpp:24[m[K,
                 from [01m[K/opt/ros/humble/include/rclcpp/rclcpp/any_executable.hpp:20[m[K,
                 from [01m[K/opt/ros/humble/include/rclcpp/rclcpp/memory_strategy.hpp:25[m[K,
                 from [01m[K/opt/ros/humble/include/rclcpp/rclcpp/memory_strategies.hpp:18[m[K,
                 from [01m[K/opt/ros/humble/include/rclcpp/rclcpp/executor_options.hpp:20[m[K,
                 from [01m[K/opt/ros/humble/include/rclcpp/rclcpp/executor.hpp:37[m[K,
                 from [01m[K/opt/ros/humble/include/rclcpp/rclcpp/executors/multi_threaded_executor.hpp:25[m[K,
                 from [01m[K/opt/ros/humble/include/rclcpp/rclcpp/executors.hpp:21[m[K,
                 from [01m[K/opt/ros/humble/include/rclcpp/rclcpp/rclcpp.hpp:155[m[K,
                 from [01m[K/home/student/41068RS12025-Group18/src/41068_ignition_bringup/include/mission_node.h:30[m[K,
                 from [01m[K/home/student/41068RS12025-Group18/src/41068_ignition_bringup/src/mission_node.cpp:1[m[K:
[01m[K/home/student/41068RS12025-Group18/src/41068_ignition_bringup/src/mission_node.cpp:1135:17:[m[K [01;31m[Kerror: [m[Kinvalid use of â€˜[01m[Kthis[m[Kâ€™ in non-member function
 1135 |     RCLCPP_INFO([01;31m[Kthis[m[K->get_logger(), "âœ… Stored peer_info[%d] stamp=%ld", peer_id, pi.stamp.nanoseconds());
      |                 [01;31m[K^~~~[m[K
[01m[K/home/student/41068RS12025-Group18/src/41068_ignition_bringup/src/mission_node.cpp:1135:17:[m[K [01;31m[Kerror: [m[Kinvalid use of â€˜[01m[Kthis[m[Kâ€™ in non-member function
[01m[K/home/student/41068RS12025-Group18/src/41068_ignition_bringup/src/mission_node.cpp:1135:5:[m[K [01;31m[Kerror: [m[Ktemplate argument 1 is invalid
 1135 |     [01;31m[KRCLCPP_INFO[m[K(this->get_logger(), "âœ… Stored peer_info[%d] stamp=%ld", peer_id, pi.stamp.nanoseconds());
      |     [01;31m[K^~~~~~~~~~~[m[K
In file included from [01m[K/opt/ros/humble/include/rclcpp/rclcpp/logging.hpp:24[m[K,
                 from [01m[K/opt/ros/humble/include/rclcpp/rclcpp/client.hpp:40[m[K,
                 from [01m[K/opt/ros/humble/include/rclcpp/rclcpp/callback_group.hpp:24[m[K,
                 from [01m[K/opt/ros/humble/include/rclcpp/rclcpp/any_executable.hpp:20[m[K,
                 from [01m[K/opt/ros/humble/include/rclcpp/rclcpp/memory_strategy.hpp:25[m[K,
                 from [01m[K/opt/ros/humble/include/rclcpp/rclcpp/memory_strategies.hpp:18[m[K,
                 from [01m[K/opt/ros/humble/include/rclcpp/rclcpp/executor_options.hpp:20[m[K,
                 from [01m[K/opt/ros/humble/include/rclcpp/rclcpp/executor.hpp:37[m[K,
                 from [01m[K/opt/ros/humble/include/rclcpp/rclcpp/executors/multi_threaded_executor.hpp:25[m[K,
                 from [01m[K/opt/ros/humble/include/rclcpp/rclcpp/executors.hpp:21[m[K,
                 from [01m[K/opt/ros/humble/include/rclcpp/rclcpp/rclcpp.hpp:155[m[K,
                 from [01m[K/home/student/41068RS12025-Group18/src/41068_ignition_bringup/include/mission_node.h:30[m[K,
                 from [01m[K/home/student/41068RS12025-Group18/src/41068_ignition_bringup/src/mission_node.cpp:1[m[K:
[01m[K/home/student/41068RS12025-Group18/src/41068_ignition_bringup/src/mission_node.cpp:1135:17:[m[K [01;31m[Kerror: [m[Kinvalid use of â€˜[01m[Kthis[m[Kâ€™ in non-member function
 1135 |     RCLCPP_INFO([01;31m[Kthis[m[K->get_logger(), "âœ… Stored peer_info[%d] stamp=%ld", peer_id, pi.stamp.nanoseconds());
      |                 [01;31m[K^~~~[m[K
[01m[K/home/student/41068RS12025-Group18/src/41068_ignition_bringup/src/mission_node.cpp:1135:17:[m[K [01;31m[Kerror: [m[Kinvalid use of â€˜[01m[Kthis[m[Kâ€™ in non-member function
 1135 |     RCLCPP_INFO([01;31m[Kthis[m[K->get_logger(), "âœ… Stored peer_info[%d] stamp=%ld", peer_id, pi.stamp.nanoseconds());
      |                 [01;31m[K^~~~[m[K
[01m[K/home/student/41068RS12025-Group18/src/41068_ignition_bringup/src/mission_node.cpp:[m[K At global scope:
[01m[K/home/student/41068RS12025-Group18/src/41068_ignition_bringup/src/mission_node.cpp:1137:1:[m[K [01;31m[Kerror: [m[Kexpected declaration before â€˜[01m[K}[m[Kâ€™ token
 1137 | [01;31m[K}[m[K  // namespace drone
      | [01;31m[K^[m[K
[01m[K/home/student/41068RS12025-Group18/src/41068_ignition_bringup/src/mission_node.cpp:8:27:[m[K [01;35m[Kwarning: [m[Kâ€˜[01m[Kstd::string drone::trimCopy(std::string)[m[Kâ€™ declared â€˜[01m[Kstatic[m[Kâ€™ but never defined [[01;35m[K]8;;https://gcc.gnu.org/onlinedocs/gcc/Warning-Options.html#index-Wunused-function-Wunused-function]8;;[m[K]
    8 | static inline std::string [01;35m[KtrimCopy[m[K(std::string s);
      |                           [01;35m[K^~~~~~~~[m[K
[01m[K/home/student/41068RS12025-Group18/src/41068_ignition_bringup/src/mission_node.cpp:9:40:[m[K [01;35m[Kwarning: [m[Kâ€˜[01m[Kstd::vector<std::__cxx11::basic_string<char> > drone::splitCSV(const string&)[m[Kâ€™ declared â€˜[01m[Kstatic[m[Kâ€™ but never defined [[01;35m[K]8;;https://gcc.gnu.org/onlinedocs/gcc/Warning-Options.html#index-Wunused-function-Wunused-function]8;;[m[K]
    9 | static inline std::vector<std::string> [01;35m[KsplitCSV[m[K(const std::string& s);
      |                                        [01;35m[K^~~~~~~~[m[K
[01m[K/home/student/41068RS12025-Group18/src/41068_ignition_bringup/src/mission_node.cpp:10:20:[m[K [01;35m[Kwarning: [m[Kâ€˜[01m[Kbool drone::parseDouble(const string&, double&)[m[Kâ€™ declared â€˜[01m[Kstatic[m[Kâ€™ but never defined [[01;35m[K]8;;https://gcc.gnu.org/onlinedocs/gcc/Warning-Options.html#index-Wunused-function-Wunused-function]8;;[m[K]
   10 | static inline bool [01;35m[KparseDouble[m[K(const std::string& s, double& out);
      |                    [01;35m[K^~~~~~~~~~~[m[K
[01m[K/home/student/41068RS12025-Group18/src/41068_ignition_bringup/src/mission_node.cpp:12:20:[m[K [01;35m[Kwarning: [m[Kâ€˜[01m[Kstd::string drone::missionStateToString(drone::MissionState)[m[Kâ€™ declared â€˜[01m[Kstatic[m[Kâ€™ but never defined [[01;35m[K]8;;https://gcc.gnu.org/onlinedocs/gcc/Warning-Options.html#index-Wunused-function-Wunused-function]8;;[m[K]
   12 | static std::string [01;35m[KmissionStateToString[m[K(MissionState state);  // ADD THIS LINE
      |                    [01;35m[K^~~~~~~~~~~~~~~~~~~~[m[K
[01m[K/home/student/41068RS12025-Group18/src/41068_ignition_bringup/src/mission_node.cpp:8:27:[m[K [01;35m[Kwarning: [m[Kinline function â€˜[01m[Kstd::string drone::trimCopy(std::string)[m[Kâ€™ used but never defined
    8 | static inline std::string [01;35m[KtrimCopy[m[K(std::string s);
      |                           [01;35m[K^~~~~~~~[m[K
[01m[K/home/student/41068RS12025-Group18/src/41068_ignition_bringup/src/mission_node.cpp:9:40:[m[K [01;35m[Kwarning: [m[Kinline function â€˜[01m[Kstd::vector<std::__cxx11::basic_string<char> > drone::splitCSV(const string&)[m[Kâ€™ used but never defined
    9 | static inline std::vector<std::string> [01;35m[KsplitCSV[m[K(const std::string& s);
      |                                        [01;35m[K^~~~~~~~[m[K
gmake[2]: *** [CMakeFiles/mission_planner_component.dir/build.make:76: CMakeFiles/mission_planner_component.dir/src/mission_node.cpp.o] Error 1
gmake[1]: *** [CMakeFiles/Makefile2:283: CMakeFiles/mission_planner_component.dir/all] Error 2
gmake[1]: *** Waiting for unfinished jobs....
gmake: *** [Makefile:146: all] Error 2
