[0.012s] Invoking command in '/home/student/41068RS12025-Group18/build/rs1_robot': CMAKE_PREFIX_PATH=${CMAKE_PREFIX_PATH}:/opt/ros/humble /usr/bin/cmake --build /home/student/41068RS12025-Group18/build/rs1_robot -- -j8 -l8
[0.064s] [35m[1mConsolidate compiler generated dependencies of target mission_executor[0m
[0.064s] [35m[1mConsolidate compiler generated dependencies of target state_machine[0m
[0.074s] [ 12%] Built target path_planner
[0.074s] [ 18%] [32mBuilding CXX object CMakeFiles/pid_controller.dir/src/pid.cpp.o[0m
[0.082s] [ 25%] [32mBuilding CXX object CMakeFiles/mission_executor.dir/src/mission_executor.cpp.o[0m
[0.083s] [ 31%] [32mBuilding CXX object CMakeFiles/state_machine.dir/src/state_machine.cpp.o[0m
[0.404s] [ 37%] [32m[1mLinking CXX shared library libpid_controller.so[0m
[0.475s] [ 37%] Built target pid_controller
[0.490s] [35m[1mConsolidate compiler generated dependencies of target drone_control[0m
[0.510s] [ 43%] [32mBuilding CXX object CMakeFiles/drone_control.dir/src/drone_control.cpp.o[0m
[2.851s] [ 50%] [32m[1mLinking CXX shared library libmission_executor.so[0m
[2.852s] [ 56%] [32m[1mLinking CXX shared library libstate_machine.so[0m
[2.956s] [ 56%] Built target state_machine
[2.980s] [ 56%] Built target mission_executor
[3.004s] [ 62%] [32mBuilding CXX object CMakeFiles/mission_planner_component.dir/src/mission_node.cpp.o[0m
[3.767s] [ 68%] [32m[1mLinking CXX shared library libdrone_control.so[0m
[4.209s] [ 68%] Built target drone_control
[4.232s] [ 75%] [32mBuilding CXX object CMakeFiles/drone_controller_enhanced_component.dir/src/drone_node.cpp.o[0m
[5.982s] [01m[K/home/student/41068RS12025-Group18/src/41068_ignition_bringup/src/mission_node.cpp:[m[K In constructor â€˜[01m[Kdrone::MissionPlannerNode::MissionPlannerNode(const rclcpp::NodeOptions&)[m[Kâ€™:
[5.982s] [01m[K/home/student/41068RS12025-Group18/src/41068_ignition_bringup/src/mission_node.cpp:91:104:[m[K [01;31m[Kerror: [m[Kâ€˜[01m[KdiscoverPeerDrone[m[Kâ€™ is not a member of â€˜[01m[Kdrone::MissionPlannerNode[m[Kâ€™
[5.982s]    91 |     discovery_timer_ = this->create_wall_timer(std::chrono::seconds(5), std::bind(&MissionPlannerNode::[01;31m[KdiscoverPeerDrone[m[K, this));
[5.983s]       |                                                                                                        [01;31m[K^~~~~~~~~~~~~~~~~[m[K
[5.988s] [01m[K/home/student/41068RS12025-Group18/src/41068_ignition_bringup/src/mission_node.cpp:95:5:[m[K [01;31m[Kerror: [m[Kâ€˜[01m[KdiscoverPeerDrone[m[Kâ€™ was not declared in this scope; did you mean â€˜[01m[KdiscoverPeerDrones[m[Kâ€™?
[5.988s]    95 |     [01;31m[KdiscoverPeerDrone[m[K();
[5.988s]       |     [01;31m[K^~~~~~~~~~~~~~~~~[m[K
[5.988s]       |     [32m[KdiscoverPeerDrones[m[K
[6.029s] [01m[K/home/student/41068RS12025-Group18/src/41068_ignition_bringup/src/mission_node.cpp:[m[K In member function â€˜[01m[Kvoid drone::MissionPlannerNode::assignmentCallback(std_msgs::msg::String_<std::allocator<void> >::SharedPtr)[m[Kâ€™:
[6.029s] [01m[K/home/student/41068RS12025-Group18/src/41068_ignition_bringup/src/mission_node.cpp:286:34:[m[K [01;31m[Kerror: [m[Kâ€˜[01m[Kdx[m[Kâ€™ was not declared in this scope
[6.029s]   286 |       wp_depot.pose.position.x = [01;31m[Kdx[m[K;
[6.029s]       |                                  [01;31m[K^~[m[K
[6.033s] [01m[K/home/student/41068RS12025-Group18/src/41068_ignition_bringup/src/mission_node.cpp:287:34:[m[K [01;31m[Kerror: [m[Kâ€˜[01m[Kdy[m[Kâ€™ was not declared in this scope
[6.033s]   287 |       wp_depot.pose.position.y = [01;31m[Kdy[m[K;
[6.033s]       |                                  [01;31m[K^~[m[K
[6.036s] [01m[K/home/student/41068RS12025-Group18/src/41068_ignition_bringup/src/mission_node.cpp:288:34:[m[K [01;31m[Kerror: [m[Kâ€˜[01m[Kdz[m[Kâ€™ was not declared in this scope
[6.036s]   288 |       wp_depot.pose.position.z = [01;31m[Kdz[m[K;
[6.036s]       |                                  [01;31m[K^~[m[K
[6.037s] [01m[K/home/student/41068RS12025-Group18/src/41068_ignition_bringup/src/mission_node.cpp:[m[K At global scope:
[6.037s] [01m[K/home/student/41068RS12025-Group18/src/41068_ignition_bringup/src/mission_node.cpp:296:5:[m[K [01;31m[Kerror: [m[Kexpected unqualified-id before â€˜[01m[Kelse[m[Kâ€™
[6.037s]   296 |     [01;31m[Kelse[m[K if (tokens[1] == "FETCH_RT") {
[6.037s]       |     [01;31m[K^~~~[m[K
[6.037s] [01m[K/home/student/41068RS12025-Group18/src/41068_ignition_bringup/src/mission_node.cpp:325:8:[m[K [01;31m[Kerror: [m[Kâ€˜[01m[KMissionPlannerNode[m[Kâ€™ has not been declared
[6.037s]   325 |   void [01;31m[KMissionPlannerNode[m[K::sendMissionToLowestDrone(const ScenarioData& scenario) {
[6.037s]       |        [01;31m[K^~~~~~~~~~~~~~~~~~[m[K
[6.038s] [01m[K/home/student/41068RS12025-Group18/src/41068_ignition_bringup/src/mission_node.cpp:325:59:[m[K [01;31m[Kerror: [m[Kâ€˜[01m[KScenarioData[m[Kâ€™ does not name a type
[6.038s]   325 |   void MissionPlannerNode::sendMissionToLowestDrone(const [01;31m[KScenarioData[m[K& scenario) {
[6.038s]       |                                                           [01;31m[K^~~~~~~~~~~~[m[K
[6.038s] [01m[K/home/student/41068RS12025-Group18/src/41068_ignition_bringup/src/mission_node.cpp:[m[K In function â€˜[01m[Kvoid sendMissionToLowestDrone(const int&)[m[Kâ€™:
[6.038s] [01m[K/home/student/41068RS12025-Group18/src/41068_ignition_bringup/src/mission_node.cpp:325:73:[m[K [01;35m[Kwarning: [m[Kunused parameter â€˜[01m[Kscenario[m[Kâ€™ [[01;35m[K]8;;https://gcc.gnu.org/onlinedocs/gcc/Warning-Options.html#index-Wunused-parameter-Wunused-parameter]8;;[m[K]
[6.039s]   325 |   void MissionPlannerNode::sendMissionToLowestDrone([01;35m[Kconst ScenarioData& scenario[m[K) {
[6.039s]       |                                                     [01;35m[K~~~~~~~~~~~~~~~~~~~~^~~~~~~~[m[K
[6.039s] [01m[K/home/student/41068RS12025-Group18/src/41068_ignition_bringup/src/mission_node.cpp:[m[K At global scope:
[6.039s] [01m[K/home/student/41068RS12025-Group18/src/41068_ignition_bringup/src/mission_node.cpp:328:8:[m[K [01;31m[Kerror: [m[Kâ€˜[01m[KMissionPlannerNode[m[Kâ€™ has not been declared
[6.039s]   328 |   bool [01;31m[KMissionPlannerNode[m[K::canStateTransitionTo(MissionState current_state, MissionState target_state) {
[6.039s]       |        [01;31m[K^~~~~~~~~~~~~~~~~~[m[K
[6.039s] [01m[K/home/student/41068RS12025-Group18/src/41068_ignition_bringup/src/mission_node.cpp:328:49:[m[K [01;31m[Kerror: [m[Kâ€˜[01m[KMissionState[m[Kâ€™ was not declared in this scope; did you mean â€˜[01m[Kdrone::MissionState[m[Kâ€™?
[6.039s]   328 |   bool MissionPlannerNode::canStateTransitionTo([01;31m[KMissionState[m[K current_state, MissionState target_state) {
[6.040s]       |                                                 [01;31m[K^~~~~~~~~~~~[m[K
[6.040s]       |                                                 [32m[Kdrone::MissionState[m[K
[6.040s] In file included from [01m[K/home/student/41068RS12025-Group18/src/41068_ignition_bringup/include/mission/state_machine.h:15[m[K,
[6.040s]                  from [01m[K/home/student/41068RS12025-Group18/src/41068_ignition_bringup/include/mission_node.h:38[m[K,
[6.040s]                  from [01m[K/home/student/41068RS12025-Group18/src/41068_ignition_bringup/src/mission_node.cpp:1[m[K:
[6.040s] [01m[K/home/student/41068RS12025-Group18/src/41068_ignition_bringup/include/mission_state.h:23:12:[m[K [01;36m[Knote: [m[Kâ€˜[01m[Kdrone::MissionState[m[Kâ€™ declared here
[6.040s]    23 | enum class [01;36m[KMissionState[m[K
[6.040s]       |            [01;36m[K^~~~~~~~~~~~[m[K
[6.040s] [01m[K/home/student/41068RS12025-Group18/src/41068_ignition_bringup/src/mission_node.cpp:328:77:[m[K [01;31m[Kerror: [m[Kâ€˜[01m[KMissionState[m[Kâ€™ was not declared in this scope; did you mean â€˜[01m[Kdrone::MissionState[m[Kâ€™?
[6.040s]   328 |   bool MissionPlannerNode::canStateTransitionTo(MissionState current_state, [01;31m[KMissionState[m[K target_state) {
[6.040s]       |                                                                             [01;31m[K^~~~~~~~~~~~[m[K
[6.040s]       |                                                                             [32m[Kdrone::MissionState[m[K
[6.040s] In file included from [01m[K/home/student/41068RS12025-Group18/src/41068_ignition_bringup/include/mission/state_machine.h:15[m[K,
[6.040s]                  from [01m[K/home/student/41068RS12025-Group18/src/41068_ignition_bringup/include/mission_node.h:38[m[K,
[6.040s]                  from [01m[K/home/student/41068RS12025-Group18/src/41068_ignition_bringup/src/mission_node.cpp:1[m[K:
[6.041s] [01m[K/home/student/41068RS12025-Group18/src/41068_ignition_bringup/include/mission_state.h:23:12:[m[K [01;36m[Knote: [m[Kâ€˜[01m[Kdrone::MissionState[m[Kâ€™ declared here
[6.041s]    23 | enum class [01;36m[KMissionState[m[K
[6.041s]       |            [01;36m[K^~~~~~~~~~~~[m[K
[6.041s] [01m[K/home/student/41068RS12025-Group18/src/41068_ignition_bringup/src/mission_node.cpp:328:102:[m[K [01;31m[Kerror: [m[Kexpression list treated as compound expression in initializer [[01;31m[K]8;;https://gcc.gnu.org/onlinedocs/gcc/Warning-Options.html#index-fpermissive-fpermissive]8;;[m[K]
[6.041s]   328 |   bool MissionPlannerNode::canStateTransitionTo(MissionState current_state, MissionState target_state[01;31m[K)[m[K {
[6.041s]       |                                                                                                      [01;31m[K^[m[K
[6.041s] [01m[K/home/student/41068RS12025-Group18/src/41068_ignition_bringup/src/mission_node.cpp:384:8:[m[K [01;31m[Kerror: [m[Kâ€˜[01m[KMissionPlannerNode[m[Kâ€™ has not been declared
[6.041s]   384 |   void [01;31m[KMissionPlannerNode[m[K::loadWaypointsFromParams() {
[6.041s]       |        [01;31m[K^~~~~~~~~~~~~~~~~~[m[K
[6.041s] In file included from [01m[K/opt/ros/humble/include/rclcpp/rclcpp/client.hpp:40[m[K,
[6.041s]                  from [01m[K/opt/ros/humble/include/rclcpp/rclcpp/callback_group.hpp:24[m[K,
[6.041s]                  from [01m[K/opt/ros/humble/include/rclcpp/rclcpp/any_executable.hpp:20[m[K,
[6.041s]                  from [01m[K/opt/ros/humble/include/rclcpp/rclcpp/memory_strategy.hpp:25[m[K,
[6.041s]                  from [01m[K/opt/ros/humble/include/rclcpp/rclcpp/memory_strategies.hpp:18[m[K,
[6.041s]                  from [01m[K/opt/ros/humble/include/rclcpp/rclcpp/executor_options.hpp:20[m[K,
[6.041s]                  from [01m[K/opt/ros/humble/include/rclcpp/rclcpp/executor.hpp:37[m[K,
[6.041s]                  from [01m[K/opt/ros/humble/include/rclcpp/rclcpp/executors/multi_threaded_executor.hpp:25[m[K,
[6.042s]                  from [01m[K/opt/ros/humble/include/rclcpp/rclcpp/executors.hpp:21[m[K,
[6.042s]                  from [01m[K/opt/ros/humble/include/rclcpp/rclcpp/rclcpp.hpp:155[m[K,
[6.042s]                  from [01m[K/home/student/41068RS12025-Group18/src/41068_ignition_bringup/include/mission_node.h:30[m[K,
[6.042s]                  from [01m[K/home/student/41068RS12025-Group18/src/41068_ignition_bringup/src/mission_node.cpp:1[m[K:
[6.042s] [01m[K/home/student/41068RS12025-Group18/src/41068_ignition_bringup/src/mission_node.cpp:[m[K In function â€˜[01m[Kvoid loadWaypointsFromParams()[m[Kâ€™:
[6.042s] [01m[K/home/student/41068RS12025-Group18/src/41068_ignition_bringup/src/mission_node.cpp:385:17:[m[K [01;31m[Kerror: [m[Kinvalid use of â€˜[01m[Kthis[m[Kâ€™ in non-member function
[6.042s]   385 |     RCLCPP_INFO([01;31m[Kthis[m[K->get_logger(), "Loading waypoints from flattened parameters for %s", drone_id_.c_str());
[6.042s]       |                 [01;31m[K^~~~[m[K
[6.042s] [01m[K/home/student/41068RS12025-Group18/src/41068_ignition_bringup/src/mission_node.cpp:385:17:[m[K [01;31m[Kerror: [m[Kinvalid use of â€˜[01m[Kthis[m[Kâ€™ in non-member function
[6.042s] [01m[K/home/student/41068RS12025-Group18/src/41068_ignition_bringup/src/mission_node.cpp:385:5:[m[K [01;31m[Kerror: [m[Ktemplate argument 1 is invalid
[6.042s]   385 |     [01;31m[KRCLCPP_INFO[m[K(this->get_logger(), "Loading waypoints from flattened parameters for %s", drone_id_.c_str());
[6.042s]       |     [01;31m[K^~~~~~~~~~~[m[K
[6.042s] In file included from [01m[K/opt/ros/humble/include/rclcpp/rclcpp/logging.hpp:24[m[K,
[6.042s]                  from [01m[K/opt/ros/humble/include/rclcpp/rclcpp/client.hpp:40[m[K,
[6.042s]                  from [01m[K/opt/ros/humble/include/rclcpp/rclcpp/callback_group.hpp:24[m[K,
[6.042s]                  from [01m[K/opt/ros/humble/include/rclcpp/rclcpp/any_executable.hpp:20[m[K,
[6.042s]                  from [01m[K/opt/ros/humble/include/rclcpp/rclcpp/memory_strategy.hpp:25[m[K,
[6.043s]                  from [01m[K/opt/ros/humble/include/rclcpp/rclcpp/memory_strategies.hpp:18[m[K,
[6.043s]                  from [01m[K/opt/ros/humble/include/rclcpp/rclcpp/executor_options.hpp:20[m[K,
[6.043s]                  from [01m[K/opt/ros/humble/include/rclcpp/rclcpp/executor.hpp:37[m[K,
[6.043s]                  from [01m[K/opt/ros/humble/include/rclcpp/rclcpp/executors/multi_threaded_executor.hpp:25[m[K,
[6.043s]                  from [01m[K/opt/ros/humble/include/rclcpp/rclcpp/executors.hpp:21[m[K,
[6.043s]                  from [01m[K/opt/ros/humble/include/rclcpp/rclcpp/rclcpp.hpp:155[m[K,
[6.043s]                  from [01m[K/home/student/41068RS12025-Group18/src/41068_ignition_bringup/include/mission_node.h:30[m[K,
[6.043s]                  from [01m[K/home/student/41068RS12025-Group18/src/41068_ignition_bringup/src/mission_node.cpp:1[m[K:
[6.043s] [01m[K/home/student/41068RS12025-Group18/src/41068_ignition_bringup/src/mission_node.cpp:385:17:[m[K [01;31m[Kerror: [m[Kinvalid use of â€˜[01m[Kthis[m[Kâ€™ in non-member function
[6.043s]   385 |     RCLCPP_INFO([01;31m[Kthis[m[K->get_logger(), "Loading waypoints from flattened parameters for %s", drone_id_.c_str());
[6.043s]       |                 [01;31m[K^~~~[m[K
[6.043s] [01m[K/home/student/41068RS12025-Group18/src/41068_ignition_bringup/src/mission_node.cpp:385:17:[m[K [01;31m[Kerror: [m[Kinvalid use of â€˜[01m[Kthis[m[Kâ€™ in non-member function
[6.043s]   385 |     RCLCPP_INFO([01;31m[Kthis[m[K->get_logger(), "Loading waypoints from flattened parameters for %s", drone_id_.c_str());
[6.043s]       |                 [01;31m[K^~~~[m[K
[6.044s] [01m[K/home/student/41068RS12025-Group18/src/41068_ignition_bringup/src/mission_node.cpp:385:91:[m[K [01;31m[Kerror: [m[Kâ€˜[01m[Kdrone_id_[m[Kâ€™ was not declared in this scope
[6.044s]   385 |     RCLCPP_INFO(this->get_logger(), "Loading waypoints from flattened parameters for %s", [01;31m[Kdrone_id_[m[K.c_str());
[6.044s]       |                                                                                           [01;31m[K^~~~~~~~~[m[K
[6.044s] [01m[K/home/student/41068RS12025-Group18/src/41068_ignition_bringup/src/mission_node.cpp:389:13:[m[K [01;31m[Kerror: [m[Kinvalid use of â€˜[01m[Kthis[m[Kâ€™ in non-member function
[6.044s]   389 |         if ([01;31m[Kthis[m[K->has_parameter("mission_name")) {
[6.044s]       |             [01;31m[K^~~~[m[K
[6.044s] [01m[K/home/student/41068RS12025-Group18/src/41068_ignition_bringup/src/mission_node.cpp:390:40:[m[K [01;31m[Kerror: [m[Kinvalid use of â€˜[01m[Kthis[m[Kâ€™ in non-member function
[6.044s]   390 |             std::string mission_name = [01;31m[Kthis[m[K->get_parameter("mission_name").as_string();
[6.044s]       |                                        [01;31m[K^~~~[m[K
[6.044s] In file included from [01m[K/opt/ros/humble/include/rclcpp/rclcpp/client.hpp:40[m[K,
[6.044s]                  from [01m[K/opt/ros/humble/include/rclcpp/rclcpp/callback_group.hpp:24[m[K,
[6.045s]                  from [01m[K/opt/ros/humble/include/rclcpp/rclcpp/any_executable.hpp:20[m[K,
[6.045s]                  from [01m[K/opt/ros/humble/include/rclcpp/rclcpp/memory_strategy.hpp:25[m[K,
[6.045s]                  from [01m[K/opt/ros/humble/include/rclcpp/rclcpp/memory_strategies.hpp:18[m[K,
[6.045s]                  from [01m[K/opt/ros/humble/include/rclcpp/rclcpp/executor_options.hpp:20[m[K,
[6.045s]                  from [01m[K/opt/ros/humble/include/rclcpp/rclcpp/executor.hpp:37[m[K,
[6.045s]                  from [01m[K/opt/ros/humble/include/rclcpp/rclcpp/executors/multi_threaded_executor.hpp:25[m[K,
[6.045s]                  from [01m[K/opt/ros/humble/include/rclcpp/rclcpp/executors.hpp:21[m[K,
[6.045s]                  from [01m[K/opt/ros/humble/include/rclcpp/rclcpp/rclcpp.hpp:155[m[K,
[6.045s]                  from [01m[K/home/student/41068RS12025-Group18/src/41068_ignition_bringup/include/mission_node.h:30[m[K,
[6.045s]                  from [01m[K/home/student/41068RS12025-Group18/src/41068_ignition_bringup/src/mission_node.cpp:1[m[K:
[6.045s] [01m[K/home/student/41068RS12025-Group18/src/41068_ignition_bringup/src/mission_node.cpp:391:25:[m[K [01;31m[Kerror: [m[Kinvalid use of â€˜[01m[Kthis[m[Kâ€™ in non-member function
[6.045s]   391 |             RCLCPP_INFO([01;31m[Kthis[m[K->get_logger(), "Mission: %s", mission_name.c_str());
[6.045s]       |                         [01;31m[K^~~~[m[K
[6.045s] [01m[K/home/student/41068RS12025-Group18/src/41068_ignition_bringup/src/mission_node.cpp:391:25:[m[K [01;31m[Kerror: [m[Kinvalid use of â€˜[01m[Kthis[m[Kâ€™ in non-member function
[6.046s] [01m[K/home/student/41068RS12025-Group18/src/41068_ignition_bringup/src/mission_node.cpp:391:13:[m[K [01;31m[Kerror: [m[Ktemplate argument 1 is invalid
[6.046s]   391 |             [01;31m[KRCLCPP_INFO[m[K(this->get_logger(), "Mission: %s", mission_name.c_str());
[6.046s]       |             [01;31m[K^~~~~~~~~~~[m[K
[6.046s] In file included from [01m[K/opt/ros/humble/include/rclcpp/rclcpp/logging.hpp:24[m[K,
[6.046s]                  from [01m[K/opt/ros/humble/include/rclcpp/rclcpp/client.hpp:40[m[K,
[6.046s]                  from [01m[K/opt/ros/humble/include/rclcpp/rclcpp/callback_group.hpp:24[m[K,
[6.046s]                  from [01m[K/opt/ros/humble/include/rclcpp/rclcpp/any_executable.hpp:20[m[K,
[6.046s]                  from [01m[K/opt/ros/humble/include/rclcpp/rclcpp/memory_strategy.hpp:25[m[K,
[6.046s]                  from [01m[K/opt/ros/humble/include/rclcpp/rclcpp/memory_strategies.hpp:18[m[K,
[6.047s]                  from [01m[K/opt/ros/humble/include/rclcpp/rclcpp/executor_options.hpp:20[m[K,
[6.047s]                  from [01m[K/opt/ros/humble/include/rclcpp/rclcpp/executor.hpp:37[m[K,
[6.047s]                  from [01m[K/opt/ros/humble/include/rclcpp/rclcpp/executors/multi_threaded_executor.hpp:25[m[K,
[6.047s]                  from [01m[K/opt/ros/humble/include/rclcpp/rclcpp/executors.hpp:21[m[K,
[6.047s]                  from [01m[K/opt/ros/humble/include/rclcpp/rclcpp/rclcpp.hpp:155[m[K,
[6.047s]                  from [01m[K/home/student/41068RS12025-Group18/src/41068_ignition_bringup/include/mission_node.h:30[m[K,
[6.047s]                  from [01m[K/home/student/41068RS12025-Group18/src/41068_ignition_bringup/src/mission_node.cpp:1[m[K:
[6.047s] [01m[K/home/student/41068RS12025-Group18/src/41068_ignition_bringup/src/mission_node.cpp:391:25:[m[K [01;31m[Kerror: [m[Kinvalid use of â€˜[01m[Kthis[m[Kâ€™ in non-member function
[6.047s]   391 |             RCLCPP_INFO([01;31m[Kthis[m[K->get_logger(), "Mission: %s", mission_name.c_str());
[6.047s]       |                         [01;31m[K^~~~[m[K
[6.047s] [01m[K/home/student/41068RS12025-Group18/src/41068_ignition_bringup/src/mission_node.cpp:391:25:[m[K [01;31m[Kerror: [m[Kinvalid use of â€˜[01m[Kthis[m[Kâ€™ in non-member function
[6.047s]   391 |             RCLCPP_INFO([01;31m[Kthis[m[K->get_logger(), "Mission: %s", mission_name.c_str());
[6.047s]       |                         [01;31m[K^~~~[m[K
[6.048s] [01m[K/home/student/41068RS12025-Group18/src/41068_ignition_bringup/src/mission_node.cpp:401:18:[m[K [01;31m[Kerror: [m[Kinvalid use of â€˜[01m[Kthis[m[Kâ€™ in non-member function
[6.048s]   401 |             if (![01;31m[Kthis[m[K->has_parameter(x_key)) {
[6.048s]       |                  [01;31m[K^~~~[m[K
[6.048s] [01m[K/home/student/41068RS12025-Group18/src/41068_ignition_bringup/src/mission_node.cpp:411:37:[m[K [01;31m[Kerror: [m[Kinvalid use of â€˜[01m[Kthis[m[Kâ€™ in non-member function
[6.048s]   411 |             waypoint.header.stamp = [01;31m[Kthis[m[K->get_clock()->now();
[6.048s]       |                                     [01;31m[K^~~~[m[K
[6.048s] [01m[K/home/student/41068RS12025-Group18/src/41068_ignition_bringup/src/mission_node.cpp:412:40:[m[K [01;31m[Kerror: [m[Kinvalid use of â€˜[01m[Kthis[m[Kâ€™ in non-member function
[6.048s]   412 |             waypoint.pose.position.x = [01;31m[Kthis[m[K->get_parameter(x_key).as_double();
[6.048s]       |                                        [01;31m[K^~~~[m[K
[6.048s] [01m[K/home/student/41068RS12025-Group18/src/41068_ignition_bringup/src/mission_node.cpp:413:40:[m[K [01;31m[Kerror: [m[Kinvalid use of â€˜[01m[Kthis[m[Kâ€™ in non-member function
[6.048s]   413 |             waypoint.pose.position.y = [01;31m[Kthis[m[K->get_parameter(y_key).as_double();
[6.048s]       |                                        [01;31m[K^~~~[m[K
[6.048s] [01m[K/home/student/41068RS12025-Group18/src/41068_ignition_bringup/src/mission_node.cpp:414:40:[m[K [01;31m[Kerror: [m[Kinvalid use of â€˜[01m[Kthis[m[Kâ€™ in non-member function
[6.048s]   414 |             waypoint.pose.position.z = [01;31m[Kthis[m[K->get_parameter(z_key).as_double();
[6.048s]       |                                        [01;31m[K^~~~[m[K
[6.048s] [01m[K/home/student/41068RS12025-Group18/src/41068_ignition_bringup/src/mission_node.cpp:418:17:[m[K [01;31m[Kerror: [m[Kinvalid use of â€˜[01m[Kthis[m[Kâ€™ in non-member function
[6.048s]   418 |             if ([01;31m[Kthis[m[K->has_parameter(dwell_time_key)) {
[6.048s]       |                 [01;31m[K^~~~[m[K
[6.049s] [01m[K/home/student/41068RS12025-Group18/src/41068_ignition_bringup/src/mission_node.cpp:419:37:[m[K [01;31m[Kerror: [m[Kinvalid use of â€˜[01m[Kthis[m[Kâ€™ in non-member function
[6.049s]   419 |                 double dwell_time = [01;31m[Kthis[m[K->get_parameter(dwell_time_key).as_double();
[6.049s]       |                                     [01;31m[K^~~~[m[K
[6.049s] In file included from [01m[K/opt/ros/humble/include/rclcpp/rclcpp/client.hpp:40[m[K,
[6.049s]                  from [01m[K/opt/ros/humble/include/rclcpp/rclcpp/callback_group.hpp:24[m[K,
[6.049s]                  from [01m[K/opt/ros/humble/include/rclcpp/rclcpp/any_executable.hpp:20[m[K,
[6.049s]                  from [01m[K/opt/ros/humble/include/rclcpp/rclcpp/memory_strategy.hpp:25[m[K,
[6.049s]                  from [01m[K/opt/ros/humble/include/rclcpp/rclcpp/memory_strategies.hpp:18[m[K,
[6.049s]                  from [01m[K/opt/ros/humble/include/rclcpp/rclcpp/executor_options.hpp:20[m[K,
[6.049s]                  from [01m[K/opt/ros/humble/include/rclcpp/rclcpp/executor.hpp:37[m[K,
[6.049s]                  from [01m[K/opt/ros/humble/include/rclcpp/rclcpp/executors/multi_threaded_executor.hpp:25[m[K,
[6.049s]                  from [01m[K/opt/ros/humble/include/rclcpp/rclcpp/executors.hpp:21[m[K,
[6.049s]                  from [01m[K/opt/ros/humble/include/rclcpp/rclcpp/rclcpp.hpp:155[m[K,
[6.049s]                  from [01m[K/home/student/41068RS12025-Group18/src/41068_ignition_bringup/include/mission_node.h:30[m[K,
[6.049s]                  from [01m[K/home/student/41068RS12025-Group18/src/41068_ignition_bringup/src/mission_node.cpp:1[m[K:
[6.049s] [01m[K/home/student/41068RS12025-Group18/src/41068_ignition_bringup/src/mission_node.cpp:420:30:[m[K [01;31m[Kerror: [m[Kinvalid use of â€˜[01m[Kthis[m[Kâ€™ in non-member function
[6.050s]   420 |                 RCLCPP_DEBUG([01;31m[Kthis[m[K->get_logger(), "Waypoint %d dwell time: %.2f", i, dwell_time);
[6.050s]       |                              [01;31m[K^~~~[m[K
[6.050s] [01m[K/home/student/41068RS12025-Group18/src/41068_ignition_bringup/src/mission_node.cpp:420:30:[m[K [01;31m[Kerror: [m[Kinvalid use of â€˜[01m[Kthis[m[Kâ€™ in non-member function
[6.050s] [01m[K/home/student/41068RS12025-Group18/src/41068_ignition_bringup/src/mission_node.cpp:420:17:[m[K [01;31m[Kerror: [m[Ktemplate argument 1 is invalid
[6.050s]   420 |                 [01;31m[KRCLCPP_DEBUG[m[K(this->get_logger(), "Waypoint %d dwell time: %.2f", i, dwell_time);
[6.050s]       |                 [01;31m[K^~~~~~~~~~~~[m[K
[6.050s] In file included from [01m[K/opt/ros/humble/include/rclcpp/rclcpp/logging.hpp:24[m[K,
[6.050s]                  from [01m[K/opt/ros/humble/include/rclcpp/rclcpp/client.hpp:40[m[K,
[6.050s]                  from [01m[K/opt/ros/humble/include/rclcpp/rclcpp/callback_group.hpp:24[m[K,
[6.050s]                  from [01m[K/opt/ros/humble/include/rclcpp/rclcpp/any_executable.hpp:20[m[K,
[6.050s]                  from [01m[K/opt/ros/humble/include/rclcpp/rclcpp/memory_strategy.hpp:25[m[K,
[6.050s]                  from [01m[K/opt/ros/humble/include/rclcpp/rclcpp/memory_strategies.hpp:18[m[K,
[6.050s]                  from [01m[K/opt/ros/humble/include/rclcpp/rclcpp/executor_options.hpp:20[m[K,
[6.050s]                  from [01m[K/opt/ros/humble/include/rclcpp/rclcpp/executor.hpp:37[m[K,
[6.050s]                  from [01m[K/opt/ros/humble/include/rclcpp/rclcpp/executors/multi_threaded_executor.hpp:25[m[K,
[6.050s]                  from [01m[K/opt/ros/humble/include/rclcpp/rclcpp/executors.hpp:21[m[K,
[6.051s]                  from [01m[K/opt/ros/humble/include/rclcpp/rclcpp/rclcpp.hpp:155[m[K,
[6.051s]                  from [01m[K/home/student/41068RS12025-Group18/src/41068_ignition_bringup/include/mission_node.h:30[m[K,
[6.051s]                  from [01m[K/home/student/41068RS12025-Group18/src/41068_ignition_bringup/src/mission_node.cpp:1[m[K:
[6.051s] [01m[K/home/student/41068RS12025-Group18/src/41068_ignition_bringup/src/mission_node.cpp:420:30:[m[K [01;31m[Kerror: [m[Kinvalid use of â€˜[01m[Kthis[m[Kâ€™ in non-member function
[6.051s]   420 |                 RCLCPP_DEBUG([01;31m[Kthis[m[K->get_logger(), "Waypoint %d dwell time: %.2f", i, dwell_time);
[6.051s]       |                              [01;31m[K^~~~[m[K
[6.051s] [01m[K/home/student/41068RS12025-Group18/src/41068_ignition_bringup/src/mission_node.cpp:420:30:[m[K [01;31m[Kerror: [m[Kinvalid use of â€˜[01m[Kthis[m[Kâ€™ in non-member function
[6.051s]   420 |                 RCLCPP_DEBUG([01;31m[Kthis[m[K->get_logger(), "Waypoint %d dwell time: %.2f", i, dwell_time);
[6.051s]       |                              [01;31m[K^~~~[m[K
[6.051s] In file included from [01m[K/opt/ros/humble/include/rclcpp/rclcpp/client.hpp:40[m[K,
[6.051s]                  from [01m[K/opt/ros/humble/include/rclcpp/rclcpp/callback_group.hpp:24[m[K,
[6.051s]                  from [01m[K/opt/ros/humble/include/rclcpp/rclcpp/any_executable.hpp:20[m[K,
[6.051s]                  from [01m[K/opt/ros/humble/include/rclcpp/rclcpp/memory_strategy.hpp:25[m[K,
[6.051s]                  from [01m[K/opt/ros/humble/include/rclcpp/rclcpp/memory_strategies.hpp:18[m[K,
[6.051s]                  from [01m[K/opt/ros/humble/include/rclcpp/rclcpp/executor_options.hpp:20[m[K,
[6.051s]                  from [01m[K/opt/ros/humble/include/rclcpp/rclcpp/executor.hpp:37[m[K,
[6.052s]                  from [01m[K/opt/ros/humble/include/rclcpp/rclcpp/executors/multi_threaded_executor.hpp:25[m[K,
[6.052s]                  from [01m[K/opt/ros/humble/include/rclcpp/rclcpp/executors.hpp:21[m[K,
[6.052s]                  from [01m[K/opt/ros/humble/include/rclcpp/rclcpp/rclcpp.hpp:155[m[K,
[6.052s]                  from [01m[K/home/student/41068RS12025-Group18/src/41068_ignition_bringup/include/mission_node.h:30[m[K,
[6.052s]                  from [01m[K/home/student/41068RS12025-Group18/src/41068_ignition_bringup/src/mission_node.cpp:1[m[K:
[6.052s] [01m[K/home/student/41068RS12025-Group18/src/41068_ignition_bringup/src/mission_node.cpp:425:25:[m[K [01;31m[Kerror: [m[Kinvalid use of â€˜[01m[Kthis[m[Kâ€™ in non-member function
[6.052s]   425 |             RCLCPP_INFO([01;31m[Kthis[m[K->get_logger(), "Loaded waypoint %d: [%.2f, %.2f, %.2f]",
[6.052s]       |                         [01;31m[K^~~~[m[K
[6.052s] [01m[K/home/student/41068RS12025-Group18/src/41068_ignition_bringup/src/mission_node.cpp:425:25:[m[K [01;31m[Kerror: [m[Kinvalid use of â€˜[01m[Kthis[m[Kâ€™ in non-member function
[6.052s] [01m[K/home/student/41068RS12025-Group18/src/41068_ignition_bringup/src/mission_node.cpp:425:13:[m[K [01;31m[Kerror: [m[Ktemplate argument 1 is invalid
[6.052s]   425 |             [01;31m[KRCLCPP_INFO[m[K(this->get_logger(), "Loaded waypoint %d: [%.2f, %.2f, %.2f]",
[6.052s]       |             [01;31m[K^~~~~~~~~~~[m[K
[6.052s] In file included from [01m[K/opt/ros/humble/include/rclcpp/rclcpp/logging.hpp:24[m[K,
[6.052s]                  from [01m[K/opt/ros/humble/include/rclcpp/rclcpp/client.hpp:40[m[K,
[6.053s]                  from [01m[K/opt/ros/humble/include/rclcpp/rclcpp/callback_group.hpp:24[m[K,
[6.053s]                  from [01m[K/opt/ros/humble/include/rclcpp/rclcpp/any_executable.hpp:20[m[K,
[6.053s]                  from [01m[K/opt/ros/humble/include/rclcpp/rclcpp/memory_strategy.hpp:25[m[K,
[6.053s]                  from [01m[K/opt/ros/humble/include/rclcpp/rclcpp/memory_strategies.hpp:18[m[K,
[6.053s]                  from [01m[K/opt/ros/humble/include/rclcpp/rclcpp/executor_options.hpp:20[m[K,
[6.053s]                  from [01m[K/opt/ros/humble/include/rclcpp/rclcpp/executor.hpp:37[m[K,
[6.053s]                  from [01m[K/opt/ros/humble/include/rclcpp/rclcpp/executors/multi_threaded_executor.hpp:25[m[K,
[6.053s]                  from [01m[K/opt/ros/humble/include/rclcpp/rclcpp/executors.hpp:21[m[K,
[6.053s]                  from [01m[K/opt/ros/humble/include/rclcpp/rclcpp/rclcpp.hpp:155[m[K,
[6.053s]                  from [01m[K/home/student/41068RS12025-Group18/src/41068_ignition_bringup/include/mission_node.h:30[m[K,
[6.053s]                  from [01m[K/home/student/41068RS12025-Group18/src/41068_ignition_bringup/src/mission_node.cpp:1[m[K:
[6.053s] [01m[K/home/student/41068RS12025-Group18/src/41068_ignition_bringup/src/mission_node.cpp:425:25:[m[K [01;31m[Kerror: [m[Kinvalid use of â€˜[01m[Kthis[m[Kâ€™ in non-member function
[6.053s]   425 |             RCLCPP_INFO([01;31m[Kthis[m[K->get_logger(), "Loaded waypoint %d: [%.2f, %.2f, %.2f]",
[6.054s]       |                         [01;31m[K^~~~[m[K
[6.054s] [01m[K/home/student/41068RS12025-Group18/src/41068_ignition_bringup/src/mission_node.cpp:425:25:[m[K [01;31m[Kerror: [m[Kinvalid use of â€˜[01m[Kthis[m[Kâ€™ in non-member function
[6.054s]   425 |             RCLCPP_INFO([01;31m[Kthis[m[K->get_logger(), "Loaded waypoint %d: [%.2f, %.2f, %.2f]",
[6.054s]       |                         [01;31m[K^~~~[m[K
[6.054s] [01m[K/home/student/41068RS12025-Group18/src/41068_ignition_bringup/src/mission_node.cpp:431:13:[m[K [01;31m[Kerror: [m[Kâ€˜[01m[Kpath_planner_[m[Kâ€™ was not declared in this scope
[6.054s]   431 |             [01;31m[Kpath_planner_[m[K->setWaypoints(waypoints);
[6.054s]       |             [01;31m[K^~~~~~~~~~~~~[m[K
[6.054s] In file included from [01m[K/opt/ros/humble/include/rclcpp/rclcpp/client.hpp:40[m[K,
[6.054s]                  from [01m[K/opt/ros/humble/include/rclcpp/rclcpp/callback_group.hpp:24[m[K,
[6.054s]                  from [01m[K/opt/ros/humble/include/rclcpp/rclcpp/any_executable.hpp:20[m[K,
[6.054s]                  from [01m[K/opt/ros/humble/include/rclcpp/rclcpp/memory_strategy.hpp:25[m[K,
[6.054s]                  from [01m[K/opt/ros/humble/include/rclcpp/rclcpp/memory_strategies.hpp:18[m[K,
[6.054s]                  from [01m[K/opt/ros/humble/include/rclcpp/rclcpp/executor_options.hpp:20[m[K,
[6.054s]                  from [01m[K/opt/ros/humble/include/rclcpp/rclcpp/executor.hpp:37[m[K,
[6.054s]                  from [01m[K/opt/ros/humble/include/rclcpp/rclcpp/executors/multi_threaded_executor.hpp:25[m[K,
[6.054s]                  from [01m[K/opt/ros/humble/include/rclcpp/rclcpp/executors.hpp:21[m[K,
[6.054s]                  from [01m[K/opt/ros/humble/include/rclcpp/rclcpp/rclcpp.hpp:155[m[K,
[6.054s]                  from [01m[K/home/student/41068RS12025-Group18/src/41068_ignition_bringup/include/mission_node.h:30[m[K,
[6.055s]                  from [01m[K/home/student/41068RS12025-Group18/src/41068_ignition_bringup/src/mission_node.cpp:1[m[K:
[6.055s] [01m[K/home/student/41068RS12025-Group18/src/41068_ignition_bringup/src/mission_node.cpp:432:25:[m[K [01;31m[Kerror: [m[Kinvalid use of â€˜[01m[Kthis[m[Kâ€™ in non-member function
[6.055s]   432 |             RCLCPP_INFO([01;31m[Kthis[m[K->get_logger(), "Loaded %zu waypoints from parameters for %s", waypoints.size(), drone_id_.c_str());
[6.055s]       |                         [01;31m[K^~~~[m[K
[6.055s] [01m[K/home/student/41068RS12025-Group18/src/41068_ignition_bringup/src/mission_node.cpp:432:25:[m[K [01;31m[Kerror: [m[Kinvalid use of â€˜[01m[Kthis[m[Kâ€™ in non-member function
[6.055s] [01m[K/home/student/41068RS12025-Group18/src/41068_ignition_bringup/src/mission_node.cpp:432:13:[m[K [01;31m[Kerror: [m[Ktemplate argument 1 is invalid
[6.055s]   432 |             [01;31m[KRCLCPP_INFO[m[K(this->get_logger(), "Loaded %zu waypoints from parameters for %s", waypoints.size(), drone_id_.c_str());
[6.055s]       |             [01;31m[K^~~~~~~~~~~[m[K
[6.055s] In file included from [01m[K/opt/ros/humble/include/rclcpp/rclcpp/logging.hpp:24[m[K,
[6.055s]                  from [01m[K/opt/ros/humble/include/rclcpp/rclcpp/client.hpp:40[m[K,
[6.055s]                  from [01m[K/opt/ros/humble/include/rclcpp/rclcpp/callback_group.hpp:24[m[K,
[6.055s]                  from [01m[K/opt/ros/humble/include/rclcpp/rclcpp/any_executable.hpp:20[m[K,
[6.055s]                  from [01m[K/opt/ros/humble/include/rclcpp/rclcpp/memory_strategy.hpp:25[m[K,
[6.055s]                  from [01m[K/opt/ros/humble/include/rclcpp/rclcpp/memory_strategies.hpp:18[m[K,
[6.055s]                  from [01m[K/opt/ros/humble/include/rclcpp/rclcpp/executor_options.hpp:20[m[K,
[6.055s]                  from [01m[K/opt/ros/humble/include/rclcpp/rclcpp/executor.hpp:37[m[K,
[6.055s]                  from [01m[K/opt/ros/humble/include/rclcpp/rclcpp/executors/multi_threaded_executor.hpp:25[m[K,
[6.056s]                  from [01m[K/opt/ros/humble/include/rclcpp/rclcpp/executors.hpp:21[m[K,
[6.056s]                  from [01m[K/opt/ros/humble/include/rclcpp/rclcpp/rclcpp.hpp:155[m[K,
[6.056s]                  from [01m[K/home/student/41068RS12025-Group18/src/41068_ignition_bringup/include/mission_node.h:30[m[K,
[6.056s]                  from [01m[K/home/student/41068RS12025-Group18/src/41068_ignition_bringup/src/mission_node.cpp:1[m[K:
[6.056s] [01m[K/home/student/41068RS12025-Group18/src/41068_ignition_bringup/src/mission_node.cpp:432:25:[m[K [01;31m[Kerror: [m[Kinvalid use of â€˜[01m[Kthis[m[Kâ€™ in non-member function
[6.056s]   432 |             RCLCPP_INFO([01;31m[Kthis[m[K->get_logger(), "Loaded %zu waypoints from parameters for %s", waypoints.size(), drone_id_.c_str());
[6.056s]       |                         [01;31m[K^~~~[m[K
[6.056s] [01m[K/home/student/41068RS12025-Group18/src/41068_ignition_bringup/src/mission_node.cpp:432:25:[m[K [01;31m[Kerror: [m[Kinvalid use of â€˜[01m[Kthis[m[Kâ€™ in non-member function
[6.056s]   432 |             RCLCPP_INFO([01;31m[Kthis[m[K->get_logger(), "Loaded %zu waypoints from parameters for %s", waypoints.size(), drone_id_.c_str());
[6.056s]       |                         [01;31m[K^~~~[m[K
[6.056s] [01m[K/home/student/41068RS12025-Group18/src/41068_ignition_bringup/src/mission_node.cpp:432:110:[m[K [01;31m[Kerror: [m[Kâ€˜[01m[Kdrone_id_[m[Kâ€™ was not declared in this scope
[6.057s]   432 |             RCLCPP_INFO(this->get_logger(), "Loaded %zu waypoints from parameters for %s", waypoints.size(), [01;31m[Kdrone_id_[m[K.c_str());
[6.057s]       |                                                                                                              [01;31m[K^~~~~~~~~[m[K
[6.065s] [01m[K/home/student/41068RS12025-Group18/src/41068_ignition_bringup/src/mission_node.cpp:435:13:[m[K [01;31m[Kerror: [m[Kâ€˜[01m[KloadMissionParams[m[Kâ€™ was not declared in this scope
[6.066s]   435 |             [01;31m[KloadMissionParams[m[K();
[6.066s]       |             [01;31m[K^~~~~~~~~~~~~~~~~[m[K
[6.066s] In file included from [01m[K/opt/ros/humble/include/rclcpp/rclcpp/client.hpp:40[m[K,
[6.066s]                  from [01m[K/opt/ros/humble/include/rclcpp/rclcpp/callback_group.hpp:24[m[K,
[6.066s]                  from [01m[K/opt/ros/humble/include/rclcpp/rclcpp/any_executable.hpp:20[m[K,
[6.066s]                  from [01m[K/opt/ros/humble/include/rclcpp/rclcpp/memory_strategy.hpp:25[m[K,
[6.066s]                  from [01m[K/opt/ros/humble/include/rclcpp/rclcpp/memory_strategies.hpp:18[m[K,
[6.066s]                  from [01m[K/opt/ros/humble/include/rclcpp/rclcpp/executor_options.hpp:20[m[K,
[6.066s]                  from [01m[K/opt/ros/humble/include/rclcpp/rclcpp/executor.hpp:37[m[K,
[6.066s]                  from [01m[K/opt/ros/humble/include/rclcpp/rclcpp/executors/multi_threaded_executor.hpp:25[m[K,
[6.066s]                  from [01m[K/opt/ros/humble/include/rclcpp/rclcpp/executors.hpp:21[m[K,
[6.066s]                  from [01m[K/opt/ros/humble/include/rclcpp/rclcpp/rclcpp.hpp:155[m[K,
[6.066s]                  from [01m[K/home/student/41068RS12025-Group18/src/41068_ignition_bringup/include/mission_node.h:30[m[K,
[6.066s]                  from [01m[K/home/student/41068RS12025-Group18/src/41068_ignition_bringup/src/mission_node.cpp:1[m[K:
[6.067s] [01m[K/home/student/41068RS12025-Group18/src/41068_ignition_bringup/src/mission_node.cpp:437:25:[m[K [01;31m[Kerror: [m[Kinvalid use of â€˜[01m[Kthis[m[Kâ€™ in non-member function
[6.067s]   437 |             RCLCPP_WARN([01;31m[Kthis[m[K->get_logger(), "No waypoints found in parameters for %s - using fallback", drone_id_.c_str());
[6.067s]       |                         [01;31m[K^~~~[m[K
[6.067s] [01m[K/home/student/41068RS12025-Group18/src/41068_ignition_bringup/src/mission_node.cpp:437:25:[m[K [01;31m[Kerror: [m[Kinvalid use of â€˜[01m[Kthis[m[Kâ€™ in non-member function
[6.067s] [01m[K/home/student/41068RS12025-Group18/src/41068_ignition_bringup/src/mission_node.cpp:437:13:[m[K [01;31m[Kerror: [m[Ktemplate argument 1 is invalid
[6.067s]   437 |             [01;31m[KRCLCPP_WARN[m[K(this->get_logger(), "No waypoints found in parameters for %s - using fallback", drone_id_.c_str());
[6.067s]       |             [01;31m[K^~~~~~~~~~~[m[K
[6.067s] In file included from [01m[K/opt/ros/humble/include/rclcpp/rclcpp/logging.hpp:24[m[K,
[6.067s]                  from [01m[K/opt/ros/humble/include/rclcpp/rclcpp/client.hpp:40[m[K,
[6.067s]                  from [01m[K/opt/ros/humble/include/rclcpp/rclcpp/callback_group.hpp:24[m[K,
[6.067s]                  from [01m[K/opt/ros/humble/include/rclcpp/rclcpp/any_executable.hpp:20[m[K,
[6.067s]                  from [01m[K/opt/ros/humble/include/rclcpp/rclcpp/memory_strategy.hpp:25[m[K,
[6.067s]                  from [01m[K/opt/ros/humble/include/rclcpp/rclcpp/memory_strategies.hpp:18[m[K,
[6.067s]                  from [01m[K/opt/ros/humble/include/rclcpp/rclcpp/executor_options.hpp:20[m[K,
[6.067s]                  from [01m[K/opt/ros/humble/include/rclcpp/rclcpp/executor.hpp:37[m[K,
[6.068s]                  from [01m[K/opt/ros/humble/include/rclcpp/rclcpp/executors/multi_threaded_executor.hpp:25[m[K,
[6.068s]                  from [01m[K/opt/ros/humble/include/rclcpp/rclcpp/executors.hpp:21[m[K,
[6.068s]                  from [01m[K/opt/ros/humble/include/rclcpp/rclcpp/rclcpp.hpp:155[m[K,
[6.068s]                  from [01m[K/home/student/41068RS12025-Group18/src/41068_ignition_bringup/include/mission_node.h:30[m[K,
[6.068s]                  from [01m[K/home/student/41068RS12025-Group18/src/41068_ignition_bringup/src/mission_node.cpp:1[m[K:
[6.068s] [01m[K/home/student/41068RS12025-Group18/src/41068_ignition_bringup/src/mission_node.cpp:437:25:[m[K [01;31m[Kerror: [m[Kinvalid use of â€˜[01m[Kthis[m[Kâ€™ in non-member function
[6.068s]   437 |             RCLCPP_WARN([01;31m[Kthis[m[K->get_logger(), "No waypoints found in parameters for %s - using fallback", drone_id_.c_str());
[6.068s]       |                         [01;31m[K^~~~[m[K
[6.068s] [01m[K/home/student/41068RS12025-Group18/src/41068_ignition_bringup/src/mission_node.cpp:437:25:[m[K [01;31m[Kerror: [m[Kinvalid use of â€˜[01m[Kthis[m[Kâ€™ in non-member function
[6.068s]   437 |             RCLCPP_WARN([01;31m[Kthis[m[K->get_logger(), "No waypoints found in parameters for %s - using fallback", drone_id_.c_str());
[6.068s]       |                         [01;31m[K^~~~[m[K
[6.069s] [01m[K/home/student/41068RS12025-Group18/src/41068_ignition_bringup/src/mission_node.cpp:437:105:[m[K [01;31m[Kerror: [m[Kâ€˜[01m[Kdrone_id_[m[Kâ€™ was not declared in this scope
[6.070s]   437 |             RCLCPP_WARN(this->get_logger(), "No waypoints found in parameters for %s - using fallback", [01;31m[Kdrone_id_[m[K.c_str());
[6.070s]       |                                                                                                         [01;31m[K^~~~~~~~~[m[K
[6.076s] [01m[K/home/student/41068RS12025-Group18/src/41068_ignition_bringup/src/mission_node.cpp:438:13:[m[K [01;31m[Kerror: [m[Kâ€˜[01m[KloadFallbackWaypoints[m[Kâ€™ was not declared in this scope
[6.076s]   438 |             [01;31m[KloadFallbackWaypoints[m[K();
[6.077s]       |             [01;31m[K^~~~~~~~~~~~~~~~~~~~~[m[K
[6.077s] In file included from [01m[K/opt/ros/humble/include/rclcpp/rclcpp/client.hpp:40[m[K,
[6.077s]                  from [01m[K/opt/ros/humble/include/rclcpp/rclcpp/callback_group.hpp:24[m[K,
[6.077s]                  from [01m[K/opt/ros/humble/include/rclcpp/rclcpp/any_executable.hpp:20[m[K,
[6.077s]                  from [01m[K/opt/ros/humble/include/rclcpp/rclcpp/memory_strategy.hpp:25[m[K,
[6.077s]                  from [01m[K/opt/ros/humble/include/rclcpp/rclcpp/memory_strategies.hpp:18[m[K,
[6.077s]                  from [01m[K/opt/ros/humble/include/rclcpp/rclcpp/executor_options.hpp:20[m[K,
[6.078s]                  from [01m[K/opt/ros/humble/include/rclcpp/rclcpp/executor.hpp:37[m[K,
[6.078s]                  from [01m[K/opt/ros/humble/include/rclcpp/rclcpp/executors/multi_threaded_executor.hpp:25[m[K,
[6.078s]                  from [01m[K/opt/ros/humble/include/rclcpp/rclcpp/executors.hpp:21[m[K,
[6.078s]                  from [01m[K/opt/ros/humble/include/rclcpp/rclcpp/rclcpp.hpp:155[m[K,
[6.078s]                  from [01m[K/home/student/41068RS12025-Group18/src/41068_ignition_bringup/include/mission_node.h:30[m[K,
[6.078s]                  from [01m[K/home/student/41068RS12025-Group18/src/41068_ignition_bringup/src/mission_node.cpp:1[m[K:
[6.078s] [01m[K/home/student/41068RS12025-Group18/src/41068_ignition_bringup/src/mission_node.cpp:442:22:[m[K [01;31m[Kerror: [m[Kinvalid use of â€˜[01m[Kthis[m[Kâ€™ in non-member function
[6.078s]   442 |         RCLCPP_ERROR([01;31m[Kthis[m[K->get_logger(), "Error loading waypoints from parameters: %s", e.what());
[6.078s]       |                      [01;31m[K^~~~[m[K
[6.078s] [01m[K/home/student/41068RS12025-Group18/src/41068_ignition_bringup/src/mission_node.cpp:442:22:[m[K [01;31m[Kerror: [m[Kinvalid use of â€˜[01m[Kthis[m[Kâ€™ in non-member function
[6.078s] [01m[K/home/student/41068RS12025-Group18/src/41068_ignition_bringup/src/mission_node.cpp:442:9:[m[K [01;31m[Kerror: [m[Ktemplate argument 1 is invalid
[6.078s]   442 |         [01;31m[KRCLCPP_ERROR[m[K(this->get_logger(), "Error loading waypoints from parameters: %s", e.what());
[6.078s]       |         [01;31m[K^~~~~~~~~~~~[m[K
[6.078s] In file included from [01m[K/opt/ros/humble/include/rclcpp/rclcpp/logging.hpp:24[m[K,
[6.078s]                  from [01m[K/opt/ros/humble/include/rclcpp/rclcpp/client.hpp:40[m[K,
[6.079s]                  from [01m[K/opt/ros/humble/include/rclcpp/rclcpp/callback_group.hpp:24[m[K,
[6.079s]                  from [01m[K/opt/ros/humble/include/rclcpp/rclcpp/any_executable.hpp:20[m[K,
[6.079s]                  from [01m[K/opt/ros/humble/include/rclcpp/rclcpp/memory_strategy.hpp:25[m[K,
[6.079s]                  from [01m[K/opt/ros/humble/include/rclcpp/rclcpp/memory_strategies.hpp:18[m[K,
[6.079s]                  from [01m[K/opt/ros/humble/include/rclcpp/rclcpp/executor_options.hpp:20[m[K,
[6.079s]                  from [01m[K/opt/ros/humble/include/rclcpp/rclcpp/executor.hpp:37[m[K,
[6.079s]                  from [01m[K/opt/ros/humble/include/rclcpp/rclcpp/executors/multi_threaded_executor.hpp:25[m[K,
[6.079s]                  from [01m[K/opt/ros/humble/include/rclcpp/rclcpp/executors.hpp:21[m[K,
[6.079s]                  from [01m[K/opt/ros/humble/include/rclcpp/rclcpp/rclcpp.hpp:155[m[K,
[6.079s]                  from [01m[K/home/student/41068RS12025-Group18/src/41068_ignition_bringup/include/mission_node.h:30[m[K,
[6.079s]                  from [01m[K/home/student/41068RS12025-Group18/src/41068_ignition_bringup/src/mission_node.cpp:1[m[K:
[6.079s] [01m[K/home/student/41068RS12025-Group18/src/41068_ignition_bringup/src/mission_node.cpp:442:22:[m[K [01;31m[Kerror: [m[Kinvalid use of â€˜[01m[Kthis[m[Kâ€™ in non-member function
[6.079s]   442 |         RCLCPP_ERROR([01;31m[Kthis[m[K->get_logger(), "Error loading waypoints from parameters: %s", e.what());
[6.079s]       |                      [01;31m[K^~~~[m[K
[6.079s] [01m[K/home/student/41068RS12025-Group18/src/41068_ignition_bringup/src/mission_node.cpp:442:22:[m[K [01;31m[Kerror: [m[Kinvalid use of â€˜[01m[Kthis[m[Kâ€™ in non-member function
[6.079s]   442 |         RCLCPP_ERROR([01;31m[Kthis[m[K->get_logger(), "Error loading waypoints from parameters: %s", e.what());
[6.080s]       |                      [01;31m[K^~~~[m[K
[6.080s] In file included from [01m[K/opt/ros/humble/include/rclcpp/rclcpp/client.hpp:40[m[K,
[6.080s]                  from [01m[K/opt/ros/humble/include/rclcpp/rclcpp/callback_group.hpp:24[m[K,
[6.080s]                  from [01m[K/opt/ros/humble/include/rclcpp/rclcpp/any_executable.hpp:20[m[K,
[6.080s]                  from [01m[K/opt/ros/humble/include/rclcpp/rclcpp/memory_strategy.hpp:25[m[K,
[6.080s]                  from [01m[K/opt/ros/humble/include/rclcpp/rclcpp/memory_strategies.hpp:18[m[K,
[6.080s]                  from [01m[K/opt/ros/humble/include/rclcpp/rclcpp/executor_options.hpp:20[m[K,
[6.080s]                  from [01m[K/opt/ros/humble/include/rclcpp/rclcpp/executor.hpp:37[m[K,
[6.080s]                  from [01m[K/opt/ros/humble/include/rclcpp/rclcpp/executors/multi_threaded_executor.hpp:25[m[K,
[6.080s]                  from [01m[K/opt/ros/humble/include/rclcpp/rclcpp/executors.hpp:21[m[K,
[6.080s]                  from [01m[K/opt/ros/humble/include/rclcpp/rclcpp/rclcpp.hpp:155[m[K,
[6.080s]                  from [01m[K/home/student/41068RS12025-Group18/src/41068_ignition_bringup/include/mission_node.h:30[m[K,
[6.080s]                  from [01m[K/home/student/41068RS12025-Group18/src/41068_ignition_bringup/src/mission_node.cpp:1[m[K:
[6.080s] [01m[K/home/student/41068RS12025-Group18/src/41068_ignition_bringup/src/mission_node.cpp:443:21:[m[K [01;31m[Kerror: [m[Kinvalid use of â€˜[01m[Kthis[m[Kâ€™ in non-member function
[6.080s]   443 |         RCLCPP_INFO([01;31m[Kthis[m[K->get_logger(), "Loading fallback waypoints for %s", drone_id_.c_str());
[6.080s]       |                     [01;31m[K^~~~[m[K
[6.081s] [01m[K/home/student/41068RS12025-Group18/src/41068_ignition_bringup/src/mission_node.cpp:443:21:[m[K [01;31m[Kerror: [m[Kinvalid use of â€˜[01m[Kthis[m[Kâ€™ in non-member function
[6.081s] [01m[K/home/student/41068RS12025-Group18/src/41068_ignition_bringup/src/mission_node.cpp:443:9:[m[K [01;31m[Kerror: [m[Ktemplate argument 1 is invalid
[6.081s]   443 |         [01;31m[KRCLCPP_INFO[m[K(this->get_logger(), "Loading fallback waypoints for %s", drone_id_.c_str());
[6.081s]       |         [01;31m[K^~~~~~~~~~~[m[K
[6.081s] In file included from [01m[K/opt/ros/humble/include/rclcpp/rclcpp/logging.hpp:24[m[K,
[6.081s]                  from [01m[K/opt/ros/humble/include/rclcpp/rclcpp/client.hpp:40[m[K,
[6.081s]                  from [01m[K/opt/ros/humble/include/rclcpp/rclcpp/callback_group.hpp:24[m[K,
[6.081s]                  from [01m[K/opt/ros/humble/include/rclcpp/rclcpp/any_executable.hpp:20[m[K,
[6.081s]                  from [01m[K/opt/ros/humble/include/rclcpp/rclcpp/memory_strategy.hpp:25[m[K,
[6.081s]                  from [01m[K/opt/ros/humble/include/rclcpp/rclcpp/memory_strategies.hpp:18[m[K,
[6.081s]                  from [01m[K/opt/ros/humble/include/rclcpp/rclcpp/executor_options.hpp:20[m[K,
[6.081s]                  from [01m[K/opt/ros/humble/include/rclcpp/rclcpp/executor.hpp:37[m[K,
[6.081s]                  from [01m[K/opt/ros/humble/include/rclcpp/rclcpp/executors/multi_threaded_executor.hpp:25[m[K,
[6.081s]                  from [01m[K/opt/ros/humble/include/rclcpp/rclcpp/executors.hpp:21[m[K,
[6.081s]                  from [01m[K/opt/ros/humble/include/rclcpp/rclcpp/rclcpp.hpp:155[m[K,
[6.081s]                  from [01m[K/home/student/41068RS12025-Group18/src/41068_ignition_bringup/include/mission_node.h:30[m[K,
[6.082s]                  from [01m[K/home/student/41068RS12025-Group18/src/41068_ignition_bringup/src/mission_node.cpp:1[m[K:
[6.082s] [01m[K/home/student/41068RS12025-Group18/src/41068_ignition_bringup/src/mission_node.cpp:443:21:[m[K [01;31m[Kerror: [m[Kinvalid use of â€˜[01m[Kthis[m[Kâ€™ in non-member function
[6.082s]   443 |         RCLCPP_INFO([01;31m[Kthis[m[K->get_logger(), "Loading fallback waypoints for %s", drone_id_.c_str());
[6.082s]       |                     [01;31m[K^~~~[m[K
[6.082s] [01m[K/home/student/41068RS12025-Group18/src/41068_ignition_bringup/src/mission_node.cpp:443:21:[m[K [01;31m[Kerror: [m[Kinvalid use of â€˜[01m[Kthis[m[Kâ€™ in non-member function
[6.082s]   443 |         RCLCPP_INFO([01;31m[Kthis[m[K->get_logger(), "Loading fallback waypoints for %s", drone_id_.c_str());
[6.082s]       |                     [01;31m[K^~~~[m[K
[6.082s] [01m[K/home/student/41068RS12025-Group18/src/41068_ignition_bringup/src/mission_node.cpp:443:78:[m[K [01;31m[Kerror: [m[Kâ€˜[01m[Kdrone_id_[m[Kâ€™ was not declared in this scope
[6.082s]   443 |         RCLCPP_INFO(this->get_logger(), "Loading fallback waypoints for %s", [01;31m[Kdrone_id_[m[K.c_str());
[6.082s]       |                                                                              [01;31m[K^~~~~~~~~[m[K
[6.087s] [01m[K/home/student/41068RS12025-Group18/src/41068_ignition_bringup/src/mission_node.cpp:444:9:[m[K [01;31m[Kerror: [m[Kâ€˜[01m[KloadFallbackWaypoints[m[Kâ€™ was not declared in this scope
[6.088s]   444 |         [01;31m[KloadFallbackWaypoints[m[K();
[6.088s]       |         [01;31m[K^~~~~~~~~~~~~~~~~~~~~[m[K
[6.088s] [01m[K/home/student/41068RS12025-Group18/src/41068_ignition_bringup/src/mission_node.cpp:[m[K At global scope:
[6.088s] [01m[K/home/student/41068RS12025-Group18/src/41068_ignition_bringup/src/mission_node.cpp:449:6:[m[K [01;31m[Kerror: [m[Kâ€˜[01m[KMissionPlannerNode[m[Kâ€™ has not been declared
[6.088s]   449 | void [01;31m[KMissionPlannerNode[m[K::loadMissionParams() {
[6.088s]       |      [01;31m[K^~~~~~~~~~~~~~~~~~[m[K
[6.088s] [01m[K/home/student/41068RS12025-Group18/src/41068_ignition_bringup/src/mission_node.cpp:[m[K In function â€˜[01m[Kvoid loadMissionParams()[m[Kâ€™:
[6.089s] [01m[K/home/student/41068RS12025-Group18/src/41068_ignition_bringup/src/mission_node.cpp:452:13:[m[K [01;31m[Kerror: [m[Kinvalid use of â€˜[01m[Kthis[m[Kâ€™ in non-member function
[6.089s]   452 |         if ([01;31m[Kthis[m[K->has_parameter("mission_params.takeoff_altitude")) {
[6.089s]       |             [01;31m[K^~~~[m[K
[6.089s] [01m[K/home/student/41068RS12025-Group18/src/41068_ignition_bringup/src/mission_node.cpp:453:39:[m[K [01;31m[Kerror: [m[Kinvalid use of â€˜[01m[Kthis[m[Kâ€™ in non-member function
[6.089s]   453 |             double takeoff_altitude = [01;31m[Kthis[m[K->get_parameter("mission_params.takeoff_altitude").as_double();
[6.089s]       |                                       [01;31m[K^~~~[m[K
[6.089s] In file included from [01m[K/opt/ros/humble/include/rclcpp/rclcpp/client.hpp:40[m[K,
[6.089s]                  from [01m[K/opt/ros/humble/include/rclcpp/rclcpp/callback_group.hpp:24[m[K,
[6.089s]                  from [01m[K/opt/ros/humble/include/rclcpp/rclcpp/any_executable.hpp:20[m[K,
[6.090s]                  from [01m[K/opt/ros/humble/include/rclcpp/rclcpp/memory_strategy.hpp:25[m[K,
[6.090s]                  from [01m[K/opt/ros/humble/include/rclcpp/rclcpp/memory_strategies.hpp:18[m[K,
[6.090s]                  from [01m[K/opt/ros/humble/include/rclcpp/rclcpp/executor_options.hpp:20[m[K,
[6.090s]                  from [01m[K/opt/ros/humble/include/rclcpp/rclcpp/executor.hpp:37[m[K,
[6.090s]                  from [01m[K/opt/ros/humble/include/rclcpp/rclcpp/executors/multi_threaded_executor.hpp:25[m[K,
[6.090s]                  from [01m[K/opt/ros/humble/include/rclcpp/rclcpp/executors.hpp:21[m[K,
[6.090s]                  from [01m[K/opt/ros/humble/include/rclcpp/rclcpp/rclcpp.hpp:155[m[K,
[6.090s]                  from [01m[K/home/student/41068RS12025-Group18/src/41068_ignition_bringup/include/mission_node.h:30[m[K,
[6.091s]                  from [01m[K/home/student/41068RS12025-Group18/src/41068_ignition_bringup/src/mission_node.cpp:1[m[K:
[6.091s] [01m[K/home/student/41068RS12025-Group18/src/41068_ignition_bringup/src/mission_node.cpp:454:25:[m[K [01;31m[Kerror: [m[Kinvalid use of â€˜[01m[Kthis[m[Kâ€™ in non-member function
[6.091s]   454 |             RCLCPP_INFO([01;31m[Kthis[m[K->get_logger(), "Takeoff altitude: %.2f", takeoff_altitude);
[6.091s]       |                         [01;31m[K^~~~[m[K
[6.091s] [01m[K/home/student/41068RS12025-Group18/src/41068_ignition_bringup/src/mission_node.cpp:454:25:[m[K [01;31m[Kerror: [m[Kinvalid use of â€˜[01m[Kthis[m[Kâ€™ in non-member function
[6.091s] [01m[K/home/student/41068RS12025-Group18/src/41068_ignition_bringup/src/mission_node.cpp:454:13:[m[K [01;31m[Kerror: [m[Ktemplate argument 1 is invalid
[6.091s]   454 |             [01;31m[KRCLCPP_INFO[m[K(this->get_logger(), "Takeoff altitude: %.2f", takeoff_altitude);
[6.091s]       |             [01;31m[K^~~~~~~~~~~[m[K
[6.092s] In file included from [01m[K/opt/ros/humble/include/rclcpp/rclcpp/logging.hpp:24[m[K,
[6.092s]                  from [01m[K/opt/ros/humble/include/rclcpp/rclcpp/client.hpp:40[m[K,
[6.092s]                  from [01m[K/opt/ros/humble/include/rclcpp/rclcpp/callback_group.hpp:24[m[K,
[6.092s]                  from [01m[K/opt/ros/humble/include/rclcpp/rclcpp/any_executable.hpp:20[m[K,
[6.092s]                  from [01m[K/opt/ros/humble/include/rclcpp/rclcpp/memory_strategy.hpp:25[m[K,
[6.092s]                  from [01m[K/opt/ros/humble/include/rclcpp/rclcpp/memory_strategies.hpp:18[m[K,
[6.092s]                  from [01m[K/opt/ros/humble/include/rclcpp/rclcpp/executor_options.hpp:20[m[K,
[6.092s]                  from [01m[K/opt/ros/humble/include/rclcpp/rclcpp/executor.hpp:37[m[K,
[6.092s]                  from [01m[K/opt/ros/humble/include/rclcpp/rclcpp/executors/multi_threaded_executor.hpp:25[m[K,
[6.092s]                  from [01m[K/opt/ros/humble/include/rclcpp/rclcpp/executors.hpp:21[m[K,
[6.092s]                  from [01m[K/opt/ros/humble/include/rclcpp/rclcpp/rclcpp.hpp:155[m[K,
[6.093s]                  from [01m[K/home/student/41068RS12025-Group18/src/41068_ignition_bringup/include/mission_node.h:30[m[K,
[6.093s]                  from [01m[K/home/student/41068RS12025-Group18/src/41068_ignition_bringup/src/mission_node.cpp:1[m[K:
[6.093s] [01m[K/home/student/41068RS12025-Group18/src/41068_ignition_bringup/src/mission_node.cpp:454:25:[m[K [01;31m[Kerror: [m[Kinvalid use of â€˜[01m[Kthis[m[Kâ€™ in non-member function
[6.093s]   454 |             RCLCPP_INFO([01;31m[Kthis[m[K->get_logger(), "Takeoff altitude: %.2f", takeoff_altitude);
[6.093s]       |                         [01;31m[K^~~~[m[K
[6.093s] [01m[K/home/student/41068RS12025-Group18/src/41068_ignition_bringup/src/mission_node.cpp:454:25:[m[K [01;31m[Kerror: [m[Kinvalid use of â€˜[01m[Kthis[m[Kâ€™ in non-member function
[6.093s]   454 |             RCLCPP_INFO([01;31m[Kthis[m[K->get_logger(), "Takeoff altitude: %.2f", takeoff_altitude);
[6.093s]       |                         [01;31m[K^~~~[m[K
[6.093s] [01m[K/home/student/41068RS12025-Group18/src/41068_ignition_bringup/src/mission_node.cpp:458:13:[m[K [01;31m[Kerror: [m[Kinvalid use of â€˜[01m[Kthis[m[Kâ€™ in non-member function
[6.093s]   458 |         if ([01;31m[Kthis[m[K->has_parameter("mission_params.landing_speed")) {
[6.093s]       |             [01;31m[K^~~~[m[K
[6.094s] [01m[K/home/student/41068RS12025-Group18/src/41068_ignition_bringup/src/mission_node.cpp:459:36:[m[K [01;31m[Kerror: [m[Kinvalid use of â€˜[01m[Kthis[m[Kâ€™ in non-member function
[6.094s]   459 |             double landing_speed = [01;31m[Kthis[m[K->get_parameter("mission_params.landing_speed").as_double();
[6.094s]       |                                    [01;31m[K^~~~[m[K
[6.094s] In file included from [01m[K/opt/ros/humble/include/rclcpp/rclcpp/client.hpp:40[m[K,
[6.094s]                  from [01m[K/opt/ros/humble/include/rclcpp/rclcpp/callback_group.hpp:24[m[K,
[6.094s]                  from [01m[K/opt/ros/humble/include/rclcpp/rclcpp/any_executable.hpp:20[m[K,
[6.094s]                  from [01m[K/opt/ros/humble/include/rclcpp/rclcpp/memory_strategy.hpp:25[m[K,
[6.094s]                  from [01m[K/opt/ros/humble/include/rclcpp/rclcpp/memory_strategies.hpp:18[m[K,
[6.094s]                  from [01m[K/opt/ros/humble/include/rclcpp/rclcpp/executor_options.hpp:20[m[K,
[6.094s]                  from [01m[K/opt/ros/humble/include/rclcpp/rclcpp/executor.hpp:37[m[K,
[6.094s]                  from [01m[K/opt/ros/humble/include/rclcpp/rclcpp/executors/multi_threaded_executor.hpp:25[m[K,
[6.095s]                  from [01m[K/opt/ros/humble/include/rclcpp/rclcpp/executors.hpp:21[m[K,
[6.096s]                  from [01m[K/opt/ros/humble/include/rclcpp/rclcpp/rclcpp.hpp:155[m[K,
[6.096s]                  from [01m[K/home/student/41068RS12025-Group18/src/41068_ignition_bringup/include/mission_node.h:30[m[K,
[6.096s]                  from [01m[K/home/student/41068RS12025-Group18/src/41068_ignition_bringup/src/mission_node.cpp:1[m[K:
[6.096s] [01m[K/home/student/41068RS12025-Group18/src/41068_ignition_bringup/src/mission_node.cpp:460:25:[m[K [01;31m[Kerror: [m[Kinvalid use of â€˜[01m[Kthis[m[Kâ€™ in non-member function
[6.096s]   460 |             RCLCPP_INFO([01;31m[Kthis[m[K->get_logger(), "Landing speed: %.2f", landing_speed);
[6.096s]       |                         [01;31m[K^~~~[m[K
[6.097s] [01m[K/home/student/41068RS12025-Group18/src/41068_ignition_bringup/src/mission_node.cpp:460:25:[m[K [01;31m[Kerror: [m[Kinvalid use of â€˜[01m[Kthis[m[Kâ€™ in non-member function
[6.097s] [01m[K/home/student/41068RS12025-Group18/src/41068_ignition_bringup/src/mission_node.cpp:460:13:[m[K [01;31m[Kerror: [m[Ktemplate argument 1 is invalid
[6.097s]   460 |             [01;31m[KRCLCPP_INFO[m[K(this->get_logger(), "Landing speed: %.2f", landing_speed);
[6.097s]       |             [01;31m[K^~~~~~~~~~~[m[K
[6.097s] In file included from [01m[K/opt/ros/humble/include/rclcpp/rclcpp/logging.hpp:24[m[K,
[6.097s]                  from [01m[K/opt/ros/humble/include/rclcpp/rclcpp/client.hpp:40[m[K,
[6.097s]                  from [01m[K/opt/ros/humble/include/rclcpp/rclcpp/callback_group.hpp:24[m[K,
[6.097s]                  from [01m[K/opt/ros/humble/include/rclcpp/rclcpp/any_executable.hpp:20[m[K,
[6.097s]                  from [01m[K/opt/ros/humble/include/rclcpp/rclcpp/memory_strategy.hpp:25[m[K,
[6.097s]                  from [01m[K/opt/ros/humble/include/rclcpp/rclcpp/memory_strategies.hpp:18[m[K,
[6.098s]                  from [01m[K/opt/ros/humble/include/rclcpp/rclcpp/executor_options.hpp:20[m[K,
[6.098s]                  from [01m[K/opt/ros/humble/include/rclcpp/rclcpp/executor.hpp:37[m[K,
[6.098s]                  from [01m[K/opt/ros/humble/include/rclcpp/rclcpp/executors/multi_threaded_executor.hpp:25[m[K,
[6.098s]                  from [01m[K/opt/ros/humble/include/rclcpp/rclcpp/executors.hpp:21[m[K,
[6.098s]                  from [01m[K/opt/ros/humble/include/rclcpp/rclcpp/rclcpp.hpp:155[m[K,
[6.098s]                  from [01m[K/home/student/41068RS12025-Group18/src/41068_ignition_bringup/include/mission_node.h:30[m[K,
[6.098s]                  from [01m[K/home/student/41068RS12025-Group18/src/41068_ignition_bringup/src/mission_node.cpp:1[m[K:
[6.098s] [01m[K/home/student/41068RS12025-Group18/src/41068_ignition_bringup/src/mission_node.cpp:460:25:[m[K [01;31m[Kerror: [m[Kinvalid use of â€˜[01m[Kthis[m[Kâ€™ in non-member function
[6.098s]   460 |             RCLCPP_INFO([01;31m[Kthis[m[K->get_logger(), "Landing speed: %.2f", landing_speed);
[6.098s]       |                         [01;31m[K^~~~[m[K
[6.098s] [01m[K/home/student/41068RS12025-Group18/src/41068_ignition_bringup/src/mission_node.cpp:460:25:[m[K [01;31m[Kerror: [m[Kinvalid use of â€˜[01m[Kthis[m[Kâ€™ in non-member function
[6.099s]   460 |             RCLCPP_INFO([01;31m[Kthis[m[K->get_logger(), "Landing speed: %.2f", landing_speed);
[6.099s]       |                         [01;31m[K^~~~[m[K
[6.099s] [01m[K/home/student/41068RS12025-Group18/src/41068_ignition_bringup/src/mission_node.cpp:463:13:[m[K [01;31m[Kerror: [m[Kinvalid use of â€˜[01m[Kthis[m[Kâ€™ in non-member function
[6.099s]   463 |         if ([01;31m[Kthis[m[K->has_parameter("mission_params.waypoint_tolerance")) {
[6.099s]       |             [01;31m[K^~~~[m[K
[6.099s] [01m[K/home/student/41068RS12025-Group18/src/41068_ignition_bringup/src/mission_node.cpp:464:37:[m[K [01;31m[Kerror: [m[Kinvalid use of â€˜[01m[Kthis[m[Kâ€™ in non-member function
[6.099s]   464 |             double yaml_tolerance = [01;31m[Kthis[m[K->get_parameter("mission_params.waypoint_tolerance").as_double();
[6.099s]       |                                     [01;31m[K^~~~[m[K
[6.099s] [01m[K/home/student/41068RS12025-Group18/src/41068_ignition_bringup/src/mission_node.cpp:466:13:[m[K [01;31m[Kerror: [m[Kâ€˜[01m[Kwaypoint_tolerance_[m[Kâ€™ was not declared in this scope
[6.099s]   466 |             [01;31m[Kwaypoint_tolerance_[m[K = yaml_tolerance;
[6.099s]       |             [01;31m[K^~~~~~~~~~~~~~~~~~~[m[K
[6.100s] In file included from [01m[K/opt/ros/humble/include/rclcpp/rclcpp/client.hpp:40[m[K,
[6.100s]                  from [01m[K/opt/ros/humble/include/rclcpp/rclcpp/callback_group.hpp:24[m[K,
[6.100s]                  from [01m[K/opt/ros/humble/include/rclcpp/rclcpp/any_executable.hpp:20[m[K,
[6.100s]                  from [01m[K/opt/ros/humble/include/rclcpp/rclcpp/memory_strategy.hpp:25[m[K,
[6.100s]                  from [01m[K/opt/ros/humble/include/rclcpp/rclcpp/memory_strategies.hpp:18[m[K,
[6.100s]                  from [01m[K/opt/ros/humble/include/rclcpp/rclcpp/executor_options.hpp:20[m[K,
[6.100s]                  from [01m[K/opt/ros/humble/include/rclcpp/rclcpp/executor.hpp:37[m[K,
[6.100s]                  from [01m[K/opt/ros/humble/include/rclcpp/rclcpp/executors/multi_threaded_executor.hpp:25[m[K,
[6.100s]                  from [01m[K/opt/ros/humble/include/rclcpp/rclcpp/executors.hpp:21[m[K,
[6.100s]                  from [01m[K/opt/ros/humble/include/rclcpp/rclcpp/rclcpp.hpp:155[m[K,
[6.100s]                  from [01m[K/home/student/41068RS12025-Group18/src/41068_ignition_bringup/include/mission_node.h:30[m[K,
[6.101s]                  from [01m[K/home/student/41068RS12025-Group18/src/41068_ignition_bringup/src/mission_node.cpp:1[m[K:
[6.101s] [01m[K/home/student/41068RS12025-Group18/src/41068_ignition_bringup/src/mission_node.cpp:467:25:[m[K [01;31m[Kerror: [m[Kinvalid use of â€˜[01m[Kthis[m[Kâ€™ in non-member function
[6.101s]   467 |             RCLCPP_INFO([01;31m[Kthis[m[K->get_logger(), "Updated waypoint tolerance to: %.2f", waypoint_tolerance_);
[6.101s]       |                         [01;31m[K^~~~[m[K
[6.101s] [01m[K/home/student/41068RS12025-Group18/src/41068_ignition_bringup/src/mission_node.cpp:467:25:[m[K [01;31m[Kerror: [m[Kinvalid use of â€˜[01m[Kthis[m[Kâ€™ in non-member function
[6.101s] [01m[K/home/student/41068RS12025-Group18/src/41068_ignition_bringup/src/mission_node.cpp:467:13:[m[K [01;31m[Kerror: [m[Ktemplate argument 1 is invalid
[6.101s]   467 |             [01;31m[KRCLCPP_INFO[m[K(this->get_logger(), "Updated waypoint tolerance to: %.2f", waypoint_tolerance_);
[6.101s]       |             [01;31m[K^~~~~~~~~~~[m[K
[6.101s] In file included from [01m[K/opt/ros/humble/include/rclcpp/rclcpp/logging.hpp:24[m[K,
[6.101s]                  from [01m[K/opt/ros/humble/include/rclcpp/rclcpp/client.hpp:40[m[K,
[6.101s]                  from [01m[K/opt/ros/humble/include/rclcpp/rclcpp/callback_group.hpp:24[m[K,
[6.102s]                  from [01m[K/opt/ros/humble/include/rclcpp/rclcpp/any_executable.hpp:20[m[K,
[6.102s]                  from [01m[K/opt/ros/humble/include/rclcpp/rclcpp/memory_strategy.hpp:25[m[K,
[6.102s]                  from [01m[K/opt/ros/humble/include/rclcpp/rclcpp/memory_strategies.hpp:18[m[K,
[6.102s]                  from [01m[K/opt/ros/humble/include/rclcpp/rclcpp/executor_options.hpp:20[m[K,
[6.102s]                  from [01m[K/opt/ros/humble/include/rclcpp/rclcpp/executor.hpp:37[m[K,
[6.102s]                  from [01m[K/opt/ros/humble/include/rclcpp/rclcpp/executors/multi_threaded_executor.hpp:25[m[K,
[6.102s]                  from [01m[K/opt/ros/humble/include/rclcpp/rclcpp/executors.hpp:21[m[K,
[6.102s]                  from [01m[K/opt/ros/humble/include/rclcpp/rclcpp/rclcpp.hpp:155[m[K,
[6.102s]                  from [01m[K/home/student/41068RS12025-Group18/src/41068_ignition_bringup/include/mission_node.h:30[m[K,
[6.102s]                  from [01m[K/home/student/41068RS12025-Group18/src/41068_ignition_bringup/src/mission_node.cpp:1[m[K:
[6.102s] [01m[K/home/student/41068RS12025-Group18/src/41068_ignition_bringup/src/mission_node.cpp:467:25:[m[K [01;31m[Kerror: [m[Kinvalid use of â€˜[01m[Kthis[m[Kâ€™ in non-member function
[6.103s]   467 |             RCLCPP_INFO([01;31m[Kthis[m[K->get_logger(), "Updated waypoint tolerance to: %.2f", waypoint_tolerance_);
[6.103s]       |                         [01;31m[K^~~~[m[K
[6.103s] [01m[K/home/student/41068RS12025-Group18/src/41068_ignition_bringup/src/mission_node.cpp:467:25:[m[K [01;31m[Kerror: [m[Kinvalid use of â€˜[01m[Kthis[m[Kâ€™ in non-member function
[6.103s]   467 |             RCLCPP_INFO([01;31m[Kthis[m[K->get_logger(), "Updated waypoint tolerance to: %.2f", waypoint_tolerance_);
[6.103s]       |                         [01;31m[K^~~~[m[K
[6.103s] [01m[K/home/student/41068RS12025-Group18/src/41068_ignition_bringup/src/mission_node.cpp:470:13:[m[K [01;31m[Kerror: [m[Kinvalid use of â€˜[01m[Kthis[m[Kâ€™ in non-member function
[6.103s]   470 |         if ([01;31m[Kthis[m[K->has_parameter("mission_params.max_velocity")) {
[6.103s]       |             [01;31m[K^~~~[m[K
[6.103s] [01m[K/home/student/41068RS12025-Group18/src/41068_ignition_bringup/src/mission_node.cpp:471:35:[m[K [01;31m[Kerror: [m[Kinvalid use of â€˜[01m[Kthis[m[Kâ€™ in non-member function
[6.103s]   471 |             double max_velocity = [01;31m[Kthis[m[K->get_parameter("mission_params.max_velocity").as_double();
[6.103s]       |                                   [01;31m[K^~~~[m[K
[6.104s] In file included from [01m[K/opt/ros/humble/include/rclcpp/rclcpp/client.hpp:40[m[K,
[6.104s]                  from [01m[K/opt/ros/humble/include/rclcpp/rclcpp/callback_group.hpp:24[m[K,
[6.104s]                  from [01m[K/opt/ros/humble/include/rclcpp/rclcpp/any_executable.hpp:20[m[K,
[6.104s]                  from [01m[K/opt/ros/humble/include/rclcpp/rclcpp/memory_strategy.hpp:25[m[K,
[6.104s]                  from [01m[K/opt/ros/humble/include/rclcpp/rclcpp/memory_strategies.hpp:18[m[K,
[6.104s]                  from [01m[K/opt/ros/humble/include/rclcpp/rclcpp/executor_options.hpp:20[m[K,
[6.104s]                  from [01m[K/opt/ros/humble/include/rclcpp/rclcpp/executor.hpp:37[m[K,
[6.104s]                  from [01m[K/opt/ros/humble/include/rclcpp/rclcpp/executors/multi_threaded_executor.hpp:25[m[K,
[6.105s]                  from [01m[K/opt/ros/humble/include/rclcpp/rclcpp/executors.hpp:21[m[K,
[6.105s]                  from [01m[K/opt/ros/humble/include/rclcpp/rclcpp/rclcpp.hpp:155[m[K,
[6.105s]                  from [01m[K/home/student/41068RS12025-Group18/src/41068_ignition_bringup/include/mission_node.h:30[m[K,
[6.105s]                  from [01m[K/home/student/41068RS12025-Group18/src/41068_ignition_bringup/src/mission_node.cpp:1[m[K:
[6.105s] [01m[K/home/student/41068RS12025-Group18/src/41068_ignition_bringup/src/mission_node.cpp:472:25:[m[K [01;31m[Kerror: [m[Kinvalid use of â€˜[01m[Kthis[m[Kâ€™ in non-member function
[6.105s]   472 |             RCLCPP_INFO([01;31m[Kthis[m[K->get_logger(), "Max velocity: %.2f", max_velocity);
[6.105s]       |                         [01;31m[K^~~~[m[K
[6.105s] [01m[K/home/student/41068RS12025-Group18/src/41068_ignition_bringup/src/mission_node.cpp:472:25:[m[K [01;31m[Kerror: [m[Kinvalid use of â€˜[01m[Kthis[m[Kâ€™ in non-member function
[6.105s] [01m[K/home/student/41068RS12025-Group18/src/41068_ignition_bringup/src/mission_node.cpp:472:13:[m[K [01;31m[Kerror: [m[Ktemplate argument 1 is invalid
[6.105s]   472 |             [01;31m[KRCLCPP_INFO[m[K(this->get_logger(), "Max velocity: %.2f", max_velocity);
[6.105s]       |             [01;31m[K^~~~~~~~~~~[m[K
[6.106s] In file included from [01m[K/opt/ros/humble/include/rclcpp/rclcpp/logging.hpp:24[m[K,
[6.106s]                  from [01m[K/opt/ros/humble/include/rclcpp/rclcpp/client.hpp:40[m[K,
[6.106s]                  from [01m[K/opt/ros/humble/include/rclcpp/rclcpp/callback_group.hpp:24[m[K,
[6.106s]                  from [01m[K/opt/ros/humble/include/rclcpp/rclcpp/any_executable.hpp:20[m[K,
[6.106s]                  from [01m[K/opt/ros/humble/include/rclcpp/rclcpp/memory_strategy.hpp:25[m[K,
[6.106s]                  from [01m[K/opt/ros/humble/include/rclcpp/rclcpp/memory_strategies.hpp:18[m[K,
[6.106s]                  from [01m[K/opt/ros/humble/include/rclcpp/rclcpp/executor_options.hpp:20[m[K,
[6.106s]                  from [01m[K/opt/ros/humble/include/rclcpp/rclcpp/executor.hpp:37[m[K,
[6.106s]                  from [01m[K/opt/ros/humble/include/rclcpp/rclcpp/executors/multi_threaded_executor.hpp:25[m[K,
[6.106s]                  from [01m[K/opt/ros/humble/include/rclcpp/rclcpp/executors.hpp:21[m[K,
[6.106s]                  from [01m[K/opt/ros/humble/include/rclcpp/rclcpp/rclcpp.hpp:155[m[K,
[6.106s]                  from [01m[K/home/student/41068RS12025-Group18/src/41068_ignition_bringup/include/mission_node.h:30[m[K,
[6.106s]                  from [01m[K/home/student/41068RS12025-Group18/src/41068_ignition_bringup/src/mission_node.cpp:1[m[K:
[6.106s] [01m[K/home/student/41068RS12025-Group18/src/41068_ignition_bringup/src/mission_node.cpp:472:25:[m[K [01;31m[Kerror: [m[Kinvalid use of â€˜[01m[Kthis[m[Kâ€™ in non-member function
[6.106s]   472 |             RCLCPP_INFO([01;31m[Kthis[m[K->get_logger(), "Max velocity: %.2f", max_velocity);
[6.106s]       |                         [01;31m[K^~~~[m[K
[6.107s] [01m[K/home/student/41068RS12025-Group18/src/41068_ignition_bringup/src/mission_node.cpp:472:25:[m[K [01;31m[Kerror: [m[Kinvalid use of â€˜[01m[Kthis[m[Kâ€™ in non-member function
[6.107s]   472 |             RCLCPP_INFO([01;31m[Kthis[m[K->get_logger(), "Max velocity: %.2f", max_velocity);
[6.107s]       |                         [01;31m[K^~~~[m[K
[6.107s] [01m[K/home/student/41068RS12025-Group18/src/41068_ignition_bringup/src/mission_node.cpp:475:13:[m[K [01;31m[Kerror: [m[Kinvalid use of â€˜[01m[Kthis[m[Kâ€™ in non-member function
[6.107s]   475 |         if ([01;31m[Kthis[m[K->has_parameter("mission_params.loop_missions")) {
[6.107s]       |             [01;31m[K^~~~[m[K
[6.107s] [01m[K/home/student/41068RS12025-Group18/src/41068_ignition_bringup/src/mission_node.cpp:476:34:[m[K [01;31m[Kerror: [m[Kinvalid use of â€˜[01m[Kthis[m[Kâ€™ in non-member function
[6.107s]   476 |             bool loop_missions = [01;31m[Kthis[m[K->get_parameter("mission_params.loop_missions").as_bool();
[6.107s]       |                                  [01;31m[K^~~~[m[K
[6.107s] In file included from [01m[K/opt/ros/humble/include/rclcpp/rclcpp/client.hpp:40[m[K,
[6.107s]                  from [01m[K/opt/ros/humble/include/rclcpp/rclcpp/callback_group.hpp:24[m[K,
[6.107s]                  from [01m[K/opt/ros/humble/include/rclcpp/rclcpp/any_executable.hpp:20[m[K,
[6.107s]                  from [01m[K/opt/ros/humble/include/rclcpp/rclcpp/memory_strategy.hpp:25[m[K,
[6.107s]                  from [01m[K/opt/ros/humble/include/rclcpp/rclcpp/memory_strategies.hpp:18[m[K,
[6.108s]                  from [01m[K/opt/ros/humble/include/rclcpp/rclcpp/executor_options.hpp:20[m[K,
[6.108s]                  from [01m[K/opt/ros/humble/include/rclcpp/rclcpp/executor.hpp:37[m[K,
[6.108s]                  from [01m[K/opt/ros/humble/include/rclcpp/rclcpp/executors/multi_threaded_executor.hpp:25[m[K,
[6.108s]                  from [01m[K/opt/ros/humble/include/rclcpp/rclcpp/executors.hpp:21[m[K,
[6.108s]                  from [01m[K/opt/ros/humble/include/rclcpp/rclcpp/rclcpp.hpp:155[m[K,
[6.108s]                  from [01m[K/home/student/41068RS12025-Group18/src/41068_ignition_bringup/include/mission_node.h:30[m[K,
[6.108s]                  from [01m[K/home/student/41068RS12025-Group18/src/41068_ignition_bringup/src/mission_node.cpp:1[m[K:
[6.108s] [01m[K/home/student/41068RS12025-Group18/src/41068_ignition_bringup/src/mission_node.cpp:477:25:[m[K [01;31m[Kerror: [m[Kinvalid use of â€˜[01m[Kthis[m[Kâ€™ in non-member function
[6.108s]   477 |             RCLCPP_INFO([01;31m[Kthis[m[K->get_logger(), "Loop missions: %s", loop_missions ? "true" : "false");
[6.108s]       |                         [01;31m[K^~~~[m[K
[6.108s] [01m[K/home/student/41068RS12025-Group18/src/41068_ignition_bringup/src/mission_node.cpp:477:25:[m[K [01;31m[Kerror: [m[Kinvalid use of â€˜[01m[Kthis[m[Kâ€™ in non-member function
[6.108s] [01m[K/home/student/41068RS12025-Group18/src/41068_ignition_bringup/src/mission_node.cpp:477:13:[m[K [01;31m[Kerror: [m[Ktemplate argument 1 is invalid
[6.108s]   477 |             [01;31m[KRCLCPP_INFO[m[K(this->get_logger(), "Loop missions: %s", loop_missions ? "true" : "false");
[6.108s]       |             [01;31m[K^~~~~~~~~~~[m[K
[6.108s] In file included from [01m[K/opt/ros/humble/include/rclcpp/rclcpp/logging.hpp:24[m[K,
[6.108s]                  from [01m[K/opt/ros/humble/include/rclcpp/rclcpp/client.hpp:40[m[K,
[6.109s]                  from [01m[K/opt/ros/humble/include/rclcpp/rclcpp/callback_group.hpp:24[m[K,
[6.109s]                  from [01m[K/opt/ros/humble/include/rclcpp/rclcpp/any_executable.hpp:20[m[K,
[6.109s]                  from [01m[K/opt/ros/humble/include/rclcpp/rclcpp/memory_strategy.hpp:25[m[K,
[6.109s]                  from [01m[K/opt/ros/humble/include/rclcpp/rclcpp/memory_strategies.hpp:18[m[K,
[6.109s]                  from [01m[K/opt/ros/humble/include/rclcpp/rclcpp/executor_options.hpp:20[m[K,
[6.109s]                  from [01m[K/opt/ros/humble/include/rclcpp/rclcpp/executor.hpp:37[m[K,
[6.109s]                  from [01m[K/opt/ros/humble/include/rclcpp/rclcpp/executors/multi_threaded_executor.hpp:25[m[K,
[6.109s]                  from [01m[K/opt/ros/humble/include/rclcpp/rclcpp/executors.hpp:21[m[K,
[6.109s]                  from [01m[K/opt/ros/humble/include/rclcpp/rclcpp/rclcpp.hpp:155[m[K,
[6.109s]                  from [01m[K/home/student/41068RS12025-Group18/src/41068_ignition_bringup/include/mission_node.h:30[m[K,
[6.109s]                  from [01m[K/home/student/41068RS12025-Group18/src/41068_ignition_bringup/src/mission_node.cpp:1[m[K:
[6.109s] [01m[K/home/student/41068RS12025-Group18/src/41068_ignition_bringup/src/mission_node.cpp:477:25:[m[K [01;31m[Kerror: [m[Kinvalid use of â€˜[01m[Kthis[m[Kâ€™ in non-member function
[6.109s]   477 |             RCLCPP_INFO([01;31m[Kthis[m[K->get_logger(), "Loop missions: %s", loop_missions ? "true" : "false");
[6.109s]       |                         [01;31m[K^~~~[m[K
[6.109s] [01m[K/home/student/41068RS12025-Group18/src/41068_ignition_bringup/src/mission_node.cpp:477:25:[m[K [01;31m[Kerror: [m[Kinvalid use of â€˜[01m[Kthis[m[Kâ€™ in non-member function
[6.109s]   477 |             RCLCPP_INFO([01;31m[Kthis[m[K->get_logger(), "Loop missions: %s", loop_missions ? "true" : "false");
[6.109s]       |                         [01;31m[K^~~~[m[K
[6.110s] In file included from [01m[K/opt/ros/humble/include/rclcpp/rclcpp/client.hpp:40[m[K,
[6.110s]                  from [01m[K/opt/ros/humble/include/rclcpp/rclcpp/callback_group.hpp:24[m[K,
[6.110s]                  from [01m[K/opt/ros/humble/include/rclcpp/rclcpp/any_executable.hpp:20[m[K,
[6.110s]                  from [01m[K/opt/ros/humble/include/rclcpp/rclcpp/memory_strategy.hpp:25[m[K,
[6.110s]                  from [01m[K/opt/ros/humble/include/rclcpp/rclcpp/memory_strategies.hpp:18[m[K,
[6.110s]                  from [01m[K/opt/ros/humble/include/rclcpp/rclcpp/executor_options.hpp:20[m[K,
[6.110s]                  from [01m[K/opt/ros/humble/include/rclcpp/rclcpp/executor.hpp:37[m[K,
[6.110s]                  from [01m[K/opt/ros/humble/include/rclcpp/rclcpp/executors/multi_threaded_executor.hpp:25[m[K,
[6.110s]                  from [01m[K/opt/ros/humble/include/rclcpp/rclcpp/executors.hpp:21[m[K,
[6.110s]                  from [01m[K/opt/ros/humble/include/rclcpp/rclcpp/rclcpp.hpp:155[m[K,
[6.110s]                  from [01m[K/home/student/41068RS12025-Group18/src/41068_ignition_bringup/include/mission_node.h:30[m[K,
[6.110s]                  from [01m[K/home/student/41068RS12025-Group18/src/41068_ignition_bringup/src/mission_node.cpp:1[m[K:
[6.110s] [01m[K/home/student/41068RS12025-Group18/src/41068_ignition_bringup/src/mission_node.cpp:482:21:[m[K [01;31m[Kerror: [m[Kinvalid use of â€˜[01m[Kthis[m[Kâ€™ in non-member function
[6.110s]   482 |         RCLCPP_WARN([01;31m[Kthis[m[K->get_logger(), "Error loading mission parameters: %s", e.what());
[6.110s]       |                     [01;31m[K^~~~[m[K
[6.110s] [01m[K/home/student/41068RS12025-Group18/src/41068_ignition_bringup/src/mission_node.cpp:482:21:[m[K [01;31m[Kerror: [m[Kinvalid use of â€˜[01m[Kthis[m[Kâ€™ in non-member function
[6.110s] [01m[K/home/student/41068RS12025-Group18/src/41068_ignition_bringup/src/mission_node.cpp:482:9:[m[K [01;31m[Kerror: [m[Ktemplate argument 1 is invalid
[6.111s]   482 |         [01;31m[KRCLCPP_WARN[m[K(this->get_logger(), "Error loading mission parameters: %s", e.what());
[6.111s]       |         [01;31m[K^~~~~~~~~~~[m[K
[6.111s] In file included from [01m[K/opt/ros/humble/include/rclcpp/rclcpp/logging.hpp:24[m[K,
[6.111s]                  from [01m[K/opt/ros/humble/include/rclcpp/rclcpp/client.hpp:40[m[K,
[6.111s]                  from [01m[K/opt/ros/humble/include/rclcpp/rclcpp/callback_group.hpp:24[m[K,
[6.111s]                  from [01m[K/opt/ros/humble/include/rclcpp/rclcpp/any_executable.hpp:20[m[K,
[6.111s]                  from [01m[K/opt/ros/humble/include/rclcpp/rclcpp/memory_strategy.hpp:25[m[K,
[6.111s]                  from [01m[K/opt/ros/humble/include/rclcpp/rclcpp/memory_strategies.hpp:18[m[K,
[6.111s]                  from [01m[K/opt/ros/humble/include/rclcpp/rclcpp/executor_options.hpp:20[m[K,
[6.111s]                  from [01m[K/opt/ros/humble/include/rclcpp/rclcpp/executor.hpp:37[m[K,
[6.111s]                  from [01m[K/opt/ros/humble/include/rclcpp/rclcpp/executors/multi_threaded_executor.hpp:25[m[K,
[6.111s]                  from [01m[K/opt/ros/humble/include/rclcpp/rclcpp/executors.hpp:21[m[K,
[6.111s]                  from [01m[K/opt/ros/humble/include/rclcpp/rclcpp/rclcpp.hpp:155[m[K,
[6.111s]                  from [01m[K/home/student/41068RS12025-Group18/src/41068_ignition_bringup/include/mission_node.h:30[m[K,
[6.111s]                  from [01m[K/home/student/41068RS12025-Group18/src/41068_ignition_bringup/src/mission_node.cpp:1[m[K:
[6.111s] [01m[K/home/student/41068RS12025-Group18/src/41068_ignition_bringup/src/mission_node.cpp:482:21:[m[K [01;31m[Kerror: [m[Kinvalid use of â€˜[01m[Kthis[m[Kâ€™ in non-member function
[6.111s]   482 |         RCLCPP_WARN([01;31m[Kthis[m[K->get_logger(), "Error loading mission parameters: %s", e.what());
[6.112s]       |                     [01;31m[K^~~~[m[K
[6.112s] [01m[K/home/student/41068RS12025-Group18/src/41068_ignition_bringup/src/mission_node.cpp:482:21:[m[K [01;31m[Kerror: [m[Kinvalid use of â€˜[01m[Kthis[m[Kâ€™ in non-member function
[6.112s]   482 |         RCLCPP_WARN([01;31m[Kthis[m[K->get_logger(), "Error loading mission parameters: %s", e.what());
[6.112s]       |                     [01;31m[K^~~~[m[K
[6.112s] [01m[K/home/student/41068RS12025-Group18/src/41068_ignition_bringup/src/mission_node.cpp:[m[K At global scope:
[6.112s] [01m[K/home/student/41068RS12025-Group18/src/41068_ignition_bringup/src/mission_node.cpp:487:8:[m[K [01;31m[Kerror: [m[Kâ€˜[01m[KMissionPlannerNode[m[Kâ€™ has not been declared
[6.112s]   487 |   void [01;31m[KMissionPlannerNode[m[K::loadFallbackWaypoints() {
[6.112s]       |        [01;31m[K^~~~~~~~~~~~~~~~~~[m[K
[6.112s] [01m[K/home/student/41068RS12025-Group18/src/41068_ignition_bringup/src/mission_node.cpp:[m[K In function â€˜[01m[Kvoid loadFallbackWaypoints()[m[Kâ€™:
[6.112s] [01m[K/home/student/41068RS12025-Group18/src/41068_ignition_bringup/src/mission_node.cpp:493:31:[m[K [01;31m[Kerror: [m[Kinvalid use of â€˜[01m[Kthis[m[Kâ€™ in non-member function
[6.112s]   493 |       waypoint.header.stamp = [01;31m[Kthis[m[K->get_clock()->now();
[6.112s]       |                               [01;31m[K^~~~[m[K
[6.112s] [01m[K/home/student/41068RS12025-Group18/src/41068_ignition_bringup/src/mission_node.cpp:496:11:[m[K [01;31m[Kerror: [m[Kâ€˜[01m[Kdrone_id_[m[Kâ€™ was not declared in this scope
[6.112s]   496 |       if ([01;31m[Kdrone_id_[m[K == "rs1_drone_1") {
[6.112s]       |           [01;31m[K^~~~~~~~~[m[K
[6.113s] [01m[K/home/student/41068RS12025-Group18/src/41068_ignition_bringup/src/mission_node.cpp:519:7:[m[K [01;31m[Kerror: [m[Kâ€˜[01m[Kpath_planner_[m[Kâ€™ was not declared in this scope
[6.113s]   519 |       [01;31m[Kpath_planner_[m[K->setWaypoints(waypoints);
[6.113s]       |       [01;31m[K^~~~~~~~~~~~~[m[K
[6.113s] In file included from [01m[K/opt/ros/humble/include/rclcpp/rclcpp/client.hpp:40[m[K,
[6.113s]                  from [01m[K/opt/ros/humble/include/rclcpp/rclcpp/callback_group.hpp:24[m[K,
[6.113s]                  from [01m[K/opt/ros/humble/include/rclcpp/rclcpp/any_executable.hpp:20[m[K,
[6.113s]                  from [01m[K/opt/ros/humble/include/rclcpp/rclcpp/memory_strategy.hpp:25[m[K,
[6.113s]                  from [01m[K/opt/ros/humble/include/rclcpp/rclcpp/memory_strategies.hpp:18[m[K,
[6.113s]                  from [01m[K/opt/ros/humble/include/rclcpp/rclcpp/executor_options.hpp:20[m[K,
[6.113s]                  from [01m[K/opt/ros/humble/include/rclcpp/rclcpp/executor.hpp:37[m[K,
[6.113s]                  from [01m[K/opt/ros/humble/include/rclcpp/rclcpp/executors/multi_threaded_executor.hpp:25[m[K,
[6.113s]                  from [01m[K/opt/ros/humble/include/rclcpp/rclcpp/executors.hpp:21[m[K,
[6.113s]                  from [01m[K/opt/ros/humble/include/rclcpp/rclcpp/rclcpp.hpp:155[m[K,
[6.114s]                  from [01m[K/home/student/41068RS12025-Group18/src/41068_ignition_bringup/include/mission_node.h:30[m[K,
[6.114s]                  from [01m[K/home/student/41068RS12025-Group18/src/41068_ignition_bringup/src/mission_node.cpp:1[m[K:
[6.114s] [01m[K/home/student/41068RS12025-Group18/src/41068_ignition_bringup/src/mission_node.cpp:520:19:[m[K [01;31m[Kerror: [m[Kinvalid use of â€˜[01m[Kthis[m[Kâ€™ in non-member function
[6.114s]   520 |       RCLCPP_INFO([01;31m[Kthis[m[K->get_logger(), "Loaded fallback waypoint for %s", drone_id_.c_str());
[6.114s]       |                   [01;31m[K^~~~[m[K
[6.114s] [01m[K/home/student/41068RS12025-Group18/src/41068_ignition_bringup/src/mission_node.cpp:520:19:[m[K [01;31m[Kerror: [m[Kinvalid use of â€˜[01m[Kthis[m[Kâ€™ in non-member function
[6.114s] [01m[K/home/student/41068RS12025-Group18/src/41068_ignition_bringup/src/mission_node.cpp:520:7:[m[K [01;31m[Kerror: [m[Ktemplate argument 1 is invalid
[6.114s]   520 |       [01;31m[KRCLCPP_INFO[m[K(this->get_logger(), "Loaded fallback waypoint for %s", drone_id_.c_str());
[6.114s]       |       [01;31m[K^~~~~~~~~~~[m[K
[6.114s] In file included from [01m[K/opt/ros/humble/include/rclcpp/rclcpp/logging.hpp:24[m[K,
[6.114s]                  from [01m[K/opt/ros/humble/include/rclcpp/rclcpp/client.hpp:40[m[K,
[6.114s]                  from [01m[K/opt/ros/humble/include/rclcpp/rclcpp/callback_group.hpp:24[m[K,
[6.114s]                  from [01m[K/opt/ros/humble/include/rclcpp/rclcpp/any_executable.hpp:20[m[K,
[6.114s]                  from [01m[K/opt/ros/humble/include/rclcpp/rclcpp/memory_strategy.hpp:25[m[K,
[6.114s]                  from [01m[K/opt/ros/humble/include/rclcpp/rclcpp/memory_strategies.hpp:18[m[K,
[6.114s]                  from [01m[K/opt/ros/humble/include/rclcpp/rclcpp/executor_options.hpp:20[m[K,
[6.115s]                  from [01m[K/opt/ros/humble/include/rclcpp/rclcpp/executor.hpp:37[m[K,
[6.115s]                  from [01m[K/opt/ros/humble/include/rclcpp/rclcpp/executors/multi_threaded_executor.hpp:25[m[K,
[6.115s]                  from [01m[K/opt/ros/humble/include/rclcpp/rclcpp/executors.hpp:21[m[K,
[6.115s]                  from [01m[K/opt/ros/humble/include/rclcpp/rclcpp/rclcpp.hpp:155[m[K,
[6.115s]                  from [01m[K/home/student/41068RS12025-Group18/src/41068_ignition_bringup/include/mission_node.h:30[m[K,
[6.115s]                  from [01m[K/home/student/41068RS12025-Group18/src/41068_ignition_bringup/src/mission_node.cpp:1[m[K:
[6.115s] [01m[K/home/student/41068RS12025-Group18/src/41068_ignition_bringup/src/mission_node.cpp:520:19:[m[K [01;31m[Kerror: [m[Kinvalid use of â€˜[01m[Kthis[m[Kâ€™ in non-member function
[6.115s]   520 |       RCLCPP_INFO([01;31m[Kthis[m[K->get_logger(), "Loaded fallback waypoint for %s", drone_id_.c_str());
[6.115s]       |                   [01;31m[K^~~~[m[K
[6.115s] [01m[K/home/student/41068RS12025-Group18/src/41068_ignition_bringup/src/mission_node.cpp:520:19:[m[K [01;31m[Kerror: [m[Kinvalid use of â€˜[01m[Kthis[m[Kâ€™ in non-member function
[6.115s]   520 |       RCLCPP_INFO([01;31m[Kthis[m[K->get_logger(), "Loaded fallback waypoint for %s", drone_id_.c_str());
[6.115s]       |                   [01;31m[K^~~~[m[K
[6.115s] [01m[K/home/student/41068RS12025-Group18/src/41068_ignition_bringup/src/mission_node.cpp:520:74:[m[K [01;31m[Kerror: [m[Kâ€˜[01m[Kdrone_id_[m[Kâ€™ was not declared in this scope
[6.115s]   520 |       RCLCPP_INFO(this->get_logger(), "Loaded fallback waypoint for %s", [01;31m[Kdrone_id_[m[K.c_str());
[6.115s]       |                                                                          [01;31m[K^~~~~~~~~[m[K
[6.115s] [01m[K/home/student/41068RS12025-Group18/src/41068_ignition_bringup/src/mission_node.cpp:[m[K At global scope:
[6.115s] [01m[K/home/student/41068RS12025-Group18/src/41068_ignition_bringup/src/mission_node.cpp:524:8:[m[K [01;31m[Kerror: [m[Kâ€˜[01m[KMissionPlannerNode[m[Kâ€™ has not been declared
[6.116s]   524 |   void [01;31m[KMissionPlannerNode[m[K::startMissionCallback(
[6.116s]       |        [01;31m[K^~~~~~~~~~~~~~~~~~[m[K
[6.116s] In file included from [01m[K/opt/ros/humble/include/rclcpp/rclcpp/client.hpp:40[m[K,
[6.116s]                  from [01m[K/opt/ros/humble/include/rclcpp/rclcpp/callback_group.hpp:24[m[K,
[6.116s]                  from [01m[K/opt/ros/humble/include/rclcpp/rclcpp/any_executable.hpp:20[m[K,
[6.116s]                  from [01m[K/opt/ros/humble/include/rclcpp/rclcpp/memory_strategy.hpp:25[m[K,
[6.116s]                  from [01m[K/opt/ros/humble/include/rclcpp/rclcpp/memory_strategies.hpp:18[m[K,
[6.116s]                  from [01m[K/opt/ros/humble/include/rclcpp/rclcpp/executor_options.hpp:20[m[K,
[6.116s]                  from [01m[K/opt/ros/humble/include/rclcpp/rclcpp/executor.hpp:37[m[K,
[6.116s]                  from [01m[K/opt/ros/humble/include/rclcpp/rclcpp/executors/multi_threaded_executor.hpp:25[m[K,
[6.116s]                  from [01m[K/opt/ros/humble/include/rclcpp/rclcpp/executors.hpp:21[m[K,
[6.116s]                  from [01m[K/opt/ros/humble/include/rclcpp/rclcpp/rclcpp.hpp:155[m[K,
[6.116s]                  from [01m[K/home/student/41068RS12025-Group18/src/41068_ignition_bringup/include/mission_node.h:30[m[K,
[6.116s]                  from [01m[K/home/student/41068RS12025-Group18/src/41068_ignition_bringup/src/mission_node.cpp:1[m[K:
[6.117s] [01m[K/home/student/41068RS12025-Group18/src/41068_ignition_bringup/src/mission_node.cpp:[m[K In function â€˜[01m[Kvoid startMissionCallback(std::shared_ptr<std_srvs::srv::Trigger_Request_<std::allocator<void> > >, std::shared_ptr<std_srvs::srv::Trigger_Response_<std::allocator<void> > >)[m[Kâ€™:
[6.117s] [01m[K/home/student/41068RS12025-Group18/src/41068_ignition_bringup/src/mission_node.cpp:529:17:[m[K [01;31m[Kerror: [m[Kinvalid use of â€˜[01m[Kthis[m[Kâ€™ in non-member function
[6.117s]   529 |     RCLCPP_INFO([01;31m[Kthis[m[K->get_logger(), "Start mission service called for %s", drone_id_.c_str());
[6.117s]       |                 [01;31m[K^~~~[m[K
[6.117s] [01m[K/home/student/41068RS12025-Group18/src/41068_ignition_bringup/src/mission_node.cpp:529:17:[m[K [01;31m[Kerror: [m[Kinvalid use of â€˜[01m[Kthis[m[Kâ€™ in non-member function
[6.117s] [01m[K/home/student/41068RS12025-Group18/src/41068_ignition_bringup/src/mission_node.cpp:529:5:[m[K [01;31m[Kerror: [m[Ktemplate argument 1 is invalid
[6.117s]   529 |     [01;31m[KRCLCPP_INFO[m[K(this->get_logger(), "Start mission service called for %s", drone_id_.c_str());
[6.117s]       |     [01;31m[K^~~~~~~~~~~[m[K
[6.117s] In file included from [01m[K/opt/ros/humble/include/rclcpp/rclcpp/logging.hpp:24[m[K,
[6.117s]                  from [01m[K/opt/ros/humble/include/rclcpp/rclcpp/client.hpp:40[m[K,
[6.117s]                  from [01m[K/opt/ros/humble/include/rclcpp/rclcpp/callback_group.hpp:24[m[K,
[6.117s]                  from [01m[K/opt/ros/humble/include/rclcpp/rclcpp/any_executable.hpp:20[m[K,
[6.117s]                  from [01m[K/opt/ros/humble/include/rclcpp/rclcpp/memory_strategy.hpp:25[m[K,
[6.117s]                  from [01m[K/opt/ros/humble/include/rclcpp/rclcpp/memory_strategies.hpp:18[m[K,
[6.117s]                  from [01m[K/opt/ros/humble/include/rclcpp/rclcpp/executor_options.hpp:20[m[K,
[6.118s]                  from [01m[K/opt/ros/humble/include/rclcpp/rclcpp/executor.hpp:37[m[K,
[6.118s]                  from [01m[K/opt/ros/humble/include/rclcpp/rclcpp/executors/multi_threaded_executor.hpp:25[m[K,
[6.118s]                  from [01m[K/opt/ros/humble/include/rclcpp/rclcpp/executors.hpp:21[m[K,
[6.118s]                  from [01m[K/opt/ros/humble/include/rclcpp/rclcpp/rclcpp.hpp:155[m[K,
[6.118s]                  from [01m[K/home/student/41068RS12025-Group18/src/41068_ignition_bringup/include/mission_node.h:30[m[K,
[6.118s]                  from [01m[K/home/student/41068RS12025-Group18/src/41068_ignition_bringup/src/mission_node.cpp:1[m[K:
[6.118s] [01m[K/home/student/41068RS12025-Group18/src/41068_ignition_bringup/src/mission_node.cpp:529:17:[m[K [01;31m[Kerror: [m[Kinvalid use of â€˜[01m[Kthis[m[Kâ€™ in non-member function
[6.118s]   529 |     RCLCPP_INFO([01;31m[Kthis[m[K->get_logger(), "Start mission service called for %s", drone_id_.c_str());
[6.118s]       |                 [01;31m[K^~~~[m[K
[6.118s] [01m[K/home/student/41068RS12025-Group18/src/41068_ignition_bringup/src/mission_node.cpp:529:17:[m[K [01;31m[Kerror: [m[Kinvalid use of â€˜[01m[Kthis[m[Kâ€™ in non-member function
[6.118s]   529 |     RCLCPP_INFO([01;31m[Kthis[m[K->get_logger(), "Start mission service called for %s", drone_id_.c_str());
[6.118s]       |                 [01;31m[K^~~~[m[K
[6.118s] [01m[K/home/student/41068RS12025-Group18/src/41068_ignition_bringup/src/mission_node.cpp:529:76:[m[K [01;31m[Kerror: [m[Kâ€˜[01m[Kdrone_id_[m[Kâ€™ was not declared in this scope
[6.118s]   529 |     RCLCPP_INFO(this->get_logger(), "Start mission service called for %s", [01;31m[Kdrone_id_[m[K.c_str());
[6.118s]       |                                                                            [01;31m[K^~~~~~~~~[m[K
[6.121s] [01m[K/home/student/41068RS12025-Group18/src/41068_ignition_bringup/src/mission_node.cpp:532:9:[m[K [01;31m[Kerror: [m[Kâ€˜[01m[Kstate_machine_[m[Kâ€™ was not declared in this scope
[6.121s]   532 |     if ([01;31m[Kstate_machine_[m[K->getCurrentState() != MissionState::IDLE) {
[6.121s]       |         [01;31m[K^~~~~~~~~~~~~~[m[K
[6.121s] [01m[K/home/student/41068RS12025-Group18/src/41068_ignition_bringup/src/mission_node.cpp:532:46:[m[K [01;31m[Kerror: [m[Kâ€˜[01m[KMissionState[m[Kâ€™ has not been declared
[6.121s]   532 |     if (state_machine_->getCurrentState() != [01;31m[KMissionState[m[K::IDLE) {
[6.122s]       |                                              [01;31m[K^~~~~~~~~~~~[m[K
[6.122s] In file included from [01m[K/opt/ros/humble/include/rclcpp/rclcpp/client.hpp:40[m[K,
[6.122s]                  from [01m[K/opt/ros/humble/include/rclcpp/rclcpp/callback_group.hpp:24[m[K,
[6.122s]                  from [01m[K/opt/ros/humble/include/rclcpp/rclcpp/any_executable.hpp:20[m[K,
[6.122s]                  from [01m[K/opt/ros/humble/include/rclcpp/rclcpp/memory_strategy.hpp:25[m[K,
[6.122s]                  from [01m[K/opt/ros/humble/include/rclcpp/rclcpp/memory_strategies.hpp:18[m[K,
[6.122s]                  from [01m[K/opt/ros/humble/include/rclcpp/rclcpp/executor_options.hpp:20[m[K,
[6.122s]                  from [01m[K/opt/ros/humble/include/rclcpp/rclcpp/executor.hpp:37[m[K,
[6.122s]                  from [01m[K/opt/ros/humble/include/rclcpp/rclcpp/executors/multi_threaded_executor.hpp:25[m[K,
[6.122s]                  from [01m[K/opt/ros/humble/include/rclcpp/rclcpp/executors.hpp:21[m[K,
[6.122s]                  from [01m[K/opt/ros/humble/include/rclcpp/rclcpp/rclcpp.hpp:155[m[K,
[6.122s]                  from [01m[K/home/student/41068RS12025-Group18/src/41068_ignition_bringup/include/mission_node.h:30[m[K,
[6.122s]                  from [01m[K/home/student/41068RS12025-Group18/src/41068_ignition_bringup/src/mission_node.cpp:1[m[K:
[6.122s] [01m[K/home/student/41068RS12025-Group18/src/41068_ignition_bringup/src/mission_node.cpp:536:19:[m[K [01;31m[Kerror: [m[Kinvalid use of â€˜[01m[Kthis[m[Kâ€™ in non-member function
[6.122s]   536 |       RCLCPP_WARN([01;31m[Kthis[m[K->get_logger(), "%s", response->message.c_str());
[6.122s]       |                   [01;31m[K^~~~[m[K
[6.123s] [01m[K/home/student/41068RS12025-Group18/src/41068_ignition_bringup/src/mission_node.cpp:536:19:[m[K [01;31m[Kerror: [m[Kinvalid use of â€˜[01m[Kthis[m[Kâ€™ in non-member function
[6.123s] [01m[K/home/student/41068RS12025-Group18/src/41068_ignition_bringup/src/mission_node.cpp:536:7:[m[K [01;31m[Kerror: [m[Ktemplate argument 1 is invalid
[6.123s]   536 |       [01;31m[KRCLCPP_WARN[m[K(this->get_logger(), "%s", response->message.c_str());
[6.123s]       |       [01;31m[K^~~~~~~~~~~[m[K
[6.123s] In file included from [01m[K/opt/ros/humble/include/rclcpp/rclcpp/logging.hpp:24[m[K,
[6.123s]                  from [01m[K/opt/ros/humble/include/rclcpp/rclcpp/client.hpp:40[m[K,
[6.123s]                  from [01m[K/opt/ros/humble/include/rclcpp/rclcpp/callback_group.hpp:24[m[K,
[6.123s]                  from [01m[K/opt/ros/humble/include/rclcpp/rclcpp/any_executable.hpp:20[m[K,
[6.123s]                  from [01m[K/opt/ros/humble/include/rclcpp/rclcpp/memory_strategy.hpp:25[m[K,
[6.123s]                  from [01m[K/opt/ros/humble/include/rclcpp/rclcpp/memory_strategies.hpp:18[m[K,
[6.123s]                  from [01m[K/opt/ros/humble/include/rclcpp/rclcpp/executor_options.hpp:20[m[K,
[6.123s]                  from [01m[K/opt/ros/humble/include/rclcpp/rclcpp/executor.hpp:37[m[K,
[6.123s]                  from [01m[K/opt/ros/humble/include/rclcpp/rclcpp/executors/multi_threaded_executor.hpp:25[m[K,
[6.123s]                  from [01m[K/opt/ros/humble/include/rclcpp/rclcpp/executors.hpp:21[m[K,
[6.123s]                  from [01m[K/opt/ros/humble/include/rclcpp/rclcpp/rclcpp.hpp:155[m[K,
[6.123s]                  from [01m[K/home/student/41068RS12025-Group18/src/41068_ignition_bringup/include/mission_node.h:30[m[K,
[6.123s]                  from [01m[K/home/student/41068RS12025-Group18/src/41068_ignition_bringup/src/mission_node.cpp:1[m[K:
[6.124s] [01m[K/home/student/41068RS12025-Group18/src/41068_ignition_bringup/src/mission_node.cpp:536:19:[m[K [01;31m[Kerror: [m[Kinvalid use of â€˜[01m[Kthis[m[Kâ€™ in non-member function
[6.124s]   536 |       RCLCPP_WARN([01;31m[Kthis[m[K->get_logger(), "%s", response->message.c_str());
[6.124s]       |                   [01;31m[K^~~~[m[K
[6.124s] [01m[K/home/student/41068RS12025-Group18/src/41068_ignition_bringup/src/mission_node.cpp:536:19:[m[K [01;31m[Kerror: [m[Kinvalid use of â€˜[01m[Kthis[m[Kâ€™ in non-member function
[6.124s]   536 |       RCLCPP_WARN([01;31m[Kthis[m[K->get_logger(), "%s", response->message.c_str());
[6.124s]       |                   [01;31m[K^~~~[m[K
[6.126s] [01m[K/home/student/41068RS12025-Group18/src/41068_ignition_bringup/src/mission_node.cpp:541:5:[m[K [01;31m[Kerror: [m[Kâ€˜[01m[Kstate_machine_[m[Kâ€™ was not declared in this scope
[6.126s]   541 |     [01;31m[Kstate_machine_[m[K->setState(MissionState::TAKEOFF);
[6.126s]       |     [01;31m[K^~~~~~~~~~~~~~[m[K
[6.126s] [01m[K/home/student/41068RS12025-Group18/src/41068_ignition_bringup/src/mission_node.cpp:541:30:[m[K [01;31m[Kerror: [m[Kâ€˜[01m[KMissionState[m[Kâ€™ has not been declared
[6.126s]   541 |     state_machine_->setState([01;31m[KMissionState[m[K::TAKEOFF);
[6.126s]       |                              [01;31m[K^~~~~~~~~~~~[m[K
[6.132s] [01m[K/home/student/41068RS12025-Group18/src/41068_ignition_bringup/src/mission_node.cpp:546:5:[m[K [01;31m[Kerror: [m[Kâ€˜[01m[Kmission_state_pub_[m[Kâ€™ was not declared in this scope
[6.132s]   546 |     [01;31m[Kmission_state_pub_[m[K->publish(state_msg);
[6.132s]       |     [01;31m[K^~~~~~~~~~~~~~~~~~[m[K
[6.132s] In file included from [01m[K/opt/ros/humble/include/rclcpp/rclcpp/client.hpp:40[m[K,
[6.133s]                  from [01m[K/opt/ros/humble/include/rclcpp/rclcpp/callback_group.hpp:24[m[K,
[6.133s]                  from [01m[K/opt/ros/humble/include/rclcpp/rclcpp/any_executable.hpp:20[m[K,
[6.133s]                  from [01m[K/opt/ros/humble/include/rclcpp/rclcpp/memory_strategy.hpp:25[m[K,
[6.133s]                  from [01m[K/opt/ros/humble/include/rclcpp/rclcpp/memory_strategies.hpp:18[m[K,
[6.133s]                  from [01m[K/opt/ros/humble/include/rclcpp/rclcpp/executor_options.hpp:20[m[K,
[6.133s]                  from [01m[K/opt/ros/humble/include/rclcpp/rclcpp/executor.hpp:37[m[K,
[6.133s]                  from [01m[K/opt/ros/humble/include/rclcpp/rclcpp/executors/multi_threaded_executor.hpp:25[m[K,
[6.133s]                  from [01m[K/opt/ros/humble/include/rclcpp/rclcpp/executors.hpp:21[m[K,
[6.133s]                  from [01m[K/opt/ros/humble/include/rclcpp/rclcpp/rclcpp.hpp:155[m[K,
[6.133s]                  from [01m[K/home/student/41068RS12025-Group18/src/41068_ignition_bringup/include/mission_node.h:30[m[K,
[6.133s]                  from [01m[K/home/student/41068RS12025-Group18/src/41068_ignition_bringup/src/mission_node.cpp:1[m[K:
[6.133s] [01m[K/home/student/41068RS12025-Group18/src/41068_ignition_bringup/src/mission_node.cpp:551:17:[m[K [01;31m[Kerror: [m[Kinvalid use of â€˜[01m[Kthis[m[Kâ€™ in non-member function
[6.133s]   551 |     RCLCPP_INFO([01;31m[Kthis[m[K->get_logger(), "Mission started for %s - transitioning to TAKEOFF", drone_id_.c_str());
[6.133s]       |                 [01;31m[K^~~~[m[K
[6.133s] [01m[K/home/student/41068RS12025-Group18/src/41068_ignition_bringup/src/mission_node.cpp:551:17:[m[K [01;31m[Kerror: [m[Kinvalid use of â€˜[01m[Kthis[m[Kâ€™ in non-member function
[6.133s] [01m[K/home/student/41068RS12025-Group18/src/41068_ignition_bringup/src/mission_node.cpp:551:5:[m[K [01;31m[Kerror: [m[Ktemplate argument 1 is invalid
[6.133s]   551 |     [01;31m[KRCLCPP_INFO[m[K(this->get_logger(), "Mission started for %s - transitioning to TAKEOFF", drone_id_.c_str());
[6.134s]       |     [01;31m[K^~~~~~~~~~~[m[K
[6.134s] In file included from [01m[K/opt/ros/humble/include/rclcpp/rclcpp/logging.hpp:24[m[K,
[6.134s]                  from [01m[K/opt/ros/humble/include/rclcpp/rclcpp/client.hpp:40[m[K,
[6.134s]                  from [01m[K/opt/ros/humble/include/rclcpp/rclcpp/callback_group.hpp:24[m[K,
[6.134s]                  from [01m[K/opt/ros/humble/include/rclcpp/rclcpp/any_executable.hpp:20[m[K,
[6.134s]                  from [01m[K/opt/ros/humble/include/rclcpp/rclcpp/memory_strategy.hpp:25[m[K,
[6.134s]                  from [01m[K/opt/ros/humble/include/rclcpp/rclcpp/memory_strategies.hpp:18[m[K,
[6.134s]                  from [01m[K/opt/ros/humble/include/rclcpp/rclcpp/executor_options.hpp:20[m[K,
[6.134s]                  from [01m[K/opt/ros/humble/include/rclcpp/rclcpp/executor.hpp:37[m[K,
[6.134s]                  from [01m[K/opt/ros/humble/include/rclcpp/rclcpp/executors/multi_threaded_executor.hpp:25[m[K,
[6.134s]                  from [01m[K/opt/ros/humble/include/rclcpp/rclcpp/executors.hpp:21[m[K,
[6.134s]                  from [01m[K/opt/ros/humble/include/rclcpp/rclcpp/rclcpp.hpp:155[m[K,
[6.134s]                  from [01m[K/home/student/41068RS12025-Group18/src/41068_ignition_bringup/include/mission_node.h:30[m[K,
[6.134s]                  from [01m[K/home/student/41068RS12025-Group18/src/41068_ignition_bringup/src/mission_node.cpp:1[m[K:
[6.134s] [01m[K/home/student/41068RS12025-Group18/src/41068_ignition_bringup/src/mission_node.cpp:551:17:[m[K [01;31m[Kerror: [m[Kinvalid use of â€˜[01m[Kthis[m[Kâ€™ in non-member function
[6.134s]   551 |     RCLCPP_INFO([01;31m[Kthis[m[K->get_logger(), "Mission started for %s - transitioning to TAKEOFF", drone_id_.c_str());
[6.135s]       |                 [01;31m[K^~~~[m[K
[6.135s] [01m[K/home/student/41068RS12025-Group18/src/41068_ignition_bringup/src/mission_node.cpp:551:17:[m[K [01;31m[Kerror: [m[Kinvalid use of â€˜[01m[Kthis[m[Kâ€™ in non-member function
[6.135s]   551 |     RCLCPP_INFO([01;31m[Kthis[m[K->get_logger(), "Mission started for %s - transitioning to TAKEOFF", drone_id_.c_str());
[6.135s]       |                 [01;31m[K^~~~[m[K
[6.136s] [01m[K/home/student/41068RS12025-Group18/src/41068_ignition_bringup/src/mission_node.cpp:551:90:[m[K [01;31m[Kerror: [m[Kâ€˜[01m[Kdrone_id_[m[Kâ€™ was not declared in this scope
[6.136s]   551 |     RCLCPP_INFO(this->get_logger(), "Mission started for %s - transitioning to TAKEOFF", [01;31m[Kdrone_id_[m[K.c_str());
[6.136s]       |                                                                                          [01;31m[K^~~~~~~~~[m[K
[6.136s] [01m[K/home/student/41068RS12025-Group18/src/41068_ignition_bringup/src/mission_node.cpp:[m[K At global scope:
[6.136s] [01m[K/home/student/41068RS12025-Group18/src/41068_ignition_bringup/src/mission_node.cpp:554:8:[m[K [01;31m[Kerror: [m[Kâ€˜[01m[KMissionPlannerNode[m[Kâ€™ has not been declared
[6.136s]   554 |   void [01;31m[KMissionPlannerNode[m[K::stopMissionCallback(
[6.137s]       |        [01;31m[K^~~~~~~~~~~~~~~~~~[m[K
[6.137s] In file included from [01m[K/opt/ros/humble/include/rclcpp/rclcpp/client.hpp:40[m[K,
[6.137s]                  from [01m[K/opt/ros/humble/include/rclcpp/rclcpp/callback_group.hpp:24[m[K,
[6.137s]                  from [01m[K/opt/ros/humble/include/rclcpp/rclcpp/any_executable.hpp:20[m[K,
[6.137s]                  from [01m[K/opt/ros/humble/include/rclcpp/rclcpp/memory_strategy.hpp:25[m[K,
[6.137s]                  from [01m[K/opt/ros/humble/include/rclcpp/rclcpp/memory_strategies.hpp:18[m[K,
[6.137s]                  from [01m[K/opt/ros/humble/include/rclcpp/rclcpp/executor_options.hpp:20[m[K,
[6.137s]                  from [01m[K/opt/ros/humble/include/rclcpp/rclcpp/executor.hpp:37[m[K,
[6.137s]                  from [01m[K/opt/ros/humble/include/rclcpp/rclcpp/executors/multi_threaded_executor.hpp:25[m[K,
[6.137s]                  from [01m[K/opt/ros/humble/include/rclcpp/rclcpp/executors.hpp:21[m[K,
[6.137s]                  from [01m[K/opt/ros/humble/include/rclcpp/rclcpp/rclcpp.hpp:155[m[K,
[6.137s]                  from [01m[K/home/student/41068RS12025-Group18/src/41068_ignition_bringup/include/mission_node.h:30[m[K,
[6.137s]                  from [01m[K/home/student/41068RS12025-Group18/src/41068_ignition_bringup/src/mission_node.cpp:1[m[K:
[6.137s] [01m[K/home/student/41068RS12025-Group18/src/41068_ignition_bringup/src/mission_node.cpp:[m[K In function â€˜[01m[Kvoid stopMissionCallback(std::shared_ptr<std_srvs::srv::Trigger_Request_<std::allocator<void> > >, std::shared_ptr<std_srvs::srv::Trigger_Response_<std::allocator<void> > >)[m[Kâ€™:
[6.137s] [01m[K/home/student/41068RS12025-Group18/src/41068_ignition_bringup/src/mission_node.cpp:559:17:[m[K [01;31m[Kerror: [m[Kinvalid use of â€˜[01m[Kthis[m[Kâ€™ in non-member function
[6.137s]   559 |     RCLCPP_INFO([01;31m[Kthis[m[K->get_logger(), "Stop mission service called for %s", drone_id_.c_str());
[6.138s]       |                 [01;31m[K^~~~[m[K
[6.138s] [01m[K/home/student/41068RS12025-Group18/src/41068_ignition_bringup/src/mission_node.cpp:559:17:[m[K [01;31m[Kerror: [m[Kinvalid use of â€˜[01m[Kthis[m[Kâ€™ in non-member function
[6.138s] [01m[K/home/student/41068RS12025-Group18/src/41068_ignition_bringup/src/mission_node.cpp:559:5:[m[K [01;31m[Kerror: [m[Ktemplate argument 1 is invalid
[6.138s]   559 |     [01;31m[KRCLCPP_INFO[m[K(this->get_logger(), "Stop mission service called for %s", drone_id_.c_str());
[6.138s]       |     [01;31m[K^~~~~~~~~~~[m[K
[6.138s] In file included from [01m[K/opt/ros/humble/include/rclcpp/rclcpp/logging.hpp:24[m[K,
[6.138s]                  from [01m[K/opt/ros/humble/include/rclcpp/rclcpp/client.hpp:40[m[K,
[6.138s]                  from [01m[K/opt/ros/humble/include/rclcpp/rclcpp/callback_group.hpp:24[m[K,
[6.138s]                  from [01m[K/opt/ros/humble/include/rclcpp/rclcpp/any_executable.hpp:20[m[K,
[6.138s]                  from [01m[K/opt/ros/humble/include/rclcpp/rclcpp/memory_strategy.hpp:25[m[K,
[6.138s]                  from [01m[K/opt/ros/humble/include/rclcpp/rclcpp/memory_strategies.hpp:18[m[K,
[6.138s]                  from [01m[K/opt/ros/humble/include/rclcpp/rclcpp/executor_options.hpp:20[m[K,
[6.138s]                  from [01m[K/opt/ros/humble/include/rclcpp/rclcpp/executor.hpp:37[m[K,
[6.138s]                  from [01m[K/opt/ros/humble/include/rclcpp/rclcpp/executors/multi_threaded_executor.hpp:25[m[K,
[6.138s]                  from [01m[K/opt/ros/humble/include/rclcpp/rclcpp/executors.hpp:21[m[K,
[6.138s]                  from [01m[K/opt/ros/humble/include/rclcpp/rclcpp/rclcpp.hpp:155[m[K,
[6.139s]                  from [01m[K/home/student/41068RS12025-Group18/src/41068_ignition_bringup/include/mission_node.h:30[m[K,
[6.139s]                  from [01m[K/home/student/41068RS12025-Group18/src/41068_ignition_bringup/src/mission_node.cpp:1[m[K:
[6.139s] [01m[K/home/student/41068RS12025-Group18/src/41068_ignition_bringup/src/mission_node.cpp:559:17:[m[K [01;31m[Kerror: [m[Kinvalid use of â€˜[01m[Kthis[m[Kâ€™ in non-member function
[6.139s]   559 |     RCLCPP_INFO([01;31m[Kthis[m[K->get_logger(), "Stop mission service called for %s", drone_id_.c_str());
[6.139s]       |                 [01;31m[K^~~~[m[K
[6.139s] [01m[K/home/student/41068RS12025-Group18/src/41068_ignition_bringup/src/mission_node.cpp:559:17:[m[K [01;31m[Kerror: [m[Kinvalid use of â€˜[01m[Kthis[m[Kâ€™ in non-member function
[6.139s]   559 |     RCLCPP_INFO([01;31m[Kthis[m[K->get_logger(), "Stop mission service called for %s", drone_id_.c_str());
[6.139s]       |                 [01;31m[K^~~~[m[K
[6.140s] [01m[K/home/student/41068RS12025-Group18/src/41068_ignition_bringup/src/mission_node.cpp:559:75:[m[K [01;31m[Kerror: [m[Kâ€˜[01m[Kdrone_id_[m[Kâ€™ was not declared in this scope
[6.140s]   559 |     RCLCPP_INFO(this->get_logger(), "Stop mission service called for %s", [01;31m[Kdrone_id_[m[K.c_str());
[6.140s]       |                                                                           [01;31m[K^~~~~~~~~[m[K
[6.140s] [01m[K/home/student/41068RS12025-Group18/src/41068_ignition_bringup/src/mission_node.cpp:562:5:[m[K [01;31m[Kerror: [m[Kâ€˜[01m[KMissionState[m[Kâ€™ was not declared in this scope; did you mean â€˜[01m[Kdrone::MissionState[m[Kâ€™?
[6.140s]   562 |     [01;31m[KMissionState[m[K current_state = state_machine_->getCurrentState();
[6.140s]       |     [01;31m[K^~~~~~~~~~~~[m[K
[6.140s]       |     [32m[Kdrone::MissionState[m[K
[6.140s] In file included from [01m[K/home/student/41068RS12025-Group18/src/41068_ignition_bringup/include/mission/state_machine.h:15[m[K,
[6.140s]                  from [01m[K/home/student/41068RS12025-Group18/src/41068_ignition_bringup/include/mission_node.h:38[m[K,
[6.140s]                  from [01m[K/home/student/41068RS12025-Group18/src/41068_ignition_bringup/src/mission_node.cpp:1[m[K:
[6.141s] [01m[K/home/student/41068RS12025-Group18/src/41068_ignition_bringup/include/mission_state.h:23:12:[m[K [01;36m[Knote: [m[Kâ€˜[01m[Kdrone::MissionState[m[Kâ€™ declared here
[6.141s]    23 | enum class [01;36m[KMissionState[m[K
[6.141s]       |            [01;36m[K^~~~~~~~~~~~[m[K
[6.144s] [01m[K/home/student/41068RS12025-Group18/src/41068_ignition_bringup/src/mission_node.cpp:564:9:[m[K [01;31m[Kerror: [m[Kâ€˜[01m[Kcurrent_state[m[Kâ€™ was not declared in this scope
[6.144s]   564 |     if ([01;31m[Kcurrent_state[m[K == MissionState::IDLE) {
[6.144s]       |         [01;31m[K^~~~~~~~~~~~~[m[K
[6.144s] [01m[K/home/student/41068RS12025-Group18/src/41068_ignition_bringup/src/mission_node.cpp:564:26:[m[K [01;31m[Kerror: [m[Kâ€˜[01m[KMissionState[m[Kâ€™ is not a class, namespace, or enumeration
[6.144s]   564 |     if (current_state == [01;31m[KMissionState[m[K::IDLE) {
[6.144s]       |                          [01;31m[K^~~~~~~~~~~~[m[K
[6.149s] [01m[K/home/student/41068RS12025-Group18/src/41068_ignition_bringup/src/mission_node.cpp:571:5:[m[K [01;31m[Kerror: [m[Kâ€˜[01m[Kstate_machine_[m[Kâ€™ was not declared in this scope
[6.149s]   571 |     [01;31m[Kstate_machine_[m[K->setState(MissionState::LANDING);
[6.149s]       |     [01;31m[K^~~~~~~~~~~~~~[m[K
[6.149s] [01m[K/home/student/41068RS12025-Group18/src/41068_ignition_bringup/src/mission_node.cpp:571:30:[m[K [01;31m[Kerror: [m[Kâ€˜[01m[KMissionState[m[Kâ€™ is not a class, namespace, or enumeration
[6.150s]   571 |     state_machine_->setState([01;31m[KMissionState[m[K::LANDING);
[6.150s]       |                              [01;31m[K^~~~~~~~~~~~[m[K
[6.159s] [01m[K/home/student/41068RS12025-Group18/src/41068_ignition_bringup/src/mission_node.cpp:576:5:[m[K [01;31m[Kerror: [m[Kâ€˜[01m[Kmission_state_pub_[m[Kâ€™ was not declared in this scope
[6.159s]   576 |     [01;31m[Kmission_state_pub_[m[K->publish(state_msg);
[6.159s]       |     [01;31m[K^~~~~~~~~~~~~~~~~~[m[K
[6.159s] In file included from [01m[K/opt/ros/humble/include/rclcpp/rclcpp/client.hpp:40[m[K,
[6.159s]                  from [01m[K/opt/ros/humble/include/rclcpp/rclcpp/callback_group.hpp:24[m[K,
[6.159s]                  from [01m[K/opt/ros/humble/include/rclcpp/rclcpp/any_executable.hpp:20[m[K,
[6.160s]                  from [01m[K/opt/ros/humble/include/rclcpp/rclcpp/memory_strategy.hpp:25[m[K,
[6.160s]                  from [01m[K/opt/ros/humble/include/rclcpp/rclcpp/memory_strategies.hpp:18[m[K,
[6.160s]                  from [01m[K/opt/ros/humble/include/rclcpp/rclcpp/executor_options.hpp:20[m[K,
[6.160s]                  from [01m[K/opt/ros/humble/include/rclcpp/rclcpp/executor.hpp:37[m[K,
[6.160s]                  from [01m[K/opt/ros/humble/include/rclcpp/rclcpp/executors/multi_threaded_executor.hpp:25[m[K,
[6.160s]                  from [01m[K/opt/ros/humble/include/rclcpp/rclcpp/executors.hpp:21[m[K,
[6.160s]                  from [01m[K/opt/ros/humble/include/rclcpp/rclcpp/rclcpp.hpp:155[m[K,
[6.160s]                  from [01m[K/home/student/41068RS12025-Group18/src/41068_ignition_bringup/include/mission_node.h:30[m[K,
[6.160s]                  from [01m[K/home/student/41068RS12025-Group18/src/41068_ignition_bringup/src/mission_node.cpp:1[m[K:
[6.160s] [01m[K/home/student/41068RS12025-Group18/src/41068_ignition_bringup/src/mission_node.cpp:581:17:[m[K [01;31m[Kerror: [m[Kinvalid use of â€˜[01m[Kthis[m[Kâ€™ in non-member function
[6.160s]   581 |     RCLCPP_INFO([01;31m[Kthis[m[K->get_logger(), "Mission stopped for %s - transitioning to LANDING", drone_id_.c_str());
[6.160s]       |                 [01;31m[K^~~~[m[K
[6.160s] [01m[K/home/student/41068RS12025-Group18/src/41068_ignition_bringup/src/mission_node.cpp:581:17:[m[K [01;31m[Kerror: [m[Kinvalid use of â€˜[01m[Kthis[m[Kâ€™ in non-member function
[6.160s] [01m[K/home/student/41068RS12025-Group18/src/41068_ignition_bringup/src/mission_node.cpp:581:5:[m[K [01;31m[Kerror: [m[Ktemplate argument 1 is invalid
[6.160s]   581 |     [01;31m[KRCLCPP_INFO[m[K(this->get_logger(), "Mission stopped for %s - transitioning to LANDING", drone_id_.c_str());
[6.160s]       |     [01;31m[K^~~~~~~~~~~[m[K
[6.161s] In file included from [01m[K/opt/ros/humble/include/rclcpp/rclcpp/logging.hpp:24[m[K,
[6.161s]                  from [01m[K/opt/ros/humble/include/rclcpp/rclcpp/client.hpp:40[m[K,
[6.161s]                  from [01m[K/opt/ros/humble/include/rclcpp/rclcpp/callback_group.hpp:24[m[K,
[6.161s]                  from [01m[K/opt/ros/humble/include/rclcpp/rclcpp/any_executable.hpp:20[m[K,
[6.161s]                  from [01m[K/opt/ros/humble/include/rclcpp/rclcpp/memory_strategy.hpp:25[m[K,
[6.161s]                  from [01m[K/opt/ros/humble/include/rclcpp/rclcpp/memory_strategies.hpp:18[m[K,
[6.161s]                  from [01m[K/opt/ros/humble/include/rclcpp/rclcpp/executor_options.hpp:20[m[K,
[6.161s]                  from [01m[K/opt/ros/humble/include/rclcpp/rclcpp/executor.hpp:37[m[K,
[6.161s]                  from [01m[K/opt/ros/humble/include/rclcpp/rclcpp/executors/multi_threaded_executor.hpp:25[m[K,
[6.161s]                  from [01m[K/opt/ros/humble/include/rclcpp/rclcpp/executors.hpp:21[m[K,
[6.161s]                  from [01m[K/opt/ros/humble/include/rclcpp/rclcpp/rclcpp.hpp:155[m[K,
[6.161s]                  from [01m[K/home/student/41068RS12025-Group18/src/41068_ignition_bringup/include/mission_node.h:30[m[K,
[6.161s]                  from [01m[K/home/student/41068RS12025-Group18/src/41068_ignition_bringup/src/mission_node.cpp:1[m[K:
[6.161s] [01m[K/home/student/41068RS12025-Group18/src/41068_ignition_bringup/src/mission_node.cpp:581:17:[m[K [01;31m[Kerror: [m[Kinvalid use of â€˜[01m[Kthis[m[Kâ€™ in non-member function
[6.161s]   581 |     RCLCPP_INFO([01;31m[Kthis[m[K->get_logger(), "Mission stopped for %s - transitioning to LANDING", drone_id_.c_str());
[6.161s]       |                 [01;31m[K^~~~[m[K
[6.161s] [01m[K/home/student/41068RS12025-Group18/src/41068_ignition_bringup/src/mission_node.cpp:581:17:[m[K [01;31m[Kerror: [m[Kinvalid use of â€˜[01m[Kthis[m[Kâ€™ in non-member function
[6.162s]   581 |     RCLCPP_INFO([01;31m[Kthis[m[K->get_logger(), "Mission stopped for %s - transitioning to LANDING", drone_id_.c_str());
[6.162s]       |                 [01;31m[K^~~~[m[K
[6.163s] [01m[K/home/student/41068RS12025-Group18/src/41068_ignition_bringup/src/mission_node.cpp:581:90:[m[K [01;31m[Kerror: [m[Kâ€˜[01m[Kdrone_id_[m[Kâ€™ was not declared in this scope
[6.163s]   581 |     RCLCPP_INFO(this->get_logger(), "Mission stopped for %s - transitioning to LANDING", [01;31m[Kdrone_id_[m[K.c_str());
[6.163s]       |                                                                                          [01;31m[K^~~~~~~~~[m[K
[6.163s] [01m[K/home/student/41068RS12025-Group18/src/41068_ignition_bringup/src/mission_node.cpp:[m[K At global scope:
[6.163s] [01m[K/home/student/41068RS12025-Group18/src/41068_ignition_bringup/src/mission_node.cpp:586:8:[m[K [01;31m[Kerror: [m[Kâ€˜[01m[KMissionPlannerNode[m[Kâ€™ has not been declared
[6.163s]   586 |   void [01;31m[KMissionPlannerNode[m[K::executeMission() {
[6.163s]       |        [01;31m[K^~~~~~~~~~~~~~~~~~[m[K
[6.164s] [01m[K/home/student/41068RS12025-Group18/src/41068_ignition_bringup/src/mission_node.cpp:[m[K In function â€˜[01m[Kvoid executeMission()[m[Kâ€™:
[6.164s] [01m[K/home/student/41068RS12025-Group18/src/41068_ignition_bringup/src/mission_node.cpp:587:5:[m[K [01;31m[Kerror: [m[Kâ€˜[01m[KMissionState[m[Kâ€™ was not declared in this scope; did you mean â€˜[01m[Kdrone::MissionState[m[Kâ€™?
[6.164s]   587 |     [01;31m[KMissionState[m[K current_state = state_machine_->getCurrentState();
[6.164s]       |     [01;31m[K^~~~~~~~~~~~[m[K
[6.164s]       |     [32m[Kdrone::MissionState[m[K
[6.164s] In file included from [01m[K/home/student/41068RS12025-Group18/src/41068_ignition_bringup/include/mission/state_machine.h:15[m[K,
[6.164s]                  from [01m[K/home/student/41068RS12025-Group18/src/41068_ignition_bringup/include/mission_node.h:38[m[K,
[6.165s]                  from [01m[K/home/student/41068RS12025-Group18/src/41068_ignition_bringup/src/mission_node.cpp:1[m[K:
[6.165s] [01m[K/home/student/41068RS12025-Group18/src/41068_ignition_bringup/include/mission_state.h:23:12:[m[K [01;36m[Knote: [m[Kâ€˜[01m[Kdrone::MissionState[m[Kâ€™ declared here
[6.165s]    23 | enum class [01;36m[KMissionState[m[K
[6.165s]       |            [01;36m[K^~~~~~~~~~~~[m[K
[6.168s] [01m[K/home/student/41068RS12025-Group18/src/41068_ignition_bringup/src/mission_node.cpp:589:13:[m[K [01;31m[Kerror: [m[Kâ€˜[01m[Kcurrent_state[m[Kâ€™ was not declared in this scope
[6.168s]   589 |     switch ([01;31m[Kcurrent_state[m[K) {
[6.168s]       |             [01;31m[K^~~~~~~~~~~~~[m[K
[6.168s] [01m[K/home/student/41068RS12025-Group18/src/41068_ignition_bringup/src/mission_node.cpp:590:12:[m[K [01;31m[Kerror: [m[Kâ€˜[01m[KMissionState[m[Kâ€™ is not a class, namespace, or enumeration
[6.168s]   590 |       case [01;31m[KMissionState[m[K::IDLE:
[6.168s]       |            [01;31m[K^~~~~~~~~~~~[m[K
[6.169s] [01m[K/home/student/41068RS12025-Group18/src/41068_ignition_bringup/src/mission_node.cpp:594:12:[m[K [01;31m[Kerror: [m[Kâ€˜[01m[KMissionState[m[Kâ€™ is not a class, namespace, or enumeration
[6.169s]   594 |       case [01;31m[KMissionState[m[K::TAKEOFF:
[6.169s]       |            [01;31m[K^~~~~~~~~~~~[m[K
[6.171s] [01m[K/home/student/41068RS12025-Group18/src/41068_ignition_bringup/src/mission_node.cpp:597:9:[m[K [01;31m[Kerror: [m[Kâ€˜[01m[Ktakeoff[m[Kâ€™ was not declared in this scope
[6.171s]   597 |         [01;31m[Ktakeoff[m[K();
[6.171s]       |         [01;31m[K^~~~~~~[m[K
[6.171s] [01m[K/home/student/41068RS12025-Group18/src/41068_ignition_bringup/src/mission_node.cpp:600:12:[m[K [01;31m[Kerror: [m[Kâ€˜[01m[KMissionState[m[Kâ€™ is not a class, namespace, or enumeration
[6.171s]   600 |       case [01;31m[KMissionState[m[K::WAYPOINT_NAVIGATION:
[6.171s]       |            [01;31m[K^~~~~~~~~~~~[m[K
[6.177s] [01m[K/home/student/41068RS12025-Group18/src/41068_ignition_bringup/src/mission_node.cpp:602:9:[m[K [01;31m[Kerror: [m[Kâ€˜[01m[KwaypointNavigation[m[Kâ€™ was not declared in this scope
[6.177s]   602 |         [01;31m[KwaypointNavigation[m[K();
[6.177s]       |         [01;31m[K^~~~~~~~~~~~~~~~~~[m[K
[6.178s] [01m[K/home/student/41068RS12025-Group18/src/41068_ignition_bringup/src/mission_node.cpp:605:12:[m[K [01;31m[Kerror: [m[Kâ€˜[01m[KMissionState[m[Kâ€™ is not a class, namespace, or enumeration
[6.178s]   605 |       case [01;31m[KMissionState[m[K::HOVERING:
[6.178s]       |            [01;31m[K^~~~~~~~~~~~[m[K
[6.180s] [01m[K/home/student/41068RS12025-Group18/src/41068_ignition_bringup/src/mission_node.cpp:607:9:[m[K [01;31m[Kerror: [m[Kâ€˜[01m[Khovering[m[Kâ€™ was not declared in this scope
[6.180s]   607 |         [01;31m[Khovering[m[K();
[6.180s]       |         [01;31m[K^~~~~~~~[m[K
[6.181s] [01m[K/home/student/41068RS12025-Group18/src/41068_ignition_bringup/src/mission_node.cpp:610:12:[m[K [01;31m[Kerror: [m[Kâ€˜[01m[KMissionState[m[Kâ€™ is not a class, namespace, or enumeration
[6.181s]   610 |       case [01;31m[KMissionState[m[K::LANDING:
[6.181s]       |            [01;31m[K^~~~~~~~~~~~[m[K
[6.183s] [01m[K/home/student/41068RS12025-Group18/src/41068_ignition_bringup/src/mission_node.cpp:612:9:[m[K [01;31m[Kerror: [m[Kâ€˜[01m[Klanding[m[Kâ€™ was not declared in this scope
[6.183s]   612 |         [01;31m[Klanding[m[K();
[6.183s]       |         [01;31m[K^~~~~~~[m[K
[6.183s] [01m[K/home/student/41068RS12025-Group18/src/41068_ignition_bringup/src/mission_node.cpp:615:12:[m[K [01;31m[Kerror: [m[Kâ€˜[01m[KMissionState[m[Kâ€™ is not a class, namespace, or enumeration
[6.183s]   615 |       case [01;31m[KMissionState[m[K::MANUAL_CONTROL:
[6.183s]       |            [01;31m[K^~~~~~~~~~~~[m[K
[6.187s] [01m[K/home/student/41068RS12025-Group18/src/41068_ignition_bringup/src/mission_node.cpp:617:9:[m[K [01;31m[Kerror: [m[Kâ€˜[01m[KmanualControl[m[Kâ€™ was not declared in this scope
[6.187s]   617 |         [01;31m[KmanualControl[m[K();
[6.187s]       |         [01;31m[K^~~~~~~~~~~~~[m[K
[6.188s] [01m[K/home/student/41068RS12025-Group18/src/41068_ignition_bringup/src/mission_node.cpp:620:12:[m[K [01;31m[Kerror: [m[Kâ€˜[01m[KMissionState[m[Kâ€™ is not a class, namespace, or enumeration
[6.188s]   620 |       case [01;31m[KMissionState[m[K::EMERGENCY:
[6.188s]       |            [01;31m[K^~~~~~~~~~~~[m[K
[6.190s] [01m[K/home/student/41068RS12025-Group18/src/41068_ignition_bringup/src/mission_node.cpp:622:9:[m[K [01;31m[Kerror: [m[Kâ€˜[01m[Kemergency[m[Kâ€™ was not declared in this scope
[6.191s]   622 |         [01;31m[Kemergency[m[K();
[6.191s]       |         [01;31m[K^~~~~~~~~[m[K
[6.191s] [01m[K/home/student/41068RS12025-Group18/src/41068_ignition_bringup/src/mission_node.cpp:626:12:[m[K [01;31m[Kerror: [m[Kâ€˜[01m[KMissionState[m[Kâ€™ is not a class, namespace, or enumeration
[6.191s]   626 |       case [01;31m[KMissionState[m[K::DEBRIS_OBSTRUCTION_REACTION:
[6.191s]       |            [01;31m[K^~~~~~~~~~~~[m[K
[6.195s] [01m[K/home/student/41068RS12025-Group18/src/41068_ignition_bringup/src/mission_node.cpp:627:9:[m[K [01;31m[Kerror: [m[Kâ€˜[01m[KdebrisReaction[m[Kâ€™ was not declared in this scope
[6.195s]   627 |         [01;31m[KdebrisReaction[m[K();
[6.195s]       |         [01;31m[K^~~~~~~~~~~~~~[m[K
[6.195s] [01m[K/home/student/41068RS12025-Group18/src/41068_ignition_bringup/src/mission_node.cpp:630:12:[m[K [01;31m[Kerror: [m[Kâ€˜[01m[KMissionState[m[Kâ€™ is not a class, namespace, or enumeration
[6.195s]   630 |       case [01;31m[KMissionState[m[K::ORBIT_TREE:
[6.195s]       |            [01;31m[K^~~~~~~~~~~~[m[K
[6.199s] [01m[K/home/student/41068RS12025-Group18/src/41068_ignition_bringup/src/mission_node.cpp:631:9:[m[K [01;31m[Kerror: [m[Kâ€˜[01m[KorbitIncident[m[Kâ€™ was not declared in this scope
[6.199s]   631 |         [01;31m[KorbitIncident[m[K();
[6.199s]       |         [01;31m[K^~~~~~~~~~~~~[m[K
[6.199s] [01m[K/home/student/41068RS12025-Group18/src/41068_ignition_bringup/src/mission_node.cpp:[m[K At global scope:
[6.199s] [01m[K/home/student/41068RS12025-Group18/src/41068_ignition_bringup/src/mission_node.cpp:636:8:[m[K [01;31m[Kerror: [m[Kâ€˜[01m[KMissionPlannerNode[m[Kâ€™ has not been declared
[6.199s]   636 |   void [01;31m[KMissionPlannerNode[m[K::takeoff() {
[6.199s]       |        [01;31m[K^~~~~~~~~~~~~~~~~~[m[K
[6.200s] In file included from [01m[K/opt/ros/humble/include/rclcpp/rclcpp/client.hpp:40[m[K,
[6.200s]                  from [01m[K/opt/ros/humble/include/rclcpp/rclcpp/callback_group.hpp:24[m[K,
[6.200s]                  from [01m[K/opt/ros/humble/include/rclcpp/rclcpp/any_executable.hpp:20[m[K,
[6.200s]                  from [01m[K/opt/ros/humble/include/rclcpp/rclcpp/memory_strategy.hpp:25[m[K,
[6.200s]                  from [01m[K/opt/ros/humble/include/rclcpp/rclcpp/memory_strategies.hpp:18[m[K,
[6.200s]                  from [01m[K/opt/ros/humble/include/rclcpp/rclcpp/executor_options.hpp:20[m[K,
[6.200s]                  from [01m[K/opt/ros/humble/include/rclcpp/rclcpp/executor.hpp:37[m[K,
[6.200s]                  from [01m[K/opt/ros/humble/include/rclcpp/rclcpp/executors/multi_threaded_executor.hpp:25[m[K,
[6.200s]                  from [01m[K/opt/ros/humble/include/rclcpp/rclcpp/executors.hpp:21[m[K,
[6.200s]                  from [01m[K/opt/ros/humble/include/rclcpp/rclcpp/rclcpp.hpp:155[m[K,
[6.200s]                  from [01m[K/home/student/41068RS12025-Group18/src/41068_ignition_bringup/include/mission_node.h:30[m[K,
[6.200s]                  from [01m[K/home/student/41068RS12025-Group18/src/41068_ignition_bringup/src/mission_node.cpp:1[m[K:
[6.200s] [01m[K/home/student/41068RS12025-Group18/src/41068_ignition_bringup/src/mission_node.cpp:[m[K In function â€˜[01m[Kvoid takeoff()[m[Kâ€™:
[6.200s] [01m[K/home/student/41068RS12025-Group18/src/41068_ignition_bringup/src/mission_node.cpp:641:19:[m[K [01;31m[Kerror: [m[Kinvalid use of â€˜[01m[Kthis[m[Kâ€™ in non-member function
[6.201s]   641 |       RCLCPP_INFO([01;31m[Kthis[m[K->get_logger(), "Takeoff completed for %s - transitioning to waypoint navigation", drone_id_.c_str());
[6.201s]       |                   [01;31m[K^~~~[m[K
[6.201s] [01m[K/home/student/41068RS12025-Group18/src/41068_ignition_bringup/src/mission_node.cpp:641:19:[m[K [01;31m[Kerror: [m[Kinvalid use of â€˜[01m[Kthis[m[Kâ€™ in non-member function
[6.201s] [01m[K/home/student/41068RS12025-Group18/src/41068_ignition_bringup/src/mission_node.cpp:641:7:[m[K [01;31m[Kerror: [m[Ktemplate argument 1 is invalid
[6.201s]   641 |       [01;31m[KRCLCPP_INFO[m[K(this->get_logger(), "Takeoff completed for %s - transitioning to waypoint navigation", drone_id_.c_str());
[6.201s]       |       [01;31m[K^~~~~~~~~~~[m[K
[6.201s] In file included from [01m[K/opt/ros/humble/include/rclcpp/rclcpp/logging.hpp:24[m[K,
[6.201s]                  from [01m[K/opt/ros/humble/include/rclcpp/rclcpp/client.hpp:40[m[K,
[6.201s]                  from [01m[K/opt/ros/humble/include/rclcpp/rclcpp/callback_group.hpp:24[m[K,
[6.201s]                  from [01m[K/opt/ros/humble/include/rclcpp/rclcpp/any_executable.hpp:20[m[K,
[6.201s]                  from [01m[K/opt/ros/humble/include/rclcpp/rclcpp/memory_strategy.hpp:25[m[K,
[6.201s]                  from [01m[K/opt/ros/humble/include/rclcpp/rclcpp/memory_strategies.hpp:18[m[K,
[6.201s]                  from [01m[K/opt/ros/humble/include/rclcpp/rclcpp/executor_options.hpp:20[m[K,
[6.201s]                  from [01m[K/opt/ros/humble/include/rclcpp/rclcpp/executor.hpp:37[m[K,
[6.201s]                  from [01m[K/opt/ros/humble/include/rclcpp/rclcpp/executors/multi_threaded_executor.hpp:25[m[K,
[6.201s]                  from [01m[K/opt/ros/humble/include/rclcpp/rclcpp/executors.hpp:21[m[K,
[6.201s]                  from [01m[K/opt/ros/humble/include/rclcpp/rclcpp/rclcpp.hpp:155[m[K,
[6.202s]                  from [01m[K/home/student/41068RS12025-Group18/src/41068_ignition_bringup/include/mission_node.h:30[m[K,
[6.202s]                  from [01m[K/home/student/41068RS12025-Group18/src/41068_ignition_bringup/src/mission_node.cpp:1[m[K:
[6.202s] [01m[K/home/student/41068RS12025-Group18/src/41068_ignition_bringup/src/mission_node.cpp:641:19:[m[K [01;31m[Kerror: [m[Kinvalid use of â€˜[01m[Kthis[m[Kâ€™ in non-member function
[6.202s]   641 |       RCLCPP_INFO([01;31m[Kthis[m[K->get_logger(), "Takeoff completed for %s - transitioning to waypoint navigation", drone_id_.c_str());
[6.202s]       |                   [01;31m[K^~~~[m[K
[6.202s] [01m[K/home/student/41068RS12025-Group18/src/41068_ignition_bringup/src/mission_node.cpp:641:19:[m[K [01;31m[Kerror: [m[Kinvalid use of â€˜[01m[Kthis[m[Kâ€™ in non-member function
[6.202s]   641 |       RCLCPP_INFO([01;31m[Kthis[m[K->get_logger(), "Takeoff completed for %s - transitioning to waypoint navigation", drone_id_.c_str());
[6.202s]       |                   [01;31m[K^~~~[m[K
[6.203s] [01m[K/home/student/41068RS12025-Group18/src/41068_ignition_bringup/src/mission_node.cpp:641:106:[m[K [01;31m[Kerror: [m[Kâ€˜[01m[Kdrone_id_[m[Kâ€™ was not declared in this scope
[6.203s]   641 |       RCLCPP_INFO(this->get_logger(), "Takeoff completed for %s - transitioning to waypoint navigation", [01;31m[Kdrone_id_[m[K.c_str());
[6.203s]       |                                                                                                          [01;31m[K^~~~~~~~~[m[K
[6.207s] [01m[K/home/student/41068RS12025-Group18/src/41068_ignition_bringup/src/mission_node.cpp:644:11:[m[K [01;31m[Kerror: [m[Kâ€˜[01m[Kpath_planner_[m[Kâ€™ was not declared in this scope
[6.207s]   644 |       if ([01;31m[Kpath_planner_[m[K->hasNextWaypoint()) {
[6.207s]       |           [01;31m[K^~~~~~~~~~~~~[m[K
[6.212s] [01m[K/home/student/41068RS12025-Group18/src/41068_ignition_bringup/src/mission_node.cpp:645:9:[m[K [01;31m[Kerror: [m[Kâ€˜[01m[Kstate_machine_[m[Kâ€™ was not declared in this scope
[6.212s]   645 |         [01;31m[Kstate_machine_[m[K->setState(MissionState::WAYPOINT_NAVIGATION);
[6.212s]       |         [01;31m[K^~~~~~~~~~~~~~[m[K
[6.212s] [01m[K/home/student/41068RS12025-Group18/src/41068_ignition_bringup/src/mission_node.cpp:645:34:[m[K [01;31m[Kerror: [m[Kâ€˜[01m[KMissionState[m[Kâ€™ has not been declared
[6.212s]   645 |         state_machine_->setState([01;31m[KMissionState[m[K::WAYPOINT_NAVIGATION);
[6.212s]       |                                  [01;31m[K^~~~~~~~~~~~[m[K
[6.216s] [01m[K/home/student/41068RS12025-Group18/src/41068_ignition_bringup/src/mission_node.cpp:647:9:[m[K [01;31m[Kerror: [m[Kâ€˜[01m[Kstate_machine_[m[Kâ€™ was not declared in this scope
[6.216s]   647 |         [01;31m[Kstate_machine_[m[K->setState(MissionState::HOVERING);
[6.217s]       |         [01;31m[K^~~~~~~~~~~~~~[m[K
[6.217s] [01m[K/home/student/41068RS12025-Group18/src/41068_ignition_bringup/src/mission_node.cpp:647:34:[m[K [01;31m[Kerror: [m[Kâ€˜[01m[KMissionState[m[Kâ€™ has not been declared
[6.217s]   647 |         state_machine_->setState([01;31m[KMissionState[m[K::HOVERING);
[6.217s]       |                                  [01;31m[K^~~~~~~~~~~~[m[K
[6.217s] In file included from [01m[K/opt/ros/humble/include/rclcpp/rclcpp/client.hpp:40[m[K,
[6.217s]                  from [01m[K/opt/ros/humble/include/rclcpp/rclcpp/callback_group.hpp:24[m[K,
[6.217s]                  from [01m[K/opt/ros/humble/include/rclcpp/rclcpp/any_executable.hpp:20[m[K,
[6.217s]                  from [01m[K/opt/ros/humble/include/rclcpp/rclcpp/memory_strategy.hpp:25[m[K,
[6.217s]                  from [01m[K/opt/ros/humble/include/rclcpp/rclcpp/memory_strategies.hpp:18[m[K,
[6.218s]                  from [01m[K/opt/ros/humble/include/rclcpp/rclcpp/executor_options.hpp:20[m[K,
[6.218s]                  from [01m[K/opt/ros/humble/include/rclcpp/rclcpp/executor.hpp:37[m[K,
[6.218s]                  from [01m[K/opt/ros/humble/include/rclcpp/rclcpp/executors/multi_threaded_executor.hpp:25[m[K,
[6.218s]                  from [01m[K/opt/ros/humble/include/rclcpp/rclcpp/executors.hpp:21[m[K,
[6.218s]                  from [01m[K/opt/ros/humble/include/rclcpp/rclcpp/rclcpp.hpp:155[m[K,
[6.218s]                  from [01m[K/home/student/41068RS12025-Group18/src/41068_ignition_bringup/include/mission_node.h:30[m[K,
[6.218s]                  from [01m[K/home/student/41068RS12025-Group18/src/41068_ignition_bringup/src/mission_node.cpp:1[m[K:
[6.218s] [01m[K/home/student/41068RS12025-Group18/src/41068_ignition_bringup/src/mission_node.cpp:648:21:[m[K [01;31m[Kerror: [m[Kinvalid use of â€˜[01m[Kthis[m[Kâ€™ in non-member function
[6.218s]   648 |         RCLCPP_INFO([01;31m[Kthis[m[K->get_logger(), "No waypoints available - transitioning to HOVERING");
[6.218s]       |                     [01;31m[K^~~~[m[K
[6.218s] [01m[K/home/student/41068RS12025-Group18/src/41068_ignition_bringup/src/mission_node.cpp:648:21:[m[K [01;31m[Kerror: [m[Kinvalid use of â€˜[01m[Kthis[m[Kâ€™ in non-member function
[6.219s] [01m[K/home/student/41068RS12025-Group18/src/41068_ignition_bringup/src/mission_node.cpp:648:9:[m[K [01;31m[Kerror: [m[Ktemplate argument 1 is invalid
[6.219s]   648 |         [01;31m[KRCLCPP_INFO[m[K(this->get_logger(), "No waypoints available - transitioning to HOVERING");
[6.219s]       |         [01;31m[K^~~~~~~~~~~[m[K
[6.219s] In file included from [01m[K/opt/ros/humble/include/rclcpp/rclcpp/logging.hpp:24[m[K,
[6.219s]                  from [01m[K/opt/ros/humble/include/rclcpp/rclcpp/client.hpp:40[m[K,
[6.219s]                  from [01m[K/opt/ros/humble/include/rclcpp/rclcpp/callback_group.hpp:24[m[K,
[6.219s]                  from [01m[K/opt/ros/humble/include/rclcpp/rclcpp/any_executable.hpp:20[m[K,
[6.219s]                  from [01m[K/opt/ros/humble/include/rclcpp/rclcpp/memory_strategy.hpp:25[m[K,
[6.219s]                  from [01m[K/opt/ros/humble/include/rclcpp/rclcpp/memory_strategies.hpp:18[m[K,
[6.219s]                  from [01m[K/opt/ros/humble/include/rclcpp/rclcpp/executor_options.hpp:20[m[K,
[6.219s]                  from [01m[K/opt/ros/humble/include/rclcpp/rclcpp/executor.hpp:37[m[K,
[6.219s]                  from [01m[K/opt/ros/humble/include/rclcpp/rclcpp/executors/multi_threaded_executor.hpp:25[m[K,
[6.219s]                  from [01m[K/opt/ros/humble/include/rclcpp/rclcpp/executors.hpp:21[m[K,
[6.219s]                  from [01m[K/opt/ros/humble/include/rclcpp/rclcpp/rclcpp.hpp:155[m[K,
[6.219s]                  from [01m[K/home/student/41068RS12025-Group18/src/41068_ignition_bringup/include/mission_node.h:30[m[K,
[6.219s]                  from [01m[K/home/student/41068RS12025-Group18/src/41068_ignition_bringup/src/mission_node.cpp:1[m[K:
[6.219s] [01m[K/home/student/41068RS12025-Group18/src/41068_ignition_bringup/src/mission_node.cpp:648:21:[m[K [01;31m[Kerror: [m[Kinvalid use of â€˜[01m[Kthis[m[Kâ€™ in non-member function
[6.220s]   648 |         RCLCPP_INFO([01;31m[Kthis[m[K->get_logger(), "No waypoints available - transitioning to HOVERING");
[6.220s]       |                     [01;31m[K^~~~[m[K
[6.220s] [01m[K/home/student/41068RS12025-Group18/src/41068_ignition_bringup/src/mission_node.cpp:648:21:[m[K [01;31m[Kerror: [m[Kinvalid use of â€˜[01m[Kthis[m[Kâ€™ in non-member function
[6.220s]   648 |         RCLCPP_INFO([01;31m[Kthis[m[K->get_logger(), "No waypoints available - transitioning to HOVERING");
[6.220s]       |                     [01;31m[K^~~~[m[K
[6.220s] [01m[K/home/student/41068RS12025-Group18/src/41068_ignition_bringup/src/mission_node.cpp:[m[K At global scope:
[6.220s] [01m[K/home/student/41068RS12025-Group18/src/41068_ignition_bringup/src/mission_node.cpp:655:8:[m[K [01;31m[Kerror: [m[Kâ€˜[01m[KMissionPlannerNode[m[Kâ€™ has not been declared
[6.220s]   655 |   void [01;31m[KMissionPlannerNode[m[K::hovering() {
[6.220s]       |        [01;31m[K^~~~~~~~~~~~~~~~~~[m[K
[6.220s] In file included from [01m[K/opt/ros/humble/include/rclcpp/rclcpp/client.hpp:40[m[K,
[6.220s]                  from [01m[K/opt/ros/humble/include/rclcpp/rclcpp/callback_group.hpp:24[m[K,
[6.220s]                  from [01m[K/opt/ros/humble/include/rclcpp/rclcpp/any_executable.hpp:20[m[K,
[6.220s]                  from [01m[K/opt/ros/humble/include/rclcpp/rclcpp/memory_strategy.hpp:25[m[K,
[6.220s]                  from [01m[K/opt/ros/humble/include/rclcpp/rclcpp/memory_strategies.hpp:18[m[K,
[6.220s]                  from [01m[K/opt/ros/humble/include/rclcpp/rclcpp/executor_options.hpp:20[m[K,
[6.220s]                  from [01m[K/opt/ros/humble/include/rclcpp/rclcpp/executor.hpp:37[m[K,
[6.220s]                  from [01m[K/opt/ros/humble/include/rclcpp/rclcpp/executors/multi_threaded_executor.hpp:25[m[K,
[6.221s]                  from [01m[K/opt/ros/humble/include/rclcpp/rclcpp/executors.hpp:21[m[K,
[6.221s]                  from [01m[K/opt/ros/humble/include/rclcpp/rclcpp/rclcpp.hpp:155[m[K,
[6.221s]                  from [01m[K/home/student/41068RS12025-Group18/src/41068_ignition_bringup/include/mission_node.h:30[m[K,
[6.221s]                  from [01m[K/home/student/41068RS12025-Group18/src/41068_ignition_bringup/src/mission_node.cpp:1[m[K:
[6.221s] [01m[K/home/student/41068RS12025-Group18/src/41068_ignition_bringup/src/mission_node.cpp:[m[K In function â€˜[01m[Kvoid hovering()[m[Kâ€™:
[6.221s] [01m[K/home/student/41068RS12025-Group18/src/41068_ignition_bringup/src/mission_node.cpp:656:18:[m[K [01;31m[Kerror: [m[Kinvalid use of â€˜[01m[Kthis[m[Kâ€™ in non-member function
[6.221s]   656 |     RCLCPP_DEBUG([01;31m[Kthis[m[K->get_logger(), "Hovering at current position");
[6.221s]       |                  [01;31m[K^~~~[m[K
[6.221s] [01m[K/home/student/41068RS12025-Group18/src/41068_ignition_bringup/src/mission_node.cpp:656:18:[m[K [01;31m[Kerror: [m[Kinvalid use of â€˜[01m[Kthis[m[Kâ€™ in non-member function
[6.221s] [01m[K/home/student/41068RS12025-Group18/src/41068_ignition_bringup/src/mission_node.cpp:656:5:[m[K [01;31m[Kerror: [m[Ktemplate argument 1 is invalid
[6.221s]   656 |     [01;31m[KRCLCPP_DEBUG[m[K(this->get_logger(), "Hovering at current position");
[6.221s]       |     [01;31m[K^~~~~~~~~~~~[m[K
[6.221s] In file included from [01m[K/opt/ros/humble/include/rclcpp/rclcpp/logging.hpp:24[m[K,
[6.221s]                  from [01m[K/opt/ros/humble/include/rclcpp/rclcpp/client.hpp:40[m[K,
[6.221s]                  from [01m[K/opt/ros/humble/include/rclcpp/rclcpp/callback_group.hpp:24[m[K,
[6.221s]                  from [01m[K/opt/ros/humble/include/rclcpp/rclcpp/any_executable.hpp:20[m[K,
[6.221s]                  from [01m[K/opt/ros/humble/include/rclcpp/rclcpp/memory_strategy.hpp:25[m[K,
[6.222s]                  from [01m[K/opt/ros/humble/include/rclcpp/rclcpp/memory_strategies.hpp:18[m[K,
[6.222s]                  from [01m[K/opt/ros/humble/include/rclcpp/rclcpp/executor_options.hpp:20[m[K,
[6.222s]                  from [01m[K/opt/ros/humble/include/rclcpp/rclcpp/executor.hpp:37[m[K,
[6.222s]                  from [01m[K/opt/ros/humble/include/rclcpp/rclcpp/executors/multi_threaded_executor.hpp:25[m[K,
[6.222s]                  from [01m[K/opt/ros/humble/include/rclcpp/rclcpp/executors.hpp:21[m[K,
[6.222s]                  from [01m[K/opt/ros/humble/include/rclcpp/rclcpp/rclcpp.hpp:155[m[K,
[6.222s]                  from [01m[K/home/student/41068RS12025-Group18/src/41068_ignition_bringup/include/mission_node.h:30[m[K,
[6.222s]                  from [01m[K/home/student/41068RS12025-Group18/src/41068_ignition_bringup/src/mission_node.cpp:1[m[K:
[6.222s] [01m[K/home/student/41068RS12025-Group18/src/41068_ignition_bringup/src/mission_node.cpp:656:18:[m[K [01;31m[Kerror: [m[Kinvalid use of â€˜[01m[Kthis[m[Kâ€™ in non-member function
[6.222s]   656 |     RCLCPP_DEBUG([01;31m[Kthis[m[K->get_logger(), "Hovering at current position");
[6.222s]       |                  [01;31m[K^~~~[m[K
[6.222s] [01m[K/home/student/41068RS12025-Group18/src/41068_ignition_bringup/src/mission_node.cpp:656:18:[m[K [01;31m[Kerror: [m[Kinvalid use of â€˜[01m[Kthis[m[Kâ€™ in non-member function
[6.222s]   656 |     RCLCPP_DEBUG([01;31m[Kthis[m[K->get_logger(), "Hovering at current position");
[6.222s]       |                  [01;31m[K^~~~[m[K
[6.222s] [01m[K/home/student/41068RS12025-Group18/src/41068_ignition_bringup/src/mission_node.cpp:[m[K At global scope:
[6.222s] [01m[K/home/student/41068RS12025-Group18/src/41068_ignition_bringup/src/mission_node.cpp:659:8:[m[K [01;31m[Kerror: [m[Kâ€˜[01m[KMissionPlannerNode[m[Kâ€™ has not been declared
[6.223s]   659 |   void [01;31m[KMissionPlannerNode[m[K::manualControl() {
[6.223s]       |        [01;31m[K^~~~~~~~~~~~~~~~~~[m[K
[6.223s] In file included from [01m[K/opt/ros/humble/include/rclcpp/rclcpp/client.hpp:40[m[K,
[6.223s]                  from [01m[K/opt/ros/humble/include/rclcpp/rclcpp/callback_group.hpp:24[m[K,
[6.223s]                  from [01m[K/opt/ros/humble/include/rclcpp/rclcpp/any_executable.hpp:20[m[K,
[6.223s]                  from [01m[K/opt/ros/humble/include/rclcpp/rclcpp/memory_strategy.hpp:25[m[K,
[6.223s]                  from [01m[K/opt/ros/humble/include/rclcpp/rclcpp/memory_strategies.hpp:18[m[K,
[6.223s]                  from [01m[K/opt/ros/humble/include/rclcpp/rclcpp/executor_options.hpp:20[m[K,
[6.223s]                  from [01m[K/opt/ros/humble/include/rclcpp/rclcpp/executor.hpp:37[m[K,
[6.223s]                  from [01m[K/opt/ros/humble/include/rclcpp/rclcpp/executors/multi_threaded_executor.hpp:25[m[K,
[6.223s]                  from [01m[K/opt/ros/humble/include/rclcpp/rclcpp/executors.hpp:21[m[K,
[6.223s]                  from [01m[K/opt/ros/humble/include/rclcpp/rclcpp/rclcpp.hpp:155[m[K,
[6.223s]                  from [01m[K/home/student/41068RS12025-Group18/src/41068_ignition_bringup/include/mission_node.h:30[m[K,
[6.224s]                  from [01m[K/home/student/41068RS12025-Group18/src/41068_ignition_bringup/src/mission_node.cpp:1[m[K:
[6.224s] [01m[K/home/student/41068RS12025-Group18/src/41068_ignition_bringup/src/mission_node.cpp:[m[K In function â€˜[01m[Kvoid manualControl()[m[Kâ€™:
[6.224s] [01m[K/home/student/41068RS12025-Group18/src/41068_ignition_bringup/src/mission_node.cpp:660:18:[m[K [01;31m[Kerror: [m[Kinvalid use of â€˜[01m[Kthis[m[Kâ€™ in non-member function
[6.224s]   660 |     RCLCPP_DEBUG([01;31m[Kthis[m[K->get_logger(), "In manual control mode");
[6.224s]       |                  [01;31m[K^~~~[m[K
[6.224s] [01m[K/home/student/41068RS12025-Group18/src/41068_ignition_bringup/src/mission_node.cpp:660:18:[m[K [01;31m[Kerror: [m[Kinvalid use of â€˜[01m[Kthis[m[Kâ€™ in non-member function
[6.224s] [01m[K/home/student/41068RS12025-Group18/src/41068_ignition_bringup/src/mission_node.cpp:660:5:[m[K [01;31m[Kerror: [m[Ktemplate argument 1 is invalid
[6.224s]   660 |     [01;31m[KRCLCPP_DEBUG[m[K(this->get_logger(), "In manual control mode");
[6.224s]       |     [01;31m[K^~~~~~~~~~~~[m[K
[6.224s] In file included from [01m[K/opt/ros/humble/include/rclcpp/rclcpp/logging.hpp:24[m[K,
[6.224s]                  from [01m[K/opt/ros/humble/include/rclcpp/rclcpp/client.hpp:40[m[K,
[6.224s]                  from [01m[K/opt/ros/humble/include/rclcpp/rclcpp/callback_group.hpp:24[m[K,
[6.224s]                  from [01m[K/opt/ros/humble/include/rclcpp/rclcpp/any_executable.hpp:20[m[K,
[6.224s]                  from [01m[K/opt/ros/humble/include/rclcpp/rclcpp/memory_strategy.hpp:25[m[K,
[6.224s]                  from [01m[K/opt/ros/humble/include/rclcpp/rclcpp/memory_strategies.hpp:18[m[K,
[6.224s]                  from [01m[K/opt/ros/humble/include/rclcpp/rclcpp/executor_options.hpp:20[m[K,
[6.224s]                  from [01m[K/opt/ros/humble/include/rclcpp/rclcpp/executor.hpp:37[m[K,
[6.225s]                  from [01m[K/opt/ros/humble/include/rclcpp/rclcpp/executors/multi_threaded_executor.hpp:25[m[K,
[6.225s]                  from [01m[K/opt/ros/humble/include/rclcpp/rclcpp/executors.hpp:21[m[K,
[6.225s]                  from [01m[K/opt/ros/humble/include/rclcpp/rclcpp/rclcpp.hpp:155[m[K,
[6.225s]                  from [01m[K/home/student/41068RS12025-Group18/src/41068_ignition_bringup/include/mission_node.h:30[m[K,
[6.225s]                  from [01m[K/home/student/41068RS12025-Group18/src/41068_ignition_bringup/src/mission_node.cpp:1[m[K:
[6.225s] [01m[K/home/student/41068RS12025-Group18/src/41068_ignition_bringup/src/mission_node.cpp:660:18:[m[K [01;31m[Kerror: [m[Kinvalid use of â€˜[01m[Kthis[m[Kâ€™ in non-member function
[6.225s]   660 |     RCLCPP_DEBUG([01;31m[Kthis[m[K->get_logger(), "In manual control mode");
[6.225s]       |                  [01;31m[K^~~~[m[K
[6.225s] [01m[K/home/student/41068RS12025-Group18/src/41068_ignition_bringup/src/mission_node.cpp:660:18:[m[K [01;31m[Kerror: [m[Kinvalid use of â€˜[01m[Kthis[m[Kâ€™ in non-member function
[6.225s]   660 |     RCLCPP_DEBUG([01;31m[Kthis[m[K->get_logger(), "In manual control mode");
[6.225s]       |                  [01;31m[K^~~~[m[K
[6.225s] [01m[K/home/student/41068RS12025-Group18/src/41068_ignition_bringup/src/mission_node.cpp:[m[K At global scope:
[6.225s] [01m[K/home/student/41068RS12025-Group18/src/41068_ignition_bringup/src/mission_node.cpp:663:8:[m[K [01;31m[Kerror: [m[Kâ€˜[01m[KMissionPlannerNode[m[Kâ€™ has not been declared
[6.225s]   663 |   void [01;31m[KMissionPlannerNode[m[K::emergency() {
[6.225s]       |        [01;31m[K^~~~~~~~~~~~~~~~~~[m[K
[6.226s] In file included from [01m[K/opt/ros/humble/include/rclcpp/rclcpp/client.hpp:40[m[K,
[6.226s]                  from [01m[K/opt/ros/humble/include/rclcpp/rclcpp/callback_group.hpp:24[m[K,
[6.226s]                  from [01m[K/opt/ros/humble/include/rclcpp/rclcpp/any_executable.hpp:20[m[K,
[6.226s]                  from [01m[K/opt/ros/humble/include/rclcpp/rclcpp/memory_strategy.hpp:25[m[K,
[6.226s]                  from [01m[K/opt/ros/humble/include/rclcpp/rclcpp/memory_strategies.hpp:18[m[K,
[6.226s]                  from [01m[K/opt/ros/humble/include/rclcpp/rclcpp/executor_options.hpp:20[m[K,
[6.226s]                  from [01m[K/opt/ros/humble/include/rclcpp/rclcpp/executor.hpp:37[m[K,
[6.226s]                  from [01m[K/opt/ros/humble/include/rclcpp/rclcpp/executors/multi_threaded_executor.hpp:25[m[K,
[6.226s]                  from [01m[K/opt/ros/humble/include/rclcpp/rclcpp/executors.hpp:21[m[K,
[6.226s]                  from [01m[K/opt/ros/humble/include/rclcpp/rclcpp/rclcpp.hpp:155[m[K,
[6.226s]                  from [01m[K/home/student/41068RS12025-Group18/src/41068_ignition_bringup/include/mission_node.h:30[m[K,
[6.226s]                  from [01m[K/home/student/41068RS12025-Group18/src/41068_ignition_bringup/src/mission_node.cpp:1[m[K:
[6.226s] [01m[K/home/student/41068RS12025-Group18/src/41068_ignition_bringup/src/mission_node.cpp:[m[K In function â€˜[01m[Kvoid emergency()[m[Kâ€™:
[6.226s] [01m[K/home/student/41068RS12025-Group18/src/41068_ignition_bringup/src/mission_node.cpp:664:17:[m[K [01;31m[Kerror: [m[Kinvalid use of â€˜[01m[Kthis[m[Kâ€™ in non-member function
[6.226s]   664 |     RCLCPP_WARN([01;31m[Kthis[m[K->get_logger(), "Emergency state active - initiating emergency landing");
[6.226s]       |                 [01;31m[K^~~~[m[K
[6.226s] [01m[K/home/student/41068RS12025-Group18/src/41068_ignition_bringup/src/mission_node.cpp:664:17:[m[K [01;31m[Kerror: [m[Kinvalid use of â€˜[01m[Kthis[m[Kâ€™ in non-member function
[6.227s] [01m[K/home/student/41068RS12025-Group18/src/41068_ignition_bringup/src/mission_node.cpp:664:5:[m[K [01;31m[Kerror: [m[Ktemplate argument 1 is invalid
[6.227s]   664 |     [01;31m[KRCLCPP_WARN[m[K(this->get_logger(), "Emergency state active - initiating emergency landing");
[6.227s]       |     [01;31m[K^~~~~~~~~~~[m[K
[6.227s] In file included from [01m[K/opt/ros/humble/include/rclcpp/rclcpp/logging.hpp:24[m[K,
[6.227s]                  from [01m[K/opt/ros/humble/include/rclcpp/rclcpp/client.hpp:40[m[K,
[6.227s]                  from [01m[K/opt/ros/humble/include/rclcpp/rclcpp/callback_group.hpp:24[m[K,
[6.227s]                  from [01m[K/opt/ros/humble/include/rclcpp/rclcpp/any_executable.hpp:20[m[K,
[6.227s]                  from [01m[K/opt/ros/humble/include/rclcpp/rclcpp/memory_strategy.hpp:25[m[K,
[6.227s]                  from [01m[K/opt/ros/humble/include/rclcpp/rclcpp/memory_strategies.hpp:18[m[K,
[6.227s]                  from [01m[K/opt/ros/humble/include/rclcpp/rclcpp/executor_options.hpp:20[m[K,
[6.227s]                  from [01m[K/opt/ros/humble/include/rclcpp/rclcpp/executor.hpp:37[m[K,
[6.227s]                  from [01m[K/opt/ros/humble/include/rclcpp/rclcpp/executors/multi_threaded_executor.hpp:25[m[K,
[6.227s]                  from [01m[K/opt/ros/humble/include/rclcpp/rclcpp/executors.hpp:21[m[K,
[6.227s]                  from [01m[K/opt/ros/humble/include/rclcpp/rclcpp/rclcpp.hpp:155[m[K,
[6.227s]                  from [01m[K/home/student/41068RS12025-Group18/src/41068_ignition_bringup/include/mission_node.h:30[m[K,
[6.228s]                  from [01m[K/home/student/41068RS12025-Group18/src/41068_ignition_bringup/src/mission_node.cpp:1[m[K:
[6.228s] [01m[K/home/student/41068RS12025-Group18/src/41068_ignition_bringup/src/mission_node.cpp:664:17:[m[K [01;31m[Kerror: [m[Kinvalid use of â€˜[01m[Kthis[m[Kâ€™ in non-member function
[6.228s]   664 |     RCLCPP_WARN([01;31m[Kthis[m[K->get_logger(), "Emergency state active - initiating emergency landing");
[6.228s]       |                 [01;31m[K^~~~[m[K
[6.228s] [01m[K/home/student/41068RS12025-Group18/src/41068_ignition_bringup/src/mission_node.cpp:664:17:[m[K [01;31m[Kerror: [m[Kinvalid use of â€˜[01m[Kthis[m[Kâ€™ in non-member function
[6.228s]   664 |     RCLCPP_WARN([01;31m[Kthis[m[K->get_logger(), "Emergency state active - initiating emergency landing");
[6.228s]       |                 [01;31m[K^~~~[m[K
[6.228s] [01m[K/home/student/41068RS12025-Group18/src/41068_ignition_bringup/src/mission_node.cpp:665:5:[m[K [01;31m[Kerror: [m[Kâ€˜[01m[Kstate_machine_[m[Kâ€™ was not declared in this scope
[6.228s]   665 |     [01;31m[Kstate_machine_[m[K->setState(MissionState::LANDING);
[6.228s]       |     [01;31m[K^~~~~~~~~~~~~~[m[K
[6.228s] [01m[K/home/student/41068RS12025-Group18/src/41068_ignition_bringup/src/mission_node.cpp:665:30:[m[K [01;31m[Kerror: [m[Kâ€˜[01m[KMissionState[m[Kâ€™ has not been declared
[6.228s]   665 |     state_machine_->setState([01;31m[KMissionState[m[K::LANDING);
[6.228s]       |                              [01;31m[K^~~~~~~~~~~~[m[K
[6.228s] [01m[K/home/student/41068RS12025-Group18/src/41068_ignition_bringup/src/mission_node.cpp:[m[K At global scope:
[6.228s] [01m[K/home/student/41068RS12025-Group18/src/41068_ignition_bringup/src/mission_node.cpp:668:8:[m[K [01;31m[Kerror: [m[Kâ€˜[01m[KMissionPlannerNode[m[Kâ€™ has not been declared
[6.228s]   668 |   void [01;31m[KMissionPlannerNode[m[K::wildFireReaction() {
[6.228s]       |        [01;31m[K^~~~~~~~~~~~~~~~~~[m[K
[6.229s] [01m[K/home/student/41068RS12025-Group18/src/41068_ignition_bringup/src/mission_node.cpp:671:8:[m[K [01;31m[Kerror: [m[Kâ€˜[01m[KMissionPlannerNode[m[Kâ€™ has not been declared
[6.229s]   671 |   void [01;31m[KMissionPlannerNode[m[K::debrisReaction() {}
[6.229s]       |        [01;31m[K^~~~~~~~~~~~~~~~~~[m[K
[6.229s] [01m[K/home/student/41068RS12025-Group18/src/41068_ignition_bringup/src/mission_node.cpp:672:8:[m[K [01;31m[Kerror: [m[Kâ€˜[01m[KMissionPlannerNode[m[Kâ€™ has not been declared
[6.229s]   672 |   void [01;31m[KMissionPlannerNode[m[K::orbitIncident() {}
[6.229s]       |        [01;31m[K^~~~~~~~~~~~~~~~~~[m[K
[6.229s] [01m[K/home/student/41068RS12025-Group18/src/41068_ignition_bringup/src/mission_node.cpp:674:8:[m[K [01;31m[Kerror: [m[Kâ€˜[01m[KMissionPlannerNode[m[Kâ€™ has not been declared
[6.229s]   674 |   void [01;31m[KMissionPlannerNode[m[K::publishMissionCommand() {
[6.229s]       |        [01;31m[K^~~~~~~~~~~~~~~~~~[m[K
[6.229s] [01m[K/home/student/41068RS12025-Group18/src/41068_ignition_bringup/src/mission_node.cpp:[m[K In function â€˜[01m[Kvoid publishMissionCommand()[m[Kâ€™:
[6.229s] [01m[K/home/student/41068RS12025-Group18/src/41068_ignition_bringup/src/mission_node.cpp:675:9:[m[K [01;31m[Kerror: [m[Kâ€˜[01m[Kstate_machine_[m[Kâ€™ was not declared in this scope
[6.229s]   675 |     if ([01;31m[Kstate_machine_[m[K->getCurrentState() == MissionState::WAYPOINT_NAVIGATION &&
[6.229s]       |         [01;31m[K^~~~~~~~~~~~~~[m[K
[6.229s] [01m[K/home/student/41068RS12025-Group18/src/41068_ignition_bringup/src/mission_node.cpp:675:46:[m[K [01;31m[Kerror: [m[Kâ€˜[01m[KMissionState[m[Kâ€™ has not been declared
[6.229s]   675 |     if (state_machine_->getCurrentState() == [01;31m[KMissionState[m[K::WAYPOINT_NAVIGATION &&
[6.229s]       |                                              [01;31m[K^~~~~~~~~~~~[m[K
[6.232s] [01m[K/home/student/41068RS12025-Group18/src/41068_ignition_bringup/src/mission_node.cpp:676:9:[m[K [01;31m[Kerror: [m[Kâ€˜[01m[Kpath_planner_[m[Kâ€™ was not declared in this scope
[6.232s]   676 |         [01;31m[Kpath_planner_[m[K->hasNextWaypoint()) {
[6.232s]       |         [01;31m[K^~~~~~~~~~~~~[m[K
[6.232s] [01m[K/home/student/41068RS12025-Group18/src/41068_ignition_bringup/src/mission_node.cpp:680:39:[m[K [01;31m[Kerror: [m[Kinvalid use of â€˜[01m[Kthis[m[Kâ€™ in non-member function
[6.232s]   680 |       current_waypoint.header.stamp = [01;31m[Kthis[m[K->get_clock()->now();
[6.232s]       |                                       [01;31m[K^~~~[m[K
[6.237s] [01m[K/home/student/41068RS12025-Group18/src/41068_ignition_bringup/src/mission_node.cpp:683:7:[m[K [01;31m[Kerror: [m[Kâ€˜[01m[Ktarget_pose_pub_[m[Kâ€™ was not declared in this scope
[6.237s]   683 |       [01;31m[Ktarget_pose_pub_[m[K->publish(current_waypoint);
[6.237s]       |       [01;31m[K^~~~~~~~~~~~~~~~[m[K
[6.241s] [01m[K/home/student/41068RS12025-Group18/src/41068_ignition_bringup/src/mission_node.cpp:686:54:[m[K [01;31m[Kerror: [m[Kâ€˜[01m[Kcurrent_pose_[m[Kâ€™ was not declared in this scope; did you mean â€˜[01m[Kcurrent_waypoint[m[Kâ€™?
[6.241s]   686 |       double dx = current_waypoint.pose.position.x - [01;31m[Kcurrent_pose_[m[K.pose.position.x;
[6.241s]       |                                                      [01;31m[K^~~~~~~~~~~~~[m[K
[6.241s]       |                                                      [32m[Kcurrent_waypoint[m[K
[6.244s] [01m[K/home/student/41068RS12025-Group18/src/41068_ignition_bringup/src/mission_node.cpp:702:7:[m[K [01;31m[Kerror: [m[Kâ€˜[01m[Kcmd_vel_pub_[m[Kâ€™ was not declared in this scope
[6.245s]   702 |       [01;31m[Kcmd_vel_pub_[m[K->publish(cmd_vel);
[6.245s]       |       [01;31m[K^~~~~~~~~~~~[m[K
[6.245s] In file included from [01m[K/opt/ros/humble/include/rclcpp/rclcpp/client.hpp:40[m[K,
[6.245s]                  from [01m[K/opt/ros/humble/include/rclcpp/rclcpp/callback_group.hpp:24[m[K,
[6.245s]                  from [01m[K/opt/ros/humble/include/rclcpp/rclcpp/any_executable.hpp:20[m[K,
[6.245s]                  from [01m[K/opt/ros/humble/include/rclcpp/rclcpp/memory_strategy.hpp:25[m[K,
[6.245s]                  from [01m[K/opt/ros/humble/include/rclcpp/rclcpp/memory_strategies.hpp:18[m[K,
[6.245s]                  from [01m[K/opt/ros/humble/include/rclcpp/rclcpp/executor_options.hpp:20[m[K,
[6.245s]                  from [01m[K/opt/ros/humble/include/rclcpp/rclcpp/executor.hpp:37[m[K,
[6.245s]                  from [01m[K/opt/ros/humble/include/rclcpp/rclcpp/executors/multi_threaded_executor.hpp:25[m[K,
[6.245s]                  from [01m[K/opt/ros/humble/include/rclcpp/rclcpp/executors.hpp:21[m[K,
[6.245s]                  from [01m[K/opt/ros/humble/include/rclcpp/rclcpp/rclcpp.hpp:155[m[K,
[6.245s]                  from [01m[K/home/student/41068RS12025-Group18/src/41068_ignition_bringup/include/mission_node.h:30[m[K,
[6.246s]                  from [01m[K/home/student/41068RS12025-Group18/src/41068_ignition_bringup/src/mission_node.cpp:1[m[K:
[6.246s] [01m[K/home/student/41068RS12025-Group18/src/41068_ignition_bringup/src/mission_node.cpp:704:20:[m[K [01;31m[Kerror: [m[Kinvalid use of â€˜[01m[Kthis[m[Kâ€™ in non-member function
[6.246s]   704 |       RCLCPP_DEBUG([01;31m[Kthis[m[K->get_logger(), "Published waypoint: [%.2f, %.2f, %.2f], vel: [%.2f, %.2f, %.2f]",
[6.246s]       |                    [01;31m[K^~~~[m[K
[6.246s] [01m[K/home/student/41068RS12025-Group18/src/41068_ignition_bringup/src/mission_node.cpp:704:20:[m[K [01;31m[Kerror: [m[Kinvalid use of â€˜[01m[Kthis[m[Kâ€™ in non-member function
[6.246s] [01m[K/home/student/41068RS12025-Group18/src/41068_ignition_bringup/src/mission_node.cpp:704:7:[m[K [01;31m[Kerror: [m[Ktemplate argument 1 is invalid
[6.246s]   704 |       [01;31m[KRCLCPP_DEBUG[m[K(this->get_logger(), "Published waypoint: [%.2f, %.2f, %.2f], vel: [%.2f, %.2f, %.2f]",
[6.246s]       |       [01;31m[K^~~~~~~~~~~~[m[K
[6.246s] In file included from [01m[K/opt/ros/humble/include/rclcpp/rclcpp/logging.hpp:24[m[K,
[6.246s]                  from [01m[K/opt/ros/humble/include/rclcpp/rclcpp/client.hpp:40[m[K,
[6.246s]                  from [01m[K/opt/ros/humble/include/rclcpp/rclcpp/callback_group.hpp:24[m[K,
[6.246s]                  from [01m[K/opt/ros/humble/include/rclcpp/rclcpp/any_executable.hpp:20[m[K,
[6.246s]                  from [01m[K/opt/ros/humble/include/rclcpp/rclcpp/memory_strategy.hpp:25[m[K,
[6.246s]                  from [01m[K/opt/ros/humble/include/rclcpp/rclcpp/memory_strategies.hpp:18[m[K,
[6.246s]                  from [01m[K/opt/ros/humble/include/rclcpp/rclcpp/executor_options.hpp:20[m[K,
[6.246s]                  from [01m[K/opt/ros/humble/include/rclcpp/rclcpp/executor.hpp:37[m[K,
[6.246s]                  from [01m[K/opt/ros/humble/include/rclcpp/rclcpp/executors/multi_threaded_executor.hpp:25[m[K,
[6.247s]                  from [01m[K/opt/ros/humble/include/rclcpp/rclcpp/executors.hpp:21[m[K,
[6.247s]                  from [01m[K/opt/ros/humble/include/rclcpp/rclcpp/rclcpp.hpp:155[m[K,
[6.247s]                  from [01m[K/home/student/41068RS12025-Group18/src/41068_ignition_bringup/include/mission_node.h:30[m[K,
[6.247s]                  from [01m[K/home/student/41068RS12025-Group18/src/41068_ignition_bringup/src/mission_node.cpp:1[m[K:
[6.247s] [01m[K/home/student/41068RS12025-Group18/src/41068_ignition_bringup/src/mission_node.cpp:704:20:[m[K [01;31m[Kerror: [m[Kinvalid use of â€˜[01m[Kthis[m[Kâ€™ in non-member function
[6.247s]   704 |       RCLCPP_DEBUG([01;31m[Kthis[m[K->get_logger(), "Published waypoint: [%.2f, %.2f, %.2f], vel: [%.2f, %.2f, %.2f]",
[6.247s]       |                    [01;31m[K^~~~[m[K
[6.247s] [01m[K/home/student/41068RS12025-Group18/src/41068_ignition_bringup/src/mission_node.cpp:704:20:[m[K [01;31m[Kerror: [m[Kinvalid use of â€˜[01m[Kthis[m[Kâ€™ in non-member function
[6.247s]   704 |       RCLCPP_DEBUG([01;31m[Kthis[m[K->get_logger(), "Published waypoint: [%.2f, %.2f, %.2f], vel: [%.2f, %.2f, %.2f]",
[6.247s]       |                    [01;31m[K^~~~[m[K
[6.247s] [01m[K/home/student/41068RS12025-Group18/src/41068_ignition_bringup/src/mission_node.cpp:714:33:[m[K [01;31m[Kerror: [m[Kâ€˜[01m[KMissionState[m[Kâ€™ has not been declared
[6.247s]   714 |         bool we_control = (s == [01;31m[KMissionState[m[K::IDLE || s == MissionState::HOVERING || s == MissionState::EMERGENCY);
[6.247s]       |                                 [01;31m[K^~~~~~~~~~~~[m[K
[6.247s] [01m[K/home/student/41068RS12025-Group18/src/41068_ignition_bringup/src/mission_node.cpp:714:60:[m[K [01;31m[Kerror: [m[Kâ€˜[01m[KMissionState[m[Kâ€™ has not been declared
[6.247s]   714 |         bool we_control = (s == MissionState::IDLE || s == [01;31m[KMissionState[m[K::HOVERING || s == MissionState::EMERGENCY);
[6.247s]       |                                                            [01;31m[K^~~~~~~~~~~~[m[K
[6.247s] [01m[K/home/student/41068RS12025-Group18/src/41068_ignition_bringup/src/mission_node.cpp:714:91:[m[K [01;31m[Kerror: [m[Kâ€˜[01m[KMissionState[m[Kâ€™ has not been declared
[6.248s]   714 |         bool we_control = (s == MissionState::IDLE || s == MissionState::HOVERING || s == [01;31m[KMissionState[m[K::EMERGENCY);
[6.248s]       |                                                                                           [01;31m[K^~~~~~~~~~~~[m[K
[6.249s] [01m[K/home/student/41068RS12025-Group18/src/41068_ignition_bringup/src/mission_node.cpp:724:11:[m[K [01;31m[Kerror: [m[Kâ€˜[01m[Kcmd_vel_pub_[m[Kâ€™ was not declared in this scope
[6.249s]   724 |           [01;31m[Kcmd_vel_pub_[m[K->publish(stop_cmd);
[6.249s]       |           [01;31m[K^~~~~~~~~~~~[m[K
[6.249s] [01m[K/home/student/41068RS12025-Group18/src/41068_ignition_bringup/src/mission_node.cpp:[m[K At global scope:
[6.249s] [01m[K/home/student/41068RS12025-Group18/src/41068_ignition_bringup/src/mission_node.cpp:732:8:[m[K [01;31m[Kerror: [m[Kâ€˜[01m[KMissionPlannerNode[m[Kâ€™ has not been declared
[6.249s]   732 |   bool [01;31m[KMissionPlannerNode[m[K::isWaypointReached() const {
[6.249s]       |        [01;31m[K^~~~~~~~~~~~~~~~~~[m[K
[6.249s] [01m[K/home/student/41068RS12025-Group18/src/41068_ignition_bringup/src/mission_node.cpp:732:48:[m[K [01;31m[Kerror: [m[Knon-member function â€˜[01m[Kbool isWaypointReached()[m[Kâ€™ cannot have cv-qualifier
[6.249s]   732 |   bool MissionPlannerNode::isWaypointReached() [01;31m[Kconst[m[K {
[6.249s]       |                                                [01;31m[K^~~~~[m[K
[6.253s] [01m[K/home/student/41068RS12025-Group18/src/41068_ignition_bringup/src/mission_node.cpp:[m[K In function â€˜[01m[Kbool isWaypointReached()[m[Kâ€™:
[6.254s] [01m[K/home/student/41068RS12025-Group18/src/41068_ignition_bringup/src/mission_node.cpp:733:10:[m[K [01;31m[Kerror: [m[Kâ€˜[01m[Kpath_planner_[m[Kâ€™ was not declared in this scope
[6.254s]   733 |     if (![01;31m[Kpath_planner_[m[K->hasNextWaypoint()) {
[6.254s]       |          [01;31m[K^~~~~~~~~~~~~[m[K
[6.258s] [01m[K/home/student/41068RS12025-Group18/src/41068_ignition_bringup/src/mission_node.cpp:737:23:[m[K [01;31m[Kerror: [m[Kâ€˜[01m[Kpath_planner_[m[Kâ€™ was not declared in this scope
[6.258s]   737 |     double distance = [01;31m[Kpath_planner_[m[K->getDistanceToWaypoint(current_pose_);
[6.258s]       |                       [01;31m[K^~~~~~~~~~~~~[m[K
[6.264s] [01m[K/home/student/41068RS12025-Group18/src/41068_ignition_bringup/src/mission_node.cpp:737:60:[m[K [01;31m[Kerror: [m[Kâ€˜[01m[Kcurrent_pose_[m[Kâ€™ was not declared in this scope
[6.265s]   737 |     double distance = path_planner_->getDistanceToWaypoint([01;31m[Kcurrent_pose_[m[K);
[6.265s]       |                                                            [01;31m[K^~~~~~~~~~~~~[m[K
[6.271s] [01m[K/home/student/41068RS12025-Group18/src/41068_ignition_bringup/src/mission_node.cpp:738:23:[m[K [01;31m[Kerror: [m[Kâ€˜[01m[Kwaypoint_tolerance_[m[Kâ€™ was not declared in this scope
[6.271s]   738 |     return distance < [01;31m[Kwaypoint_tolerance_[m[K;
[6.271s]       |                       [01;31m[K^~~~~~~~~~~~~~~~~~~[m[K
[6.271s] [01m[K/home/student/41068RS12025-Group18/src/41068_ignition_bringup/src/mission_node.cpp:[m[K At global scope:
[6.271s] [01m[K/home/student/41068RS12025-Group18/src/41068_ignition_bringup/src/mission_node.cpp:741:8:[m[K [01;31m[Kerror: [m[Kâ€˜[01m[KMissionPlannerNode[m[Kâ€™ has not been declared
[6.271s]   741 |   void [01;31m[KMissionPlannerNode[m[K::odomCallback(const nav_msgs::msg::Odometry::SharedPtr msg) {
[6.271s]       |        [01;31m[K^~~~~~~~~~~~~~~~~~[m[K
[6.278s] [01m[K/home/student/41068RS12025-Group18/src/41068_ignition_bringup/src/mission_node.cpp:[m[K In function â€˜[01m[Kvoid odomCallback(nav_msgs::msg::Odometry_<std::allocator<void> >::SharedPtr)[m[Kâ€™:
[6.278s] [01m[K/home/student/41068RS12025-Group18/src/41068_ignition_bringup/src/mission_node.cpp:743:5:[m[K [01;31m[Kerror: [m[Kâ€˜[01m[Kcurrent_pose_[m[Kâ€™ was not declared in this scope
[6.278s]   743 |     [01;31m[Kcurrent_pose_[m[K.header = msg->header;
[6.278s]       |     [01;31m[K^~~~~~~~~~~~~[m[K
[6.278s] [01m[K/home/student/41068RS12025-Group18/src/41068_ignition_bringup/src/mission_node.cpp:[m[K At global scope:
[6.278s] [01m[K/home/student/41068RS12025-Group18/src/41068_ignition_bringup/src/mission_node.cpp:747:8:[m[K [01;31m[Kerror: [m[Kâ€˜[01m[KMissionPlannerNode[m[Kâ€™ has not been declared
[6.278s]   747 |   void [01;31m[KMissionPlannerNode[m[K::velocityCallback(const geometry_msgs::msg::Twist::SharedPtr msg) {
[6.278s]       |        [01;31m[K^~~~~~~~~~~~~~~~~~[m[K
[6.286s] [01m[K/home/student/41068RS12025-Group18/src/41068_ignition_bringup/src/mission_node.cpp:[m[K In function â€˜[01m[Kvoid velocityCallback(geometry_msgs::msg::Twist_<std::allocator<void> >::SharedPtr)[m[Kâ€™:
[6.286s] [01m[K/home/student/41068RS12025-Group18/src/41068_ignition_bringup/src/mission_node.cpp:748:5:[m[K [01;31m[Kerror: [m[Kâ€˜[01m[Kcurrent_velocity_[m[Kâ€™ was not declared in this scope
[6.286s]   748 |     [01;31m[Kcurrent_velocity_[m[K = *msg;
[6.286s]       |     [01;31m[K^~~~~~~~~~~~~~~~~[m[K
[6.286s] [01m[K/home/student/41068RS12025-Group18/src/41068_ignition_bringup/src/mission_node.cpp:[m[K At global scope:
[6.286s] [01m[K/home/student/41068RS12025-Group18/src/41068_ignition_bringup/src/mission_node.cpp:751:8:[m[K [01;31m[Kerror: [m[Kâ€˜[01m[KMissionPlannerNode[m[Kâ€™ has not been declared
[6.286s]   751 |   void [01;31m[KMissionPlannerNode[m[K::waypointCallback(const geometry_msgs::msg::PoseStamped::SharedPtr msg) {
[6.286s]       |        [01;31m[K^~~~~~~~~~~~~~~~~~[m[K
[6.288s] In file included from [01m[K/opt/ros/humble/include/rclcpp/rclcpp/client.hpp:40[m[K,
[6.288s]                  from [01m[K/opt/ros/humble/include/rclcpp/rclcpp/callback_group.hpp:24[m[K,
[6.288s]                  from [01m[K/opt/ros/humble/include/rclcpp/rclcpp/any_executable.hpp:20[m[K,
[6.288s]                  from [01m[K/opt/ros/humble/include/rclcpp/rclcpp/memory_strategy.hpp:25[m[K,
[6.288s]                  from [01m[K/opt/ros/humble/include/rclcpp/rclcpp/memory_strategies.hpp:18[m[K,
[6.289s]                  from [01m[K/opt/ros/humble/include/rclcpp/rclcpp/executor_options.hpp:20[m[K,
[6.289s]                  from [01m[K/opt/ros/humble/include/rclcpp/rclcpp/executor.hpp:37[m[K,
[6.289s]                  from [01m[K/opt/ros/humble/include/rclcpp/rclcpp/executors/multi_threaded_executor.hpp:25[m[K,
[6.289s]                  from [01m[K/opt/ros/humble/include/rclcpp/rclcpp/executors.hpp:21[m[K,
[6.289s]                  from [01m[K/opt/ros/humble/include/rclcpp/rclcpp/rclcpp.hpp:155[m[K,
[6.289s]                  from [01m[K/home/student/41068RS12025-Group18/src/41068_ignition_bringup/include/mission_node.h:30[m[K,
[6.289s]                  from [01m[K/home/student/41068RS12025-Group18/src/41068_ignition_bringup/src/mission_node.cpp:1[m[K:
[6.289s] [01m[K/home/student/41068RS12025-Group18/src/41068_ignition_bringup/src/mission_node.cpp:[m[K In function â€˜[01m[Kvoid waypointCallback(geometry_msgs::msg::PoseStamped_<std::allocator<void> >::SharedPtr)[m[Kâ€™:
[6.289s] [01m[K/home/student/41068RS12025-Group18/src/41068_ignition_bringup/src/mission_node.cpp:752:17:[m[K [01;31m[Kerror: [m[Kinvalid use of â€˜[01m[Kthis[m[Kâ€™ in non-member function
[6.289s]   752 |     RCLCPP_INFO([01;31m[Kthis[m[K->get_logger(), "Received waypoint command for %s: [%.2f, %.2f, %.2f]",
[6.289s]       |                 [01;31m[K^~~~[m[K
[6.289s] [01m[K/home/student/41068RS12025-Group18/src/41068_ignition_bringup/src/mission_node.cpp:752:17:[m[K [01;31m[Kerror: [m[Kinvalid use of â€˜[01m[Kthis[m[Kâ€™ in non-member function
[6.289s] [01m[K/home/student/41068RS12025-Group18/src/41068_ignition_bringup/src/mission_node.cpp:752:5:[m[K [01;31m[Kerror: [m[Ktemplate argument 1 is invalid
[6.289s]   752 |     [01;31m[KRCLCPP_INFO[m[K(this->get_logger(), "Received waypoint command for %s: [%.2f, %.2f, %.2f]",
[6.289s]       |     [01;31m[K^~~~~~~~~~~[m[K
[6.289s] In file included from [01m[K/opt/ros/humble/include/rclcpp/rclcpp/logging.hpp:24[m[K,
[6.289s]                  from [01m[K/opt/ros/humble/include/rclcpp/rclcpp/client.hpp:40[m[K,
[6.290s]                  from [01m[K/opt/ros/humble/include/rclcpp/rclcpp/callback_group.hpp:24[m[K,
[6.290s]                  from [01m[K/opt/ros/humble/include/rclcpp/rclcpp/any_executable.hpp:20[m[K,
[6.290s]                  from [01m[K/opt/ros/humble/include/rclcpp/rclcpp/memory_strategy.hpp:25[m[K,
[6.290s]                  from [01m[K/opt/ros/humble/include/rclcpp/rclcpp/memory_strategies.hpp:18[m[K,
[6.290s]                  from [01m[K/opt/ros/humble/include/rclcpp/rclcpp/executor_options.hpp:20[m[K,
[6.290s]                  from [01m[K/opt/ros/humble/include/rclcpp/rclcpp/executor.hpp:37[m[K,
[6.290s]                  from [01m[K/opt/ros/humble/include/rclcpp/rclcpp/executors/multi_threaded_executor.hpp:25[m[K,
[6.290s]                  from [01m[K/opt/ros/humble/include/rclcpp/rclcpp/executors.hpp:21[m[K,
[6.290s]                  from [01m[K/opt/ros/humble/include/rclcpp/rclcpp/rclcpp.hpp:155[m[K,
[6.290s]                  from [01m[K/home/student/41068RS12025-Group18/src/41068_ignition_bringup/include/mission_node.h:30[m[K,
[6.290s]                  from [01m[K/home/student/41068RS12025-Group18/src/41068_ignition_bringup/src/mission_node.cpp:1[m[K:
[6.290s] [01m[K/home/student/41068RS12025-Group18/src/41068_ignition_bringup/src/mission_node.cpp:752:17:[m[K [01;31m[Kerror: [m[Kinvalid use of â€˜[01m[Kthis[m[Kâ€™ in non-member function
[6.290s]   752 |     RCLCPP_INFO([01;31m[Kthis[m[K->get_logger(), "Received waypoint command for %s: [%.2f, %.2f, %.2f]",
[6.290s]       |                 [01;31m[K^~~~[m[K
[6.290s] [01m[K/home/student/41068RS12025-Group18/src/41068_ignition_bringup/src/mission_node.cpp:752:17:[m[K [01;31m[Kerror: [m[Kinvalid use of â€˜[01m[Kthis[m[Kâ€™ in non-member function
[6.290s]   752 |     RCLCPP_INFO([01;31m[Kthis[m[K->get_logger(), "Received waypoint command for %s: [%.2f, %.2f, %.2f]",
[6.290s]       |                 [01;31m[K^~~~[m[K
[6.291s] [01m[K/home/student/41068RS12025-Group18/src/41068_ignition_bringup/src/mission_node.cpp:753:17:[m[K [01;31m[Kerror: [m[Kâ€˜[01m[Kdrone_id_[m[Kâ€™ was not declared in this scope
[6.291s]   753 |                 [01;31m[Kdrone_id_[m[K.c_str(), msg->pose.position.x, msg->pose.position.y, msg->pose.position.z);
[6.292s]       |                 [01;31m[K^~~~~~~~~[m[K
[6.296s] [01m[K/home/student/41068RS12025-Group18/src/41068_ignition_bringup/src/mission_node.cpp:757:5:[m[K [01;31m[Kerror: [m[Kâ€˜[01m[Kpath_planner_[m[Kâ€™ was not declared in this scope
[6.296s]   757 |     [01;31m[Kpath_planner_[m[K->setWaypoints(new_waypoint);
[6.296s]       |     [01;31m[K^~~~~~~~~~~~~[m[K
[6.301s] [01m[K/home/student/41068RS12025-Group18/src/41068_ignition_bringup/src/mission_node.cpp:760:9:[m[K [01;31m[Kerror: [m[Kâ€˜[01m[Kstate_machine_[m[Kâ€™ was not declared in this scope
[6.301s]   760 |     if ([01;31m[Kstate_machine_[m[K->getCurrentState() == MissionState::IDLE) {
[6.301s]       |         [01;31m[K^~~~~~~~~~~~~~[m[K
[6.301s] [01m[K/home/student/41068RS12025-Group18/src/41068_ignition_bringup/src/mission_node.cpp:760:46:[m[K [01;31m[Kerror: [m[Kâ€˜[01m[KMissionState[m[Kâ€™ has not been declared
[6.301s]   760 |     if (state_machine_->getCurrentState() == [01;31m[KMissionState[m[K::IDLE) {
[6.301s]       |                                              [01;31m[K^~~~~~~~~~~~[m[K
[6.301s] In file included from [01m[K/opt/ros/humble/include/rclcpp/rclcpp/client.hpp:40[m[K,
[6.301s]                  from [01m[K/opt/ros/humble/include/rclcpp/rclcpp/callback_group.hpp:24[m[K,
[6.302s]                  from [01m[K/opt/ros/humble/include/rclcpp/rclcpp/any_executable.hpp:20[m[K,
[6.302s]                  from [01m[K/opt/ros/humble/include/rclcpp/rclcpp/memory_strategy.hpp:25[m[K,
[6.302s]                  from [01m[K/opt/ros/humble/include/rclcpp/rclcpp/memory_strategies.hpp:18[m[K,
[6.302s]                  from [01m[K/opt/ros/humble/include/rclcpp/rclcpp/executor_options.hpp:20[m[K,
[6.302s]                  from [01m[K/opt/ros/humble/include/rclcpp/rclcpp/executor.hpp:37[m[K,
[6.302s]                  from [01m[K/opt/ros/humble/include/rclcpp/rclcpp/executors/multi_threaded_executor.hpp:25[m[K,
[6.302s]                  from [01m[K/opt/ros/humble/include/rclcpp/rclcpp/executors.hpp:21[m[K,
[6.302s]                  from [01m[K/opt/ros/humble/include/rclcpp/rclcpp/rclcpp.hpp:155[m[K,
[6.302s]                  from [01m[K/home/student/41068RS12025-Group18/src/41068_ignition_bringup/include/mission_node.h:30[m[K,
[6.302s]                  from [01m[K/home/student/41068RS12025-Group18/src/41068_ignition_bringup/src/mission_node.cpp:1[m[K:
[6.302s] [01m[K/home/student/41068RS12025-Group18/src/41068_ignition_bringup/src/mission_node.cpp:761:19:[m[K [01;31m[Kerror: [m[Kinvalid use of â€˜[01m[Kthis[m[Kâ€™ in non-member function
[6.302s]   761 |       RCLCPP_INFO([01;31m[Kthis[m[K->get_logger(), "Auto-starting mission for waypoint command");
[6.302s]       |                   [01;31m[K^~~~[m[K
[6.302s] [01m[K/home/student/41068RS12025-Group18/src/41068_ignition_bringup/src/mission_node.cpp:761:19:[m[K [01;31m[Kerror: [m[Kinvalid use of â€˜[01m[Kthis[m[Kâ€™ in non-member function
[6.302s] [01m[K/home/student/41068RS12025-Group18/src/41068_ignition_bringup/src/mission_node.cpp:761:7:[m[K [01;31m[Kerror: [m[Ktemplate argument 1 is invalid
[6.302s]   761 |       [01;31m[KRCLCPP_INFO[m[K(this->get_logger(), "Auto-starting mission for waypoint command");
[6.303s]       |       [01;31m[K^~~~~~~~~~~[m[K
[6.303s] In file included from [01m[K/opt/ros/humble/include/rclcpp/rclcpp/logging.hpp:24[m[K,
[6.303s]                  from [01m[K/opt/ros/humble/include/rclcpp/rclcpp/client.hpp:40[m[K,
[6.303s]                  from [01m[K/opt/ros/humble/include/rclcpp/rclcpp/callback_group.hpp:24[m[K,
[6.303s]                  from [01m[K/opt/ros/humble/include/rclcpp/rclcpp/any_executable.hpp:20[m[K,
[6.303s]                  from [01m[K/opt/ros/humble/include/rclcpp/rclcpp/memory_strategy.hpp:25[m[K,
[6.303s]                  from [01m[K/opt/ros/humble/include/rclcpp/rclcpp/memory_strategies.hpp:18[m[K,
[6.303s]                  from [01m[K/opt/ros/humble/include/rclcpp/rclcpp/executor_options.hpp:20[m[K,
[6.303s]                  from [01m[K/opt/ros/humble/include/rclcpp/rclcpp/executor.hpp:37[m[K,
[6.303s]                  from [01m[K/opt/ros/humble/include/rclcpp/rclcpp/executors/multi_threaded_executor.hpp:25[m[K,
[6.303s]                  from [01m[K/opt/ros/humble/include/rclcpp/rclcpp/executors.hpp:21[m[K,
[6.303s]                  from [01m[K/opt/ros/humble/include/rclcpp/rclcpp/rclcpp.hpp:155[m[K,
[6.303s]                  from [01m[K/home/student/41068RS12025-Group18/src/41068_ignition_bringup/include/mission_node.h:30[m[K,
[6.303s]                  from [01m[K/home/student/41068RS12025-Group18/src/41068_ignition_bringup/src/mission_node.cpp:1[m[K:
[6.303s] [01m[K/home/student/41068RS12025-Group18/src/41068_ignition_bringup/src/mission_node.cpp:761:19:[m[K [01;31m[Kerror: [m[Kinvalid use of â€˜[01m[Kthis[m[Kâ€™ in non-member function
[6.303s]   761 |       RCLCPP_INFO([01;31m[Kthis[m[K->get_logger(), "Auto-starting mission for waypoint command");
[6.304s]       |                   [01;31m[K^~~~[m[K
[6.304s] [01m[K/home/student/41068RS12025-Group18/src/41068_ignition_bringup/src/mission_node.cpp:761:19:[m[K [01;31m[Kerror: [m[Kinvalid use of â€˜[01m[Kthis[m[Kâ€™ in non-member function
[6.304s]   761 |       RCLCPP_INFO([01;31m[Kthis[m[K->get_logger(), "Auto-starting mission for waypoint command");
[6.304s]       |                   [01;31m[K^~~~[m[K
[6.304s] [01m[K/home/student/41068RS12025-Group18/src/41068_ignition_bringup/src/mission_node.cpp:762:32:[m[K [01;31m[Kerror: [m[Kâ€˜[01m[KMissionState[m[Kâ€™ has not been declared
[6.304s]   762 |       state_machine_->setState([01;31m[KMissionState[m[K::TAKEOFF);
[6.304s]       |                                [01;31m[K^~~~~~~~~~~~[m[K
[6.304s] [01m[K/home/student/41068RS12025-Group18/src/41068_ignition_bringup/src/mission_node.cpp:765:51:[m[K [01;31m[Kerror: [m[Kâ€˜[01m[KMissionState[m[Kâ€™ has not been declared
[6.304s]   765 |     else if (state_machine_->getCurrentState() == [01;31m[KMissionState[m[K::HOVERING) {
[6.304s]       |                                                   [01;31m[K^~~~~~~~~~~~[m[K
[6.304s] In file included from [01m[K/opt/ros/humble/include/rclcpp/rclcpp/client.hpp:40[m[K,
[6.304s]                  from [01m[K/opt/ros/humble/include/rclcpp/rclcpp/callback_group.hpp:24[m[K,
[6.304s]                  from [01m[K/opt/ros/humble/include/rclcpp/rclcpp/any_executable.hpp:20[m[K,
[6.304s]                  from [01m[K/opt/ros/humble/include/rclcpp/rclcpp/memory_strategy.hpp:25[m[K,
[6.304s]                  from [01m[K/opt/ros/humble/include/rclcpp/rclcpp/memory_strategies.hpp:18[m[K,
[6.305s]                  from [01m[K/opt/ros/humble/include/rclcpp/rclcpp/executor_options.hpp:20[m[K,
[6.305s]                  from [01m[K/opt/ros/humble/include/rclcpp/rclcpp/executor.hpp:37[m[K,
[6.305s]                  from [01m[K/opt/ros/humble/include/rclcpp/rclcpp/executors/multi_threaded_executor.hpp:25[m[K,
[6.305s]                  from [01m[K/opt/ros/humble/include/rclcpp/rclcpp/executors.hpp:21[m[K,
[6.305s]                  from [01m[K/opt/ros/humble/include/rclcpp/rclcpp/rclcpp.hpp:155[m[K,
[6.305s]                  from [01m[K/home/student/41068RS12025-Group18/src/41068_ignition_bringup/include/mission_node.h:30[m[K,
[6.305s]                  from [01m[K/home/student/41068RS12025-Group18/src/41068_ignition_bringup/src/mission_node.cpp:1[m[K:
[6.305s] [01m[K/home/student/41068RS12025-Group18/src/41068_ignition_bringup/src/mission_node.cpp:766:19:[m[K [01;31m[Kerror: [m[Kinvalid use of â€˜[01m[Kthis[m[Kâ€™ in non-member function
[6.305s]   766 |       RCLCPP_INFO([01;31m[Kthis[m[K->get_logger(), "Switching to waypoint navigation mode");
[6.305s]       |                   [01;31m[K^~~~[m[K
[6.305s] [01m[K/home/student/41068RS12025-Group18/src/41068_ignition_bringup/src/mission_node.cpp:766:19:[m[K [01;31m[Kerror: [m[Kinvalid use of â€˜[01m[Kthis[m[Kâ€™ in non-member function
[6.305s] [01m[K/home/student/41068RS12025-Group18/src/41068_ignition_bringup/src/mission_node.cpp:766:7:[m[K [01;31m[Kerror: [m[Ktemplate argument 1 is invalid
[6.305s]   766 |       [01;31m[KRCLCPP_INFO[m[K(this->get_logger(), "Switching to waypoint navigation mode");
[6.305s]       |       [01;31m[K^~~~~~~~~~~[m[K
[6.305s] In file included from [01m[K/opt/ros/humble/include/rclcpp/rclcpp/logging.hpp:24[m[K,
[6.305s]                  from [01m[K/opt/ros/humble/include/rclcpp/rclcpp/client.hpp:40[m[K,
[6.305s]                  from [01m[K/opt/ros/humble/include/rclcpp/rclcpp/callback_group.hpp:24[m[K,
[6.306s]                  from [01m[K/opt/ros/humble/include/rclcpp/rclcpp/any_executable.hpp:20[m[K,
[6.306s]                  from [01m[K/opt/ros/humble/include/rclcpp/rclcpp/memory_strategy.hpp:25[m[K,
[6.306s]                  from [01m[K/opt/ros/humble/include/rclcpp/rclcpp/memory_strategies.hpp:18[m[K,
[6.306s]                  from [01m[K/opt/ros/humble/include/rclcpp/rclcpp/executor_options.hpp:20[m[K,
[6.306s]                  from [01m[K/opt/ros/humble/include/rclcpp/rclcpp/executor.hpp:37[m[K,
[6.306s]                  from [01m[K/opt/ros/humble/include/rclcpp/rclcpp/executors/multi_threaded_executor.hpp:25[m[K,
[6.306s]                  from [01m[K/opt/ros/humble/include/rclcpp/rclcpp/executors.hpp:21[m[K,
[6.306s]                  from [01m[K/opt/ros/humble/include/rclcpp/rclcpp/rclcpp.hpp:155[m[K,
[6.306s]                  from [01m[K/home/student/41068RS12025-Group18/src/41068_ignition_bringup/include/mission_node.h:30[m[K,
[6.306s]                  from [01m[K/home/student/41068RS12025-Group18/src/41068_ignition_bringup/src/mission_node.cpp:1[m[K:
[6.306s] [01m[K/home/student/41068RS12025-Group18/src/41068_ignition_bringup/src/mission_node.cpp:766:19:[m[K [01;31m[Kerror: [m[Kinvalid use of â€˜[01m[Kthis[m[Kâ€™ in non-member function
[6.306s]   766 |       RCLCPP_INFO([01;31m[Kthis[m[K->get_logger(), "Switching to waypoint navigation mode");
[6.306s]       |                   [01;31m[K^~~~[m[K
[6.306s] [01m[K/home/student/41068RS12025-Group18/src/41068_ignition_bringup/src/mission_node.cpp:766:19:[m[K [01;31m[Kerror: [m[Kinvalid use of â€˜[01m[Kthis[m[Kâ€™ in non-member function
[6.306s]   766 |       RCLCPP_INFO([01;31m[Kthis[m[K->get_logger(), "Switching to waypoint navigation mode");
[6.306s]       |                   [01;31m[K^~~~[m[K
[6.306s] [01m[K/home/student/41068RS12025-Group18/src/41068_ignition_bringup/src/mission_node.cpp:767:32:[m[K [01;31m[Kerror: [m[Kâ€˜[01m[KMissionState[m[Kâ€™ has not been declared
[6.307s]   767 |       state_machine_->setState([01;31m[KMissionState[m[K::WAYPOINT_NAVIGATION);
[6.307s]       |                                [01;31m[K^~~~~~~~~~~~[m[K
[6.307s] [01m[K/home/student/41068RS12025-Group18/src/41068_ignition_bringup/src/mission_node.cpp:[m[K At global scope:
[6.307s] [01m[K/home/student/41068RS12025-Group18/src/41068_ignition_bringup/src/mission_node.cpp:779:8:[m[K [01;31m[Kerror: [m[Kâ€˜[01m[KMissionPlannerNode[m[Kâ€™ has not been declared
[6.307s]   779 |   bool [01;31m[KMissionPlannerNode[m[K::parseKeyVal(const std::string& tok, std::string& key, std::string& val) {
[6.307s]       |        [01;31m[K^~~~~~~~~~~~~~~~~~[m[K
[6.307s] [01m[K/home/student/41068RS12025-Group18/src/41068_ignition_bringup/src/mission_node.cpp:787:3:[m[K [01;31m[Kerror: [m[Kâ€˜[01m[KMissionState[m[Kâ€™ does not name a type
[6.307s]   787 |   [01;31m[KMissionState[m[K MissionPlannerNode::stateFromString(const std::string& s) {
[6.307s]       |   [01;31m[K^~~~~~~~~~~~[m[K
[6.307s] [01m[K/home/student/41068RS12025-Group18/src/41068_ignition_bringup/src/mission_node.cpp:837:3:[m[K [01;31m[Kerror: [m[Kâ€˜[01m[KScenario[m[Kâ€™ does not name a type
[6.307s]   837 |   [01;31m[KScenario[m[K MissionPlannerNode::scenarioFromString(const std::string& s) {
[6.307s]       |   [01;31m[K^~~~~~~~[m[K
[6.307s] [01m[K/home/student/41068RS12025-Group18/src/41068_ignition_bringup/src/mission_node.cpp:846:43:[m[K [01;31m[Kerror: [m[Kâ€˜[01m[KMissionState[m[Kâ€™ was not declared in this scope; did you mean â€˜[01m[Kdrone::MissionState[m[Kâ€™?
[6.307s]   846 |   static std::string missionStateToString([01;31m[KMissionState[m[K state) {
[6.308s]       |                                           [01;31m[K^~~~~~~~~~~~[m[K
[6.308s]       |                                           [32m[Kdrone::MissionState[m[K
[6.308s] In file included from [01m[K/home/student/41068RS12025-Group18/src/41068_ignition_bringup/include/mission/state_machine.h:15[m[K,
[6.308s]                  from [01m[K/home/student/41068RS12025-Group18/src/41068_ignition_bringup/include/mission_node.h:38[m[K,
[6.308s]                  from [01m[K/home/student/41068RS12025-Group18/src/41068_ignition_bringup/src/mission_node.cpp:1[m[K:
[6.308s] [01m[K/home/student/41068RS12025-Group18/src/41068_ignition_bringup/include/mission_state.h:23:12:[m[K [01;36m[Knote: [m[Kâ€˜[01m[Kdrone::MissionState[m[Kâ€™ declared here
[6.308s]    23 | enum class [01;36m[KMissionState[m[K
[6.308s]       |            [01;36m[K^~~~~~~~~~~~[m[K
[6.308s] [01m[K/home/student/41068RS12025-Group18/src/41068_ignition_bringup/src/mission_node.cpp:846:63:[m[K [01;31m[Kerror: [m[Kexpected â€˜[01m[K,[m[Kâ€™ or â€˜[01m[K;[m[Kâ€™ before â€˜[01m[K{[m[Kâ€™ token
[6.308s]   846 |   static std::string missionStateToString(MissionState state) [01;31m[K{[m[K
[6.308s]       |                                                               [01;31m[K^[m[K
[6.309s] [01m[K/home/student/41068RS12025-Group18/src/41068_ignition_bringup/src/mission_node.cpp:861:3:[m[K [01;31m[Kerror: [m[Kâ€˜[01m[KMissionState[m[Kâ€™ does not name a type
[6.309s]   861 |   [01;31m[KMissionState[m[K MissionPlannerNode::targetStateForScenario(Scenario scenario) {
[6.309s]       |   [01;31m[K^~~~~~~~~~~~[m[K
[6.310s] [01m[K/home/student/41068RS12025-Group18/src/41068_ignition_bringup/src/mission_node.cpp:884:3:[m[K [01;31m[Kerror: [m[Kâ€˜[01m[KScenarioData[m[Kâ€™ does not name a type
[6.311s]   884 |   [01;31m[KScenarioData[m[K parseScenarioMessage(const std::string& message_data) {
[6.311s]       |   [01;31m[K^~~~~~~~~~~~[m[K
[6.311s] [01m[K/home/student/41068RS12025-Group18/src/41068_ignition_bringup/src/mission_node.cpp:959:8:[m[K [01;31m[Kerror: [m[Kâ€˜[01m[KMissionPlannerNode[m[Kâ€™ has not been declared
[6.311s]   959 |   void [01;31m[KMissionPlannerNode[m[K::scenarioDetectionCallback(const std_msgs::msg::String::SharedPtr msg) {
[6.311s]       |        [01;31m[K^~~~~~~~~~~~~~~~~~[m[K
[6.311s] [01m[K/home/student/41068RS12025-Group18/src/41068_ignition_bringup/src/mission_node.cpp:[m[K In function â€˜[01m[Kvoid scenarioDetectionCallback(std_msgs::msg::String_<std::allocator<void> >::SharedPtr)[m[Kâ€™:
[6.311s] [01m[K/home/student/41068RS12025-Group18/src/41068_ignition_bringup/src/mission_node.cpp:959:93:[m[K [01;35m[Kwarning: [m[Kunused parameter â€˜[01m[Kmsg[m[Kâ€™ [[01;35m[K]8;;https://gcc.gnu.org/onlinedocs/gcc/Warning-Options.html#index-Wunused-parameter-Wunused-parameter]8;;[m[K]
[6.311s]   959 |   void MissionPlannerNode::scenarioDetectionCallback([01;35m[Kconst std_msgs::msg::String::SharedPtr msg[m[K) {
[6.311s]       |                                                      [01;35m[K~~~~~~~~~~~~~~~~~~~~~~~~~~~~~~~~~~~~~~~^~~[m[K
[6.312s] [01m[K/home/student/41068RS12025-Group18/src/41068_ignition_bringup/src/mission_node.cpp:[m[K At global scope:
[6.312s] [01m[K/home/student/41068RS12025-Group18/src/41068_ignition_bringup/src/mission_node.cpp:963:3:[m[K [01;31m[Kerror: [m[Kâ€˜[01m[KDroneInfo[m[Kâ€™ does not name a type
[6.312s]   963 |   [01;31m[KDroneInfo[m[K MissionPlannerNode::parseInfoManifest(const std::string& manifest_data) {
[6.312s]       |   [01;31m[K^~~~~~~~~[m[K
[6.312s] [01m[K/home/student/41068RS12025-Group18/src/41068_ignition_bringup/src/mission_node.cpp:995:8:[m[K [01;31m[Kerror: [m[Kâ€˜[01m[KMissionPlannerNode[m[Kâ€™ has not been declared
[6.312s]   995 |   void [01;31m[KMissionPlannerNode[m[K::createPeerSubscriptionForId(int peer_id) {
[6.312s]       |        [01;31m[K^~~~~~~~~~~~~~~~~~[m[K
[6.316s] [01m[K/home/student/41068RS12025-Group18/src/41068_ignition_bringup/src/mission_node.cpp:[m[K In function â€˜[01m[Kvoid createPeerSubscriptionForId(int)[m[Kâ€™:
[6.316s] [01m[K/home/student/41068RS12025-Group18/src/41068_ignition_bringup/src/mission_node.cpp:1000:40:[m[K [01;31m[Kerror: [m[Kâ€˜[01m[Kpeers_mutex_[m[Kâ€™ was not declared in this scope
[6.316s]  1000 |       std::lock_guard<std::mutex> lock([01;31m[Kpeers_mutex_[m[K);
[6.316s]       |                                        [01;31m[K^~~~~~~~~~~~[m[K
[6.322s] [01m[K/home/student/41068RS12025-Group18/src/41068_ignition_bringup/src/mission_node.cpp:1001:11:[m[K [01;31m[Kerror: [m[Kâ€˜[01m[Kinfo_manifest_subs_[m[Kâ€™ was not declared in this scope
[6.322s]  1001 |       if ([01;31m[Kinfo_manifest_subs_[m[K.count(peer_id)) {
[6.322s]       |           [01;31m[K^~~~~~~~~~~~~~~~~~~[m[K
[6.322s] [01m[K/home/student/41068RS12025-Group18/src/41068_ignition_bringup/src/mission_node.cpp:1010:21:[m[K [01;31m[Kerror: [m[Kinvalid use of â€˜[01m[Kthis[m[Kâ€™ in non-member function
[6.322s]  1010 |     auto odom_sub = [01;31m[Kthis[m[K->create_subscription<nav_msgs::msg::Odometry>(
[6.322s]       |                     [01;31m[K^~~~[m[K
[6.322s] [01m[K/home/student/41068RS12025-Group18/src/41068_ignition_bringup/src/mission_node.cpp:1010:70:[m[K [01;31m[Kerror: [m[Kexpected primary-expression before â€˜[01m[K>[m[Kâ€™ token
[6.322s]  1010 |     auto odom_sub = this->create_subscription<nav_msgs::msg::Odometry[01;31m[K>[m[K(
[6.323s]       |                                                                      [01;31m[K^[m[K
[6.323s] [01m[K/home/student/41068RS12025-Group18/src/41068_ignition_bringup/src/mission_node.cpp:1012:10:[m[K [01;31m[Kerror: [m[Kinvalid use of â€˜[01m[Kthis[m[Kâ€™ in non-member function
[6.323s]  1012 |         [[01;31m[Kthis[m[K, peer_id](const nav_msgs::msg::Odometry::SharedPtr msg) {
[6.323s]       |          [01;31m[K^~~~[m[K
[6.328s] [01m[K/home/student/41068RS12025-Group18/src/41068_ignition_bringup/src/mission_node.cpp:[m[K In lambda function:
[6.329s] [01m[K/home/student/41068RS12025-Group18/src/41068_ignition_bringup/src/mission_node.cpp:1013:45:[m[K [01;31m[Kerror: [m[Kâ€˜[01m[Kpeers_mutex_[m[Kâ€™ was not declared in this scope
[6.329s]  1013 |           std::lock_guard<std::mutex> guard([01;31m[Kpeers_mutex_[m[K);
[6.329s]       |                                             [01;31m[K^~~~~~~~~~~~[m[K
[6.334s] [01m[K/home/student/41068RS12025-Group18/src/41068_ignition_bringup/src/mission_node.cpp:1014:11:[m[K [01;31m[Kerror: [m[Kâ€˜[01m[Kpeer_poses_[m[Kâ€™ was not declared in this scope
[6.334s]  1014 |           [01;31m[Kpeer_poses_[m[K[peer_id].header = msg->header;
[6.334s]       |           [01;31m[K^~~~~~~~~~~[m[K
[6.335s] [01m[K/home/student/41068RS12025-Group18/src/41068_ignition_bringup/src/mission_node.cpp:[m[K In function â€˜[01m[Kvoid createPeerSubscriptionForId(int)[m[Kâ€™:
[6.335s] [01m[K/home/student/41068RS12025-Group18/src/41068_ignition_bringup/src/mission_node.cpp:1016:9:[m[K [01;35m[Kwarning: [m[Kright operand of comma operator has no effect [[01;35m[K]8;;https://gcc.gnu.org/onlinedocs/gcc/Warning-Options.html#index-Wunused-value-Wunused-value]8;;[m[K]
[6.335s]  1016 |         [01;35m[K}[m[K);
[6.335s]       |         [01;35m[K^[m[K
[6.335s] [01m[K/home/student/41068RS12025-Group18/src/41068_ignition_bringup/src/mission_node.cpp:1018:27:[m[K [01;31m[Kerror: [m[Kinvalid use of â€˜[01m[Kthis[m[Kâ€™ in non-member function
[6.335s]  1018 |     auto assignment_pub = [01;31m[Kthis[m[K->create_publisher<std_msgs::msg::String>(
[6.335s]       |                           [01;31m[K^~~~[m[K
[6.335s] [01m[K/home/student/41068RS12025-Group18/src/41068_ignition_bringup/src/mission_node.cpp:1018:71:[m[K [01;31m[Kerror: [m[Kexpected primary-expression before â€˜[01m[K>[m[Kâ€™ token
[6.335s]  1018 |     auto assignment_pub = this->create_publisher<std_msgs::msg::String[01;31m[K>[m[K(
[6.335s]       |                                                                       [01;31m[K^[m[K
[6.335s] [01m[K/home/student/41068RS12025-Group18/src/41068_ignition_bringup/src/mission_node.cpp:1021:25:[m[K [01;31m[Kerror: [m[Kinvalid use of â€˜[01m[Kthis[m[Kâ€™ in non-member function
[6.335s]  1021 |     auto info_req_pub = [01;31m[Kthis[m[K->create_publisher<std_msgs::msg::Empty>(
[6.335s]       |                         [01;31m[K^~~~[m[K
[6.335s] [01m[K/home/student/41068RS12025-Group18/src/41068_ignition_bringup/src/mission_node.cpp:1021:68:[m[K [01;31m[Kerror: [m[Kexpected primary-expression before â€˜[01m[K>[m[Kâ€™ token
[6.336s]  1021 |     auto info_req_pub = this->create_publisher<std_msgs::msg::Empty[01;31m[K>[m[K(
[6.336s]       |                                                                    [01;31m[K^[m[K
[6.336s] [01m[K/home/student/41068RS12025-Group18/src/41068_ignition_bringup/src/mission_node.cpp:1024:21:[m[K [01;31m[Kerror: [m[Kinvalid use of â€˜[01m[Kthis[m[Kâ€™ in non-member function
[6.336s]  1024 |     auto info_sub = [01;31m[Kthis[m[K->create_subscription<std_msgs::msg::String>(
[6.336s]       |                     [01;31m[K^~~~[m[K
[6.336s] [01m[K/home/student/41068RS12025-Group18/src/41068_ignition_bringup/src/mission_node.cpp:1024:68:[m[K [01;31m[Kerror: [m[Kexpected primary-expression before â€˜[01m[K>[m[Kâ€™ token
[6.336s]  1024 |     auto info_sub = this->create_subscription<std_msgs::msg::String[01;31m[K>[m[K(
[6.336s]       |                                                                    [01;31m[K^[m[K
[6.336s] [01m[K/home/student/41068RS12025-Group18/src/41068_ignition_bringup/src/mission_node.cpp:1026:10:[m[K [01;31m[Kerror: [m[Kinvalid use of â€˜[01m[Kthis[m[Kâ€™ in non-member function
[6.336s]  1026 |         [[01;31m[Kthis[m[K, peer_id](const std_msgs::msg::String::SharedPtr msg) {
[6.336s]       |          [01;31m[K^~~~[m[K
[6.345s] [01m[K/home/student/41068RS12025-Group18/src/41068_ignition_bringup/src/mission_node.cpp:[m[K In lambda function:
[6.345s] [01m[K/home/student/41068RS12025-Group18/src/41068_ignition_bringup/src/mission_node.cpp:1027:11:[m[K [01;31m[Kerror: [m[Kâ€˜[01m[KinfoManifestCallback[m[Kâ€™ was not declared in this scope
[6.345s]  1027 |           [01;31m[KinfoManifestCallback[m[K(peer_id, msg);
[6.345s]       |           [01;31m[K^~~~~~~~~~~~~~~~~~~~[m[K
[6.345s] [01m[K/home/student/41068RS12025-Group18/src/41068_ignition_bringup/src/mission_node.cpp:[m[K In function â€˜[01m[Kvoid createPeerSubscriptionForId(int)[m[Kâ€™:
[6.345s] [01m[K/home/student/41068RS12025-Group18/src/41068_ignition_bringup/src/mission_node.cpp:1028:9:[m[K [01;35m[Kwarning: [m[Kright operand of comma operator has no effect [[01;35m[K]8;;https://gcc.gnu.org/onlinedocs/gcc/Warning-Options.html#index-Wunused-value-Wunused-value]8;;[m[K]
[6.345s]  1028 |         [01;35m[K}[m[K);
[6.345s]       |         [01;35m[K^[m[K
[6.349s] [01m[K/home/student/41068RS12025-Group18/src/41068_ignition_bringup/src/mission_node.cpp:1032:40:[m[K [01;31m[Kerror: [m[Kâ€˜[01m[Kpeers_mutex_[m[Kâ€™ was not declared in this scope
[6.349s]  1032 |       std::lock_guard<std::mutex> lock([01;31m[Kpeers_mutex_[m[K);
[6.349s]       |                                        [01;31m[K^~~~~~~~~~~~[m[K
[6.355s] [01m[K/home/student/41068RS12025-Group18/src/41068_ignition_bringup/src/mission_node.cpp:1035:12:[m[K [01;31m[Kerror: [m[Kâ€˜[01m[Kinfo_manifest_subs_[m[Kâ€™ was not declared in this scope
[6.356s]  1035 |       if (![01;31m[Kinfo_manifest_subs_[m[K.count(peer_id)) {
[6.356s]       |            [01;31m[K^~~~~~~~~~~~~~~~~~~[m[K
[6.364s] [01m[K/home/student/41068RS12025-Group18/src/41068_ignition_bringup/src/mission_node.cpp:1036:9:[m[K [01;31m[Kerror: [m[Kâ€˜[01m[Kpeer_odom_subs_[m[Kâ€™ was not declared in this scope
[6.364s]  1036 |         [01;31m[Kpeer_odom_subs_[m[K[peer_id]     = std::move(odom_sub);
[6.365s]       |         [01;31m[K^~~~~~~~~~~~~~~[m[K
[6.368s] [01m[K/home/student/41068RS12025-Group18/src/41068_ignition_bringup/src/mission_node.cpp:1037:9:[m[K [01;31m[Kerror: [m[Kâ€˜[01m[Kassignment_pubs_[m[Kâ€™ was not declared in this scope
[6.368s]  1037 |         [01;31m[Kassignment_pubs_[m[K[peer_id]    = std::move(assignment_pub);
[6.368s]       |         [01;31m[K^~~~~~~~~~~~~~~~[m[K
[6.374s] [01m[K/home/student/41068RS12025-Group18/src/41068_ignition_bringup/src/mission_node.cpp:1038:9:[m[K [01;31m[Kerror: [m[Kâ€˜[01m[Kinfo_request_pubs_[m[Kâ€™ was not declared in this scope
[6.374s]  1038 |         [01;31m[Kinfo_request_pubs_[m[K[peer_id]  = std::move(info_req_pub);
[6.374s]       |         [01;31m[K^~~~~~~~~~~~~~~~~~[m[K
[6.374s] In file included from [01m[K/opt/ros/humble/include/rclcpp/rclcpp/client.hpp:40[m[K,
[6.374s]                  from [01m[K/opt/ros/humble/include/rclcpp/rclcpp/callback_group.hpp:24[m[K,
[6.375s]                  from [01m[K/opt/ros/humble/include/rclcpp/rclcpp/any_executable.hpp:20[m[K,
[6.375s]                  from [01m[K/opt/ros/humble/include/rclcpp/rclcpp/memory_strategy.hpp:25[m[K,
[6.375s]                  from [01m[K/opt/ros/humble/include/rclcpp/rclcpp/memory_strategies.hpp:18[m[K,
[6.375s]                  from [01m[K/opt/ros/humble/include/rclcpp/rclcpp/executor_options.hpp:20[m[K,
[6.375s]                  from [01m[K/opt/ros/humble/include/rclcpp/rclcpp/executor.hpp:37[m[K,
[6.375s]                  from [01m[K/opt/ros/humble/include/rclcpp/rclcpp/executors/multi_threaded_executor.hpp:25[m[K,
[6.375s]                  from [01m[K/opt/ros/humble/include/rclcpp/rclcpp/executors.hpp:21[m[K,
[6.375s]                  from [01m[K/opt/ros/humble/include/rclcpp/rclcpp/rclcpp.hpp:155[m[K,
[6.375s]                  from [01m[K/home/student/41068RS12025-Group18/src/41068_ignition_bringup/include/mission_node.h:30[m[K,
[6.375s]                  from [01m[K/home/student/41068RS12025-Group18/src/41068_ignition_bringup/src/mission_node.cpp:1[m[K:
[6.375s] [01m[K/home/student/41068RS12025-Group18/src/41068_ignition_bringup/src/mission_node.cpp:1041:21:[m[K [01;31m[Kerror: [m[Kinvalid use of â€˜[01m[Kthis[m[Kâ€™ in non-member function
[6.375s]  1041 |         RCLCPP_INFO([01;31m[Kthis[m[K->get_logger(),
[6.375s]       |                     [01;31m[K^~~~[m[K
[6.375s] [01m[K/home/student/41068RS12025-Group18/src/41068_ignition_bringup/src/mission_node.cpp:1041:21:[m[K [01;31m[Kerror: [m[Kinvalid use of â€˜[01m[Kthis[m[Kâ€™ in non-member function
[6.375s] [01m[K/home/student/41068RS12025-Group18/src/41068_ignition_bringup/src/mission_node.cpp:1041:9:[m[K [01;31m[Kerror: [m[Ktemplate argument 1 is invalid
[6.375s]  1041 |         [01;31m[KRCLCPP_INFO[m[K(this->get_logger(),
[6.375s]       |         [01;31m[K^~~~~~~~~~~[m[K
[6.376s] In file included from [01m[K/opt/ros/humble/include/rclcpp/rclcpp/logging.hpp:24[m[K,
[6.376s]                  from [01m[K/opt/ros/humble/include/rclcpp/rclcpp/client.hpp:40[m[K,
[6.376s]                  from [01m[K/opt/ros/humble/include/rclcpp/rclcpp/callback_group.hpp:24[m[K,
[6.376s]                  from [01m[K/opt/ros/humble/include/rclcpp/rclcpp/any_executable.hpp:20[m[K,
[6.376s]                  from [01m[K/opt/ros/humble/include/rclcpp/rclcpp/memory_strategy.hpp:25[m[K,
[6.376s]                  from [01m[K/opt/ros/humble/include/rclcpp/rclcpp/memory_strategies.hpp:18[m[K,
[6.376s]                  from [01m[K/opt/ros/humble/include/rclcpp/rclcpp/executor_options.hpp:20[m[K,
[6.376s]                  from [01m[K/opt/ros/humble/include/rclcpp/rclcpp/executor.hpp:37[m[K,
[6.376s]                  from [01m[K/opt/ros/humble/include/rclcpp/rclcpp/executors/multi_threaded_executor.hpp:25[m[K,
[6.376s]                  from [01m[K/opt/ros/humble/include/rclcpp/rclcpp/executors.hpp:21[m[K,
[6.376s]                  from [01m[K/opt/ros/humble/include/rclcpp/rclcpp/rclcpp.hpp:155[m[K,
[6.376s]                  from [01m[K/home/student/41068RS12025-Group18/src/41068_ignition_bringup/include/mission_node.h:30[m[K,
[6.376s]                  from [01m[K/home/student/41068RS12025-Group18/src/41068_ignition_bringup/src/mission_node.cpp:1[m[K:
[6.376s] [01m[K/home/student/41068RS12025-Group18/src/41068_ignition_bringup/src/mission_node.cpp:1041:21:[m[K [01;31m[Kerror: [m[Kinvalid use of â€˜[01m[Kthis[m[Kâ€™ in non-member function
[6.376s]  1041 |         RCLCPP_INFO([01;31m[Kthis[m[K->get_logger(),
[6.376s]       |                     [01;31m[K^~~~[m[K
[6.377s] [01m[K/home/student/41068RS12025-Group18/src/41068_ignition_bringup/src/mission_node.cpp:1041:21:[m[K [01;31m[Kerror: [m[Kinvalid use of â€˜[01m[Kthis[m[Kâ€™ in non-member function
[6.377s]  1041 |         RCLCPP_INFO([01;31m[Kthis[m[K->get_logger(),
[6.377s]       |                     [01;31m[K^~~~[m[K
[6.377s] [01m[K/home/student/41068RS12025-Group18/src/41068_ignition_bringup/src/mission_node.cpp:[m[K At global scope:
[6.377s] [01m[K/home/student/41068RS12025-Group18/src/41068_ignition_bringup/src/mission_node.cpp:1060:8:[m[K [01;31m[Kerror: [m[Kâ€˜[01m[KMissionPlannerNode[m[Kâ€™ has not been declared
[6.377s]  1060 |   void [01;31m[KMissionPlannerNode[m[K::infoRequestPingCallback(const std_msgs::msg::Empty::SharedPtr) {
[6.377s]       |        [01;31m[K^~~~~~~~~~~~~~~~~~[m[K
[6.386s] [01m[K/home/student/41068RS12025-Group18/src/41068_ignition_bringup/src/mission_node.cpp:[m[K In function â€˜[01m[Kvoid infoRequestPingCallback(std_msgs::msg::Empty_<std::allocator<void> >::SharedPtr)[m[Kâ€™:
[6.386s] [01m[K/home/student/41068RS12025-Group18/src/41068_ignition_bringup/src/mission_node.cpp:1062:16:[m[K [01;31m[Kerror: [m[Kâ€˜[01m[KbuildInfoManifestCsv[m[Kâ€™ was not declared in this scope
[6.386s]  1062 |     out.data = [01;31m[KbuildInfoManifestCsv[m[K();
[6.386s]       |                [01;31m[K^~~~~~~~~~~~~~~~~~~~[m[K
[6.392s] [01m[K/home/student/41068RS12025-Group18/src/41068_ignition_bringup/src/mission_node.cpp:1063:5:[m[K [01;31m[Kerror: [m[Kâ€˜[01m[Kinfo_manifest_pub_[m[Kâ€™ was not declared in this scope
[6.392s]  1063 |     [01;31m[Kinfo_manifest_pub_[m[K->publish(out);
[6.392s]       |     [01;31m[K^~~~~~~~~~~~~~~~~~[m[K
[6.393s] In file included from [01m[K/opt/ros/humble/include/rclcpp/rclcpp/client.hpp:40[m[K,
[6.393s]                  from [01m[K/opt/ros/humble/include/rclcpp/rclcpp/callback_group.hpp:24[m[K,
[6.393s]                  from [01m[K/opt/ros/humble/include/rclcpp/rclcpp/any_executable.hpp:20[m[K,
[6.393s]                  from [01m[K/opt/ros/humble/include/rclcpp/rclcpp/memory_strategy.hpp:25[m[K,
[6.393s]                  from [01m[K/opt/ros/humble/include/rclcpp/rclcpp/memory_strategies.hpp:18[m[K,
[6.393s]                  from [01m[K/opt/ros/humble/include/rclcpp/rclcpp/executor_options.hpp:20[m[K,
[6.393s]                  from [01m[K/opt/ros/humble/include/rclcpp/rclcpp/executor.hpp:37[m[K,
[6.393s]                  from [01m[K/opt/ros/humble/include/rclcpp/rclcpp/executors/multi_threaded_executor.hpp:25[m[K,
[6.393s]                  from [01m[K/opt/ros/humble/include/rclcpp/rclcpp/executors.hpp:21[m[K,
[6.393s]                  from [01m[K/opt/ros/humble/include/rclcpp/rclcpp/rclcpp.hpp:155[m[K,
[6.393s]                  from [01m[K/home/student/41068RS12025-Group18/src/41068_ignition_bringup/include/mission_node.h:30[m[K,
[6.393s]                  from [01m[K/home/student/41068RS12025-Group18/src/41068_ignition_bringup/src/mission_node.cpp:1[m[K:
[6.393s] [01m[K/home/student/41068RS12025-Group18/src/41068_ignition_bringup/src/mission_node.cpp:1064:18:[m[K [01;31m[Kerror: [m[Kinvalid use of â€˜[01m[Kthis[m[Kâ€™ in non-member function
[6.393s]  1064 |     RCLCPP_DEBUG([01;31m[Kthis[m[K->get_logger(), "Published info manifest in response to ping");
[6.393s]       |                  [01;31m[K^~~~[m[K
[6.394s] [01m[K/home/student/41068RS12025-Group18/src/41068_ignition_bringup/src/mission_node.cpp:1064:18:[m[K [01;31m[Kerror: [m[Kinvalid use of â€˜[01m[Kthis[m[Kâ€™ in non-member function
[6.394s] [01m[K/home/student/41068RS12025-Group18/src/41068_ignition_bringup/src/mission_node.cpp:1064:5:[m[K [01;31m[Kerror: [m[Ktemplate argument 1 is invalid
[6.394s]  1064 |     [01;31m[KRCLCPP_DEBUG[m[K(this->get_logger(), "Published info manifest in response to ping");
[6.394s]       |     [01;31m[K^~~~~~~~~~~~[m[K
[6.394s] In file included from [01m[K/opt/ros/humble/include/rclcpp/rclcpp/logging.hpp:24[m[K,
[6.394s]                  from [01m[K/opt/ros/humble/include/rclcpp/rclcpp/client.hpp:40[m[K,
[6.394s]                  from [01m[K/opt/ros/humble/include/rclcpp/rclcpp/callback_group.hpp:24[m[K,
[6.394s]                  from [01m[K/opt/ros/humble/include/rclcpp/rclcpp/any_executable.hpp:20[m[K,
[6.394s]                  from [01m[K/opt/ros/humble/include/rclcpp/rclcpp/memory_strategy.hpp:25[m[K,
[6.394s]                  from [01m[K/opt/ros/humble/include/rclcpp/rclcpp/memory_strategies.hpp:18[m[K,
[6.394s]                  from [01m[K/opt/ros/humble/include/rclcpp/rclcpp/executor_options.hpp:20[m[K,
[6.394s]                  from [01m[K/opt/ros/humble/include/rclcpp/rclcpp/executor.hpp:37[m[K,
[6.394s]                  from [01m[K/opt/ros/humble/include/rclcpp/rclcpp/executors/multi_threaded_executor.hpp:25[m[K,
[6.394s]                  from [01m[K/opt/ros/humble/include/rclcpp/rclcpp/executors.hpp:21[m[K,
[6.394s]                  from [01m[K/opt/ros/humble/include/rclcpp/rclcpp/rclcpp.hpp:155[m[K,
[6.394s]                  from [01m[K/home/student/41068RS12025-Group18/src/41068_ignition_bringup/include/mission_node.h:30[m[K,
[6.395s]                  from [01m[K/home/student/41068RS12025-Group18/src/41068_ignition_bringup/src/mission_node.cpp:1[m[K:
[6.395s] [01m[K/home/student/41068RS12025-Group18/src/41068_ignition_bringup/src/mission_node.cpp:1064:18:[m[K [01;31m[Kerror: [m[Kinvalid use of â€˜[01m[Kthis[m[Kâ€™ in non-member function
[6.395s]  1064 |     RCLCPP_DEBUG([01;31m[Kthis[m[K->get_logger(), "Published info manifest in response to ping");
[6.395s]       |                  [01;31m[K^~~~[m[K
[6.395s] [01m[K/home/student/41068RS12025-Group18/src/41068_ignition_bringup/src/mission_node.cpp:1064:18:[m[K [01;31m[Kerror: [m[Kinvalid use of â€˜[01m[Kthis[m[Kâ€™ in non-member function
[6.395s]  1064 |     RCLCPP_DEBUG([01;31m[Kthis[m[K->get_logger(), "Published info manifest in response to ping");
[6.395s]       |                  [01;31m[K^~~~[m[K
[6.395s] [01m[K/home/student/41068RS12025-Group18/src/41068_ignition_bringup/src/mission_node.cpp:[m[K At global scope:
[6.395s] [01m[K/home/student/41068RS12025-Group18/src/41068_ignition_bringup/src/mission_node.cpp:1067:15:[m[K [01;31m[Kerror: [m[Kâ€˜[01m[KMissionPlannerNode[m[Kâ€™ has not been declared
[6.395s]  1067 |   std::string [01;31m[KMissionPlannerNode[m[K::buildInfoManifestCsv() {
[6.395s]       |               [01;31m[K^~~~~~~~~~~~~~~~~~[m[K
[6.399s] [01m[K/home/student/41068RS12025-Group18/src/41068_ignition_bringup/src/mission_node.cpp:[m[K In function â€˜[01m[Kstd::string buildInfoManifestCsv()[m[Kâ€™:
[6.399s] [01m[K/home/student/41068RS12025-Group18/src/41068_ignition_bringup/src/mission_node.cpp:1071:20:[m[K [01;31m[Kerror: [m[Kâ€˜[01m[Kdrone_numeric_id_[m[Kâ€™ was not declared in this scope
[6.399s]  1071 |     ss << "id:" << [01;31m[Kdrone_numeric_id_[m[K
[6.400s]       |                    [01;31m[K^~~~~~~~~~~~~~~~~[m[K
[6.405s] [01m[K/home/student/41068RS12025-Group18/src/41068_ignition_bringup/src/mission_node.cpp:1072:36:[m[K [01;31m[Kerror: [m[Kâ€˜[01m[Kbattery_level_[m[Kâ€™ was not declared in this scope
[6.405s]  1072 |       << ",battery:" << std::clamp([01;31m[Kbattery_level_[m[K, 0.0, 1.0)
[6.405s]       |                                    [01;31m[K^~~~~~~~~~~~~~[m[K
[6.410s] [01m[K/home/student/41068RS12025-Group18/src/41068_ignition_bringup/src/mission_node.cpp:1073:23:[m[K [01;31m[Kerror: [m[Kâ€˜[01m[Kstate_machine_[m[Kâ€™ was not declared in this scope
[6.410s]  1073 |       << ",state:" << [01;31m[Kstate_machine_[m[K->getStateString()
[6.410s]       |                       [01;31m[K^~~~~~~~~~~~~~[m[K
[6.414s] [01m[K/home/student/41068RS12025-Group18/src/41068_ignition_bringup/src/mission_node.cpp:1074:19:[m[K [01;31m[Kerror: [m[Kâ€˜[01m[Kcurrent_pose_[m[Kâ€™ was not declared in this scope
[6.415s]  1074 |       << ",x:" << [01;31m[Kcurrent_pose_[m[K.pose.position.x
[6.415s]       |                   [01;31m[K^~~~~~~~~~~~~[m[K
[6.415s] [01m[K/home/student/41068RS12025-Group18/src/41068_ignition_bringup/src/mission_node.cpp:1077:19:[m[K [01;31m[Kerror: [m[Kinvalid use of â€˜[01m[Kthis[m[Kâ€™ in non-member function
[6.415s]  1077 |       << ",t:" << [01;31m[Kthis[m[K->now().nanoseconds();
[6.415s]       |                   [01;31m[K^~~~[m[K
[6.415s] [01m[K/home/student/41068RS12025-Group18/src/41068_ignition_bringup/src/mission_node.cpp:[m[K At global scope:
[6.415s] [01m[K/home/student/41068RS12025-Group18/src/41068_ignition_bringup/src/mission_node.cpp:1105:8:[m[K [01;31m[Kerror: [m[Kâ€˜[01m[KMissionPlannerNode[m[Kâ€™ has not been declared
[6.415s]  1105 |   void [01;31m[KMissionPlannerNode[m[K::infoManifestCallback(int peer_id, const std_msgs::msg::String::SharedPtr& msg) {
[6.416s]       |        [01;31m[K^~~~~~~~~~~~~~~~~~[m[K
[6.416s] In file included from [01m[K/opt/ros/humble/include/rclcpp/rclcpp/client.hpp:40[m[K,
[6.416s]                  from [01m[K/opt/ros/humble/include/rclcpp/rclcpp/callback_group.hpp:24[m[K,
[6.416s]                  from [01m[K/opt/ros/humble/include/rclcpp/rclcpp/any_executable.hpp:20[m[K,
[6.416s]                  from [01m[K/opt/ros/humble/include/rclcpp/rclcpp/memory_strategy.hpp:25[m[K,
[6.416s]                  from [01m[K/opt/ros/humble/include/rclcpp/rclcpp/memory_strategies.hpp:18[m[K,
[6.416s]                  from [01m[K/opt/ros/humble/include/rclcpp/rclcpp/executor_options.hpp:20[m[K,
[6.416s]                  from [01m[K/opt/ros/humble/include/rclcpp/rclcpp/executor.hpp:37[m[K,
[6.416s]                  from [01m[K/opt/ros/humble/include/rclcpp/rclcpp/executors/multi_threaded_executor.hpp:25[m[K,
[6.416s]                  from [01m[K/opt/ros/humble/include/rclcpp/rclcpp/executors.hpp:21[m[K,
[6.416s]                  from [01m[K/opt/ros/humble/include/rclcpp/rclcpp/rclcpp.hpp:155[m[K,
[6.417s]                  from [01m[K/home/student/41068RS12025-Group18/src/41068_ignition_bringup/include/mission_node.h:30[m[K,
[6.417s]                  from [01m[K/home/student/41068RS12025-Group18/src/41068_ignition_bringup/src/mission_node.cpp:1[m[K:
[6.417s] [01m[K/home/student/41068RS12025-Group18/src/41068_ignition_bringup/src/mission_node.cpp:[m[K In function â€˜[01m[Kvoid infoManifestCallback(int, const SharedPtr&)[m[Kâ€™:
[6.417s] [01m[K/home/student/41068RS12025-Group18/src/41068_ignition_bringup/src/mission_node.cpp:1106:17:[m[K [01;31m[Kerror: [m[Kinvalid use of â€˜[01m[Kthis[m[Kâ€™ in non-member function
[6.417s]  1106 |     RCLCPP_INFO([01;31m[Kthis[m[K->get_logger(), "ðŸ”µ CB fired: peer=%d msg=%s", peer_id, msg->data.c_str());  // <â€” add
[6.417s]       |                 [01;31m[K^~~~[m[K
[6.417s] [01m[K/home/student/41068RS12025-Group18/src/41068_ignition_bringup/src/mission_node.cpp:1106:17:[m[K [01;31m[Kerror: [m[Kinvalid use of â€˜[01m[Kthis[m[Kâ€™ in non-member function
[6.417s] [01m[K/home/student/41068RS12025-Group18/src/41068_ignition_bringup/src/mission_node.cpp:1106:5:[m[K [01;31m[Kerror: [m[Ktemplate argument 1 is invalid
[6.417s]  1106 |     [01;31m[KRCLCPP_INFO[m[K(this->get_logger(), "ðŸ”µ CB fired: peer=%d msg=%s", peer_id, msg->data.c_str());  // <â€” add
[6.417s]       |     [01;31m[K^~~~~~~~~~~[m[K
[6.417s] In file included from [01m[K/opt/ros/humble/include/rclcpp/rclcpp/logging.hpp:24[m[K,
[6.418s]                  from [01m[K/opt/ros/humble/include/rclcpp/rclcpp/client.hpp:40[m[K,
[6.418s]                  from [01m[K/opt/ros/humble/include/rclcpp/rclcpp/callback_group.hpp:24[m[K,
[6.418s]                  from [01m[K/opt/ros/humble/include/rclcpp/rclcpp/any_executable.hpp:20[m[K,
[6.418s]                  from [01m[K/opt/ros/humble/include/rclcpp/rclcpp/memory_strategy.hpp:25[m[K,
[6.418s]                  from [01m[K/opt/ros/humble/include/rclcpp/rclcpp/memory_strategies.hpp:18[m[K,
[6.418s]                  from [01m[K/opt/ros/humble/include/rclcpp/rclcpp/executor_options.hpp:20[m[K,
[6.418s]                  from [01m[K/opt/ros/humble/include/rclcpp/rclcpp/executor.hpp:37[m[K,
[6.418s]                  from [01m[K/opt/ros/humble/include/rclcpp/rclcpp/executors/multi_threaded_executor.hpp:25[m[K,
[6.418s]                  from [01m[K/opt/ros/humble/include/rclcpp/rclcpp/executors.hpp:21[m[K,
[6.418s]                  from [01m[K/opt/ros/humble/include/rclcpp/rclcpp/rclcpp.hpp:155[m[K,
[6.418s]                  from [01m[K/home/student/41068RS12025-Group18/src/41068_ignition_bringup/include/mission_node.h:30[m[K,
[6.419s]                  from [01m[K/home/student/41068RS12025-Group18/src/41068_ignition_bringup/src/mission_node.cpp:1[m[K:
[6.419s] [01m[K/home/student/41068RS12025-Group18/src/41068_ignition_bringup/src/mission_node.cpp:1106:17:[m[K [01;31m[Kerror: [m[Kinvalid use of â€˜[01m[Kthis[m[Kâ€™ in non-member function
[6.419s]  1106 |     RCLCPP_INFO([01;31m[Kthis[m[K->get_logger(), "ðŸ”µ CB fired: peer=%d msg=%s", peer_id, msg->data.c_str());  // <â€” add
[6.419s]       |                 [01;31m[K^~~~[m[K
[6.419s] [01m[K/home/student/41068RS12025-Group18/src/41068_ignition_bringup/src/mission_node.cpp:1106:17:[m[K [01;31m[Kerror: [m[Kinvalid use of â€˜[01m[Kthis[m[Kâ€™ in non-member function
[6.419s]  1106 |     RCLCPP_INFO([01;31m[Kthis[m[K->get_logger(), "ðŸ”µ CB fired: peer=%d msg=%s", peer_id, msg->data.c_str());  // <â€” add
[6.419s]       |                 [01;31m[K^~~~[m[K
[6.419s] [01m[K/home/student/41068RS12025-Group18/src/41068_ignition_bringup/src/mission_node.cpp:1110:5:[m[K [01;31m[Kerror: [m[Kâ€˜[01m[KPeerInfo[m[Kâ€™ was not declared in this scope; did you mean â€˜[01m[Kdrone::PeerInfo[m[Kâ€™?
[6.419s]  1110 |     [01;31m[KPeerInfo[m[K pi;
[6.419s]       |     [01;31m[K^~~~~~~~[m[K
[6.419s]       |     [32m[Kdrone::PeerInfo[m[K
[6.420s] In file included from [01m[K/home/student/41068RS12025-Group18/src/41068_ignition_bringup/src/mission_node.cpp:1[m[K:
[6.420s] [01m[K/home/student/41068RS12025-Group18/src/41068_ignition_bringup/include/mission_node.h:97:8:[m[K [01;36m[Knote: [m[Kâ€˜[01m[Kdrone::PeerInfo[m[Kâ€™ declared here
[6.420s]    97 | struct [01;36m[KPeerInfo[m[K {
[6.420s]       |        [01;36m[K^~~~~~~~[m[K
[6.420s] [01m[K/home/student/41068RS12025-Group18/src/41068_ignition_bringup/src/mission_node.cpp:1116:49:[m[K [01;31m[Kerror: [m[Kâ€˜[01m[Kpi[m[Kâ€™ was not declared in this scope
[6.420s]  1116 |       else if (k == "battery") { parseDouble(v, [01;31m[Kpi[m[K.battery); }
[6.420s]       |                                                 [01;31m[K^~[m[K
[6.421s] [01m[K/home/student/41068RS12025-Group18/src/41068_ignition_bringup/src/mission_node.cpp:1117:34:[m[K [01;31m[Kerror: [m[Kâ€˜[01m[Kpi[m[Kâ€™ was not declared in this scope
[6.421s]  1117 |       else if (k == "state")   { [01;31m[Kpi[m[K.state = stateFromString(v); }
[6.421s]       |                                  [01;31m[K^~[m[K
[6.425s] [01m[K/home/student/41068RS12025-Group18/src/41068_ignition_bringup/src/mission_node.cpp:1117:45:[m[K [01;31m[Kerror: [m[Kâ€˜[01m[KstateFromString[m[Kâ€™ was not declared in this scope
[6.425s]  1117 |       else if (k == "state")   { pi.state = [01;31m[KstateFromString[m[K(v); }
[6.426s]       |                                             [01;31m[K^~~~~~~~~~~~~~~[m[K
[6.428s] [01m[K/home/student/41068RS12025-Group18/src/41068_ignition_bringup/src/mission_node.cpp:1118:34:[m[K [01;31m[Kerror: [m[Kâ€˜[01m[Kpi[m[Kâ€™ was not declared in this scope
[6.428s]  1118 |       else if (k == "x")       { [01;31m[Kpi[m[K.pose.pose.position.x = std::stod(v); }
[6.428s]       |                                  [01;31m[K^~[m[K
[6.430s] [01m[K/home/student/41068RS12025-Group18/src/41068_ignition_bringup/src/mission_node.cpp:1119:34:[m[K [01;31m[Kerror: [m[Kâ€˜[01m[Kpi[m[Kâ€™ was not declared in this scope
[6.430s]  1119 |       else if (k == "y")       { [01;31m[Kpi[m[K.pose.pose.position.y = std::stod(v); }
[6.430s]       |                                  [01;31m[K^~[m[K
[6.432s] [01m[K/home/student/41068RS12025-Group18/src/41068_ignition_bringup/src/mission_node.cpp:1120:34:[m[K [01;31m[Kerror: [m[Kâ€˜[01m[Kpi[m[Kâ€™ was not declared in this scope
[6.432s]  1120 |       else if (k == "z")       { [01;31m[Kpi[m[K.pose.pose.position.z = std::stod(v); }
[6.432s]       |                                  [01;31m[K^~[m[K
[6.434s] [01m[K/home/student/41068RS12025-Group18/src/41068_ignition_bringup/src/mission_node.cpp:1123:5:[m[K [01;31m[Kerror: [m[Kâ€˜[01m[Kpi[m[Kâ€™ was not declared in this scope
[6.434s]  1123 |     [01;31m[Kpi[m[K.stamp = this->now();
[6.434s]       |     [01;31m[K^~[m[K
[6.434s] [01m[K/home/student/41068RS12025-Group18/src/41068_ignition_bringup/src/mission_node.cpp:1123:16:[m[K [01;31m[Kerror: [m[Kinvalid use of â€˜[01m[Kthis[m[Kâ€™ in non-member function
[6.434s]  1123 |     pi.stamp = [01;31m[Kthis[m[K->now();
[6.435s]       |                [01;31m[K^~~~[m[K
[6.435s] In file included from [01m[K/opt/ros/humble/include/rclcpp/rclcpp/client.hpp:40[m[K,
[6.435s]                  from [01m[K/opt/ros/humble/include/rclcpp/rclcpp/callback_group.hpp:24[m[K,
[6.435s]                  from [01m[K/opt/ros/humble/include/rclcpp/rclcpp/any_executable.hpp:20[m[K,
[6.435s]                  from [01m[K/opt/ros/humble/include/rclcpp/rclcpp/memory_strategy.hpp:25[m[K,
[6.435s]                  from [01m[K/opt/ros/humble/include/rclcpp/rclcpp/memory_strategies.hpp:18[m[K,
[6.435s]                  from [01m[K/opt/ros/humble/include/rclcpp/rclcpp/executor_options.hpp:20[m[K,
[6.435s]                  from [01m[K/opt/ros/humble/include/rclcpp/rclcpp/executor.hpp:37[m[K,
[6.435s]                  from [01m[K/opt/ros/humble/include/rclcpp/rclcpp/executors/multi_threaded_executor.hpp:25[m[K,
[6.435s]                  from [01m[K/opt/ros/humble/include/rclcpp/rclcpp/executors.hpp:21[m[K,
[6.435s]                  from [01m[K/opt/ros/humble/include/rclcpp/rclcpp/rclcpp.hpp:155[m[K,
[6.436s]                  from [01m[K/home/student/41068RS12025-Group18/src/41068_ignition_bringup/include/mission_node.h:30[m[K,
[6.436s]                  from [01m[K/home/student/41068RS12025-Group18/src/41068_ignition_bringup/src/mission_node.cpp:1[m[K:
[6.436s] [01m[K/home/student/41068RS12025-Group18/src/41068_ignition_bringup/src/mission_node.cpp:1127:19:[m[K [01;31m[Kerror: [m[Kinvalid use of â€˜[01m[Kthis[m[Kâ€™ in non-member function
[6.436s]  1127 |       RCLCPP_WARN([01;31m[Kthis[m[K->get_logger(), "Manifest id mismatch: msg_id=%d sub_peer=%d", id_from_msg, peer_id);
[6.436s]       |                   [01;31m[K^~~~[m[K
[6.436s] [01m[K/home/student/41068RS12025-Group18/src/41068_ignition_bringup/src/mission_node.cpp:1127:19:[m[K [01;31m[Kerror: [m[Kinvalid use of â€˜[01m[Kthis[m[Kâ€™ in non-member function
[6.436s] [01m[K/home/student/41068RS12025-Group18/src/41068_ignition_bringup/src/mission_node.cpp:1127:7:[m[K [01;31m[Kerror: [m[Ktemplate argument 1 is invalid
[6.436s]  1127 |       [01;31m[KRCLCPP_WARN[m[K(this->get_logger(), "Manifest id mismatch: msg_id=%d sub_peer=%d", id_from_msg, peer_id);
[6.436s]       |       [01;31m[K^~~~~~~~~~~[m[K
[6.436s] In file included from [01m[K/opt/ros/humble/include/rclcpp/rclcpp/logging.hpp:24[m[K,
[6.436s]                  from [01m[K/opt/ros/humble/include/rclcpp/rclcpp/client.hpp:40[m[K,
[6.437s]                  from [01m[K/opt/ros/humble/include/rclcpp/rclcpp/callback_group.hpp:24[m[K,
[6.437s]                  from [01m[K/opt/ros/humble/include/rclcpp/rclcpp/any_executable.hpp:20[m[K,
[6.437s]                  from [01m[K/opt/ros/humble/include/rclcpp/rclcpp/memory_strategy.hpp:25[m[K,
[6.437s]                  from [01m[K/opt/ros/humble/include/rclcpp/rclcpp/memory_strategies.hpp:18[m[K,
[6.437s]                  from [01m[K/opt/ros/humble/include/rclcpp/rclcpp/executor_options.hpp:20[m[K,
[6.437s]                  from [01m[K/opt/ros/humble/include/rclcpp/rclcpp/executor.hpp:37[m[K,
[6.437s]                  from [01m[K/opt/ros/humble/include/rclcpp/rclcpp/executors/multi_threaded_executor.hpp:25[m[K,
[6.437s]                  from [01m[K/opt/ros/humble/include/rclcpp/rclcpp/executors.hpp:21[m[K,
[6.437s]                  from [01m[K/opt/ros/humble/include/rclcpp/rclcpp/rclcpp.hpp:155[m[K,
[6.437s]                  from [01m[K/home/student/41068RS12025-Group18/src/41068_ignition_bringup/include/mission_node.h:30[m[K,
[6.437s]                  from [01m[K/home/student/41068RS12025-Group18/src/41068_ignition_bringup/src/mission_node.cpp:1[m[K:
[6.437s] [01m[K/home/student/41068RS12025-Group18/src/41068_ignition_bringup/src/mission_node.cpp:1127:19:[m[K [01;31m[Kerror: [m[Kinvalid use of â€˜[01m[Kthis[m[Kâ€™ in non-member function
[6.438s]  1127 |       RCLCPP_WARN([01;31m[Kthis[m[K->get_logger(), "Manifest id mismatch: msg_id=%d sub_peer=%d", id_from_msg, peer_id);
[6.438s]       |                   [01;31m[K^~~~[m[K
[6.438s] [01m[K/home/student/41068RS12025-Group18/src/41068_ignition_bringup/src/mission_node.cpp:1127:19:[m[K [01;31m[Kerror: [m[Kinvalid use of â€˜[01m[Kthis[m[Kâ€™ in non-member function
[6.438s]  1127 |       RCLCPP_WARN([01;31m[Kthis[m[K->get_logger(), "Manifest id mismatch: msg_id=%d sub_peer=%d", id_from_msg, peer_id);
[6.438s]       |                   [01;31m[K^~~~[m[K
[6.439s] [01m[K/home/student/41068RS12025-Group18/src/41068_ignition_bringup/src/mission_node.cpp:1131:40:[m[K [01;31m[Kerror: [m[Kâ€˜[01m[Kpeers_mutex_[m[Kâ€™ was not declared in this scope
[6.439s]  1131 |       std::lock_guard<std::mutex> lock([01;31m[Kpeers_mutex_[m[K);
[6.439s]       |                                        [01;31m[K^~~~~~~~~~~~[m[K
[6.442s] [01m[K/home/student/41068RS12025-Group18/src/41068_ignition_bringup/src/mission_node.cpp:1132:7:[m[K [01;31m[Kerror: [m[Kâ€˜[01m[Kpeer_info_[m[Kâ€™ was not declared in this scope; did you mean â€˜[01m[Kpeer_id[m[Kâ€™?
[6.442s]  1132 |       [01;31m[Kpeer_info_[m[K[peer_id] = pi;  // <â€” donâ€™t block on id match for now
[6.442s]       |       [01;31m[K^~~~~~~~~~[m[K
[6.442s]       |       [32m[Kpeer_id[m[K
[6.442s] In file included from [01m[K/opt/ros/humble/include/rclcpp/rclcpp/client.hpp:40[m[K,
[6.442s]                  from [01m[K/opt/ros/humble/include/rclcpp/rclcpp/callback_group.hpp:24[m[K,
[6.442s]                  from [01m[K/opt/ros/humble/include/rclcpp/rclcpp/any_executable.hpp:20[m[K,
[6.442s]                  from [01m[K/opt/ros/humble/include/rclcpp/rclcpp/memory_strategy.hpp:25[m[K,
[6.443s]                  from [01m[K/opt/ros/humble/include/rclcpp/rclcpp/memory_strategies.hpp:18[m[K,
[6.443s]                  from [01m[K/opt/ros/humble/include/rclcpp/rclcpp/executor_options.hpp:20[m[K,
[6.443s]                  from [01m[K/opt/ros/humble/include/rclcpp/rclcpp/executor.hpp:37[m[K,
[6.443s]                  from [01m[K/opt/ros/humble/include/rclcpp/rclcpp/executors/multi_threaded_executor.hpp:25[m[K,
[6.443s]                  from [01m[K/opt/ros/humble/include/rclcpp/rclcpp/executors.hpp:21[m[K,
[6.443s]                  from [01m[K/opt/ros/humble/include/rclcpp/rclcpp/rclcpp.hpp:155[m[K,
[6.443s]                  from [01m[K/home/student/41068RS12025-Group18/src/41068_ignition_bringup/include/mission_node.h:30[m[K,
[6.443s]                  from [01m[K/home/student/41068RS12025-Group18/src/41068_ignition_bringup/src/mission_node.cpp:1[m[K:
[6.443s] [01m[K/home/student/41068RS12025-Group18/src/41068_ignition_bringup/src/mission_node.cpp:1135:17:[m[K [01;31m[Kerror: [m[Kinvalid use of â€˜[01m[Kthis[m[Kâ€™ in non-member function
[6.443s]  1135 |     RCLCPP_INFO([01;31m[Kthis[m[K->get_logger(), "âœ… Stored peer_info[%d] stamp=%ld", peer_id, pi.stamp.nanoseconds());
[6.443s]       |                 [01;31m[K^~~~[m[K
[6.444s] [01m[K/home/student/41068RS12025-Group18/src/41068_ignition_bringup/src/mission_node.cpp:1135:17:[m[K [01;31m[Kerror: [m[Kinvalid use of â€˜[01m[Kthis[m[Kâ€™ in non-member function
[6.444s] [01m[K/home/student/41068RS12025-Group18/src/41068_ignition_bringup/src/mission_node.cpp:1135:5:[m[K [01;31m[Kerror: [m[Ktemplate argument 1 is invalid
[6.444s]  1135 |     [01;31m[KRCLCPP_INFO[m[K(this->get_logger(), "âœ… Stored peer_info[%d] stamp=%ld", peer_id, pi.stamp.nanoseconds());
[6.444s]       |     [01;31m[K^~~~~~~~~~~[m[K
[6.444s] In file included from [01m[K/opt/ros/humble/include/rclcpp/rclcpp/logging.hpp:24[m[K,
[6.444s]                  from [01m[K/opt/ros/humble/include/rclcpp/rclcpp/client.hpp:40[m[K,
[6.444s]                  from [01m[K/opt/ros/humble/include/rclcpp/rclcpp/callback_group.hpp:24[m[K,
[6.444s]                  from [01m[K/opt/ros/humble/include/rclcpp/rclcpp/any_executable.hpp:20[m[K,
[6.444s]                  from [01m[K/opt/ros/humble/include/rclcpp/rclcpp/memory_strategy.hpp:25[m[K,
[6.444s]                  from [01m[K/opt/ros/humble/include/rclcpp/rclcpp/memory_strategies.hpp:18[m[K,
[6.444s]                  from [01m[K/opt/ros/humble/include/rclcpp/rclcpp/executor_options.hpp:20[m[K,
[6.445s]                  from [01m[K/opt/ros/humble/include/rclcpp/rclcpp/executor.hpp:37[m[K,
[6.445s]                  from [01m[K/opt/ros/humble/include/rclcpp/rclcpp/executors/multi_threaded_executor.hpp:25[m[K,
[6.445s]                  from [01m[K/opt/ros/humble/include/rclcpp/rclcpp/executors.hpp:21[m[K,
[6.445s]                  from [01m[K/opt/ros/humble/include/rclcpp/rclcpp/rclcpp.hpp:155[m[K,
[6.445s]                  from [01m[K/home/student/41068RS12025-Group18/src/41068_ignition_bringup/include/mission_node.h:30[m[K,
[6.445s]                  from [01m[K/home/student/41068RS12025-Group18/src/41068_ignition_bringup/src/mission_node.cpp:1[m[K:
[6.445s] [01m[K/home/student/41068RS12025-Group18/src/41068_ignition_bringup/src/mission_node.cpp:1135:17:[m[K [01;31m[Kerror: [m[Kinvalid use of â€˜[01m[Kthis[m[Kâ€™ in non-member function
[6.445s]  1135 |     RCLCPP_INFO([01;31m[Kthis[m[K->get_logger(), "âœ… Stored peer_info[%d] stamp=%ld", peer_id, pi.stamp.nanoseconds());
[6.445s]       |                 [01;31m[K^~~~[m[K
[6.445s] [01m[K/home/student/41068RS12025-Group18/src/41068_ignition_bringup/src/mission_node.cpp:1135:17:[m[K [01;31m[Kerror: [m[Kinvalid use of â€˜[01m[Kthis[m[Kâ€™ in non-member function
[6.445s]  1135 |     RCLCPP_INFO([01;31m[Kthis[m[K->get_logger(), "âœ… Stored peer_info[%d] stamp=%ld", peer_id, pi.stamp.nanoseconds());
[6.446s]       |                 [01;31m[K^~~~[m[K
[6.446s] [01m[K/home/student/41068RS12025-Group18/src/41068_ignition_bringup/src/mission_node.cpp:[m[K At global scope:
[6.446s] [01m[K/home/student/41068RS12025-Group18/src/41068_ignition_bringup/src/mission_node.cpp:1137:1:[m[K [01;31m[Kerror: [m[Kexpected declaration before â€˜[01m[K}[m[Kâ€™ token
[6.446s]  1137 | [01;31m[K}[m[K  // namespace drone
[6.446s]       | [01;31m[K^[m[K
[9.574s] [01m[K/home/student/41068RS12025-Group18/src/41068_ignition_bringup/src/mission_node.cpp:8:27:[m[K [01;35m[Kwarning: [m[Kâ€˜[01m[Kstd::string drone::trimCopy(std::string)[m[Kâ€™ declared â€˜[01m[Kstatic[m[Kâ€™ but never defined [[01;35m[K]8;;https://gcc.gnu.org/onlinedocs/gcc/Warning-Options.html#index-Wunused-function-Wunused-function]8;;[m[K]
[9.574s]     8 | static inline std::string [01;35m[KtrimCopy[m[K(std::string s);
[9.574s]       |                           [01;35m[K^~~~~~~~[m[K
[9.574s] [01m[K/home/student/41068RS12025-Group18/src/41068_ignition_bringup/src/mission_node.cpp:9:40:[m[K [01;35m[Kwarning: [m[Kâ€˜[01m[Kstd::vector<std::__cxx11::basic_string<char> > drone::splitCSV(const string&)[m[Kâ€™ declared â€˜[01m[Kstatic[m[Kâ€™ but never defined [[01;35m[K]8;;https://gcc.gnu.org/onlinedocs/gcc/Warning-Options.html#index-Wunused-function-Wunused-function]8;;[m[K]
[9.574s]     9 | static inline std::vector<std::string> [01;35m[KsplitCSV[m[K(const std::string& s);
[9.574s]       |                                        [01;35m[K^~~~~~~~[m[K
[9.574s] [01m[K/home/student/41068RS12025-Group18/src/41068_ignition_bringup/src/mission_node.cpp:10:20:[m[K [01;35m[Kwarning: [m[Kâ€˜[01m[Kbool drone::parseDouble(const string&, double&)[m[Kâ€™ declared â€˜[01m[Kstatic[m[Kâ€™ but never defined [[01;35m[K]8;;https://gcc.gnu.org/onlinedocs/gcc/Warning-Options.html#index-Wunused-function-Wunused-function]8;;[m[K]
[9.574s]    10 | static inline bool [01;35m[KparseDouble[m[K(const std::string& s, double& out);
[9.575s]       |                    [01;35m[K^~~~~~~~~~~[m[K
[9.575s] [01m[K/home/student/41068RS12025-Group18/src/41068_ignition_bringup/src/mission_node.cpp:12:20:[m[K [01;35m[Kwarning: [m[Kâ€˜[01m[Kstd::string drone::missionStateToString(drone::MissionState)[m[Kâ€™ declared â€˜[01m[Kstatic[m[Kâ€™ but never defined [[01;35m[K]8;;https://gcc.gnu.org/onlinedocs/gcc/Warning-Options.html#index-Wunused-function-Wunused-function]8;;[m[K]
[9.575s]    12 | static std::string [01;35m[KmissionStateToString[m[K(MissionState state);  // ADD THIS LINE
[9.575s]       |                    [01;35m[K^~~~~~~~~~~~~~~~~~~~[m[K
[10.304s] [01m[K/home/student/41068RS12025-Group18/src/41068_ignition_bringup/src/mission_node.cpp:8:27:[m[K [01;35m[Kwarning: [m[Kinline function â€˜[01m[Kstd::string drone::trimCopy(std::string)[m[Kâ€™ used but never defined
[10.304s]     8 | static inline std::string [01;35m[KtrimCopy[m[K(std::string s);
[10.304s]       |                           [01;35m[K^~~~~~~~[m[K
[10.304s] [01m[K/home/student/41068RS12025-Group18/src/41068_ignition_bringup/src/mission_node.cpp:9:40:[m[K [01;35m[Kwarning: [m[Kinline function â€˜[01m[Kstd::vector<std::__cxx11::basic_string<char> > drone::splitCSV(const string&)[m[Kâ€™ used but never defined
[10.304s]     9 | static inline std::vector<std::string> [01;35m[KsplitCSV[m[K(const std::string& s);
[10.304s]       |                                        [01;35m[K^~~~~~~~[m[K
[11.984s] gmake[2]: *** [CMakeFiles/mission_planner_component.dir/build.make:76: CMakeFiles/mission_planner_component.dir/src/mission_node.cpp.o] Error 1
[11.984s] gmake[1]: *** [CMakeFiles/Makefile2:283: CMakeFiles/mission_planner_component.dir/all] Error 2
[11.984s] gmake[1]: *** Waiting for unfinished jobs....
[31.530s] [ 81%] [32m[1mLinking CXX shared library libdrone_controller_enhanced_component.so[0m
[33.398s] [ 81%] Built target drone_controller_enhanced_component
[33.399s] gmake: *** [Makefile:146: all] Error 2
[33.401s] Invoked command in '/home/student/41068RS12025-Group18/build/rs1_robot' returned '2': CMAKE_PREFIX_PATH=${CMAKE_PREFIX_PATH}:/opt/ros/humble /usr/bin/cmake --build /home/student/41068RS12025-Group18/build/rs1_robot -- -j8 -l8
