[01m[K/home/student/41068RS12025-Group18/src/41068_ignition_bringup/src/state_machine.cpp:7:3:[m[K [01;31m[Kerror: [m[Kâ€˜[01m[KStateMachine[m[Kâ€™ does not name a type
    7 |   [01;31m[KStateMachine[m[K::StateMachine() : current_state_(MissionState::IDLE) {
      |   [01;31m[K^~~~~~~~~~~~[m[K
[01m[K/home/student/41068RS12025-Group18/src/41068_ignition_bringup/src/state_machine.cpp:12:8:[m[K [01;31m[Kerror: [m[Kâ€˜[01m[KStateMachine[m[Kâ€™ has not been declared
   12 |   void [01;31m[KStateMachine[m[K::setState(MissionState new_state) {
      |        [01;31m[K^~~~~~~~~~~~[m[K
[01m[K/home/student/41068RS12025-Group18/src/41068_ignition_bringup/src/state_machine.cpp:12:8:[m[K [01;31m[Kerror: [m[Kvariable or field â€˜[01m[KsetState[m[Kâ€™ declared void
[01m[K/home/student/41068RS12025-Group18/src/41068_ignition_bringup/src/state_machine.cpp:12:31:[m[K [01;31m[Kerror: [m[Kâ€˜[01m[KMissionState[m[Kâ€™ was not declared in this scope; did you mean â€˜[01m[Kdrone::MissionState[m[Kâ€™?
   12 |   void StateMachine::setState([01;31m[KMissionState[m[K new_state) {
      |                               [01;31m[K^~~~~~~~~~~~[m[K
      |                               [32m[Kdrone::MissionState[m[K
In file included from [01m[K/home/student/41068RS12025-Group18/src/41068_ignition_bringup/include/mission/state_machine.h:15[m[K,
                 from [01m[K/home/student/41068RS12025-Group18/src/41068_ignition_bringup/src/state_machine.cpp:1[m[K:
[01m[K/home/student/41068RS12025-Group18/src/41068_ignition_bringup/include/mission_state.h:23:12:[m[K [01;36m[Knote: [m[Kâ€˜[01m[Kdrone::MissionState[m[Kâ€™ declared here
   23 | enum class [01;36m[KMissionState[m[K
      |            [01;36m[K^~~~~~~~~~~~[m[K
[01m[K/home/student/41068RS12025-Group18/src/41068_ignition_bringup/src/state_machine.cpp:26:3:[m[K [01;31m[Kerror: [m[Kâ€˜[01m[KMissionState[m[Kâ€™ does not name a type
   26 |   [01;31m[KMissionState[m[K StateMachine::getCurrentState() const {
      |   [01;31m[K^~~~~~~~~~~~[m[K
[01m[K/home/student/41068RS12025-Group18/src/41068_ignition_bringup/src/state_machine.cpp:30:15:[m[K [01;31m[Kerror: [m[Kâ€˜[01m[KStateMachine[m[Kâ€™ has not been declared
   30 |   std::string [01;31m[KStateMachine[m[K::getStateString() const {
      |               [01;31m[K^~~~~~~~~~~~[m[K
[01m[K/home/student/41068RS12025-Group18/src/41068_ignition_bringup/src/state_machine.cpp:30:46:[m[K [01;31m[Kerror: [m[Knon-member function â€˜[01m[Kstd::string drone_swarm::getStateString()[m[Kâ€™ cannot have cv-qualifier
   30 |   std::string StateMachine::getStateString() [01;31m[Kconst[m[K {
      |                                              [01;31m[K^~~~~[m[K
[01m[K/home/student/41068RS12025-Group18/src/41068_ignition_bringup/src/state_machine.cpp:[m[K In function â€˜[01m[Kstd::string drone_swarm::getStateString()[m[Kâ€™:
[01m[K/home/student/41068RS12025-Group18/src/41068_ignition_bringup/src/state_machine.cpp:32:13:[m[K [01;31m[Kerror: [m[Kâ€˜[01m[Kcurrent_state_[m[Kâ€™ was not declared in this scope
   32 |     switch ([01;31m[Kcurrent_state_[m[K) {
      |             [01;31m[K^~~~~~~~~~~~~~[m[K
[01m[K/home/student/41068RS12025-Group18/src/41068_ignition_bringup/src/state_machine.cpp:33:12:[m[K [01;31m[Kerror: [m[Kâ€˜[01m[KMissionState[m[Kâ€™ has not been declared
   33 |       case [01;31m[KMissionState[m[K::IDLE: return "IDLE";
      |            [01;31m[K^~~~~~~~~~~~[m[K
[01m[K/home/student/41068RS12025-Group18/src/41068_ignition_bringup/src/state_machine.cpp:34:12:[m[K [01;31m[Kerror: [m[Kâ€˜[01m[KMissionState[m[Kâ€™ has not been declared
   34 |       case [01;31m[KMissionState[m[K::TAKEOFF: return "TAKEOFF";
      |            [01;31m[K^~~~~~~~~~~~[m[K
[01m[K/home/student/41068RS12025-Group18/src/41068_ignition_bringup/src/state_machine.cpp:35:12:[m[K [01;31m[Kerror: [m[Kâ€˜[01m[KMissionState[m[Kâ€™ has not been declared
   35 |       case [01;31m[KMissionState[m[K::WAYPOINT_NAVIGATION: return "WAYPOINT_NAVIGATION";
      |            [01;31m[K^~~~~~~~~~~~[m[K
[01m[K/home/student/41068RS12025-Group18/src/41068_ignition_bringup/src/state_machine.cpp:36:12:[m[K [01;31m[Kerror: [m[Kâ€˜[01m[KMissionState[m[Kâ€™ has not been declared
   36 |       case [01;31m[KMissionState[m[K::HOVERING: return "HOVERING";
      |            [01;31m[K^~~~~~~~~~~~[m[K
[01m[K/home/student/41068RS12025-Group18/src/41068_ignition_bringup/src/state_machine.cpp:37:12:[m[K [01;31m[Kerror: [m[Kâ€˜[01m[KMissionState[m[Kâ€™ has not been declared
   37 |       case [01;31m[KMissionState[m[K::LANDING: return "LANDING";
      |            [01;31m[K^~~~~~~~~~~~[m[K
[01m[K/home/student/41068RS12025-Group18/src/41068_ignition_bringup/src/state_machine.cpp:38:12:[m[K [01;31m[Kerror: [m[Kâ€˜[01m[KMissionState[m[Kâ€™ has not been declared
   38 |       case [01;31m[KMissionState[m[K::MANUAL_CONTROL: return "MANUAL_CONTROL";
      |            [01;31m[K^~~~~~~~~~~~[m[K
[01m[K/home/student/41068RS12025-Group18/src/41068_ignition_bringup/src/state_machine.cpp:39:12:[m[K [01;31m[Kerror: [m[Kâ€˜[01m[KMissionState[m[Kâ€™ has not been declared
   39 |       case [01;31m[KMissionState[m[K::EMERGENCY: return "EMERGENCY";
      |            [01;31m[K^~~~~~~~~~~~[m[K
[01m[K/home/student/41068RS12025-Group18/src/41068_ignition_bringup/src/state_machine.cpp:40:12:[m[K [01;31m[Kerror: [m[Kâ€˜[01m[KMissionState[m[Kâ€™ has not been declared
   40 |       case [01;31m[KMissionState[m[K::WILDFIRE_REACTION: return "WILDFIRE_REACTION";
      |            [01;31m[K^~~~~~~~~~~~[m[K
[01m[K/home/student/41068RS12025-Group18/src/41068_ignition_bringup/src/state_machine.cpp:41:12:[m[K [01;31m[Kerror: [m[Kâ€˜[01m[KMissionState[m[Kâ€™ has not been declared
   41 |       case [01;31m[KMissionState[m[K::ORBIT_INCIDENT: return "ORBIT_INCIDENT";
      |            [01;31m[K^~~~~~~~~~~~[m[K
[01m[K/home/student/41068RS12025-Group18/src/41068_ignition_bringup/src/state_machine.cpp:42:12:[m[K [01;31m[Kerror: [m[Kâ€˜[01m[KMissionState[m[Kâ€™ has not been declared
   42 |       case [01;31m[KMissionState[m[K::STRANDED_HIKER_REACTION: return "STRANDED_HIKER_REACTION";
      |            [01;31m[K^~~~~~~~~~~~[m[K
[01m[K/home/student/41068RS12025-Group18/src/41068_ignition_bringup/src/state_machine.cpp:43:12:[m[K [01;31m[Kerror: [m[Kâ€˜[01m[KMissionState[m[Kâ€™ has not been declared
   43 |       case [01;31m[KMissionState[m[K::DEBRIS_OBSTRUCTION_REACTION: return "DEBRIS_OBSTRUCTION_REACTION";
      |            [01;31m[K^~~~~~~~~~~~[m[K
[01m[K/home/student/41068RS12025-Group18/src/41068_ignition_bringup/src/state_machine.cpp:[m[K At global scope:
[01m[K/home/student/41068RS12025-Group18/src/41068_ignition_bringup/src/state_machine.cpp:48:8:[m[K [01;31m[Kerror: [m[Kâ€˜[01m[KStateMachine[m[Kâ€™ has not been declared
   48 |   bool [01;31m[KStateMachine[m[K::canTransition(MissionState target_state) const {
      |        [01;31m[K^~~~~~~~~~~~[m[K
[01m[K/home/student/41068RS12025-Group18/src/41068_ignition_bringup/src/state_machine.cpp:48:36:[m[K [01;31m[Kerror: [m[Kâ€˜[01m[KMissionState[m[Kâ€™ was not declared in this scope; did you mean â€˜[01m[Kdrone::MissionState[m[Kâ€™?
   48 |   bool StateMachine::canTransition([01;31m[KMissionState[m[K target_state) const {
      |                                    [01;31m[K^~~~~~~~~~~~[m[K
      |                                    [32m[Kdrone::MissionState[m[K
In file included from [01m[K/home/student/41068RS12025-Group18/src/41068_ignition_bringup/include/mission/state_machine.h:15[m[K,
                 from [01m[K/home/student/41068RS12025-Group18/src/41068_ignition_bringup/src/state_machine.cpp:1[m[K:
[01m[K/home/student/41068RS12025-Group18/src/41068_ignition_bringup/include/mission_state.h:23:12:[m[K [01;36m[Knote: [m[Kâ€˜[01m[Kdrone::MissionState[m[Kâ€™ declared here
   23 | enum class [01;36m[KMissionState[m[K
      |            [01;36m[K^~~~~~~~~~~~[m[K
[01m[K/home/student/41068RS12025-Group18/src/41068_ignition_bringup/src/mission_executor.cpp:6:1:[m[K [01;31m[Kerror: [m[Kâ€˜[01m[KMissionExecutor[m[Kâ€™ does not name a type
    6 | [01;31m[KMissionExecutor[m[K::MissionExecutor() {
      | [01;31m[K^~~~~~~~~~~~~~~[m[K
[01m[K/home/student/41068RS12025-Group18/src/41068_ignition_bringup/src/drone_control.cpp:12:3:[m[K [01;31m[Kerror: [m[Kâ€˜[01m[KDroneControl[m[Kâ€™ does not name a type
   12 |   [01;31m[KDroneControl[m[K::DroneControl()
      |   [01;31m[K^~~~~~~~~~~~[m[K
[01m[K/home/student/41068RS12025-Group18/src/41068_ignition_bringup/src/drone_control.cpp:34:8:[m[K [01;31m[Kerror: [m[Kâ€˜[01m[KDroneControl[m[Kâ€™ has not been declared
   34 |   void [01;31m[KDroneControl[m[K::initialise(double mass, double max_thrust) {
      |        [01;31m[K^~~~~~~~~~~~[m[K
[01m[K/home/student/41068RS12025-Group18/src/41068_ignition_bringup/src/drone_control.cpp:[m[K In function â€˜[01m[Kvoid drone_swarm::initialise(double, double)[m[Kâ€™:
[01m[K/home/student/41068RS12025-Group18/src/41068_ignition_bringup/src/drone_control.cpp:36:5:[m[K [01;31m[Kerror: [m[Kâ€˜[01m[Kdrone_mass_[m[Kâ€™ was not declared in this scope
   36 |     [01;31m[Kdrone_mass_[m[K = mass;
      |     [01;31m[K^~~~~~~~~~~[m[K
[01m[K/home/student/41068RS12025-Group18/src/41068_ignition_bringup/src/drone_control.cpp:37:5:[m[K [01;31m[Kerror: [m[Kâ€˜[01m[Kmax_thrust_[m[Kâ€™ was not declared in this scope; did you mean â€˜[01m[Kmax_thrust[m[Kâ€™?
   37 |     [01;31m[Kmax_thrust_[m[K = max_thrust;
      |     [01;31m[K^~~~~~~~~~~[m[K
      |     [32m[Kmax_thrust[m[K
[01m[K/home/student/41068RS12025-Group18/src/41068_ignition_bringup/src/drone_control.cpp:[m[K At global scope:
[01m[K/home/student/41068RS12025-Group18/src/41068_ignition_bringup/src/drone_control.cpp:40:8:[m[K [01;31m[Kerror: [m[Kâ€˜[01m[KDroneControl[m[Kâ€™ has not been declared
   40 |   void [01;31m[KDroneControl[m[K::setLogger(rclcpp::Logger logger) {
      |        [01;31m[K^~~~~~~~~~~~[m[K
[01m[K/home/student/41068RS12025-Group18/src/41068_ignition_bringup/src/drone_control.cpp:[m[K In function â€˜[01m[Kvoid drone_swarm::setLogger(rclcpp::Logger)[m[Kâ€™:
[01m[K/home/student/41068RS12025-Group18/src/41068_ignition_bringup/src/drone_control.cpp:42:5:[m[K [01;31m[Kerror: [m[Kâ€˜[01m[Klogger_[m[Kâ€™ was not declared in this scope; did you mean â€˜[01m[Klogger[m[Kâ€™?
   42 |     [01;31m[Klogger_[m[K = logger;
      |     [01;31m[K^~~~~~~[m[K
      |     [32m[Klogger[m[K
[01m[K/home/student/41068RS12025-Group18/src/41068_ignition_bringup/src/drone_control.cpp:[m[K At global scope:
[01m[K/home/student/41068RS12025-Group18/src/41068_ignition_bringup/src/drone_control.cpp:45:8:[m[K [01;31m[Kerror: [m[Kâ€˜[01m[KDroneControl[m[Kâ€™ has not been declared
   45 |   void [01;31m[KDroneControl[m[K::setCmdVelPublisher(rclcpp::Publisher<geometry_msgs::msg::Twist>::SharedPtr pub) {
      |        [01;31m[K^~~~~~~~~~~~[m[K
[01m[K/home/student/41068RS12025-Group18/src/41068_ignition_bringup/src/drone_control.cpp:[m[K In function â€˜[01m[Kvoid drone_swarm::setCmdVelPublisher(rclcpp::Publisher<geometry_msgs::msg::Twist_<std::allocator<void> > >::SharedPtr)[m[Kâ€™:
[01m[K/home/student/41068RS12025-Group18/src/41068_ignition_bringup/src/drone_control.cpp:47:5:[m[K [01;31m[Kerror: [m[Kâ€˜[01m[Kcmd_vel_pub_[m[Kâ€™ was not declared in this scope
   47 |     [01;31m[Kcmd_vel_pub_[m[K = pub;
      |     [01;31m[K^~~~~~~~~~~~[m[K
[01m[K/home/student/41068RS12025-Group18/src/41068_ignition_bringup/src/drone_control.cpp:[m[K At global scope:
[01m[K/home/student/41068RS12025-Group18/src/41068_ignition_bringup/src/drone_control.cpp:50:8:[m[K [01;31m[Kerror: [m[Kâ€˜[01m[KDroneControl[m[Kâ€™ has not been declared
   50 |   void [01;31m[KDroneControl[m[K::updatePositionPIDGains(double kp, double ki, double kd) {
      |        [01;31m[K^~~~~~~~~~~~[m[K
[01m[K/home/student/41068RS12025-Group18/src/41068_ignition_bringup/src/drone_control.cpp:[m[K In function â€˜[01m[Kvoid drone_swarm::updatePositionPIDGains(double, double, double)[m[Kâ€™:
[01m[K/home/student/41068RS12025-Group18/src/41068_ignition_bringup/src/drone_control.cpp:52:5:[m[K [01;31m[Kerror: [m[Kâ€˜[01m[Kpid_x_[m[Kâ€™ was not declared in this scope; did you mean â€˜[01m[Kpid_t[m[Kâ€™?
   52 |     [01;31m[Kpid_x_[m[K->setGains(kp, ki, kd);
      |     [01;31m[K^~~~~~[m[K
      |     [32m[Kpid_t[m[K
[01m[K/home/student/41068RS12025-Group18/src/41068_ignition_bringup/src/drone_control.cpp:53:5:[m[K [01;31m[Kerror: [m[Kâ€˜[01m[Kpid_y_[m[Kâ€™ was not declared in this scope; did you mean â€˜[01m[Kpid_t[m[Kâ€™?
   53 |     [01;31m[Kpid_y_[m[K->setGains(kp, ki, kd);
      |     [01;31m[K^~~~~~[m[K
      |     [32m[Kpid_t[m[K
[01m[K/home/student/41068RS12025-Group18/src/41068_ignition_bringup/src/drone_control.cpp:54:5:[m[K [01;31m[Kerror: [m[Kâ€˜[01m[Kpid_z_[m[Kâ€™ was not declared in this scope; did you mean â€˜[01m[Kpid_t[m[Kâ€™?
   54 |     [01;31m[Kpid_z_[m[K->setGains(kp, ki, kd);
      |     [01;31m[K^~~~~~[m[K
      |     [32m[Kpid_t[m[K
[01m[K/home/student/41068RS12025-Group18/src/41068_ignition_bringup/src/drone_control.cpp:[m[K At global scope:
[01m[K/home/student/41068RS12025-Group18/src/41068_ignition_bringup/src/drone_control.cpp:57:8:[m[K [01;31m[Kerror: [m[Kâ€˜[01m[KDroneControl[m[Kâ€™ has not been declared
   57 |   void [01;31m[KDroneControl[m[K::updateVelocityPIDGains(double kp, double ki, double kd) {
      |        [01;31m[K^~~~~~~~~~~~[m[K
[01m[K/home/student/41068RS12025-Group18/src/41068_ignition_bringup/src/drone_control.cpp:62:8:[m[K [01;31m[Kerror: [m[Kâ€˜[01m[KDroneControl[m[Kâ€™ has not been declared
   62 |   void [01;31m[KDroneControl[m[K::updateAttitudePIDGains(double kp, double ki, double kd) {
      |        [01;31m[K^~~~~~~~~~~~[m[K
[01m[K/home/student/41068RS12025-Group18/src/41068_ignition_bringup/src/drone_control.cpp:67:8:[m[K [01;31m[Kerror: [m[Kâ€˜[01m[KDroneControl[m[Kâ€™ has not been declared
   67 |   void [01;31m[KDroneControl[m[K::setControlLimits(double max_velocity, double max_angular_velocity) {
      |        [01;31m[K^~~~~~~~~~~~[m[K
[01m[K/home/student/41068RS12025-Group18/src/41068_ignition_bringup/src/drone_control.cpp:[m[K In function â€˜[01m[Kvoid drone_swarm::setControlLimits(double, double)[m[Kâ€™:
[01m[K/home/student/41068RS12025-Group18/src/41068_ignition_bringup/src/drone_control.cpp:69:5:[m[K [01;31m[Kerror: [m[Kâ€˜[01m[Kmax_velocity_[m[Kâ€™ was not declared in this scope; did you mean â€˜[01m[Kmax_velocity[m[Kâ€™?
   69 |     [01;31m[Kmax_velocity_[m[K = max_velocity;
      |     [01;31m[K^~~~~~~~~~~~~[m[K
      |     [32m[Kmax_velocity[m[K
[01m[K/home/student/41068RS12025-Group18/src/41068_ignition_bringup/src/drone_control.cpp:70:5:[m[K [01;31m[Kerror: [m[Kâ€˜[01m[Kmax_angular_velocity_[m[Kâ€™ was not declared in this scope; did you mean â€˜[01m[Kmax_angular_velocity[m[Kâ€™?
   70 |     [01;31m[Kmax_angular_velocity_[m[K = max_angular_velocity;
      |     [01;31m[K^~~~~~~~~~~~~~~~~~~~~[m[K
      |     [32m[Kmax_angular_velocity[m[K
[01m[K/home/student/41068RS12025-Group18/src/41068_ignition_bringup/src/drone_control.cpp:[m[K At global scope:
[01m[K/home/student/41068RS12025-Group18/src/41068_ignition_bringup/src/drone_control.cpp:73:8:[m[K [01;31m[Kerror: [m[Kâ€˜[01m[KDroneControl[m[Kâ€™ has not been declared
   73 |   void [01;31m[KDroneControl[m[K::resetControllers() {
      |        [01;31m[K^~~~~~~~~~~~[m[K
[01m[K/home/student/41068RS12025-Group18/src/41068_ignition_bringup/src/drone_control.cpp:[m[K In function â€˜[01m[Kvoid drone_swarm::resetControllers()[m[Kâ€™:
[01m[K/home/student/41068RS12025-Group18/src/41068_ignition_bringup/src/drone_control.cpp:75:5:[m[K [01;31m[Kerror: [m[Kâ€˜[01m[Kpid_x_[m[Kâ€™ was not declared in this scope; did you mean â€˜[01m[Kpid_t[m[Kâ€™?
   75 |     [01;31m[Kpid_x_[m[K->reset();
      |     [01;31m[K^~~~~~[m[K
      |     [32m[Kpid_t[m[K
[01m[K/home/student/41068RS12025-Group18/src/41068_ignition_bringup/src/drone_control.cpp:76:5:[m[K [01;31m[Kerror: [m[Kâ€˜[01m[Kpid_y_[m[Kâ€™ was not declared in this scope; did you mean â€˜[01m[Kpid_t[m[Kâ€™?
   76 |     [01;31m[Kpid_y_[m[K->reset();
      |     [01;31m[K^~~~~~[m[K
      |     [32m[Kpid_t[m[K
[01m[K/home/student/41068RS12025-Group18/src/41068_ignition_bringup/src/drone_control.cpp:77:5:[m[K [01;31m[Kerror: [m[Kâ€˜[01m[Kpid_z_[m[Kâ€™ was not declared in this scope; did you mean â€˜[01m[Kpid_t[m[Kâ€™?
   77 |     [01;31m[Kpid_z_[m[K->reset();
      |     [01;31m[K^~~~~~[m[K
      |     [32m[Kpid_t[m[K
[01m[K/home/student/41068RS12025-Group18/src/41068_ignition_bringup/src/drone_control.cpp:78:5:[m[K [01;31m[Kerror: [m[Kâ€˜[01m[Kpid_yaw_[m[Kâ€™ was not declared in this scope
   78 |     [01;31m[Kpid_yaw_[m[K->reset();
      |     [01;31m[K^~~~~~~~[m[K
[01m[K/home/student/41068RS12025-Group18/src/41068_ignition_bringup/src/drone_control.cpp:80:5:[m[K [01;31m[Kerror: [m[Kâ€˜[01m[Kfirst_command_[m[Kâ€™ was not declared in this scope
   80 |     [01;31m[Kfirst_command_[m[K = true;  // Reset smoothing filter
      |     [01;31m[K^~~~~~~~~~~~~~[m[K
[01m[K/home/student/41068RS12025-Group18/src/41068_ignition_bringup/src/drone_control.cpp:81:5:[m[K [01;31m[Kerror: [m[Kâ€˜[01m[Kimu_data_available_[m[Kâ€™ was not declared in this scope
   81 |     [01;31m[Kimu_data_available_[m[K = false;
      |     [01;31m[K^~~~~~~~~~~~~~~~~~~[m[K
[01m[K/home/student/41068RS12025-Group18/src/41068_ignition_bringup/src/drone_control.cpp:[m[K At global scope:
[01m[K/home/student/41068RS12025-Group18/src/41068_ignition_bringup/src/drone_control.cpp:84:29:[m[K [01;31m[Kerror: [m[Kâ€˜[01m[KDroneControl[m[Kâ€™ has not been declared
   84 |   geometry_msgs::msg::Twist [01;31m[KDroneControl[m[K::calculateAdvancedPositionControl(
      |                             [01;31m[K^~~~~~~~~~~~[m[K
[01m[K/home/student/41068RS12025-Group18/src/41068_ignition_bringup/src/drone_control.cpp:[m[K In function â€˜[01m[Kgeometry_msgs::msg::Twist drone_swarm::calculateAdvancedPositionControl(const PoseStamped&, const PoseStamped&, double, bool)[m[Kâ€™:
[01m[K/home/student/41068RS12025-Group18/src/41068_ignition_bringup/src/drone_control.cpp:102:9:[m[K [01;31m[Kerror: [m[Kâ€˜[01m[Kimu_data_available_[m[Kâ€™ was not declared in this scope
  102 |     if ([01;31m[Kimu_data_available_[m[K && horizontal_distance > 0.3) {
      |         [01;31m[K^~~~~~~~~~~~~~~~~~~[m[K
[01m[K/home/student/41068RS12025-Group18/src/41068_ignition_bringup/src/drone_control.cpp:104:27:[m[K [01;31m[Kerror: [m[Kâ€˜[01m[KcalculateYawToTarget[m[Kâ€™ was not declared in this scope
  104 |       double target_yaw = [01;31m[KcalculateYawToTarget[m[K(current_pose.pose.position, target_pose.pose.position);
      |                           [01;31m[K^~~~~~~~~~~~~~~~~~~~[m[K
[01m[K/home/student/41068RS12025-Group18/src/41068_ignition_bringup/src/drone_control.cpp:107:59:[m[K [01;31m[Kerror: [m[Kâ€˜[01m[Kcurrent_yaw_[m[Kâ€™ was not declared in this scope; did you mean â€˜[01m[Kcurrent_pose[m[Kâ€™?
  107 |       raw_cmd.angular.z = calculateYawControl(target_yaw, [01;31m[Kcurrent_yaw_[m[K, dt);
      |                                                           [01;31m[K^~~~~~~~~~~~[m[K
      |                                                           [32m[Kcurrent_pose[m[K
[01m[K/home/student/41068RS12025-Group18/src/41068_ignition_bringup/src/drone_control.cpp:107:27:[m[K [01;31m[Kerror: [m[Kâ€˜[01m[KcalculateYawControl[m[Kâ€™ was not declared in this scope
  107 |       raw_cmd.angular.z = [01;31m[KcalculateYawControl[m[K(target_yaw, current_yaw_, dt);
      |                           [01;31m[K^~~~~~~~~~~~~~~~~~~[m[K
[01m[K/home/student/41068RS12025-Group18/src/41068_ignition_bringup/src/drone_control.cpp:110:26:[m[K [01;31m[Kerror: [m[Kâ€˜[01m[KnormalizeAngle[m[Kâ€™ was not declared in this scope
  110 |       double yaw_error = [01;31m[KnormalizeAngle[m[K(target_yaw - current_yaw_);
      |                          [01;31m[K^~~~~~~~~~~~~~[m[K
[01m[K/home/student/41068RS12025-Group18/src/41068_ignition_bringup/src/drone_control.cpp:130:28:[m[K [01;31m[Kerror: [m[Kâ€˜[01m[Kpid_y_[m[Kâ€™ was not declared in this scope; did you mean â€˜[01m[Kpid_t[m[Kâ€™?
  130 |         raw_cmd.linear.y = [01;31m[Kpid_y_[m[K->calculateWithWindupProtection(target_pose.pose.position.y, current_pose.pose.position.y, dt, 1.0) * 0.3;
      |                            [01;31m[K^~~~~~[m[K
      |                            [32m[Kpid_t[m[K
[01m[K/home/student/41068RS12025-Group18/src/41068_ignition_bringup/src/drone_control.cpp:135:26:[m[K [01;31m[Kerror: [m[Kâ€˜[01m[Kpid_x_[m[Kâ€™ was not declared in this scope; did you mean â€˜[01m[Kpid_t[m[Kâ€™?
  135 |       raw_cmd.linear.x = [01;31m[Kpid_x_[m[K->calculateWithWindupProtection(target_pose.pose.position.x, current_pose.pose.position.x, dt, 2.0);
      |                          [01;31m[K^~~~~~[m[K
      |                          [32m[Kpid_t[m[K
[01m[K/home/student/41068RS12025-Group18/src/41068_ignition_bringup/src/drone_control.cpp:136:26:[m[K [01;31m[Kerror: [m[Kâ€˜[01m[Kpid_y_[m[Kâ€™ was not declared in this scope; did you mean â€˜[01m[Kpid_t[m[Kâ€™?
  136 |       raw_cmd.linear.y = [01;31m[Kpid_y_[m[K->calculateWithWindupProtection(target_pose.pose.position.y, current_pose.pose.position.y, dt, 2.0);
      |                          [01;31m[K^~~~~~[m[K
      |                          [32m[Kpid_t[m[K
[01m[K/home/student/41068RS12025-Group18/src/41068_ignition_bringup/src/drone_control.cpp:160:26:[m[K [01;31m[Kerror: [m[Kâ€˜[01m[Kpid_z_[m[Kâ€™ was not declared in this scope; did you mean â€˜[01m[Kpid_t[m[Kâ€™?
  160 |       raw_cmd.linear.z = [01;31m[Kpid_z_[m[K->calculateWithWindupProtection(target_pose.pose.position.z, current_pose.pose.position.z, dt, 1.0);
      |                          [01;31m[K^~~~~~[m[K
      |                          [32m[Kpid_t[m[K
[01m[K/home/student/41068RS12025-Group18/src/41068_ignition_bringup/src/drone_control.cpp:174:5:[m[K [01;31m[Kerror: [m[Kâ€˜[01m[KapplySmoothingFilter[m[Kâ€™ was not declared in this scope
  174 |     [01;31m[KapplySmoothingFilter[m[K(cmd_vel, raw_cmd);
      |     [01;31m[K^~~~~~~~~~~~~~~~~~~~[m[K
[01m[K/home/student/41068RS12025-Group18/src/41068_ignition_bringup/src/drone_control.cpp:182:5:[m[K [01;31m[Kerror: [m[Kâ€˜[01m[KscaleForBasicVelocityControl[m[Kâ€™ was not declared in this scope
  182 |     [01;31m[KscaleForBasicVelocityControl[m[K(cmd_vel);
      |     [01;31m[K^~~~~~~~~~~~~~~~~~~~~~~~~~~~[m[K
[01m[K/home/student/41068RS12025-Group18/src/41068_ignition_bringup/src/drone_control.cpp:[m[K At global scope:
[01m[K/home/student/41068RS12025-Group18/src/41068_ignition_bringup/src/drone_control.cpp:187:8:[m[K [01;31m[Kerror: [m[Kâ€˜[01m[KDroneControl[m[Kâ€™ has not been declared
  187 |   bool [01;31m[KDroneControl[m[K::flyToGoal(VehicleData& vehicle, const geometry_msgs::msg::Pose& goal) {
      |        [01;31m[K^~~~~~~~~~~~[m[K
[01m[K/home/student/41068RS12025-Group18/src/41068_ignition_bringup/src/drone_control.cpp:187:32:[m[K [01;31m[Kerror: [m[Kâ€˜[01m[KVehicleData[m[Kâ€™ was not declared in this scope; did you mean â€˜[01m[Kdrone::VehicleData[m[Kâ€™?
  187 |   bool DroneControl::flyToGoal([01;31m[KVehicleData[m[K& vehicle, const geometry_msgs::msg::Pose& goal) {
      |                                [01;31m[K^~~~~~~~~~~[m[K
      |                                [32m[Kdrone::VehicleData[m[K
In file included from [01m[K/home/student/41068RS12025-Group18/src/41068_ignition_bringup/src/drone_control.cpp:1[m[K:
[01m[K/home/student/41068RS12025-Group18/src/41068_ignition_bringup/include/drone_control.h:32:8:[m[K [01;36m[Knote: [m[Kâ€˜[01m[Kdrone::VehicleData[m[Kâ€™ declared here
   32 | struct [01;36m[KVehicleData[m[K {
      |        [01;36m[K^~~~~~~~~~~[m[K
[01m[K/home/student/41068RS12025-Group18/src/41068_ignition_bringup/src/drone_control.cpp:187:45:[m[K [01;31m[Kerror: [m[Kâ€˜[01m[Kvehicle[m[Kâ€™ was not declared in this scope
  187 |   bool DroneControl::flyToGoal(VehicleData& [01;31m[Kvehicle[m[K, const geometry_msgs::msg::Pose& goal) {
      |                                             [01;31m[K^~~~~~~[m[K
[01m[K/home/student/41068RS12025-Group18/src/41068_ignition_bringup/src/drone_control.cpp:187:54:[m[K [01;31m[Kerror: [m[Kexpected primary-expression before â€˜[01m[Kconst[m[Kâ€™
  187 |   bool DroneControl::flyToGoal(VehicleData& vehicle, [01;31m[Kconst[m[K geometry_msgs::msg::Pose& goal) {
      |                                                      [01;31m[K^~~~~[m[K
[01m[K/home/student/41068RS12025-Group18/src/41068_ignition_bringup/src/drone_control.cpp:187:90:[m[K [01;31m[Kerror: [m[Kexpression list treated as compound expression in initializer [[01;31m[K]8;;https://gcc.gnu.org/onlinedocs/gcc/Warning-Options.html#index-fpermissive-fpermissive]8;;[m[K]
  187 |   bool DroneControl::flyToGoal(VehicleData& vehicle, const geometry_msgs::msg::Pose& goal[01;31m[K)[m[K {
      |                                                                                          [01;31m[K^[m[K
[01m[K/home/student/41068RS12025-Group18/src/41068_ignition_bringup/src/drone_control.cpp:292:8:[m[K [01;31m[Kerror: [m[Kâ€˜[01m[KDroneControl[m[Kâ€™ has not been declared
  292 |   void [01;31m[KDroneControl[m[K::applySmoothingFilter(geometry_msgs::msg::Twist& cmd_vel, const geometry_msgs::msg::Twist& raw_cmd, double alpha) {
      |        [01;31m[K^~~~~~~~~~~~[m[K
[01m[K/home/student/41068RS12025-Group18/src/41068_ignition_bringup/src/drone_control.cpp:[m[K In function â€˜[01m[Kvoid drone_swarm::applySmoothingFilter(geometry_msgs::msg::Twist&, const Twist&, double)[m[Kâ€™:
[01m[K/home/student/41068RS12025-Group18/src/41068_ignition_bringup/src/drone_control.cpp:294:9:[m[K [01;31m[Kerror: [m[Kâ€˜[01m[Kfirst_command_[m[Kâ€™ was not declared in this scope
  294 |     if ([01;31m[Kfirst_command_[m[K) {
      |         [01;31m[K^~~~~~~~~~~~~~[m[K
[01m[K/home/student/41068RS12025-Group18/src/41068_ignition_bringup/src/drone_control.cpp:298:69:[m[K [01;31m[Kerror: [m[Kâ€˜[01m[Klast_cmd_[m[Kâ€™ was not declared in this scope
  298 |       cmd_vel.linear.x = alpha * raw_cmd.linear.x + (1.0 - alpha) * [01;31m[Klast_cmd_[m[K.linear.x;
      |                                                                     [01;31m[K^~~~~~~~~[m[K
[01m[K/home/student/41068RS12025-Group18/src/41068_ignition_bringup/src/drone_control.cpp:306:5:[m[K [01;31m[Kerror: [m[Kâ€˜[01m[Klast_cmd_[m[Kâ€™ was not declared in this scope
  306 |     [01;31m[Klast_cmd_[m[K = cmd_vel;
      |     [01;31m[K^~~~~~~~~[m[K
[01m[K/home/student/41068RS12025-Group18/src/41068_ignition_bringup/src/drone_control.cpp:[m[K At global scope:
[01m[K/home/student/41068RS12025-Group18/src/41068_ignition_bringup/src/drone_control.cpp:309:8:[m[K [01;31m[Kerror: [m[Kâ€˜[01m[KDroneControl[m[Kâ€™ has not been declared
  309 |   void [01;31m[KDroneControl[m[K::scaleForBasicVelocityControl(geometry_msgs::msg::Twist& cmd_vel) {
      |        [01;31m[K^~~~~~~~~~~~[m[K
[01m[K/home/student/41068RS12025-Group18/src/41068_ignition_bringup/src/drone_control.cpp:315:8:[m[K [01;31m[Kerror: [m[Kâ€˜[01m[KDroneControl[m[Kâ€™ has not been declared
  315 |   bool [01;31m[KDroneControl[m[K::isGoalReached(const geometry_msgs::msg::Point& current_pos, const geometry_msgs::msg::Pose& goal, bool use_manual_altitude) {
      |        [01;31m[K^~~~~~~~~~~~[m[K
[01m[K/home/student/41068RS12025-Group18/src/41068_ignition_bringup/src/drone_control.cpp:328:8:[m[K [01;31m[Kerror: [m[Kâ€˜[01m[KDroneControl[m[Kâ€™ has not been declared
  328 |   void [01;31m[KDroneControl[m[K::applyControlLimits(geometry_msgs::msg::Twist& cmd_vel) {
      |        [01;31m[K^~~~~~~~~~~~[m[K
[01m[K/home/student/41068RS12025-Group18/src/41068_ignition_bringup/src/drone_control.cpp:[m[K In function â€˜[01m[Kvoid drone_swarm::applyControlLimits(geometry_msgs::msg::Twist&)[m[Kâ€™:
[01m[K/home/student/41068RS12025-Group18/src/41068_ignition_bringup/src/drone_control.cpp:330:54:[m[K [01;31m[Kerror: [m[Kâ€˜[01m[Kmax_velocity_[m[Kâ€™ was not declared in this scope
  330 |     cmd_vel.linear.x = std::clamp(cmd_vel.linear.x, -[01;31m[Kmax_velocity_[m[K, max_velocity_);
      |                                                      [01;31m[K^~~~~~~~~~~~~[m[K
[01m[K/home/student/41068RS12025-Group18/src/41068_ignition_bringup/src/drone_control.cpp:334:56:[m[K [01;31m[Kerror: [m[Kâ€˜[01m[Kmax_angular_velocity_[m[Kâ€™ was not declared in this scope
  334 |     cmd_vel.angular.x = std::clamp(cmd_vel.angular.x, -[01;31m[Kmax_angular_velocity_[m[K, max_angular_velocity_);
      |                                                        [01;31m[K^~~~~~~~~~~~~~~~~~~~~[m[K
[01m[K/home/student/41068RS12025-Group18/src/41068_ignition_bringup/src/drone_control.cpp:[m[K At global scope:
[01m[K/home/student/41068RS12025-Group18/src/41068_ignition_bringup/src/drone_control.cpp:340:29:[m[K [01;31m[Kerror: [m[Kâ€˜[01m[KDroneControl[m[Kâ€™ has not been declared
  340 |   geometry_msgs::msg::Twist [01;31m[KDroneControl[m[K::calculateControlOutput(
      |                             [01;31m[K^~~~~~~~~~~~[m[K
[01m[K/home/student/41068RS12025-Group18/src/41068_ignition_bringup/src/drone_control.cpp:[m[K In function â€˜[01m[Kgeometry_msgs::msg::Twist drone_swarm::calculateControlOutput(const PoseStamped&, const PoseStamped&, const Twist&, double)[m[Kâ€™:
[01m[K/home/student/41068RS12025-Group18/src/41068_ignition_bringup/src/drone_control.cpp:347:44:[m[K [01;31m[Kerror: [m[Ktoo few arguments to function â€˜[01m[Kgeometry_msgs::msg::Twist drone_swarm::calculateAdvancedPositionControl(const PoseStamped&, const PoseStamped&, double, bool)[m[Kâ€™
  347 |     return [01;31m[KcalculateAdvancedPositionControl(current_pose, target_pose, dt)[m[K;
      |            [01;31m[K~~~~~~~~~~~~~~~~~~~~~~~~~~~~~~~~^~~~~~~~~~~~~~~~~~~~~~~~~~~~~~~[m[K
[01m[K/home/student/41068RS12025-Group18/src/41068_ignition_bringup/src/drone_control.cpp:84:29:[m[K [01;36m[Knote: [m[Kdeclared here
   84 |   geometry_msgs::msg::Twist [01;36m[KDroneControl[m[K::calculateAdvancedPositionControl(
      |                             [01;36m[K^~~~~~~~~~~~[m[K
[01m[K/home/student/41068RS12025-Group18/src/41068_ignition_bringup/src/drone_control.cpp:[m[K At global scope:
[01m[K/home/student/41068RS12025-Group18/src/41068_ignition_bringup/src/drone_control.cpp:350:29:[m[K [01;31m[Kerror: [m[Kâ€˜[01m[KDroneControl[m[Kâ€™ has not been declared
  350 |   geometry_msgs::msg::Twist [01;31m[KDroneControl[m[K::calculatePositionControl(
      |                             [01;31m[K^~~~~~~~~~~~[m[K
[01m[K/home/student/41068RS12025-Group18/src/41068_ignition_bringup/src/drone_control.cpp:[m[K In function â€˜[01m[Kgeometry_msgs::msg::Twist drone_swarm::calculatePositionControl(const PoseStamped&, const PoseStamped&, double)[m[Kâ€™:
[01m[K/home/student/41068RS12025-Group18/src/41068_ignition_bringup/src/drone_control.cpp:354:44:[m[K [01;31m[Kerror: [m[Ktoo few arguments to function â€˜[01m[Kgeometry_msgs::msg::Twist drone_swarm::calculateAdvancedPositionControl(const PoseStamped&, const PoseStamped&, double, bool)[m[Kâ€™
  354 |     return [01;31m[KcalculateAdvancedPositionControl(current_pose, target_pose, dt)[m[K;
      |            [01;31m[K~~~~~~~~~~~~~~~~~~~~~~~~~~~~~~~~^~~~~~~~~~~~~~~~~~~~~~~~~~~~~~~[m[K
[01m[K/home/student/41068RS12025-Group18/src/41068_ignition_bringup/src/drone_control.cpp:84:29:[m[K [01;36m[Knote: [m[Kdeclared here
   84 |   geometry_msgs::msg::Twist [01;36m[KDroneControl[m[K::calculateAdvancedPositionControl(
      |                             [01;36m[K^~~~~~~~~~~~[m[K
[01m[K/home/student/41068RS12025-Group18/src/41068_ignition_bringup/src/drone_control.cpp:[m[K At global scope:
[01m[K/home/student/41068RS12025-Group18/src/41068_ignition_bringup/src/drone_control.cpp:373:10:[m[K [01;31m[Kerror: [m[Kâ€˜[01m[KDroneControl[m[Kâ€™ has not been declared
  373 |   double [01;31m[KDroneControl[m[K::calculateXControl(double target_x, double current_x, double dt) {
      |          [01;31m[K^~~~~~~~~~~~[m[K
[01m[K/home/student/41068RS12025-Group18/src/41068_ignition_bringup/src/drone_control.cpp:[m[K In function â€˜[01m[Kdouble drone_swarm::calculateXControl(double, double, double)[m[Kâ€™:
[01m[K/home/student/41068RS12025-Group18/src/41068_ignition_bringup/src/drone_control.cpp:374:12:[m[K [01;31m[Kerror: [m[Kâ€˜[01m[Kpid_x_[m[Kâ€™ was not declared in this scope; did you mean â€˜[01m[Kpid_t[m[Kâ€™?
  374 |     return [01;31m[Kpid_x_[m[K->calculate(target_x, current_x, dt);
      |            [01;31m[K^~~~~~[m[K
      |            [32m[Kpid_t[m[K
[01m[K/home/student/41068RS12025-Group18/src/41068_ignition_bringup/src/drone_control.cpp:[m[K At global scope:
[01m[K/home/student/41068RS12025-Group18/src/41068_ignition_bringup/src/drone_control.cpp:377:10:[m[K [01;31m[Kerror: [m[Kâ€˜[01m[KDroneControl[m[Kâ€™ has not been declared
  377 |   double [01;31m[KDroneControl[m[K::calculateYControl(double target_y, double current_y, double dt) {
      |          [01;31m[K^~~~~~~~~~~~[m[K
[01m[K/home/student/41068RS12025-Group18/src/41068_ignition_bringup/src/drone_control.cpp:[m[K In function â€˜[01m[Kdouble drone_swarm::calculateYControl(double, double, double)[m[Kâ€™:
[01m[K/home/student/41068RS12025-Group18/src/41068_ignition_bringup/src/drone_control.cpp:378:12:[m[K [01;31m[Kerror: [m[Kâ€˜[01m[Kpid_y_[m[Kâ€™ was not declared in this scope; did you mean â€˜[01m[Kpid_t[m[Kâ€™?
  378 |     return [01;31m[Kpid_y_[m[K->calculate(target_y, current_y, dt);
      |            [01;31m[K^~~~~~[m[K
      |            [32m[Kpid_t[m[K
[01m[K/home/student/41068RS12025-Group18/src/41068_ignition_bringup/src/drone_control.cpp:[m[K At global scope:
[01m[K/home/student/41068RS12025-Group18/src/41068_ignition_bringup/src/drone_control.cpp:381:10:[m[K [01;31m[Kerror: [m[Kâ€˜[01m[KDroneControl[m[Kâ€™ has not been declared
  381 |   double [01;31m[KDroneControl[m[K::calculateZControl(double target_z, double current_z, double dt) {
      |          [01;31m[K^~~~~~~~~~~~[m[K
[01m[K/home/student/41068RS12025-Group18/src/41068_ignition_bringup/src/drone_control.cpp:[m[K In function â€˜[01m[Kdouble drone_swarm::calculateZControl(double, double, double)[m[Kâ€™:
[01m[K/home/student/41068RS12025-Group18/src/41068_ignition_bringup/src/drone_control.cpp:382:12:[m[K [01;31m[Kerror: [m[Kâ€˜[01m[Kpid_z_[m[Kâ€™ was not declared in this scope; did you mean â€˜[01m[Kpid_t[m[Kâ€™?
  382 |     return [01;31m[Kpid_z_[m[K->calculate(target_z, current_z, dt);
      |            [01;31m[K^~~~~~[m[K
      |            [32m[Kpid_t[m[K
[01m[K/home/student/41068RS12025-Group18/src/41068_ignition_bringup/src/drone_control.cpp:[m[K At global scope:
[01m[K/home/student/41068RS12025-Group18/src/41068_ignition_bringup/src/drone_control.cpp:385:8:[m[K [01;31m[Kerror: [m[Kâ€˜[01m[KDroneControl[m[Kâ€™ has not been declared
  385 |   void [01;31m[KDroneControl[m[K::updateCurrentYaw(double yaw) {
      |        [01;31m[K^~~~~~~~~~~~[m[K
[01m[K/home/student/41068RS12025-Group18/src/41068_ignition_bringup/src/drone_control.cpp:[m[K In function â€˜[01m[Kvoid drone_swarm::updateCurrentYaw(double)[m[Kâ€™:
[01m[K/home/student/41068RS12025-Group18/src/41068_ignition_bringup/src/drone_control.cpp:386:5:[m[K [01;31m[Kerror: [m[Kâ€˜[01m[Kcurrent_yaw_[m[Kâ€™ was not declared in this scope
  386 |     [01;31m[Kcurrent_yaw_[m[K = normalizeAngle(yaw);
      |     [01;31m[K^~~~~~~~~~~~[m[K
[01m[K/home/student/41068RS12025-Group18/src/41068_ignition_bringup/src/drone_control.cpp:386:20:[m[K [01;31m[Kerror: [m[Kâ€˜[01m[KnormalizeAngle[m[Kâ€™ was not declared in this scope
  386 |     current_yaw_ = [01;31m[KnormalizeAngle[m[K(yaw);
      |                    [01;31m[K^~~~~~~~~~~~~~[m[K
[01m[K/home/student/41068RS12025-Group18/src/41068_ignition_bringup/src/drone_control.cpp:387:5:[m[K [01;31m[Kerror: [m[Kâ€˜[01m[Kimu_data_available_[m[Kâ€™ was not declared in this scope
  387 |     [01;31m[Kimu_data_available_[m[K = true;
      |     [01;31m[K^~~~~~~~~~~~~~~~~~~[m[K
[01m[K/home/student/41068RS12025-Group18/src/41068_ignition_bringup/src/drone_control.cpp:[m[K At global scope:
[01m[K/home/student/41068RS12025-Group18/src/41068_ignition_bringup/src/drone_control.cpp:390:10:[m[K [01;31m[Kerror: [m[Kâ€˜[01m[KDroneControl[m[Kâ€™ has not been declared
  390 |   double [01;31m[KDroneControl[m[K::calculateYawToTarget(const geometry_msgs::msg::Point& current_pos, const geometry_msgs::msg::Point& target_pos) {
      |          [01;31m[K^~~~~~~~~~~~[m[K
[01m[K/home/student/41068RS12025-Group18/src/41068_ignition_bringup/src/drone_control.cpp:396:10:[m[K [01;31m[Kerror: [m[Kâ€˜[01m[KDroneControl[m[Kâ€™ has not been declared
  396 |   double [01;31m[KDroneControl[m[K::calculateYawControl(double target_yaw, double current_yaw, double dt) {
      |          [01;31m[K^~~~~~~~~~~~[m[K
[01m[K/home/student/41068RS12025-Group18/src/41068_ignition_bringup/src/drone_control.cpp:[m[K In function â€˜[01m[Kdouble drone_swarm::calculateYawControl(double, double, double)[m[Kâ€™:
[01m[K/home/student/41068RS12025-Group18/src/41068_ignition_bringup/src/drone_control.cpp:398:24:[m[K [01;31m[Kerror: [m[Kâ€˜[01m[KnormalizeAngle[m[Kâ€™ was not declared in this scope
  398 |     double yaw_error = [01;31m[KnormalizeAngle[m[K(target_yaw - current_yaw);
      |                        [01;31m[K^~~~~~~~~~~~~~[m[K
[01m[K/home/student/41068RS12025-Group18/src/41068_ignition_bringup/src/drone_control.cpp:399:12:[m[K [01;31m[Kerror: [m[Kâ€˜[01m[Kpid_yaw_[m[Kâ€™ was not declared in this scope
  399 |     return [01;31m[Kpid_yaw_[m[K->calculate(0.0, -yaw_error, dt);  // Negative error for proper direction
      |            [01;31m[K^~~~~~~~[m[K
[01m[K/home/student/41068RS12025-Group18/src/41068_ignition_bringup/src/drone_control.cpp:[m[K At global scope:
[01m[K/home/student/41068RS12025-Group18/src/41068_ignition_bringup/src/drone_control.cpp:402:10:[m[K [01;31m[Kerror: [m[Kâ€˜[01m[KDroneControl[m[Kâ€™ has not been declared
  402 |   double [01;31m[KDroneControl[m[K::normalizeAngle(double angle) {
      |          [01;31m[K^~~~~~~~~~~~[m[K
[01m[K/home/student/41068RS12025-Group18/src/41068_ignition_bringup/src/state_machine.cpp:[m[K In function â€˜[01m[Kstd::string drone_swarm::getStateString()[m[Kâ€™:
[01m[K/home/student/41068RS12025-Group18/src/41068_ignition_bringup/src/state_machine.cpp:46:3:[m[K [01;35m[Kwarning: [m[Kcontrol reaches end of non-void function [[01;35m[K]8;;https://gcc.gnu.org/onlinedocs/gcc/Warning-Options.html#index-Wreturn-type-Wreturn-type]8;;[m[K]
   46 |   [01;35m[K}[m[K
      |   [01;35m[K^[m[K
gmake[2]: *** [CMakeFiles/state_machine.dir/build.make:76: CMakeFiles/state_machine.dir/src/state_machine.cpp.o] Error 1
gmake[1]: *** [CMakeFiles/Makefile2:203: CMakeFiles/state_machine.dir/all] Error 2
gmake[1]: *** Waiting for unfinished jobs....
gmake[2]: *** [CMakeFiles/mission_executor.dir/build.make:76: CMakeFiles/mission_executor.dir/src/mission_executor.cpp.o] Error 1
gmake[1]: *** [CMakeFiles/Makefile2:255: CMakeFiles/mission_executor.dir/all] Error 2
gmake[2]: *** [CMakeFiles/drone_control.dir/build.make:76: CMakeFiles/drone_control.dir/src/drone_control.cpp.o] Error 1
gmake[1]: *** [CMakeFiles/Makefile2:177: CMakeFiles/drone_control.dir/all] Error 2
gmake: *** [Makefile:146: all] Error 2
