[0.013s] Invoking command in '/home/student/41068RS12025-Group18/build/rs1_robot': CMAKE_PREFIX_PATH=${CMAKE_PREFIX_PATH}:/opt/ros/humble /usr/bin/cmake --build /home/student/41068RS12025-Group18/build/rs1_robot -- -j8 -l8
[0.067s] [35m[1mConsolidate compiler generated dependencies of target path_planner[0m
[0.075s] [ 12%] Built target pid_controller
[0.080s] [ 18%] [32mBuilding CXX object CMakeFiles/path_planner.dir/src/path_planner.cpp.o[0m
[0.087s] [ 31%] [32mBuilding CXX object CMakeFiles/state_machine.dir/src/state_machine.cpp.o[0m
[0.087s] [ 31%] [32mBuilding CXX object CMakeFiles/mission_executor.dir/src/mission_executor.cpp.o[0m
[0.089s] [35m[1mConsolidate compiler generated dependencies of target drone_control[0m
[0.108s] [ 37%] [32mBuilding CXX object CMakeFiles/drone_control.dir/src/drone_control.cpp.o[0m
[0.781s] [ 43%] [32m[1mLinking CXX shared library libpath_planner.so[0m
[0.959s] [ 43%] Built target path_planner
[2.474s] [01m[K/home/student/41068RS12025-Group18/src/41068_ignition_bringup/src/mission_executor.cpp:6:1:[m[K [01;31m[Kerror: [m[Kâ€˜[01m[KMissionExecutor[m[Kâ€™ does not name a type
[2.474s]     6 | [01;31m[KMissionExecutor[m[K::MissionExecutor() {
[2.474s]       | [01;31m[K^~~~~~~~~~~~~~~[m[K
[2.477s] [01m[K/home/student/41068RS12025-Group18/src/41068_ignition_bringup/src/state_machine.cpp:7:3:[m[K [01;31m[Kerror: [m[Kâ€˜[01m[KStateMachine[m[Kâ€™ does not name a type
[2.477s]     7 |   [01;31m[KStateMachine[m[K::StateMachine() : current_state_(MissionState::IDLE) {
[2.478s]       |   [01;31m[K^~~~~~~~~~~~[m[K
[2.478s] [01m[K/home/student/41068RS12025-Group18/src/41068_ignition_bringup/src/state_machine.cpp:12:8:[m[K [01;31m[Kerror: [m[Kâ€˜[01m[KStateMachine[m[Kâ€™ has not been declared
[2.478s]    12 |   void [01;31m[KStateMachine[m[K::setState(MissionState new_state) {
[2.478s]       |        [01;31m[K^~~~~~~~~~~~[m[K
[2.478s] [01m[K/home/student/41068RS12025-Group18/src/41068_ignition_bringup/src/state_machine.cpp:12:8:[m[K [01;31m[Kerror: [m[Kvariable or field â€˜[01m[KsetState[m[Kâ€™ declared void
[2.478s] [01m[K/home/student/41068RS12025-Group18/src/41068_ignition_bringup/src/state_machine.cpp:12:31:[m[K [01;31m[Kerror: [m[Kâ€˜[01m[KMissionState[m[Kâ€™ was not declared in this scope; did you mean â€˜[01m[Kdrone::MissionState[m[Kâ€™?
[2.478s]    12 |   void StateMachine::setState([01;31m[KMissionState[m[K new_state) {
[2.478s]       |                               [01;31m[K^~~~~~~~~~~~[m[K
[2.478s]       |                               [32m[Kdrone::MissionState[m[K
[2.478s] In file included from [01m[K/home/student/41068RS12025-Group18/src/41068_ignition_bringup/include/mission/state_machine.h:15[m[K,
[2.478s]                  from [01m[K/home/student/41068RS12025-Group18/src/41068_ignition_bringup/src/state_machine.cpp:1[m[K:
[2.478s] [01m[K/home/student/41068RS12025-Group18/src/41068_ignition_bringup/include/mission_state.h:23:12:[m[K [01;36m[Knote: [m[Kâ€˜[01m[Kdrone::MissionState[m[Kâ€™ declared here
[2.478s]    23 | enum class [01;36m[KMissionState[m[K
[2.479s]       |            [01;36m[K^~~~~~~~~~~~[m[K
[2.480s] [01m[K/home/student/41068RS12025-Group18/src/41068_ignition_bringup/src/state_machine.cpp:26:3:[m[K [01;31m[Kerror: [m[Kâ€˜[01m[KMissionState[m[Kâ€™ does not name a type
[2.480s]    26 |   [01;31m[KMissionState[m[K StateMachine::getCurrentState() const {
[2.480s]       |   [01;31m[K^~~~~~~~~~~~[m[K
[2.480s] [01m[K/home/student/41068RS12025-Group18/src/41068_ignition_bringup/src/state_machine.cpp:30:15:[m[K [01;31m[Kerror: [m[Kâ€˜[01m[KStateMachine[m[Kâ€™ has not been declared
[2.480s]    30 |   std::string [01;31m[KStateMachine[m[K::getStateString() const {
[2.480s]       |               [01;31m[K^~~~~~~~~~~~[m[K
[2.480s] [01m[K/home/student/41068RS12025-Group18/src/41068_ignition_bringup/src/state_machine.cpp:30:46:[m[K [01;31m[Kerror: [m[Knon-member function â€˜[01m[Kstd::string drone_swarm::getStateString()[m[Kâ€™ cannot have cv-qualifier
[2.481s]    30 |   std::string StateMachine::getStateString() [01;31m[Kconst[m[K {
[2.481s]       |                                              [01;31m[K^~~~~[m[K
[2.485s] [01m[K/home/student/41068RS12025-Group18/src/41068_ignition_bringup/src/state_machine.cpp:[m[K In function â€˜[01m[Kstd::string drone_swarm::getStateString()[m[Kâ€™:
[2.485s] [01m[K/home/student/41068RS12025-Group18/src/41068_ignition_bringup/src/state_machine.cpp:32:13:[m[K [01;31m[Kerror: [m[Kâ€˜[01m[Kcurrent_state_[m[Kâ€™ was not declared in this scope
[2.485s]    32 |     switch ([01;31m[Kcurrent_state_[m[K) {
[2.485s]       |             [01;31m[K^~~~~~~~~~~~~~[m[K
[2.485s] [01m[K/home/student/41068RS12025-Group18/src/41068_ignition_bringup/src/state_machine.cpp:33:12:[m[K [01;31m[Kerror: [m[Kâ€˜[01m[KMissionState[m[Kâ€™ has not been declared
[2.485s]    33 |       case [01;31m[KMissionState[m[K::IDLE: return "IDLE";
[2.485s]       |            [01;31m[K^~~~~~~~~~~~[m[K
[2.485s] [01m[K/home/student/41068RS12025-Group18/src/41068_ignition_bringup/src/state_machine.cpp:34:12:[m[K [01;31m[Kerror: [m[Kâ€˜[01m[KMissionState[m[Kâ€™ has not been declared
[2.486s]    34 |       case [01;31m[KMissionState[m[K::TAKEOFF: return "TAKEOFF";
[2.486s]       |            [01;31m[K^~~~~~~~~~~~[m[K
[2.486s] [01m[K/home/student/41068RS12025-Group18/src/41068_ignition_bringup/src/state_machine.cpp:35:12:[m[K [01;31m[Kerror: [m[Kâ€˜[01m[KMissionState[m[Kâ€™ has not been declared
[2.486s]    35 |       case [01;31m[KMissionState[m[K::WAYPOINT_NAVIGATION: return "WAYPOINT_NAVIGATION";
[2.486s]       |            [01;31m[K^~~~~~~~~~~~[m[K
[2.486s] [01m[K/home/student/41068RS12025-Group18/src/41068_ignition_bringup/src/state_machine.cpp:36:12:[m[K [01;31m[Kerror: [m[Kâ€˜[01m[KMissionState[m[Kâ€™ has not been declared
[2.486s]    36 |       case [01;31m[KMissionState[m[K::HOVERING: return "HOVERING";
[2.486s]       |            [01;31m[K^~~~~~~~~~~~[m[K
[2.486s] [01m[K/home/student/41068RS12025-Group18/src/41068_ignition_bringup/src/state_machine.cpp:37:12:[m[K [01;31m[Kerror: [m[Kâ€˜[01m[KMissionState[m[Kâ€™ has not been declared
[2.486s]    37 |       case [01;31m[KMissionState[m[K::LANDING: return "LANDING";
[2.486s]       |            [01;31m[K^~~~~~~~~~~~[m[K
[2.486s] [01m[K/home/student/41068RS12025-Group18/src/41068_ignition_bringup/src/state_machine.cpp:38:12:[m[K [01;31m[Kerror: [m[Kâ€˜[01m[KMissionState[m[Kâ€™ has not been declared
[2.486s]    38 |       case [01;31m[KMissionState[m[K::MANUAL_CONTROL: return "MANUAL_CONTROL";
[2.486s]       |            [01;31m[K^~~~~~~~~~~~[m[K
[2.486s] [01m[K/home/student/41068RS12025-Group18/src/41068_ignition_bringup/src/state_machine.cpp:39:12:[m[K [01;31m[Kerror: [m[Kâ€˜[01m[KMissionState[m[Kâ€™ has not been declared
[2.486s]    39 |       case [01;31m[KMissionState[m[K::EMERGENCY: return "EMERGENCY";
[2.486s]       |            [01;31m[K^~~~~~~~~~~~[m[K
[2.487s] [01m[K/home/student/41068RS12025-Group18/src/41068_ignition_bringup/src/state_machine.cpp:40:12:[m[K [01;31m[Kerror: [m[Kâ€˜[01m[KMissionState[m[Kâ€™ has not been declared
[2.487s]    40 |       case [01;31m[KMissionState[m[K::WILDFIRE_REACTION: return "WILDFIRE_REACTION";
[2.487s]       |            [01;31m[K^~~~~~~~~~~~[m[K
[2.487s] [01m[K/home/student/41068RS12025-Group18/src/41068_ignition_bringup/src/state_machine.cpp:41:12:[m[K [01;31m[Kerror: [m[Kâ€˜[01m[KMissionState[m[Kâ€™ has not been declared
[2.487s]    41 |       case [01;31m[KMissionState[m[K::ORBIT_INCIDENT: return "ORBIT_INCIDENT";
[2.487s]       |            [01;31m[K^~~~~~~~~~~~[m[K
[2.487s] [01m[K/home/student/41068RS12025-Group18/src/41068_ignition_bringup/src/state_machine.cpp:42:12:[m[K [01;31m[Kerror: [m[Kâ€˜[01m[KMissionState[m[Kâ€™ has not been declared
[2.487s]    42 |       case [01;31m[KMissionState[m[K::STRANDED_HIKER_REACTION: return "STRANDED_HIKER_REACTION";
[2.487s]       |            [01;31m[K^~~~~~~~~~~~[m[K
[2.487s] [01m[K/home/student/41068RS12025-Group18/src/41068_ignition_bringup/src/state_machine.cpp:43:12:[m[K [01;31m[Kerror: [m[Kâ€˜[01m[KMissionState[m[Kâ€™ has not been declared
[2.487s]    43 |       case [01;31m[KMissionState[m[K::DEBRIS_OBSTRUCTION_REACTION: return "DEBRIS_OBSTRUCTION_REACTION";
[2.487s]       |            [01;31m[K^~~~~~~~~~~~[m[K
[2.487s] [01m[K/home/student/41068RS12025-Group18/src/41068_ignition_bringup/src/state_machine.cpp:[m[K At global scope:
[2.487s] [01m[K/home/student/41068RS12025-Group18/src/41068_ignition_bringup/src/state_machine.cpp:48:8:[m[K [01;31m[Kerror: [m[Kâ€˜[01m[KStateMachine[m[Kâ€™ has not been declared
[2.487s]    48 |   bool [01;31m[KStateMachine[m[K::canTransition(MissionState target_state) const {
[2.487s]       |        [01;31m[K^~~~~~~~~~~~[m[K
[2.487s] [01m[K/home/student/41068RS12025-Group18/src/41068_ignition_bringup/src/state_machine.cpp:48:36:[m[K [01;31m[Kerror: [m[Kâ€˜[01m[KMissionState[m[Kâ€™ was not declared in this scope; did you mean â€˜[01m[Kdrone::MissionState[m[Kâ€™?
[2.488s]    48 |   bool StateMachine::canTransition([01;31m[KMissionState[m[K target_state) const {
[2.488s]       |                                    [01;31m[K^~~~~~~~~~~~[m[K
[2.488s]       |                                    [32m[Kdrone::MissionState[m[K
[2.488s] In file included from [01m[K/home/student/41068RS12025-Group18/src/41068_ignition_bringup/include/mission/state_machine.h:15[m[K,
[2.488s]                  from [01m[K/home/student/41068RS12025-Group18/src/41068_ignition_bringup/src/state_machine.cpp:1[m[K:
[2.488s] [01m[K/home/student/41068RS12025-Group18/src/41068_ignition_bringup/include/mission_state.h:23:12:[m[K [01;36m[Knote: [m[Kâ€˜[01m[Kdrone::MissionState[m[Kâ€™ declared here
[2.488s]    23 | enum class [01;36m[KMissionState[m[K
[2.488s]       |            [01;36m[K^~~~~~~~~~~~[m[K
[2.522s] [01m[K/home/student/41068RS12025-Group18/src/41068_ignition_bringup/src/drone_control.cpp:12:3:[m[K [01;31m[Kerror: [m[Kâ€˜[01m[KDroneControl[m[Kâ€™ does not name a type
[2.522s]    12 |   [01;31m[KDroneControl[m[K::DroneControl()
[2.522s]       |   [01;31m[K^~~~~~~~~~~~[m[K
[2.522s] [01m[K/home/student/41068RS12025-Group18/src/41068_ignition_bringup/src/drone_control.cpp:34:8:[m[K [01;31m[Kerror: [m[Kâ€˜[01m[KDroneControl[m[Kâ€™ has not been declared
[2.523s]    34 |   void [01;31m[KDroneControl[m[K::initialise(double mass, double max_thrust) {
[2.523s]       |        [01;31m[K^~~~~~~~~~~~[m[K
[2.527s] [01m[K/home/student/41068RS12025-Group18/src/41068_ignition_bringup/src/drone_control.cpp:[m[K In function â€˜[01m[Kvoid drone_swarm::initialise(double, double)[m[Kâ€™:
[2.527s] [01m[K/home/student/41068RS12025-Group18/src/41068_ignition_bringup/src/drone_control.cpp:36:5:[m[K [01;31m[Kerror: [m[Kâ€˜[01m[Kdrone_mass_[m[Kâ€™ was not declared in this scope
[2.527s]    36 |     [01;31m[Kdrone_mass_[m[K = mass;
[2.527s]       |     [01;31m[K^~~~~~~~~~~[m[K
[2.529s] [01m[K/home/student/41068RS12025-Group18/src/41068_ignition_bringup/src/drone_control.cpp:37:5:[m[K [01;31m[Kerror: [m[Kâ€˜[01m[Kmax_thrust_[m[Kâ€™ was not declared in this scope; did you mean â€˜[01m[Kmax_thrust[m[Kâ€™?
[2.529s]    37 |     [01;31m[Kmax_thrust_[m[K = max_thrust;
[2.529s]       |     [01;31m[K^~~~~~~~~~~[m[K
[2.529s]       |     [32m[Kmax_thrust[m[K
[2.529s] [01m[K/home/student/41068RS12025-Group18/src/41068_ignition_bringup/src/drone_control.cpp:[m[K At global scope:
[2.529s] [01m[K/home/student/41068RS12025-Group18/src/41068_ignition_bringup/src/drone_control.cpp:40:8:[m[K [01;31m[Kerror: [m[Kâ€˜[01m[KDroneControl[m[Kâ€™ has not been declared
[2.529s]    40 |   void [01;31m[KDroneControl[m[K::setLogger(rclcpp::Logger logger) {
[2.530s]       |        [01;31m[K^~~~~~~~~~~~[m[K
[2.531s] [01m[K/home/student/41068RS12025-Group18/src/41068_ignition_bringup/src/drone_control.cpp:[m[K In function â€˜[01m[Kvoid drone_swarm::setLogger(rclcpp::Logger)[m[Kâ€™:
[2.531s] [01m[K/home/student/41068RS12025-Group18/src/41068_ignition_bringup/src/drone_control.cpp:42:5:[m[K [01;31m[Kerror: [m[Kâ€˜[01m[Klogger_[m[Kâ€™ was not declared in this scope; did you mean â€˜[01m[Klogger[m[Kâ€™?
[2.531s]    42 |     [01;31m[Klogger_[m[K = logger;
[2.532s]       |     [01;31m[K^~~~~~~[m[K
[2.532s]       |     [32m[Klogger[m[K
[2.532s] [01m[K/home/student/41068RS12025-Group18/src/41068_ignition_bringup/src/drone_control.cpp:[m[K At global scope:
[2.532s] [01m[K/home/student/41068RS12025-Group18/src/41068_ignition_bringup/src/drone_control.cpp:45:8:[m[K [01;31m[Kerror: [m[Kâ€˜[01m[KDroneControl[m[Kâ€™ has not been declared
[2.532s]    45 |   void [01;31m[KDroneControl[m[K::setCmdVelPublisher(rclcpp::Publisher<geometry_msgs::msg::Twist>::SharedPtr pub) {
[2.532s]       |        [01;31m[K^~~~~~~~~~~~[m[K
[2.535s] [01m[K/home/student/41068RS12025-Group18/src/41068_ignition_bringup/src/drone_control.cpp:[m[K In function â€˜[01m[Kvoid drone_swarm::setCmdVelPublisher(rclcpp::Publisher<geometry_msgs::msg::Twist_<std::allocator<void> > >::SharedPtr)[m[Kâ€™:
[2.535s] [01m[K/home/student/41068RS12025-Group18/src/41068_ignition_bringup/src/drone_control.cpp:47:5:[m[K [01;31m[Kerror: [m[Kâ€˜[01m[Kcmd_vel_pub_[m[Kâ€™ was not declared in this scope
[2.536s]    47 |     [01;31m[Kcmd_vel_pub_[m[K = pub;
[2.536s]       |     [01;31m[K^~~~~~~~~~~~[m[K
[2.536s] [01m[K/home/student/41068RS12025-Group18/src/41068_ignition_bringup/src/drone_control.cpp:[m[K At global scope:
[2.536s] [01m[K/home/student/41068RS12025-Group18/src/41068_ignition_bringup/src/drone_control.cpp:50:8:[m[K [01;31m[Kerror: [m[Kâ€˜[01m[KDroneControl[m[Kâ€™ has not been declared
[2.536s]    50 |   void [01;31m[KDroneControl[m[K::updatePositionPIDGains(double kp, double ki, double kd) {
[2.536s]       |        [01;31m[K^~~~~~~~~~~~[m[K
[2.538s] [01m[K/home/student/41068RS12025-Group18/src/41068_ignition_bringup/src/drone_control.cpp:[m[K In function â€˜[01m[Kvoid drone_swarm::updatePositionPIDGains(double, double, double)[m[Kâ€™:
[2.538s] [01m[K/home/student/41068RS12025-Group18/src/41068_ignition_bringup/src/drone_control.cpp:52:5:[m[K [01;31m[Kerror: [m[Kâ€˜[01m[Kpid_x_[m[Kâ€™ was not declared in this scope; did you mean â€˜[01m[Kpid_t[m[Kâ€™?
[2.538s]    52 |     [01;31m[Kpid_x_[m[K->setGains(kp, ki, kd);
[2.538s]       |     [01;31m[K^~~~~~[m[K
[2.538s]       |     [32m[Kpid_t[m[K
[2.540s] [01m[K/home/student/41068RS12025-Group18/src/41068_ignition_bringup/src/drone_control.cpp:53:5:[m[K [01;31m[Kerror: [m[Kâ€˜[01m[Kpid_y_[m[Kâ€™ was not declared in this scope; did you mean â€˜[01m[Kpid_t[m[Kâ€™?
[2.540s]    53 |     [01;31m[Kpid_y_[m[K->setGains(kp, ki, kd);
[2.540s]       |     [01;31m[K^~~~~~[m[K
[2.540s]       |     [32m[Kpid_t[m[K
[2.542s] [01m[K/home/student/41068RS12025-Group18/src/41068_ignition_bringup/src/drone_control.cpp:54:5:[m[K [01;31m[Kerror: [m[Kâ€˜[01m[Kpid_z_[m[Kâ€™ was not declared in this scope; did you mean â€˜[01m[Kpid_t[m[Kâ€™?
[2.543s]    54 |     [01;31m[Kpid_z_[m[K->setGains(kp, ki, kd);
[2.543s]       |     [01;31m[K^~~~~~[m[K
[2.543s]       |     [32m[Kpid_t[m[K
[2.543s] [01m[K/home/student/41068RS12025-Group18/src/41068_ignition_bringup/src/drone_control.cpp:[m[K At global scope:
[2.543s] [01m[K/home/student/41068RS12025-Group18/src/41068_ignition_bringup/src/drone_control.cpp:57:8:[m[K [01;31m[Kerror: [m[Kâ€˜[01m[KDroneControl[m[Kâ€™ has not been declared
[2.543s]    57 |   void [01;31m[KDroneControl[m[K::updateVelocityPIDGains(double kp, double ki, double kd) {
[2.543s]       |        [01;31m[K^~~~~~~~~~~~[m[K
[2.543s] [01m[K/home/student/41068RS12025-Group18/src/41068_ignition_bringup/src/drone_control.cpp:62:8:[m[K [01;31m[Kerror: [m[Kâ€˜[01m[KDroneControl[m[Kâ€™ has not been declared
[2.543s]    62 |   void [01;31m[KDroneControl[m[K::updateAttitudePIDGains(double kp, double ki, double kd) {
[2.543s]       |        [01;31m[K^~~~~~~~~~~~[m[K
[2.543s] [01m[K/home/student/41068RS12025-Group18/src/41068_ignition_bringup/src/drone_control.cpp:67:8:[m[K [01;31m[Kerror: [m[Kâ€˜[01m[KDroneControl[m[Kâ€™ has not been declared
[2.543s]    67 |   void [01;31m[KDroneControl[m[K::setControlLimits(double max_velocity, double max_angular_velocity) {
[2.543s]       |        [01;31m[K^~~~~~~~~~~~[m[K
[2.545s] [01m[K/home/student/41068RS12025-Group18/src/41068_ignition_bringup/src/drone_control.cpp:[m[K In function â€˜[01m[Kvoid drone_swarm::setControlLimits(double, double)[m[Kâ€™:
[2.545s] [01m[K/home/student/41068RS12025-Group18/src/41068_ignition_bringup/src/drone_control.cpp:69:5:[m[K [01;31m[Kerror: [m[Kâ€˜[01m[Kmax_velocity_[m[Kâ€™ was not declared in this scope; did you mean â€˜[01m[Kmax_velocity[m[Kâ€™?
[2.545s]    69 |     [01;31m[Kmax_velocity_[m[K = max_velocity;
[2.546s]       |     [01;31m[K^~~~~~~~~~~~~[m[K
[2.546s]       |     [32m[Kmax_velocity[m[K
[2.548s] [01m[K/home/student/41068RS12025-Group18/src/41068_ignition_bringup/src/drone_control.cpp:70:5:[m[K [01;31m[Kerror: [m[Kâ€˜[01m[Kmax_angular_velocity_[m[Kâ€™ was not declared in this scope; did you mean â€˜[01m[Kmax_angular_velocity[m[Kâ€™?
[2.548s]    70 |     [01;31m[Kmax_angular_velocity_[m[K = max_angular_velocity;
[2.548s]       |     [01;31m[K^~~~~~~~~~~~~~~~~~~~~[m[K
[2.548s]       |     [32m[Kmax_angular_velocity[m[K
[2.548s] [01m[K/home/student/41068RS12025-Group18/src/41068_ignition_bringup/src/drone_control.cpp:[m[K At global scope:
[2.548s] [01m[K/home/student/41068RS12025-Group18/src/41068_ignition_bringup/src/drone_control.cpp:73:8:[m[K [01;31m[Kerror: [m[Kâ€˜[01m[KDroneControl[m[Kâ€™ has not been declared
[2.548s]    73 |   void [01;31m[KDroneControl[m[K::resetControllers() {
[2.548s]       |        [01;31m[K^~~~~~~~~~~~[m[K
[2.550s] [01m[K/home/student/41068RS12025-Group18/src/41068_ignition_bringup/src/drone_control.cpp:[m[K In function â€˜[01m[Kvoid drone_swarm::resetControllers()[m[Kâ€™:
[2.550s] [01m[K/home/student/41068RS12025-Group18/src/41068_ignition_bringup/src/drone_control.cpp:75:5:[m[K [01;31m[Kerror: [m[Kâ€˜[01m[Kpid_x_[m[Kâ€™ was not declared in this scope; did you mean â€˜[01m[Kpid_t[m[Kâ€™?
[2.550s]    75 |     [01;31m[Kpid_x_[m[K->reset();
[2.551s]       |     [01;31m[K^~~~~~[m[K
[2.551s]       |     [32m[Kpid_t[m[K
[2.553s] [01m[K/home/student/41068RS12025-Group18/src/41068_ignition_bringup/src/drone_control.cpp:76:5:[m[K [01;31m[Kerror: [m[Kâ€˜[01m[Kpid_y_[m[Kâ€™ was not declared in this scope; did you mean â€˜[01m[Kpid_t[m[Kâ€™?
[2.553s]    76 |     [01;31m[Kpid_y_[m[K->reset();
[2.553s]       |     [01;31m[K^~~~~~[m[K
[2.553s]       |     [32m[Kpid_t[m[K
[2.555s] [01m[K/home/student/41068RS12025-Group18/src/41068_ignition_bringup/src/drone_control.cpp:77:5:[m[K [01;31m[Kerror: [m[Kâ€˜[01m[Kpid_z_[m[Kâ€™ was not declared in this scope; did you mean â€˜[01m[Kpid_t[m[Kâ€™?
[2.555s]    77 |     [01;31m[Kpid_z_[m[K->reset();
[2.555s]       |     [01;31m[K^~~~~~[m[K
[2.556s]       |     [32m[Kpid_t[m[K
[2.558s] [01m[K/home/student/41068RS12025-Group18/src/41068_ignition_bringup/src/drone_control.cpp:78:5:[m[K [01;31m[Kerror: [m[Kâ€˜[01m[Kpid_yaw_[m[Kâ€™ was not declared in this scope
[2.558s]    78 |     [01;31m[Kpid_yaw_[m[K->reset();
[2.558s]       |     [01;31m[K^~~~~~~~[m[K
[2.563s] [01m[K/home/student/41068RS12025-Group18/src/41068_ignition_bringup/src/drone_control.cpp:80:5:[m[K [01;31m[Kerror: [m[Kâ€˜[01m[Kfirst_command_[m[Kâ€™ was not declared in this scope
[2.563s]    80 |     [01;31m[Kfirst_command_[m[K = true;  // Reset smoothing filter
[2.563s]       |     [01;31m[K^~~~~~~~~~~~~~[m[K
[2.570s] [01m[K/home/student/41068RS12025-Group18/src/41068_ignition_bringup/src/drone_control.cpp:81:5:[m[K [01;31m[Kerror: [m[Kâ€˜[01m[Kimu_data_available_[m[Kâ€™ was not declared in this scope
[2.570s]    81 |     [01;31m[Kimu_data_available_[m[K = false;
[2.570s]       |     [01;31m[K^~~~~~~~~~~~~~~~~~~[m[K
[2.570s] [01m[K/home/student/41068RS12025-Group18/src/41068_ignition_bringup/src/drone_control.cpp:[m[K At global scope:
[2.570s] [01m[K/home/student/41068RS12025-Group18/src/41068_ignition_bringup/src/drone_control.cpp:84:29:[m[K [01;31m[Kerror: [m[Kâ€˜[01m[KDroneControl[m[Kâ€™ has not been declared
[2.570s]    84 |   geometry_msgs::msg::Twist [01;31m[KDroneControl[m[K::calculateAdvancedPositionControl(
[2.570s]       |                             [01;31m[K^~~~~~~~~~~~[m[K
[2.576s] [01m[K/home/student/41068RS12025-Group18/src/41068_ignition_bringup/src/drone_control.cpp:[m[K In function â€˜[01m[Kgeometry_msgs::msg::Twist drone_swarm::calculateAdvancedPositionControl(const PoseStamped&, const PoseStamped&, double, bool)[m[Kâ€™:
[2.576s] [01m[K/home/student/41068RS12025-Group18/src/41068_ignition_bringup/src/drone_control.cpp:102:9:[m[K [01;31m[Kerror: [m[Kâ€˜[01m[Kimu_data_available_[m[Kâ€™ was not declared in this scope
[2.576s]   102 |     if ([01;31m[Kimu_data_available_[m[K && horizontal_distance > 0.3) {
[2.577s]       |         [01;31m[K^~~~~~~~~~~~~~~~~~~[m[K
[2.583s] [01m[K/home/student/41068RS12025-Group18/src/41068_ignition_bringup/src/drone_control.cpp:104:27:[m[K [01;31m[Kerror: [m[Kâ€˜[01m[KcalculateYawToTarget[m[Kâ€™ was not declared in this scope
[2.583s]   104 |       double target_yaw = [01;31m[KcalculateYawToTarget[m[K(current_pose.pose.position, target_pose.pose.position);
[2.583s]       |                           [01;31m[K^~~~~~~~~~~~~~~~~~~~[m[K
[2.586s] [01m[K/home/student/41068RS12025-Group18/src/41068_ignition_bringup/src/drone_control.cpp:107:59:[m[K [01;31m[Kerror: [m[Kâ€˜[01m[Kcurrent_yaw_[m[Kâ€™ was not declared in this scope; did you mean â€˜[01m[Kcurrent_pose[m[Kâ€™?
[2.586s]   107 |       raw_cmd.angular.z = calculateYawControl(target_yaw, [01;31m[Kcurrent_yaw_[m[K, dt);
[2.586s]       |                                                           [01;31m[K^~~~~~~~~~~~[m[K
[2.586s]       |                                                           [32m[Kcurrent_pose[m[K
[2.592s] [01m[K/home/student/41068RS12025-Group18/src/41068_ignition_bringup/src/drone_control.cpp:107:27:[m[K [01;31m[Kerror: [m[Kâ€˜[01m[KcalculateYawControl[m[Kâ€™ was not declared in this scope
[2.592s]   107 |       raw_cmd.angular.z = [01;31m[KcalculateYawControl[m[K(target_yaw, current_yaw_, dt);
[2.592s]       |                           [01;31m[K^~~~~~~~~~~~~~~~~~~[m[K
[2.597s] [01m[K/home/student/41068RS12025-Group18/src/41068_ignition_bringup/src/drone_control.cpp:110:26:[m[K [01;31m[Kerror: [m[Kâ€˜[01m[KnormalizeAngle[m[Kâ€™ was not declared in this scope
[2.597s]   110 |       double yaw_error = [01;31m[KnormalizeAngle[m[K(target_yaw - current_yaw_);
[2.597s]       |                          [01;31m[K^~~~~~~~~~~~~~[m[K
[2.599s] [01m[K/home/student/41068RS12025-Group18/src/41068_ignition_bringup/src/drone_control.cpp:130:28:[m[K [01;31m[Kerror: [m[Kâ€˜[01m[Kpid_y_[m[Kâ€™ was not declared in this scope; did you mean â€˜[01m[Kpid_t[m[Kâ€™?
[2.599s]   130 |         raw_cmd.linear.y = [01;31m[Kpid_y_[m[K->calculateWithWindupProtection(target_pose.pose.position.y, current_pose.pose.position.y, dt, 1.0) * 0.3;
[2.599s]       |                            [01;31m[K^~~~~~[m[K
[2.600s]       |                            [32m[Kpid_t[m[K
[2.602s] [01m[K/home/student/41068RS12025-Group18/src/41068_ignition_bringup/src/drone_control.cpp:135:26:[m[K [01;31m[Kerror: [m[Kâ€˜[01m[Kpid_x_[m[Kâ€™ was not declared in this scope; did you mean â€˜[01m[Kpid_t[m[Kâ€™?
[2.602s]   135 |       raw_cmd.linear.x = [01;31m[Kpid_x_[m[K->calculateWithWindupProtection(target_pose.pose.position.x, current_pose.pose.position.x, dt, 2.0);
[2.602s]       |                          [01;31m[K^~~~~~[m[K
[2.602s]       |                          [32m[Kpid_t[m[K
[2.604s] [01m[K/home/student/41068RS12025-Group18/src/41068_ignition_bringup/src/drone_control.cpp:136:26:[m[K [01;31m[Kerror: [m[Kâ€˜[01m[Kpid_y_[m[Kâ€™ was not declared in this scope; did you mean â€˜[01m[Kpid_t[m[Kâ€™?
[2.604s]   136 |       raw_cmd.linear.y = [01;31m[Kpid_y_[m[K->calculateWithWindupProtection(target_pose.pose.position.y, current_pose.pose.position.y, dt, 2.0);
[2.604s]       |                          [01;31m[K^~~~~~[m[K
[2.604s]       |                          [32m[Kpid_t[m[K
[2.606s] [01m[K/home/student/41068RS12025-Group18/src/41068_ignition_bringup/src/drone_control.cpp:160:26:[m[K [01;31m[Kerror: [m[Kâ€˜[01m[Kpid_z_[m[Kâ€™ was not declared in this scope; did you mean â€˜[01m[Kpid_t[m[Kâ€™?
[2.606s]   160 |       raw_cmd.linear.z = [01;31m[Kpid_z_[m[K->calculateWithWindupProtection(target_pose.pose.position.z, current_pose.pose.position.z, dt, 1.0);
[2.606s]       |                          [01;31m[K^~~~~~[m[K
[2.606s]       |                          [32m[Kpid_t[m[K
[2.613s] [01m[K/home/student/41068RS12025-Group18/src/41068_ignition_bringup/src/drone_control.cpp:174:5:[m[K [01;31m[Kerror: [m[Kâ€˜[01m[KapplySmoothingFilter[m[Kâ€™ was not declared in this scope
[2.613s]   174 |     [01;31m[KapplySmoothingFilter[m[K(cmd_vel, raw_cmd);
[2.613s]       |     [01;31m[K^~~~~~~~~~~~~~~~~~~~[m[K
[2.621s] [01m[K/home/student/41068RS12025-Group18/src/41068_ignition_bringup/src/drone_control.cpp:182:5:[m[K [01;31m[Kerror: [m[Kâ€˜[01m[KscaleForBasicVelocityControl[m[Kâ€™ was not declared in this scope
[2.621s]   182 |     [01;31m[KscaleForBasicVelocityControl[m[K(cmd_vel);
[2.621s]       |     [01;31m[K^~~~~~~~~~~~~~~~~~~~~~~~~~~~[m[K
[2.621s] [01m[K/home/student/41068RS12025-Group18/src/41068_ignition_bringup/src/drone_control.cpp:[m[K At global scope:
[2.622s] [01m[K/home/student/41068RS12025-Group18/src/41068_ignition_bringup/src/drone_control.cpp:187:8:[m[K [01;31m[Kerror: [m[Kâ€˜[01m[KDroneControl[m[Kâ€™ has not been declared
[2.622s]   187 |   bool [01;31m[KDroneControl[m[K::flyToGoal(VehicleData& vehicle, const geometry_msgs::msg::Pose& goal) {
[2.622s]       |        [01;31m[K^~~~~~~~~~~~[m[K
[2.622s] [01m[K/home/student/41068RS12025-Group18/src/41068_ignition_bringup/src/drone_control.cpp:187:32:[m[K [01;31m[Kerror: [m[Kâ€˜[01m[KVehicleData[m[Kâ€™ was not declared in this scope; did you mean â€˜[01m[Kdrone::VehicleData[m[Kâ€™?
[2.622s]   187 |   bool DroneControl::flyToGoal([01;31m[KVehicleData[m[K& vehicle, const geometry_msgs::msg::Pose& goal) {
[2.622s]       |                                [01;31m[K^~~~~~~~~~~[m[K
[2.622s]       |                                [32m[Kdrone::VehicleData[m[K
[2.622s] In file included from [01m[K/home/student/41068RS12025-Group18/src/41068_ignition_bringup/src/drone_control.cpp:1[m[K:
[2.622s] [01m[K/home/student/41068RS12025-Group18/src/41068_ignition_bringup/include/drone_control.h:32:8:[m[K [01;36m[Knote: [m[Kâ€˜[01m[Kdrone::VehicleData[m[Kâ€™ declared here
[2.622s]    32 | struct [01;36m[KVehicleData[m[K {
[2.622s]       |        [01;36m[K^~~~~~~~~~~[m[K
[2.624s] [01m[K/home/student/41068RS12025-Group18/src/41068_ignition_bringup/src/drone_control.cpp:187:45:[m[K [01;31m[Kerror: [m[Kâ€˜[01m[Kvehicle[m[Kâ€™ was not declared in this scope
[2.624s]   187 |   bool DroneControl::flyToGoal(VehicleData& [01;31m[Kvehicle[m[K, const geometry_msgs::msg::Pose& goal) {
[2.624s]       |                                             [01;31m[K^~~~~~~[m[K
[2.624s] [01m[K/home/student/41068RS12025-Group18/src/41068_ignition_bringup/src/drone_control.cpp:187:54:[m[K [01;31m[Kerror: [m[Kexpected primary-expression before â€˜[01m[Kconst[m[Kâ€™
[2.625s]   187 |   bool DroneControl::flyToGoal(VehicleData& vehicle, [01;31m[Kconst[m[K geometry_msgs::msg::Pose& goal) {
[2.625s]       |                                                      [01;31m[K^~~~~[m[K
[2.625s] [01m[K/home/student/41068RS12025-Group18/src/41068_ignition_bringup/src/drone_control.cpp:187:90:[m[K [01;31m[Kerror: [m[Kexpression list treated as compound expression in initializer [[01;31m[K]8;;https://gcc.gnu.org/onlinedocs/gcc/Warning-Options.html#index-fpermissive-fpermissive]8;;[m[K]
[2.625s]   187 |   bool DroneControl::flyToGoal(VehicleData& vehicle, const geometry_msgs::msg::Pose& goal[01;31m[K)[m[K {
[2.625s]       |                                                                                          [01;31m[K^[m[K
[2.625s] [01m[K/home/student/41068RS12025-Group18/src/41068_ignition_bringup/src/drone_control.cpp:292:8:[m[K [01;31m[Kerror: [m[Kâ€˜[01m[KDroneControl[m[Kâ€™ has not been declared
[2.625s]   292 |   void [01;31m[KDroneControl[m[K::applySmoothingFilter(geometry_msgs::msg::Twist& cmd_vel, const geometry_msgs::msg::Twist& raw_cmd, double alpha) {
[2.625s]       |        [01;31m[K^~~~~~~~~~~~[m[K
[2.629s] [01m[K/home/student/41068RS12025-Group18/src/41068_ignition_bringup/src/drone_control.cpp:[m[K In function â€˜[01m[Kvoid drone_swarm::applySmoothingFilter(geometry_msgs::msg::Twist&, const Twist&, double)[m[Kâ€™:
[2.629s] [01m[K/home/student/41068RS12025-Group18/src/41068_ignition_bringup/src/drone_control.cpp:294:9:[m[K [01;31m[Kerror: [m[Kâ€˜[01m[Kfirst_command_[m[Kâ€™ was not declared in this scope
[2.629s]   294 |     if ([01;31m[Kfirst_command_[m[K) {
[2.629s]       |         [01;31m[K^~~~~~~~~~~~~~[m[K
[2.632s] [01m[K/home/student/41068RS12025-Group18/src/41068_ignition_bringup/src/drone_control.cpp:298:69:[m[K [01;31m[Kerror: [m[Kâ€˜[01m[Klast_cmd_[m[Kâ€™ was not declared in this scope
[2.632s]   298 |       cmd_vel.linear.x = alpha * raw_cmd.linear.x + (1.0 - alpha) * [01;31m[Klast_cmd_[m[K.linear.x;
[2.632s]       |                                                                     [01;31m[K^~~~~~~~~[m[K
[2.635s] [01m[K/home/student/41068RS12025-Group18/src/41068_ignition_bringup/src/drone_control.cpp:306:5:[m[K [01;31m[Kerror: [m[Kâ€˜[01m[Klast_cmd_[m[Kâ€™ was not declared in this scope
[2.635s]   306 |     [01;31m[Klast_cmd_[m[K = cmd_vel;
[2.635s]       |     [01;31m[K^~~~~~~~~[m[K
[2.635s] [01m[K/home/student/41068RS12025-Group18/src/41068_ignition_bringup/src/drone_control.cpp:[m[K At global scope:
[2.635s] [01m[K/home/student/41068RS12025-Group18/src/41068_ignition_bringup/src/drone_control.cpp:309:8:[m[K [01;31m[Kerror: [m[Kâ€˜[01m[KDroneControl[m[Kâ€™ has not been declared
[2.635s]   309 |   void [01;31m[KDroneControl[m[K::scaleForBasicVelocityControl(geometry_msgs::msg::Twist& cmd_vel) {
[2.635s]       |        [01;31m[K^~~~~~~~~~~~[m[K
[2.635s] [01m[K/home/student/41068RS12025-Group18/src/41068_ignition_bringup/src/drone_control.cpp:315:8:[m[K [01;31m[Kerror: [m[Kâ€˜[01m[KDroneControl[m[Kâ€™ has not been declared
[2.636s]   315 |   bool [01;31m[KDroneControl[m[K::isGoalReached(const geometry_msgs::msg::Point& current_pos, const geometry_msgs::msg::Pose& goal, bool use_manual_altitude) {
[2.636s]       |        [01;31m[K^~~~~~~~~~~~[m[K
[2.636s] [01m[K/home/student/41068RS12025-Group18/src/41068_ignition_bringup/src/drone_control.cpp:328:8:[m[K [01;31m[Kerror: [m[Kâ€˜[01m[KDroneControl[m[Kâ€™ has not been declared
[2.636s]   328 |   void [01;31m[KDroneControl[m[K::applyControlLimits(geometry_msgs::msg::Twist& cmd_vel) {
[2.636s]       |        [01;31m[K^~~~~~~~~~~~[m[K
[2.639s] [01m[K/home/student/41068RS12025-Group18/src/41068_ignition_bringup/src/drone_control.cpp:[m[K In function â€˜[01m[Kvoid drone_swarm::applyControlLimits(geometry_msgs::msg::Twist&)[m[Kâ€™:
[2.639s] [01m[K/home/student/41068RS12025-Group18/src/41068_ignition_bringup/src/drone_control.cpp:330:54:[m[K [01;31m[Kerror: [m[Kâ€˜[01m[Kmax_velocity_[m[Kâ€™ was not declared in this scope
[2.640s]   330 |     cmd_vel.linear.x = std::clamp(cmd_vel.linear.x, -[01;31m[Kmax_velocity_[m[K, max_velocity_);
[2.640s]       |                                                      [01;31m[K^~~~~~~~~~~~~[m[K
[2.650s] [01m[K/home/student/41068RS12025-Group18/src/41068_ignition_bringup/src/drone_control.cpp:334:56:[m[K [01;31m[Kerror: [m[Kâ€˜[01m[Kmax_angular_velocity_[m[Kâ€™ was not declared in this scope
[2.650s]   334 |     cmd_vel.angular.x = std::clamp(cmd_vel.angular.x, -[01;31m[Kmax_angular_velocity_[m[K, max_angular_velocity_);
[2.650s]       |                                                        [01;31m[K^~~~~~~~~~~~~~~~~~~~~[m[K
[2.650s] [01m[K/home/student/41068RS12025-Group18/src/41068_ignition_bringup/src/drone_control.cpp:[m[K At global scope:
[2.650s] [01m[K/home/student/41068RS12025-Group18/src/41068_ignition_bringup/src/drone_control.cpp:340:29:[m[K [01;31m[Kerror: [m[Kâ€˜[01m[KDroneControl[m[Kâ€™ has not been declared
[2.650s]   340 |   geometry_msgs::msg::Twist [01;31m[KDroneControl[m[K::calculateControlOutput(
[2.651s]       |                             [01;31m[K^~~~~~~~~~~~[m[K
[2.651s] [01m[K/home/student/41068RS12025-Group18/src/41068_ignition_bringup/src/drone_control.cpp:[m[K In function â€˜[01m[Kgeometry_msgs::msg::Twist drone_swarm::calculateControlOutput(const PoseStamped&, const PoseStamped&, const Twist&, double)[m[Kâ€™:
[2.651s] [01m[K/home/student/41068RS12025-Group18/src/41068_ignition_bringup/src/drone_control.cpp:347:44:[m[K [01;31m[Kerror: [m[Ktoo few arguments to function â€˜[01m[Kgeometry_msgs::msg::Twist drone_swarm::calculateAdvancedPositionControl(const PoseStamped&, const PoseStamped&, double, bool)[m[Kâ€™
[2.651s]   347 |     return [01;31m[KcalculateAdvancedPositionControl(current_pose, target_pose, dt)[m[K;
[2.651s]       |            [01;31m[K~~~~~~~~~~~~~~~~~~~~~~~~~~~~~~~~^~~~~~~~~~~~~~~~~~~~~~~~~~~~~~~[m[K
[2.651s] [01m[K/home/student/41068RS12025-Group18/src/41068_ignition_bringup/src/drone_control.cpp:84:29:[m[K [01;36m[Knote: [m[Kdeclared here
[2.651s]    84 |   geometry_msgs::msg::Twist [01;36m[KDroneControl[m[K::calculateAdvancedPositionControl(
[2.651s]       |                             [01;36m[K^~~~~~~~~~~~[m[K
[2.651s] [01m[K/home/student/41068RS12025-Group18/src/41068_ignition_bringup/src/drone_control.cpp:[m[K At global scope:
[2.651s] [01m[K/home/student/41068RS12025-Group18/src/41068_ignition_bringup/src/drone_control.cpp:350:29:[m[K [01;31m[Kerror: [m[Kâ€˜[01m[KDroneControl[m[Kâ€™ has not been declared
[2.651s]   350 |   geometry_msgs::msg::Twist [01;31m[KDroneControl[m[K::calculatePositionControl(
[2.651s]       |                             [01;31m[K^~~~~~~~~~~~[m[K
[2.652s] [01m[K/home/student/41068RS12025-Group18/src/41068_ignition_bringup/src/drone_control.cpp:[m[K In function â€˜[01m[Kgeometry_msgs::msg::Twist drone_swarm::calculatePositionControl(const PoseStamped&, const PoseStamped&, double)[m[Kâ€™:
[2.652s] [01m[K/home/student/41068RS12025-Group18/src/41068_ignition_bringup/src/drone_control.cpp:354:44:[m[K [01;31m[Kerror: [m[Ktoo few arguments to function â€˜[01m[Kgeometry_msgs::msg::Twist drone_swarm::calculateAdvancedPositionControl(const PoseStamped&, const PoseStamped&, double, bool)[m[Kâ€™
[2.652s]   354 |     return [01;31m[KcalculateAdvancedPositionControl(current_pose, target_pose, dt)[m[K;
[2.652s]       |            [01;31m[K~~~~~~~~~~~~~~~~~~~~~~~~~~~~~~~~^~~~~~~~~~~~~~~~~~~~~~~~~~~~~~~[m[K
[2.652s] [01m[K/home/student/41068RS12025-Group18/src/41068_ignition_bringup/src/drone_control.cpp:84:29:[m[K [01;36m[Knote: [m[Kdeclared here
[2.652s]    84 |   geometry_msgs::msg::Twist [01;36m[KDroneControl[m[K::calculateAdvancedPositionControl(
[2.652s]       |                             [01;36m[K^~~~~~~~~~~~[m[K
[2.652s] [01m[K/home/student/41068RS12025-Group18/src/41068_ignition_bringup/src/drone_control.cpp:[m[K At global scope:
[2.652s] [01m[K/home/student/41068RS12025-Group18/src/41068_ignition_bringup/src/drone_control.cpp:373:10:[m[K [01;31m[Kerror: [m[Kâ€˜[01m[KDroneControl[m[Kâ€™ has not been declared
[2.652s]   373 |   double [01;31m[KDroneControl[m[K::calculateXControl(double target_x, double current_x, double dt) {
[2.652s]       |          [01;31m[K^~~~~~~~~~~~[m[K
[2.652s] [01m[K/home/student/41068RS12025-Group18/src/41068_ignition_bringup/src/drone_control.cpp:[m[K In function â€˜[01m[Kdouble drone_swarm::calculateXControl(double, double, double)[m[Kâ€™:
[2.652s] [01m[K/home/student/41068RS12025-Group18/src/41068_ignition_bringup/src/drone_control.cpp:374:12:[m[K [01;31m[Kerror: [m[Kâ€˜[01m[Kpid_x_[m[Kâ€™ was not declared in this scope; did you mean â€˜[01m[Kpid_t[m[Kâ€™?
[2.652s]   374 |     return [01;31m[Kpid_x_[m[K->calculate(target_x, current_x, dt);
[2.653s]       |            [01;31m[K^~~~~~[m[K
[2.653s]       |            [32m[Kpid_t[m[K
[2.653s] [01m[K/home/student/41068RS12025-Group18/src/41068_ignition_bringup/src/drone_control.cpp:[m[K At global scope:
[2.653s] [01m[K/home/student/41068RS12025-Group18/src/41068_ignition_bringup/src/drone_control.cpp:377:10:[m[K [01;31m[Kerror: [m[Kâ€˜[01m[KDroneControl[m[Kâ€™ has not been declared
[2.653s]   377 |   double [01;31m[KDroneControl[m[K::calculateYControl(double target_y, double current_y, double dt) {
[2.653s]       |          [01;31m[K^~~~~~~~~~~~[m[K
[2.655s] [01m[K/home/student/41068RS12025-Group18/src/41068_ignition_bringup/src/drone_control.cpp:[m[K In function â€˜[01m[Kdouble drone_swarm::calculateYControl(double, double, double)[m[Kâ€™:
[2.655s] [01m[K/home/student/41068RS12025-Group18/src/41068_ignition_bringup/src/drone_control.cpp:378:12:[m[K [01;31m[Kerror: [m[Kâ€˜[01m[Kpid_y_[m[Kâ€™ was not declared in this scope; did you mean â€˜[01m[Kpid_t[m[Kâ€™?
[2.655s]   378 |     return [01;31m[Kpid_y_[m[K->calculate(target_y, current_y, dt);
[2.655s]       |            [01;31m[K^~~~~~[m[K
[2.655s]       |            [32m[Kpid_t[m[K
[2.655s] [01m[K/home/student/41068RS12025-Group18/src/41068_ignition_bringup/src/drone_control.cpp:[m[K At global scope:
[2.655s] [01m[K/home/student/41068RS12025-Group18/src/41068_ignition_bringup/src/drone_control.cpp:381:10:[m[K [01;31m[Kerror: [m[Kâ€˜[01m[KDroneControl[m[Kâ€™ has not been declared
[2.655s]   381 |   double [01;31m[KDroneControl[m[K::calculateZControl(double target_z, double current_z, double dt) {
[2.655s]       |          [01;31m[K^~~~~~~~~~~~[m[K
[2.657s] [01m[K/home/student/41068RS12025-Group18/src/41068_ignition_bringup/src/drone_control.cpp:[m[K In function â€˜[01m[Kdouble drone_swarm::calculateZControl(double, double, double)[m[Kâ€™:
[2.657s] [01m[K/home/student/41068RS12025-Group18/src/41068_ignition_bringup/src/drone_control.cpp:382:12:[m[K [01;31m[Kerror: [m[Kâ€˜[01m[Kpid_z_[m[Kâ€™ was not declared in this scope; did you mean â€˜[01m[Kpid_t[m[Kâ€™?
[2.657s]   382 |     return [01;31m[Kpid_z_[m[K->calculate(target_z, current_z, dt);
[2.657s]       |            [01;31m[K^~~~~~[m[K
[2.658s]       |            [32m[Kpid_t[m[K
[2.658s] [01m[K/home/student/41068RS12025-Group18/src/41068_ignition_bringup/src/drone_control.cpp:[m[K At global scope:
[2.658s] [01m[K/home/student/41068RS12025-Group18/src/41068_ignition_bringup/src/drone_control.cpp:385:8:[m[K [01;31m[Kerror: [m[Kâ€˜[01m[KDroneControl[m[Kâ€™ has not been declared
[2.658s]   385 |   void [01;31m[KDroneControl[m[K::updateCurrentYaw(double yaw) {
[2.658s]       |        [01;31m[K^~~~~~~~~~~~[m[K
[2.661s] [01m[K/home/student/41068RS12025-Group18/src/41068_ignition_bringup/src/drone_control.cpp:[m[K In function â€˜[01m[Kvoid drone_swarm::updateCurrentYaw(double)[m[Kâ€™:
[2.661s] [01m[K/home/student/41068RS12025-Group18/src/41068_ignition_bringup/src/drone_control.cpp:386:5:[m[K [01;31m[Kerror: [m[Kâ€˜[01m[Kcurrent_yaw_[m[Kâ€™ was not declared in this scope
[2.661s]   386 |     [01;31m[Kcurrent_yaw_[m[K = normalizeAngle(yaw);
[2.661s]       |     [01;31m[K^~~~~~~~~~~~[m[K
[2.666s] [01m[K/home/student/41068RS12025-Group18/src/41068_ignition_bringup/src/drone_control.cpp:386:20:[m[K [01;31m[Kerror: [m[Kâ€˜[01m[KnormalizeAngle[m[Kâ€™ was not declared in this scope
[2.666s]   386 |     current_yaw_ = [01;31m[KnormalizeAngle[m[K(yaw);
[2.666s]       |                    [01;31m[K^~~~~~~~~~~~~~[m[K
[2.672s] [01m[K/home/student/41068RS12025-Group18/src/41068_ignition_bringup/src/drone_control.cpp:387:5:[m[K [01;31m[Kerror: [m[Kâ€˜[01m[Kimu_data_available_[m[Kâ€™ was not declared in this scope
[2.672s]   387 |     [01;31m[Kimu_data_available_[m[K = true;
[2.672s]       |     [01;31m[K^~~~~~~~~~~~~~~~~~~[m[K
[2.672s] [01m[K/home/student/41068RS12025-Group18/src/41068_ignition_bringup/src/drone_control.cpp:[m[K At global scope:
[2.672s] [01m[K/home/student/41068RS12025-Group18/src/41068_ignition_bringup/src/drone_control.cpp:390:10:[m[K [01;31m[Kerror: [m[Kâ€˜[01m[KDroneControl[m[Kâ€™ has not been declared
[2.672s]   390 |   double [01;31m[KDroneControl[m[K::calculateYawToTarget(const geometry_msgs::msg::Point& current_pos, const geometry_msgs::msg::Point& target_pos) {
[2.673s]       |          [01;31m[K^~~~~~~~~~~~[m[K
[2.673s] [01m[K/home/student/41068RS12025-Group18/src/41068_ignition_bringup/src/drone_control.cpp:396:10:[m[K [01;31m[Kerror: [m[Kâ€˜[01m[KDroneControl[m[Kâ€™ has not been declared
[2.673s]   396 |   double [01;31m[KDroneControl[m[K::calculateYawControl(double target_yaw, double current_yaw, double dt) {
[2.673s]       |          [01;31m[K^~~~~~~~~~~~[m[K
[2.677s] [01m[K/home/student/41068RS12025-Group18/src/41068_ignition_bringup/src/drone_control.cpp:[m[K In function â€˜[01m[Kdouble drone_swarm::calculateYawControl(double, double, double)[m[Kâ€™:
[2.677s] [01m[K/home/student/41068RS12025-Group18/src/41068_ignition_bringup/src/drone_control.cpp:398:24:[m[K [01;31m[Kerror: [m[Kâ€˜[01m[KnormalizeAngle[m[Kâ€™ was not declared in this scope
[2.677s]   398 |     double yaw_error = [01;31m[KnormalizeAngle[m[K(target_yaw - current_yaw);
[2.677s]       |                        [01;31m[K^~~~~~~~~~~~~~[m[K
[2.680s] [01m[K/home/student/41068RS12025-Group18/src/41068_ignition_bringup/src/drone_control.cpp:399:12:[m[K [01;31m[Kerror: [m[Kâ€˜[01m[Kpid_yaw_[m[Kâ€™ was not declared in this scope
[2.680s]   399 |     return [01;31m[Kpid_yaw_[m[K->calculate(0.0, -yaw_error, dt);  // Negative error for proper direction
[2.680s]       |            [01;31m[K^~~~~~~~[m[K
[2.680s] [01m[K/home/student/41068RS12025-Group18/src/41068_ignition_bringup/src/drone_control.cpp:[m[K At global scope:
[2.680s] [01m[K/home/student/41068RS12025-Group18/src/41068_ignition_bringup/src/drone_control.cpp:402:10:[m[K [01;31m[Kerror: [m[Kâ€˜[01m[KDroneControl[m[Kâ€™ has not been declared
[2.680s]   402 |   double [01;31m[KDroneControl[m[K::normalizeAngle(double angle) {
[2.680s]       |          [01;31m[K^~~~~~~~~~~~[m[K
[2.900s] gmake[2]: *** [CMakeFiles/mission_executor.dir/build.make:76: CMakeFiles/mission_executor.dir/src/mission_executor.cpp.o] Error 1
[2.900s] gmake[1]: *** [CMakeFiles/Makefile2:255: CMakeFiles/mission_executor.dir/all] Error 2
[2.900s] gmake[1]: *** Waiting for unfinished jobs....
[2.901s] [01m[K/home/student/41068RS12025-Group18/src/41068_ignition_bringup/src/state_machine.cpp:[m[K In function â€˜[01m[Kstd::string drone_swarm::getStateString()[m[Kâ€™:
[2.901s] [01m[K/home/student/41068RS12025-Group18/src/41068_ignition_bringup/src/state_machine.cpp:46:3:[m[K [01;35m[Kwarning: [m[Kcontrol reaches end of non-void function [[01;35m[K]8;;https://gcc.gnu.org/onlinedocs/gcc/Warning-Options.html#index-Wreturn-type-Wreturn-type]8;;[m[K]
[2.901s]    46 |   [01;35m[K}[m[K
[2.901s]       |   [01;35m[K^[m[K
[2.908s] gmake[2]: *** [CMakeFiles/state_machine.dir/build.make:76: CMakeFiles/state_machine.dir/src/state_machine.cpp.o] Error 1
[2.908s] gmake[1]: *** [CMakeFiles/Makefile2:203: CMakeFiles/state_machine.dir/all] Error 2
[3.098s] gmake[2]: *** [CMakeFiles/drone_control.dir/build.make:76: CMakeFiles/drone_control.dir/src/drone_control.cpp.o] Error 1
[3.098s] gmake[1]: *** [CMakeFiles/Makefile2:177: CMakeFiles/drone_control.dir/all] Error 2
[3.098s] gmake: *** [Makefile:146: all] Error 2
[3.102s] Invoked command in '/home/student/41068RS12025-Group18/build/rs1_robot' returned '2': CMAKE_PREFIX_PATH=${CMAKE_PREFIX_PATH}:/opt/ros/humble /usr/bin/cmake --build /home/student/41068RS12025-Group18/build/rs1_robot -- -j8 -l8
